./results/regularized test local/dim:1000000_ord:1_coef:1_fused:False/proposed/lr:1e-08_reduced_dim:10_sample_size:1_mu:1e-08_step_schedule:constant
10000
min_value:0.9989793053263848
time:23.81903839111328
20000
min_value:0.997981969221283
time:43.50581097602844
30000
min_value:0.9970165361043705
time:63.09191679954529
40000
min_value:0.9960092636314932
time:82.66791939735413
50000
min_value:0.9950074100629055
time:102.26511716842651
60000
min_value:0.9939975872767627
time:121.95458650588989
70000
min_value:0.9930013374181355
time:141.620272397995
80000
min_value:0.992010577384043
time:161.32053065299988
90000
min_value:0.9910121260696371
time:180.98666763305664
100000
min_value:0.990012100787891
time:200.68358707427979
110000
min_value:0.988988693106948
time:220.38321161270142
120000
min_value:0.9879884867226858
time:240.1037082672119
130000
min_value:0.9869779787193961
time:259.76570296287537
140000
min_value:0.9859851394250548
time:279.36578607559204
150000
min_value:0.9849787088309447
time:298.9291841983795
160000
min_value:0.9839931982017882
time:318.7421934604645
170000
min_value:0.9829772261742598
time:338.541081905365
180000
min_value:0.9819775279366197
time:358.3631703853607
190000
min_value:0.9809678074990743
time:378.35610270500183
200000
min_value:0.979988883999842
time:398.305068731308
210000
min_value:0.979015717389504
time:418.36218523979187
220000
min_value:0.9779904960190381
time:438.6008975505829
230000
min_value:0.9769761503275733
time:458.8179569244385
240000
min_value:0.9759620666408663
time:479.088547706604
250000
min_value:0.9749950333507967
time:499.2631154060364
260000
min_value:0.9740198826352212
time:519.4639971256256
270000
min_value:0.9729983439804746
time:539.5699055194855
280000
min_value:0.9719921871468831
time:559.7762444019318
290000
min_value:0.9710023682307272
time:579.8547282218933
300000
min_value:0.9699927201542559
time:600.0431818962097
310000
min_value:0.9690058635404445
time:620.1604990959167
320000
min_value:0.9680013558690815
time:640.3844418525696
330000
min_value:0.9669902856538336
time:660.4967920780182
340000
min_value:0.9659909680899
time:680.6469233036041
350000
min_value:0.9650133937881609
time:700.7324545383453
360000
min_value:0.9640431718428834
time:720.9167513847351
370000
min_value:0.9630336389928996
time:741.0010690689087
380000
min_value:0.962040785590076
time:761.2033815383911
390000
min_value:0.961039882170352
time:781.2956218719482
400000
min_value:0.9600249155476988
time:801.4963834285736
410000
min_value:0.9590078270247752
time:821.6058511734009
420000
min_value:0.9580119177153044
time:841.7962174415588
430000
min_value:0.9570154063563568
time:861.8988256454468
440000
min_value:0.9560192794426101
time:882.0803546905518
450000
min_value:0.9550099730978825
time:902.2083661556244
460000
min_value:0.9539673596525549
time:922.4019756317139
470000
min_value:0.9529425570707036
time:942.4916665554047
480000
min_value:0.9519380930079246
time:962.692971944809
490000
min_value:0.950926774420799
time:982.8224527835846
500000
min_value:0.9499324841525106
time:1003.0090229511261
500000
fvalues:0.9499324276984492
time_values:1003.0090229511261
./results/regularized test local/dim:1000000_ord:1_coef:1_fused:False/proposed/lr:1e-08_reduced_dim:50_sample_size:1_mu:1e-08_step_schedule:constant
10000
min_value:0.9950331417151109
time:53.537880659103394
20000
min_value:0.990167404886412
time:107.00226044654846
30000
min_value:0.9852490461117257
time:160.4674997329712
40000
min_value:0.9802711789639137
time:213.98517727851868
50000
min_value:0.9753026455833631
time:267.4477005004883
60000
min_value:0.970310017712743
time:320.89819502830505
70000
min_value:0.9654556084161928
time:374.4281151294708
80000
min_value:0.9604724079650719
time:427.8948721885681
90000
min_value:0.9554705895510617
time:481.33714532852173
100000
min_value:0.9503750879816726
time:534.8713672161102
110000
min_value:0.9453754745565016
time:588.334498167038
120000
min_value:0.9403817325799566
time:641.8051543235779
130000
min_value:0.9352592313674634
time:695.340811252594
140000
min_value:0.9302748057657898
time:748.7976076602936
150000
min_value:0.9252355967190257
time:802.617089509964
160000
min_value:0.9202567779837604
time:856.1316928863525
170000
min_value:0.9153521934446271
time:909.6240990161896
180000
min_value:0.9104142259313218
time:963.1792640686035
190000
min_value:0.9053428112278756
time:1016.6693835258484
200000
min_value:0.9003410912667799
time:1070.1451725959778
210000
min_value:0.8953679030381686
time:1123.6820378303528
220000
min_value:0.8904058684583616
time:1177.185240983963
230000
min_value:0.8855609999425826
time:1230.6522722244263
240000
min_value:0.8805315933503743
time:1284.1932561397552
250000
min_value:0.8754215426691478
time:1337.6519305706024
260000
min_value:0.8702780817102846
time:1391.1359553337097
270000
min_value:0.8654111025489633
time:1444.6374158859253
280000
min_value:0.8603599465878117
time:1498.0816922187805
290000
min_value:0.8552956497019438
time:1551.9138617515564
300000
min_value:0.8503365323493008
time:1605.4129559993744
310000
min_value:0.8452119810461937
time:1658.8902442455292
320000
min_value:0.8403037587402897
time:1712.3825018405914
330000
min_value:0.8353910208979098
time:1765.8590948581696
340000
min_value:0.8304687485769162
time:1819.3131852149963
350000
min_value:0.8255864130627159
time:1872.8072669506073
360000
min_value:0.8208077724654111
time:1926.2678213119507
370000
min_value:0.8160605304734238
time:1979.76096200943
380000
min_value:0.8112148844455022
time:2033.2603061199188
390000
min_value:0.8063591390590493
time:2086.72504734993
400000
min_value:0.8015662592776012
time:2140.1897945404053
410000
min_value:0.7969147700597163
time:2193.706456184387
420000
min_value:0.7922293663118004
time:2247.1360969543457
430000
min_value:0.7872682924811545
time:2300.9302821159363
440000
min_value:0.7825095404255874
time:2354.376557826996
450000
min_value:0.7777738170621761
time:2407.79541182518
460000
min_value:0.7731759185875172
time:2461.2752668857574
470000
min_value:0.7685695387172621
time:2514.7718210220337
480000
min_value:0.7639885148840867
time:2568.2251732349396
490000
min_value:0.7593577886583037
time:2621.744330883026
500000
min_value:0.7546938597730748
time:2675.2367737293243
500000
fvalues:0.7546936873806244
time_values:2675.2367737293243
./results/regularized test local/dim:1000000_ord:1_coef:1_fused:False/proposed/lr:1e-08_reduced_dim:100_sample_size:1_mu:1e-08_step_schedule:constant
10000
min_value:0.9898798717534802
time:93.13490176200867
20000
min_value:0.9797585029133871
time:186.19657969474792
30000
min_value:0.9697399616180642
time:279.3783712387085
40000
min_value:0.959820492321169
time:372.49879455566406
50000
min_value:0.9498676513040525
time:465.6258981227875
60000
min_value:0.9397026053042431
time:558.7518904209137
70000
min_value:0.9294331346237951
time:652.0162227153778
80000
min_value:0.9195124017176516
time:745.3013772964478
90000
min_value:0.9096466662333702
time:838.6897864341736
100000
min_value:0.8999418623564005
time:932.1730268001556
110000
min_value:0.8903313449694392
time:1025.5638513565063
120000
min_value:0.8807471754908233
time:1118.969723701477
130000
min_value:0.8711645455321742
time:1212.3995146751404
140000
min_value:0.8622337743309471
time:1305.7551727294922
150000
min_value:0.853115639329771
time:1399.4725241661072
160000
min_value:0.8444894794569635
time:1492.9043633937836
170000
min_value:0.8357123907298122
time:1586.2652869224548
180000
min_value:0.827418680181687
time:1679.6575264930725
190000
min_value:0.8190476501893987
time:1773.0545904636383
200000
min_value:0.8111496963497081
time:1866.4220423698425
210000
min_value:0.8035580904783284
time:1959.7434406280518
220000
min_value:0.7962108669246902
time:2053.1067938804626
230000
min_value:0.7890615569615868
time:2146.4716675281525
240000
min_value:0.7822001665544175
time:2239.8768830299377
250000
min_value:0.775725140615296
time:2333.2726097106934
260000
min_value:0.7691101181706722
time:2426.683317899704
270000
min_value:0.7628522768737704
time:2520.0439422130585
280000
min_value:0.7567862655056274
time:2613.4062700271606
290000
min_value:0.7508312552313555
time:2707.0686161518097
300000
min_value:0.7451279072147057
time:2800.4195697307587
310000
min_value:0.7395666769573963
time:2893.7225296497345
320000
min_value:0.7341664273383934
time:2987.0446462631226
330000
min_value:0.7289926747080367
time:3080.4214293956757
340000
min_value:0.7238706906155973
time:3173.73491024971
350000
min_value:0.7190406400167271
time:3267.055227994919
360000
min_value:0.714236658376419
time:3360.420995950699
370000
min_value:0.7096510402483147
time:3453.7331972122192
380000
min_value:0.7050964527769694
time:3547.033174276352
390000
min_value:0.7008039383944428
time:3640.398040294647
400000
min_value:0.6966294233740499
time:3733.715420484543
410000
min_value:0.6925883591678443
time:3826.8174347877502
420000
min_value:0.6887064694426586
time:3919.835218667984
430000
min_value:0.6848324861289165
time:4013.1885714530945
440000
min_value:0.6809259155700377
time:4106.193042516708
450000
min_value:0.677201353002465
time:4199.207138061523
460000
min_value:0.6736936598915307
time:4292.224802970886
470000
min_value:0.6702843808486822
time:4385.222557067871
480000
min_value:0.6668586177164655
time:4478.2053208351135
490000
min_value:0.663616007553701
time:4571.190655231476
500000
min_value:0.6604005712092366
time:4664.269717931747
500000
fvalues:0.6604001620112805
time_values:4664.269717931747
