./results/regularized test/dim:1000_ord:1_coef:1_fused:False/RGF/lr:1e-05_reduced_dim:100_sample_size:1_mu:1e-08_step_schedule:constant
10000
min_value:1136.264681335519
time:11.354564666748047
20000
min_value:843.0315224406728
time:19.116207122802734
30000
min_value:602.7123163985618
time:26.87774658203125
40000
min_value:403.6560362461556
time:34.598297119140625
50000
min_value:242.4659697744023
time:42.27108383178711
60000
min_value:112.21890031308425
time:49.955265045166016
70000
min_value:34.32358054906275
time:57.76181411743164
80000
min_value:8.930970585900617
time:65.46884155273438
90000
min_value:4.830418305137844
time:73.20836639404297
100000
min_value:4.82255016065288
time:80.93638610839844
110000
min_value:4.724140127673122
time:88.67860412597656
120000
min_value:4.724140127673122
time:96.41371154785156
130000
min_value:4.724140127673122
time:104.39450073242188
140000
min_value:4.724140127673122
time:112.28031921386719
150000
min_value:4.724140127673122
time:120.17111206054688
160000
min_value:4.724140127673122
time:128.04669189453125
170000
min_value:4.724140127673122
time:135.91098022460938
180000
min_value:4.724140127673122
time:143.73013305664062
190000
min_value:4.724140127673122
time:151.62017822265625
200000
min_value:4.724140127673122
time:159.80938720703125
210000
min_value:4.724140127673122
time:167.84518432617188
220000
min_value:4.724140127673122
time:175.94192504882812
230000
min_value:4.724140127673122
time:183.94403076171875
240000
min_value:4.724140127673122
time:191.92393493652344
250000
min_value:4.724140127673122
time:200.0423583984375
260000
min_value:4.724140127673122
time:207.89601135253906
270000
min_value:4.724140127673122
time:215.91253662109375
280000
min_value:4.724140127673122
time:223.92990112304688
290000
min_value:4.724140127673122
time:231.9624481201172
300000
min_value:4.724140127673122
time:239.9737091064453
310000
min_value:4.724140127673122
time:247.84938049316406
320000
min_value:4.724140127673122
time:255.77163696289062
330000
min_value:4.724140127673122
time:263.85772705078125
340000
min_value:4.724140127673122
time:271.8178405761719
350000
min_value:4.724140127673122
time:279.8968505859375
360000
min_value:4.724140127673122
time:287.9299011230469
370000
min_value:4.724140127673122
time:295.97943115234375
380000
min_value:4.700141686452788
time:303.9298095703125
390000
min_value:4.700141686452788
time:311.8889465332031
400000
min_value:4.700141686452788
time:319.8851318359375
410000
min_value:4.700141686452788
time:327.8914794921875
420000
min_value:4.700141686452788
time:335.7734069824219
430000
min_value:4.700141686452788
time:343.8456726074219
440000
min_value:4.658785184378202
time:351.9049072265625
450000
min_value:4.658785184378202
time:359.90167236328125
460000
min_value:4.658785184378202
time:367.92950439453125
470000
min_value:4.658785184378202
time:376.0649108886719
480000
min_value:4.658785184378202
time:384.1195983886719
490000
min_value:4.658785184378202
time:392.0806579589844
500000
min_value:4.658785184378202
time:400.0613708496094
500000
fvalues:4.658785184378202
time_values:400.0613708496094
10000
min_value:1139.8178772205636
time:8.044822692871094
20000
min_value:850.2769750480184
time:16.077558517456055
30000
min_value:611.7513542213022
time:24.116504669189453
40000
min_value:410.2187783214838
time:32.224273681640625
50000
min_value:245.74716960342658
time:40.246856689453125
60000
min_value:116.92500376522894
time:48.28076171875
70000
min_value:36.824548814457536
time:56.37000274658203
80000
min_value:9.84207803212493
time:64.34564971923828
90000
min_value:5.322476327563742
time:72.48145294189453
100000
min_value:4.843574619962238
time:80.5285415649414
110000
min_value:4.753865214948043
time:88.54112243652344
120000
min_value:4.753865214948043
time:96.64431762695312
130000
min_value:4.753865214948043
time:104.7638168334961
140000
min_value:4.753865214948043
time:112.70340728759766
150000
min_value:4.753865214948043
time:120.72228240966797
160000
min_value:4.753865214948043
time:128.6281280517578
170000
min_value:4.753865214948043
time:136.65147399902344
180000
min_value:4.753865214948043
time:144.65753173828125
190000
min_value:4.753865214948043
time:152.74411010742188
200000
min_value:4.753865214948043
time:160.81787109375
210000
min_value:4.753865214948043
time:168.85475158691406
220000
min_value:4.753865214948043
time:176.9329071044922
230000
min_value:4.753865214948043
time:185.0293731689453
240000
min_value:4.753865214948043
time:193.1600799560547
250000
min_value:4.753865214948043
time:201.35357666015625
260000
min_value:4.753865214948043
time:209.3785858154297
270000
min_value:4.753865214948043
time:217.39808654785156
280000
min_value:4.753865214948043
time:225.3485870361328
290000
min_value:4.753865214948043
time:233.3255615234375
300000
min_value:4.753865214948043
time:241.484619140625
310000
min_value:4.753865214948043
time:249.63400268554688
320000
min_value:4.753865214948043
time:257.7399597167969
330000
min_value:4.753865214948043
time:265.7464599609375
340000
min_value:4.753865214948043
time:273.71343994140625
350000
min_value:4.753865214948043
time:281.6321105957031
360000
min_value:4.753865214948043
time:289.6218566894531
370000
min_value:4.753865214948043
time:297.5755310058594
380000
min_value:4.753865214948043
time:305.7398376464844
390000
min_value:4.753865214948043
time:313.7454833984375
400000
min_value:4.753865214948043
time:321.7126159667969
410000
min_value:4.753865214948043
time:329.8388671875
420000
min_value:4.753865214948043
time:337.93048095703125
430000
min_value:4.753865214948043
time:345.9476623535156
440000
min_value:4.753865214948043
time:353.95196533203125
450000
min_value:4.753865214948043
time:362.0468444824219
460000
min_value:4.753865214948043
time:370.0974426269531
470000
min_value:4.753865214948043
time:378.1451721191406
480000
min_value:4.752402118245539
time:386.25946044921875
490000
min_value:4.752402118245539
time:394.3284912109375
500000
min_value:4.752402118245539
time:402.39312744140625
500000
fvalues:4.752402118245539
time_values:402.39312744140625
10000
min_value:1136.9983710497227
time:7.9835052490234375
20000
min_value:846.1701419936783
time:15.96358871459961
30000
min_value:599.7668509711216
time:23.879085540771484
40000
min_value:398.63302346719615
time:31.805143356323242
50000
min_value:238.24914311998492
time:39.967002868652344
60000
min_value:109.81991212364674
time:48.088619232177734
70000
min_value:33.70100902477718
time:56.21482467651367
80000
min_value:8.86556863458061
time:64.32425689697266
90000
min_value:5.124533520996866
time:72.46412658691406
100000
min_value:4.864371782904234
time:80.5205307006836
110000
min_value:4.864371782904234
time:88.58926391601562
120000
min_value:4.864371782904234
time:96.65473937988281
130000
min_value:4.864371782904234
time:104.67003631591797
140000
min_value:4.7739018866996
time:112.86540985107422
150000
min_value:4.7739018866996
time:120.92546081542969
160000
min_value:4.7739018866996
time:128.87962341308594
170000
min_value:4.7739018866996
time:137.03292846679688
180000
min_value:4.7739018866996
time:145.12986755371094
190000
min_value:4.7739018866996
time:153.16004943847656
200000
min_value:4.7739018866996
time:161.20004272460938
210000
min_value:4.705172247405068
time:169.29351806640625
220000
min_value:4.705172247405068
time:177.32688903808594
230000
min_value:4.705172247405068
time:185.40573120117188
240000
min_value:4.705172247405068
time:193.4541473388672
250000
min_value:4.705172247405068
time:201.5975341796875
260000
min_value:4.705172247405068
time:209.75535583496094
270000
min_value:4.705172247405068
time:217.8186798095703
280000
min_value:4.705172247405068
time:225.7273406982422
290000
min_value:4.705172247405068
time:233.82264709472656
300000
min_value:4.705172247405068
time:241.8251495361328
310000
min_value:4.705172247405068
time:249.84335327148438
320000
min_value:4.705172247405068
time:257.8727111816406
330000
min_value:4.705172247405068
time:265.8013000488281
340000
min_value:4.705172247405068
time:273.8089294433594
350000
min_value:4.705172247405068
time:281.8318176269531
360000
min_value:4.705172247405068
time:290.039306640625
370000
min_value:4.705172247405068
time:298.1455383300781
380000
min_value:4.705172247405068
time:306.26947021484375
390000
min_value:4.705172247405068
time:314.336181640625
400000
min_value:4.705172247405068
time:322.3194274902344
410000
min_value:4.705172247405068
time:330.3564453125
420000
min_value:4.705172247405068
time:338.3266906738281
430000
min_value:4.705172247405068
time:346.3277282714844
440000
min_value:4.705172247405068
time:354.3653564453125
450000
min_value:4.705172247405068
time:362.41473388671875
460000
min_value:4.705172247405068
time:370.83294677734375
470000
min_value:4.705172247405068
time:379.20550537109375
480000
min_value:4.705172247405068
time:387.4874267578125
490000
min_value:4.705172247405068
time:395.55023193359375
500000
min_value:4.705172247405068
time:403.6277160644531
500000
fvalues:4.705172247405068
time_values:403.6277160644531
10000
min_value:1143.97310035796
time:8.023124694824219
20000
min_value:841.5081419506643
time:16.00493812561035
30000
min_value:599.6562525883323
time:24.10381507873535
40000
min_value:397.39707538834193
time:32.3727912902832
50000
min_value:234.4243665214405
time:40.56888961791992
60000
min_value:109.7372999902146
time:48.734352111816406
70000
min_value:32.18240918980895
time:56.93086624145508
80000
min_value:8.677422610366799
time:65.22634887695312
90000
min_value:4.92879666707342
time:73.40386199951172
100000
min_value:4.854023470519139
time:81.61563110351562
110000
min_value:4.846501643735452
time:89.85570526123047
120000
min_value:4.748157466978724
time:98.09554290771484
130000
min_value:4.748157466978724
time:106.44076538085938
140000
min_value:4.748157466978724
time:114.74077606201172
150000
min_value:4.748157466978724
time:122.91217041015625
160000
min_value:4.748157466978724
time:131.1581268310547
170000
min_value:4.748157466978724
time:139.37721252441406
180000
min_value:4.748157466978724
time:147.5760040283203
190000
min_value:4.748157466978724
time:155.7821502685547
200000
min_value:4.730374160236749
time:163.91636657714844
210000
min_value:4.730374160236749
time:172.11685180664062
220000
min_value:4.730374160236749
time:180.3745574951172
230000
min_value:4.730374160236749
time:188.5653839111328
240000
min_value:4.730374160236749
time:196.8437957763672
250000
min_value:4.730374160236749
time:205.02894592285156
260000
min_value:4.730374160236749
time:213.2383270263672
270000
min_value:4.702020081624975
time:221.4339141845703
280000
min_value:4.702020081624975
time:229.65960693359375
290000
min_value:4.702020081624975
time:237.89102172851562
300000
min_value:4.702020081624975
time:246.08709716796875
310000
min_value:4.702020081624975
time:254.25009155273438
320000
min_value:4.702020081624975
time:262.4053039550781
330000
min_value:4.702020081624975
time:270.6298828125
340000
min_value:4.702020081624975
time:278.9339904785156
350000
min_value:4.702020081624975
time:287.1510314941406
360000
min_value:4.702020081624975
time:295.335205078125
370000
min_value:4.702020081624975
time:303.48785400390625
380000
min_value:4.702020081624975
time:311.7046203613281
390000
min_value:4.702020081624975
time:319.9242248535156
400000
min_value:4.702020081624975
time:328.06304931640625
410000
min_value:4.702020081624975
time:336.2929382324219
420000
min_value:4.702020081624975
time:344.4810791015625
430000
min_value:4.702020081624975
time:352.6385192871094
440000
min_value:4.702020081624975
time:360.87823486328125
450000
min_value:4.702020081624975
time:369.09844970703125
460000
min_value:4.702020081624975
time:377.2873229980469
470000
min_value:4.702020081624975
time:385.48822021484375
480000
min_value:4.702020081624975
time:393.6856384277344
490000
min_value:4.702020081624975
time:401.8548278808594
500000
min_value:4.702020081624975
time:410.0679016113281
500000
fvalues:4.702020081624975
time_values:410.0679016113281
10000
min_value:1137.1840047084547
time:8.184286117553711
20000
min_value:841.2404775857215
time:16.4013671875
30000
min_value:601.3111464894457
time:24.62714385986328
40000
min_value:400.76382825708737
time:32.82038497924805
50000
min_value:240.90294763823687
time:41.10643005371094
60000
min_value:111.7317117822652
time:49.352664947509766
70000
min_value:34.90960226026455
time:57.55352783203125
80000
min_value:8.438095220834194
time:65.95591735839844
90000
min_value:5.12583509260043
time:74.16654968261719
100000
min_value:4.932587874774837
time:82.53516387939453
110000
min_value:4.7780298888588595
time:90.80843353271484
120000
min_value:4.7780298888588595
time:99.03911590576172
130000
min_value:4.7780298888588595
time:107.22716522216797
140000
min_value:4.7780298888588595
time:115.46039581298828
150000
min_value:4.754970858734293
time:123.726806640625
160000
min_value:4.754970858734293
time:131.99757385253906
170000
min_value:4.754970858734293
time:139.97715759277344
180000
min_value:4.754970858734293
time:147.95155334472656
190000
min_value:4.754970858734293
time:155.94744873046875
200000
min_value:4.754970858734293
time:164.01361083984375
210000
min_value:4.754970858734293
time:172.06582641601562
220000
min_value:4.754970858734293
time:180.22743225097656
230000
min_value:4.754970858734293
time:188.2877197265625
240000
min_value:4.754970858734293
time:196.4512176513672
250000
min_value:4.754970858734293
time:204.6790771484375
260000
min_value:4.754970858734293
time:212.9554443359375
270000
min_value:4.754970858734293
time:221.15440368652344
280000
min_value:4.754970858734293
time:229.2379913330078
290000
min_value:4.754970858734293
time:237.20486450195312
300000
min_value:4.746835169991525
time:245.31497192382812
310000
min_value:4.745398414599202
time:253.47946166992188
320000
min_value:4.745398414599202
time:261.7129211425781
330000
min_value:4.74415899556401
time:269.93988037109375
340000
min_value:4.74415899556401
time:278.16943359375
350000
min_value:4.74415899556401
time:286.40911865234375
360000
min_value:4.74415899556401
time:294.6204833984375
370000
min_value:4.74415899556401
time:302.8279724121094
380000
min_value:4.74415899556401
time:311.0642395019531
390000
min_value:4.74415899556401
time:319.2559814453125
400000
min_value:4.74415899556401
time:327.50244140625
410000
min_value:4.74415899556401
time:335.76806640625
420000
min_value:4.74415899556401
time:343.821044921875
430000
min_value:4.74415899556401
time:351.869140625
440000
min_value:4.74415899556401
time:359.8653259277344
450000
min_value:4.74415899556401
time:367.8889465332031
460000
min_value:4.74415899556401
time:375.9495849609375
470000
min_value:4.74415899556401
time:384.13446044921875
480000
min_value:4.74415899556401
time:392.3745422363281
490000
min_value:4.74415899556401
time:400.5411071777344
500000
min_value:4.74415899556401
time:408.7012634277344
500000
fvalues:4.74415899556401
time_values:408.7012634277344
10000
min_value:1142.1522718935703
time:8.177240371704102
20000
min_value:849.2256650823836
time:16.371017456054688
30000
min_value:603.1217852957157
time:24.557315826416016
40000
min_value:402.9325379020273
time:32.733741760253906
50000
min_value:241.31416172623761
time:40.90029525756836
60000
min_value:111.83823311253862
time:49.08929443359375
70000
min_value:34.92494182264351
time:57.365867614746094
80000
min_value:8.72528902404304
time:65.6705093383789
90000
min_value:5.147161374664902
time:73.97549438476562
100000
min_value:4.83469003374397
time:82.25013732910156
110000
min_value:4.83469003374397
time:90.42035675048828
120000
min_value:4.773082706963159
time:98.66413879394531
130000
min_value:4.773082706963159
time:106.99610900878906
140000
min_value:4.773082706963159
time:115.34158325195312
150000
min_value:4.773082706963159
time:123.54837799072266
160000
min_value:4.773082706963159
time:131.7354736328125
170000
min_value:4.720564877208825
time:140.002197265625
180000
min_value:4.720564877208825
time:148.17161560058594
190000
min_value:4.720564877208825
time:156.35186767578125
200000
min_value:4.720564877208825
time:164.55946350097656
210000
min_value:4.720564877208825
time:172.8339385986328
220000
min_value:4.720564877208825
time:181.0730438232422
230000
min_value:4.720564877208825
time:189.31033325195312
240000
min_value:4.720564877208825
time:197.4925994873047
250000
min_value:4.720564877208825
time:205.61203002929688
260000
min_value:4.720564877208825
time:213.8345184326172
270000
min_value:4.720564877208825
time:222.0606231689453
280000
min_value:4.720564877208825
time:230.30104064941406
290000
min_value:4.720564877208825
time:238.56495666503906
300000
min_value:4.720564877208825
time:246.86949157714844
310000
min_value:4.720564877208825
time:255.06903076171875
320000
min_value:4.720564877208825
time:263.3138427734375
330000
min_value:4.720564877208825
time:271.5158996582031
340000
min_value:4.720564877208825
time:279.7328796386719
350000
min_value:4.720564877208825
time:288.0232238769531
360000
min_value:4.720564877208825
time:296.27679443359375
370000
min_value:4.720564877208825
time:304.5448303222656
380000
min_value:4.720564877208825
time:312.7798156738281
390000
min_value:4.720564877208825
time:320.9881591796875
400000
min_value:4.720564877208825
time:329.17364501953125
410000
min_value:4.698873595346589
time:337.4381103515625
420000
min_value:4.698873595346589
time:345.77264404296875
430000
min_value:4.698873595346589
time:353.93304443359375
440000
min_value:4.698873595346589
time:361.9803161621094
450000
min_value:4.698873595346589
time:370.0378723144531
460000
min_value:4.698873595346589
time:378.2740783691406
470000
min_value:4.698873595346589
time:386.56036376953125
480000
min_value:4.698873595346589
time:394.84552001953125
490000
min_value:4.698873595346589
time:403.08477783203125
500000
min_value:4.698873595346589
time:411.2764892578125
500000
fvalues:4.698873595346589
time_values:411.2764892578125
10000
min_value:1130.6483865953273
time:8.256587982177734
20000
min_value:835.153121383308
time:16.41250228881836
30000
min_value:595.7233941363698
time:24.64704704284668
40000
min_value:396.316424242239
time:32.87309265136719
50000
min_value:235.43240170041008
time:41.18061828613281
60000
min_value:109.08672794826154
time:49.4002685546875
70000
min_value:31.414837921167983
time:57.659278869628906
80000
min_value:8.722828285311392
time:65.95954895019531
90000
min_value:5.156640292048762
time:74.24624633789062
100000
min_value:4.889936665100177
time:82.48160552978516
110000
min_value:4.889936665100177
time:90.75284576416016
120000
min_value:4.762767659760599
time:98.92263793945312
130000
min_value:4.762767659760599
time:107.0575942993164
140000
min_value:4.762767659760599
time:115.03223419189453
150000
min_value:4.762767659760599
time:123.03787994384766
160000
min_value:4.762767659760599
time:131.0363006591797
170000
min_value:4.729765370695025
time:139.05018615722656
180000
min_value:4.729765370695025
time:147.07363891601562
190000
min_value:4.729765370695025
time:155.34033203125
200000
min_value:4.729765370695025
time:163.5152130126953
210000
min_value:4.729765370695025
time:171.73915100097656
220000
min_value:4.729765370695025
time:179.9633026123047
230000
min_value:4.727329642568958
time:188.1966094970703
240000
min_value:4.727329642568958
time:196.41030883789062
250000
min_value:4.727329642568958
time:204.6555938720703
260000
min_value:4.727329642568958
time:212.91197204589844
270000
min_value:4.727329642568958
time:221.16253662109375
280000
min_value:4.727329642568958
time:229.38392639160156
290000
min_value:4.727329642568958
time:237.58961486816406
300000
min_value:4.727329642568958
time:245.89088439941406
310000
min_value:4.727329642568958
time:254.18011474609375
320000
min_value:4.727329642568958
time:262.4613037109375
330000
min_value:4.727329642568958
time:270.7307434082031
340000
min_value:4.727329642568958
time:278.97064208984375
350000
min_value:4.727329642568958
time:287.2151184082031
360000
min_value:4.727329642568958
time:295.4789123535156
370000
min_value:4.727329642568958
time:303.77020263671875
380000
min_value:4.727329642568958
time:312.08367919921875
390000
min_value:4.727329642568958
time:320.42889404296875
400000
min_value:4.727329642568958
time:328.7764587402344
410000
min_value:4.727329642568958
time:337.1140441894531
420000
min_value:4.727329642568958
time:345.3887634277344
430000
min_value:4.727329642568958
time:353.6937255859375
440000
min_value:4.727329642568958
time:361.9667663574219
450000
min_value:4.727329642568958
time:370.2713317871094
460000
min_value:4.727329642568958
time:378.55914306640625
470000
min_value:4.727329642568958
time:386.77984619140625
480000
min_value:4.727329642568958
time:394.96429443359375
490000
min_value:4.727329642568958
time:403.2872619628906
500000
min_value:4.727329642568958
time:411.5643310546875
500000
fvalues:4.727329642568958
time_values:411.5643310546875
10000
min_value:1136.624233560976
time:8.19067096710205
20000
min_value:842.8514356639869
time:16.374359130859375
30000
min_value:597.3227986021903
time:24.606639862060547
40000
min_value:399.5807182366573
time:32.69845199584961
50000
min_value:240.49726907709362
time:40.93019485473633
60000
min_value:111.91667463016383
time:49.15087127685547
70000
min_value:34.553798883442646
time:57.42981719970703
80000
min_value:8.174031331638718
time:65.65386199951172
90000
min_value:4.9981499304167745
time:73.88601684570312
100000
min_value:4.803917237011584
time:82.12157440185547
110000
min_value:4.803917237011584
time:90.28884887695312
120000
min_value:4.786403883566807
time:98.51922607421875
130000
min_value:4.786403883566807
time:106.78305053710938
140000
min_value:4.786403883566807
time:115.01055908203125
150000
min_value:4.7515000458880605
time:123.26892852783203
160000
min_value:4.7515000458880605
time:131.5562744140625
170000
min_value:4.7515000458880605
time:139.75990295410156
180000
min_value:4.7515000458880605
time:147.9331512451172
190000
min_value:4.7515000458880605
time:156.16058349609375
200000
min_value:4.6023337591547655
time:164.42510986328125
210000
min_value:4.6023337591547655
time:172.65032958984375
220000
min_value:4.6023337591547655
time:180.8748016357422
230000
min_value:4.6023337591547655
time:189.01954650878906
240000
min_value:4.6023337591547655
time:197.29635620117188
250000
min_value:4.6023337591547655
time:205.5963134765625
260000
min_value:4.6023337591547655
time:213.91822814941406
270000
min_value:4.6023337591547655
time:222.19998168945312
280000
min_value:4.6023337591547655
time:230.408203125
290000
min_value:4.6023337591547655
time:238.686279296875
300000
min_value:4.6023337591547655
time:246.9364471435547
310000
min_value:4.6023337591547655
time:255.147705078125
320000
min_value:4.6023337591547655
time:263.4264221191406
330000
min_value:4.6023337591547655
time:271.6656494140625
340000
min_value:4.6023337591547655
time:279.8687744140625
350000
min_value:4.6023337591547655
time:288.06640625
360000
min_value:4.6023337591547655
time:296.3281555175781
370000
min_value:4.6023337591547655
time:304.6489562988281
380000
min_value:4.6023337591547655
time:312.9072265625
390000
min_value:4.6023337591547655
time:321.03302001953125
400000
min_value:4.6023337591547655
time:329.3258972167969
410000
min_value:4.6023337591547655
time:337.5213317871094
420000
min_value:4.6023337591547655
time:345.69989013671875
430000
min_value:4.6023337591547655
time:353.90789794921875
440000
min_value:4.6023337591547655
time:362.16033935546875
450000
min_value:4.6023337591547655
time:370.4038391113281
460000
min_value:4.6023337591547655
time:378.5495910644531
470000
min_value:4.6023337591547655
time:386.7717590332031
480000
min_value:4.6023337591547655
time:395.04010009765625
490000
min_value:4.6023337591547655
time:403.21405029296875
500000
min_value:4.6023337591547655
time:411.4670104980469
500000
fvalues:4.6023337591547655
time_values:411.4670104980469
10000
min_value:1141.7535870595082
time:8.186043739318848
20000
min_value:848.0914372684981
time:16.382963180541992
30000
min_value:608.0032944582549
time:24.65979766845703
40000
min_value:407.2205589865265
time:32.83024215698242
50000
min_value:240.03527453631182
time:41.097084045410156
60000
min_value:112.4406006803763
time:49.30365753173828
70000
min_value:32.841910504191176
time:57.540138244628906
80000
min_value:8.213776253969034
time:65.83856964111328
90000
min_value:5.199819028993384
time:73.98951721191406
100000
min_value:4.94615187352145
time:82.16159057617188
110000
min_value:4.752979400382157
time:90.32255554199219
120000
min_value:4.752979400382157
time:98.48543548583984
130000
min_value:4.752979400382157
time:106.75116729736328
140000
min_value:4.752979400382157
time:114.95487213134766
150000
min_value:4.752979400382157
time:123.1699447631836
160000
min_value:4.720496446074101
time:131.37515258789062
170000
min_value:4.720496446074101
time:139.64356994628906
180000
min_value:4.720496446074101
time:147.97250366210938
190000
min_value:4.720496446074101
time:156.2391815185547
200000
min_value:4.720496446074101
time:164.48655700683594
210000
min_value:4.720496446074101
time:172.79856872558594
220000
min_value:4.720496446074101
time:181.05955505371094
230000
min_value:4.720496446074101
time:189.2977752685547
240000
min_value:4.720496446074101
time:197.58316040039062
250000
min_value:4.720496446074101
time:205.82000732421875
260000
min_value:4.720496446074101
time:214.0487823486328
270000
min_value:4.720496446074101
time:222.32212829589844
280000
min_value:4.720496446074101
time:230.53070068359375
290000
min_value:4.720496446074101
time:238.7770233154297
300000
min_value:4.720496446074101
time:247.00723266601562
310000
min_value:4.720496446074101
time:255.2244415283203
320000
min_value:4.720496446074101
time:263.4495849609375
330000
min_value:4.720496446074101
time:271.6805114746094
340000
min_value:4.720496446074101
time:279.90106201171875
350000
min_value:4.720496446074101
time:288.08843994140625
360000
min_value:4.720496446074101
time:296.4141540527344
370000
min_value:4.720496446074101
time:304.69976806640625
380000
min_value:4.720496446074101
time:312.9690856933594
390000
min_value:4.720496446074101
time:321.1865539550781
400000
min_value:4.720496446074101
time:329.423095703125
410000
min_value:4.720496446074101
time:337.6189880371094
420000
min_value:4.720496446074101
time:345.8729248046875
430000
min_value:4.720496446074101
time:354.1225891113281
440000
min_value:4.720496446074101
time:362.3301086425781
450000
min_value:4.720496446074101
time:370.6235656738281
460000
min_value:4.720496446074101
time:378.997802734375
470000
min_value:4.720496446074101
time:387.27587890625
480000
min_value:4.720496446074101
time:395.4853515625
490000
min_value:4.720496446074101
time:403.72955322265625
500000
min_value:4.665272582941609
time:411.98065185546875
500000
fvalues:4.665272582941609
time_values:411.98065185546875
10000
min_value:1142.2450402388454
time:8.30584716796875
20000
min_value:849.7227294389193
time:16.4811954498291
30000
min_value:607.5745884503356
time:24.63066864013672
40000
min_value:406.03317475155393
time:32.81529998779297
50000
min_value:241.4165435982705
time:41.11756896972656
60000
min_value:112.27248143502675
time:49.50896453857422
70000
min_value:35.79020436938835
time:57.714805603027344
80000
min_value:9.080570605520007
time:65.93340301513672
90000
min_value:5.165306062343024
time:74.10029602050781
100000
min_value:4.777216457388112
time:82.3091049194336
110000
min_value:4.777216457388112
time:90.53056335449219
120000
min_value:4.777216457388112
time:98.70346069335938
130000
min_value:4.777216457388112
time:106.90457916259766
140000
min_value:4.762089111810994
time:114.98519134521484
150000
min_value:4.762089111810994
time:123.0694808959961
160000
min_value:4.762089111810994
time:131.1168212890625
170000
min_value:4.754240548229038
time:139.2849884033203
180000
min_value:4.754240548229038
time:147.4380645751953
190000
min_value:4.754240548229038
time:155.6262969970703
200000
min_value:4.754240548229038
time:163.83775329589844
210000
min_value:4.754240548229038
time:172.0413360595703
220000
min_value:4.754240548229038
time:180.283935546875
230000
min_value:4.754240548229038
time:188.5264434814453
240000
min_value:4.71615520826631
time:196.71778869628906
250000
min_value:4.71615520826631
time:204.89834594726562
260000
min_value:4.71615520826631
time:213.0819549560547
270000
min_value:4.71615520826631
time:221.28900146484375
280000
min_value:4.71615520826631
time:229.57867431640625
290000
min_value:4.71615520826631
time:237.79896545410156
300000
min_value:4.71615520826631
time:246.03526306152344
310000
min_value:4.71615520826631
time:254.2264404296875
320000
min_value:4.71615520826631
time:262.4495544433594
330000
min_value:4.71615520826631
time:270.69000244140625
340000
min_value:4.71615520826631
time:278.93157958984375
350000
min_value:4.71615520826631
time:287.1701354980469
360000
min_value:4.71615520826631
time:295.4326477050781
370000
min_value:4.71615520826631
time:303.5420837402344
380000
min_value:4.71615520826631
time:311.701416015625
390000
min_value:4.71615520826631
time:319.7872619628906
400000
min_value:4.71615520826631
time:327.95233154296875
410000
min_value:4.71615520826631
time:335.967529296875
420000
min_value:4.71615520826631
time:343.9723815917969
430000
min_value:4.71615520826631
time:352.0547180175781
440000
min_value:4.71615520826631
time:360.2603759765625
450000
min_value:4.689734755789331
time:368.4226989746094
460000
min_value:4.689734755789331
time:376.59716796875
470000
min_value:4.689734755789331
time:384.88909912109375
480000
min_value:4.689734755789331
time:393.17926025390625
490000
min_value:4.689734755789331
time:401.4586486816406
500000
min_value:4.689734755789331
time:409.6933898925781
500000
fvalues:4.689734755789331
time_values:409.6933898925781
