./results/subspace-norm/dim:1000000_ord:1_subspace:100_fused:False/RGF/lr:0.001_sample_size:10_mu:1e-08_step_schedule:decreasing-half
10000
min_value:80.1965687131133
time:39.110602617263794
20000
min_value:71.87786977602266
time:77.61014986038208
30000
min_value:65.5095329649458
time:116.1068971157074
40000
min_value:60.19106279963415
time:154.39563512802124
50000
min_value:55.450775126689905
time:192.83376026153564
60000
min_value:51.18129464006816
time:231.31816291809082
70000
min_value:47.22241083182597
time:269.7763638496399
80000
min_value:43.57672758465443
time:307.6244056224823
90000
min_value:40.15000546895766
time:345.48212480545044
100000
min_value:36.879557064368
time:383.14074063301086
110000
min_value:33.80576377175944
time:421.0982913970947
120000
min_value:30.873639038712668
time:459.86882734298706
130000
min_value:28.0330621812814
time:498.7983889579773
140000
min_value:25.30757755155898
time:536.7646899223328
150000
min_value:22.690506020259036
time:574.6054892539978
160000
min_value:20.131522586189305
time:612.492439031601
170000
min_value:17.67457082869997
time:650.1607458591461
180000
min_value:15.289124148729229
time:688.8723299503326
190000
min_value:12.957712790393307
time:727.8018016815186
200000
min_value:10.693605746336061
time:766.9973466396332
210000
min_value:8.487967446807282
time:805.4743211269379
220000
min_value:6.34066986967437
time:843.4917109012604
230000
min_value:4.22870973670121
time:881.3044672012329
240000
min_value:2.1801372351972104
time:919.222416639328
250000
min_value:0.5153113935383878
time:957.1054167747498
260000
min_value:0.022185414644202057
time:995.0002694129944
270000
min_value:0.0008605513548802243
time:1032.9757978916168
280000
min_value:0.0008214261414474342
time:1071.1326622962952
290000
min_value:0.0007714270524936268
time:1108.9569189548492
300000
min_value:0.0007587170677378169
time:1146.8850345611572
310000
min_value:0.000758190763601292
time:1184.7360491752625
320000
min_value:0.000758190763601292
time:1222.6977570056915
330000
min_value:0.0007456350260643865
time:1260.6717247962952
340000
min_value:0.0007209761286958598
time:1298.4649488925934
350000
min_value:0.0007148112972667197
time:1336.3939182758331
360000
min_value:0.0006812639982267035
time:1374.3794662952423
370000
min_value:0.0006812639982267035
time:1412.099464416504
380000
min_value:0.0006812639982267035
time:1449.9457592964172
390000
min_value:0.0006669003339728598
time:1487.7933373451233
400000
min_value:0.0006669003339728598
time:1525.5638320446014
410000
min_value:0.0006541183756393675
time:1563.2236082553864
420000
min_value:0.0006444456962809327
time:1601.0330624580383
430000
min_value:0.0006444456962809327
time:1638.8072834014893
440000
min_value:0.0006417840947285616
time:1676.48552942276
450000
min_value:0.0006417840947285616
time:1714.3524689674377
460000
min_value:0.0006196568752130628
time:1752.1554832458496
470000
min_value:0.0006196568752130628
time:1789.9272091388702
480000
min_value:0.0006161885565735391
time:1827.930881023407
490000
min_value:0.0006048001071889177
time:1865.739599943161
500000
min_value:0.0005959984189168391
time:1903.7525522708893
510000
min_value:0.0005812985709402067
time:1941.607092142105
520000
min_value:0.0005812985709402067
time:1979.3892726898193
530000
min_value:0.0005812985709402067
time:2017.0546569824219
540000
min_value:0.0005812985709402067
time:2054.8481678962708
550000
min_value:0.0005689241406754018
time:2092.8340911865234
560000
min_value:0.0005284689086110626
time:2130.5777127742767
570000
min_value:0.0005284689086110626
time:2168.447596549988
580000
min_value:0.0005284689086110626
time:2206.2083690166473
590000
min_value:0.0005239402013233284
time:2244.0868101119995
600000
min_value:0.0005239402013233284
time:2281.738357782364
610000
min_value:0.0005154993546482617
time:2319.609988927841
620000
min_value:0.0004949700953223882
time:2357.4891958236694
630000
min_value:0.0004949700953223882
time:2395.5025012493134
640000
min_value:0.0004949700953223882
time:2433.4543051719666
650000
min_value:0.0004949700953223882
time:2471.043160676956
660000
min_value:0.0004949700953223882
time:2508.9754707813263
670000
min_value:0.0004949700953223882
time:2546.7930176258087
680000
min_value:0.0004949700953223882
time:2584.4452607631683
690000
min_value:0.0004949700953223882
time:2622.2797660827637
700000
min_value:0.0004949700953223882
time:2660.078985452652
710000
min_value:0.0004949700953223882
time:2697.978925228119
720000
min_value:0.00048819856231930144
time:2735.8293628692627
730000
min_value:0.00048819856231930144
time:2773.700703382492
740000
min_value:0.0004812173806845295
time:2811.5270733833313
750000
min_value:0.0004812173806845295
time:2849.4535784721375
760000
min_value:0.00047579788561483534
time:2887.259750366211
770000
min_value:0.00047579788561483534
time:2925.421404838562
780000
min_value:0.00047579788561483534
time:2963.1892380714417
790000
min_value:0.00045285961809808347
time:3000.984307527542
800000
min_value:0.00045285961809808347
time:3039.0178043842316
810000
min_value:0.0004495437208551129
time:3076.9035937786102
820000
min_value:0.00044718081764055236
time:3114.790813446045
830000
min_value:0.00044718081764055236
time:3152.6420288085938
840000
min_value:0.00044609068176085546
time:3190.2727003097534
850000
min_value:0.00044609068176085546
time:3227.9669046401978
860000
min_value:0.00044609068176085546
time:3265.652778148651
870000
min_value:0.00044609068176085546
time:3303.256362438202
880000
min_value:0.00044609068176085546
time:3340.9480018615723
890000
min_value:0.00044609068176085546
time:3378.7531876564026
900000
min_value:0.00044609068176085546
time:3416.6786091327667
910000
min_value:0.00042243716655557246
time:3454.415408849716
920000
min_value:0.00042243716655557246
time:3492.2100138664246
930000
min_value:0.00042243716655557246
time:3529.769030570984
940000
min_value:0.0004178495883875866
time:3567.4182574748993
950000
min_value:0.0004178495883875866
time:3605.0719559192657
960000
min_value:0.0004178495883875866
time:3643.005654335022
970000
min_value:0.0004178495883875866
time:3680.7136096954346
980000
min_value:0.0004178495883875866
time:3718.7512662410736
990000
min_value:0.0004178495883875866
time:3756.7568600177765
1000000
min_value:0.00041661918655809505
time:3794.6441242694855
1000000
fvalues:0.00041661918655809505
time_values:3794.6441242694855
