./results/regularized test/dim:1000_ord:1_coef:1_fused:False/proposed/lr:0.001_reduced_dim:200_sample_size:1_mu:1e-08_step_schedule:constant
10000
min_value:112.27705458999921
time:11.408342361450195
20000
min_value:108.0147907352655
time:19.200342178344727
30000
min_value:107.71048817245003
time:26.976882934570312
40000
min_value:107.71048817245003
time:34.71468734741211
50000
min_value:107.71048817245003
time:42.6510124206543
60000
min_value:107.71048817245003
time:50.435977935791016
70000
min_value:107.41785465901785
time:58.179534912109375
80000
min_value:106.61902987487792
time:65.94029235839844
90000
min_value:106.61902987487792
time:73.75310516357422
100000
min_value:106.61902987487792
time:81.55964660644531
110000
min_value:106.61902987487792
time:89.42366790771484
120000
min_value:106.61902987487792
time:97.27741241455078
130000
min_value:106.61902987487792
time:105.05299377441406
140000
min_value:106.61902987487792
time:112.89115142822266
150000
min_value:106.61902987487792
time:120.58810424804688
160000
min_value:106.61902987487792
time:128.2830810546875
170000
min_value:106.61902987487792
time:135.99368286132812
180000
min_value:106.61902987487792
time:143.8018035888672
190000
min_value:106.61902987487792
time:151.59640502929688
200000
min_value:106.61902987487792
time:159.3133087158203
210000
min_value:106.61902987487792
time:167.03329467773438
220000
min_value:106.61902987487792
time:174.8610076904297
230000
min_value:106.61902987487792
time:182.68853759765625
240000
min_value:106.61902987487792
time:190.5718231201172
250000
min_value:106.61902987487792
time:198.37576293945312
260000
min_value:106.61902987487792
time:206.2742919921875
270000
min_value:106.61902987487792
time:214.11427307128906
280000
min_value:106.61902987487792
time:222.14451599121094
290000
min_value:106.61902987487792
time:230.11422729492188
300000
min_value:106.61902987487792
time:238.18228149414062
310000
min_value:106.61902987487792
time:246.11489868164062
320000
min_value:106.61902987487792
time:254.11288452148438
330000
min_value:106.61902987487792
time:262.07171630859375
340000
min_value:106.61902987487792
time:270.1358337402344
350000
min_value:106.61902987487792
time:278.2362976074219
360000
min_value:106.61902987487792
time:286.15875244140625
370000
min_value:106.61902987487792
time:294.08319091796875
380000
min_value:106.61902987487792
time:302.0440368652344
390000
min_value:106.61902987487792
time:309.9949035644531
400000
min_value:106.61902987487792
time:317.9830627441406
410000
min_value:106.61902987487792
time:325.89349365234375
420000
min_value:106.61902987487792
time:333.854736328125
430000
min_value:106.61902987487792
time:341.85711669921875
440000
min_value:106.61902987487792
time:349.8815002441406
450000
min_value:106.61902987487792
time:357.8441467285156
460000
min_value:106.61902987487792
time:365.7997741699219
470000
min_value:106.61902987487792
time:373.68304443359375
480000
min_value:106.61902987487792
time:381.5716552734375
490000
min_value:106.61902987487792
time:389.5572814941406
500000
min_value:106.61902987487792
time:397.5998840332031
500000
fvalues:106.61902987487792
time_values:397.5998840332031
10000
min_value:113.29067035464702
time:7.962800025939941
20000
min_value:109.98241368138795
time:15.833219528198242
30000
min_value:109.98241368138795
time:23.717315673828125
40000
min_value:109.3098496872444
time:31.648578643798828
50000
min_value:109.3098496872444
time:39.75381851196289
60000
min_value:109.3098496872444
time:47.706817626953125
70000
min_value:107.37716339985226
time:55.73625564575195
80000
min_value:107.37716339985226
time:63.74098205566406
90000
min_value:107.37716339985226
time:71.79934692382812
100000
min_value:107.37716339985226
time:79.75820922851562
110000
min_value:107.37716339985226
time:87.7422103881836
120000
min_value:107.37716339985226
time:95.7052230834961
130000
min_value:107.37716339985226
time:103.7377700805664
140000
min_value:107.37716339985226
time:111.70441436767578
150000
min_value:107.37716339985226
time:119.72032165527344
160000
min_value:107.37716339985226
time:127.78506469726562
170000
min_value:107.37716339985226
time:135.71585083007812
180000
min_value:107.37716339985226
time:143.6705322265625
190000
min_value:107.37716339985226
time:151.65725708007812
200000
min_value:107.37716339985226
time:159.71412658691406
210000
min_value:107.37716339985226
time:167.80136108398438
220000
min_value:107.37716339985226
time:175.87222290039062
230000
min_value:107.37716339985226
time:183.8927764892578
240000
min_value:107.37716339985226
time:191.95651245117188
250000
min_value:107.37716339985226
time:199.9119873046875
260000
min_value:107.37716339985226
time:207.9010467529297
270000
min_value:107.37716339985226
time:215.95066833496094
280000
min_value:106.62410544404348
time:223.87393188476562
290000
min_value:106.62410544404348
time:231.97181701660156
300000
min_value:106.62410544404348
time:239.9188690185547
310000
min_value:106.61261211689194
time:247.89932250976562
320000
min_value:106.61261211689194
time:256.0074768066406
330000
min_value:106.61261211689194
time:263.94537353515625
340000
min_value:106.61261211689194
time:271.89654541015625
350000
min_value:106.61261211689194
time:279.78497314453125
360000
min_value:106.61261211689194
time:287.6601867675781
370000
min_value:106.61261211689194
time:295.6138916015625
380000
min_value:106.61261211689194
time:303.5368957519531
390000
min_value:106.61261211689194
time:311.4421081542969
400000
min_value:106.61261211689194
time:319.43017578125
410000
min_value:106.61261211689194
time:327.4113464355469
420000
min_value:106.61261211689194
time:335.64581298828125
430000
min_value:106.61261211689194
time:343.7308654785156
440000
min_value:106.61261211689194
time:351.8067321777344
450000
min_value:106.61261211689194
time:359.6943359375
460000
min_value:106.61261211689194
time:367.66046142578125
470000
min_value:106.61261211689194
time:375.7199401855469
480000
min_value:106.61261211689194
time:383.6720886230469
490000
min_value:106.61261211689194
time:391.7791442871094
500000
min_value:106.61261211689194
time:399.79833984375
500000
fvalues:106.61261211689194
time_values:399.79833984375
10000
min_value:113.32817125911363
time:8.140414237976074
20000
min_value:110.2281821565615
time:16.317352294921875
30000
min_value:110.2281821565615
time:24.359092712402344
40000
min_value:109.02995105930118
time:32.31001663208008
50000
min_value:108.15089478879264
time:40.37885665893555
60000
min_value:108.15089478879264
time:48.341861724853516
70000
min_value:108.15089478879264
time:56.29985046386719
80000
min_value:108.15089478879264
time:64.29647827148438
90000
min_value:108.15089478879264
time:72.32414245605469
100000
min_value:108.15089478879264
time:80.3014144897461
110000
min_value:108.15089478879264
time:88.16202545166016
120000
min_value:108.15089478879264
time:96.03398895263672
130000
min_value:108.15089478879264
time:103.91416931152344
140000
min_value:108.15089478879264
time:111.86109161376953
150000
min_value:108.15089478879264
time:119.83576202392578
160000
min_value:108.15089478879264
time:127.8747329711914
170000
min_value:108.15089478879264
time:135.9095001220703
180000
min_value:108.15089478879264
time:143.8213653564453
190000
min_value:108.15089478879264
time:151.92230224609375
200000
min_value:108.15089478879264
time:159.97512817382812
210000
min_value:108.15089478879264
time:168.0253448486328
220000
min_value:107.79543176847888
time:175.93582153320312
230000
min_value:107.79543176847888
time:183.91737365722656
240000
min_value:107.79543176847888
time:191.94140625
250000
min_value:107.79543176847888
time:199.8851318359375
260000
min_value:107.79543176847888
time:207.8970947265625
270000
min_value:107.79543176847888
time:215.99905395507812
280000
min_value:107.79543176847888
time:223.9731903076172
290000
min_value:107.79543176847888
time:231.9765625
300000
min_value:107.79543176847888
time:240.0200653076172
310000
min_value:107.79543176847888
time:248.04779052734375
320000
min_value:107.79543176847888
time:256.25115966796875
330000
min_value:107.79543176847888
time:264.2168884277344
340000
min_value:107.79543176847888
time:272.17230224609375
350000
min_value:107.79543176847888
time:280.1653137207031
360000
min_value:107.79543176847888
time:288.16778564453125
370000
min_value:107.79543176847888
time:296.2912292480469
380000
min_value:107.79543176847888
time:304.4170227050781
390000
min_value:107.64270642734584
time:312.4184265136719
400000
min_value:107.64270642734584
time:320.3293762207031
410000
min_value:106.5825489952151
time:328.3590393066406
420000
min_value:105.00433766696332
time:336.3635559082031
430000
min_value:105.00433766696332
time:344.3645935058594
440000
min_value:105.00433766696332
time:352.3923034667969
450000
min_value:105.00433766696332
time:360.3688049316406
460000
min_value:105.00433766696332
time:368.4751892089844
470000
min_value:105.00433766696332
time:376.5058288574219
480000
min_value:105.00433766696332
time:384.5303955078125
490000
min_value:105.00433766696332
time:392.464599609375
500000
min_value:105.00433766696332
time:400.3768005371094
500000
fvalues:105.00433766696332
time_values:400.3768005371094
10000
min_value:109.2335109779399
time:8.091408729553223
20000
min_value:108.69797728322695
time:16.039968490600586
30000
min_value:108.69797728322695
time:24.075313568115234
40000
min_value:108.69797728322695
time:31.92782974243164
50000
min_value:107.4798551439493
time:39.889495849609375
60000
min_value:107.4798551439493
time:47.78929138183594
70000
min_value:107.4798551439493
time:55.68585968017578
80000
min_value:107.4798551439493
time:63.5867805480957
90000
min_value:107.4798551439493
time:71.48497772216797
100000
min_value:107.4798551439493
time:79.62525939941406
110000
min_value:107.4798551439493
time:87.57362365722656
120000
min_value:107.4798551439493
time:95.45153045654297
130000
min_value:107.4798551439493
time:103.33393096923828
140000
min_value:107.4798551439493
time:111.21319580078125
150000
min_value:107.4798551439493
time:119.1106185913086
160000
min_value:107.4798551439493
time:127.01911926269531
170000
min_value:107.4798551439493
time:134.91976928710938
180000
min_value:107.4798551439493
time:142.82040405273438
190000
min_value:106.4903566025973
time:150.71954345703125
200000
min_value:106.4903566025973
time:158.6226806640625
210000
min_value:106.4903566025973
time:166.5167999267578
220000
min_value:106.4903566025973
time:174.4163818359375
230000
min_value:106.4903566025973
time:182.30445861816406
240000
min_value:106.4903566025973
time:190.2014617919922
250000
min_value:106.4903566025973
time:198.10513305664062
260000
min_value:106.4903566025973
time:205.98519897460938
270000
min_value:106.4903566025973
time:213.87057495117188
280000
min_value:106.4903566025973
time:221.76856994628906
290000
min_value:106.4903566025973
time:229.6651611328125
300000
min_value:106.4903566025973
time:237.5670928955078
310000
min_value:106.4903566025973
time:245.48561096191406
320000
min_value:106.4903566025973
time:253.37411499023438
330000
min_value:106.4903566025973
time:261.2587890625
340000
min_value:106.4903566025973
time:269.1439208984375
350000
min_value:106.4903566025973
time:277.2416687011719
360000
min_value:106.4903566025973
time:285.15557861328125
370000
min_value:106.4903566025973
time:293.0402526855469
380000
min_value:106.4903566025973
time:300.93670654296875
390000
min_value:106.4903566025973
time:308.8523864746094
400000
min_value:106.4903566025973
time:316.7501220703125
410000
min_value:106.4903566025973
time:324.6500549316406
420000
min_value:106.4903566025973
time:332.54931640625
430000
min_value:106.4903566025973
time:340.5092468261719
440000
min_value:106.4903566025973
time:348.47540283203125
450000
min_value:106.4903566025973
time:356.5497741699219
460000
min_value:106.4903566025973
time:364.5380554199219
470000
min_value:106.4903566025973
time:372.6445617675781
480000
min_value:106.4903566025973
time:380.6719970703125
490000
min_value:106.4903566025973
time:388.6102600097656
500000
min_value:106.4903566025973
time:396.635986328125
500000
fvalues:106.4903566025973
time_values:396.635986328125
10000
min_value:114.04049688159382
time:7.971199035644531
20000
min_value:110.73244658334356
time:15.906634330749512
30000
min_value:106.69103183234127
time:23.759244918823242
40000
min_value:106.69103183234127
time:31.61555290222168
50000
min_value:106.69103183234127
time:39.50886535644531
60000
min_value:106.69103183234127
time:47.407230377197266
70000
min_value:106.69103183234127
time:55.294715881347656
80000
min_value:106.69103183234127
time:63.1804313659668
90000
min_value:106.69103183234127
time:71.07310485839844
100000
min_value:106.69103183234127
time:78.97454833984375
110000
min_value:106.69103183234127
time:86.92958068847656
120000
min_value:106.69103183234127
time:94.82793426513672
130000
min_value:106.69103183234127
time:102.72602081298828
140000
min_value:106.69103183234127
time:110.61410522460938
150000
min_value:106.69103183234127
time:118.51380920410156
160000
min_value:106.69103183234127
time:126.40243530273438
170000
min_value:106.69103183234127
time:134.29647827148438
180000
min_value:106.69103183234127
time:142.1854248046875
190000
min_value:106.69103183234127
time:150.0824737548828
200000
min_value:106.69103183234127
time:158.19520568847656
210000
min_value:106.69103183234127
time:166.25607299804688
220000
min_value:106.69103183234127
time:174.20826721191406
230000
min_value:106.69103183234127
time:182.2939910888672
240000
min_value:105.92462163034575
time:190.31211853027344
250000
min_value:105.92462163034575
time:198.2318878173828
260000
min_value:105.92462163034575
time:206.40257263183594
270000
min_value:105.92462163034575
time:214.3509521484375
280000
min_value:105.92462163034575
time:222.27354431152344
290000
min_value:105.92462163034575
time:230.34857177734375
300000
min_value:105.92462163034575
time:238.27244567871094
310000
min_value:105.92462163034575
time:246.1664276123047
320000
min_value:105.92462163034575
time:254.09628295898438
330000
min_value:105.92462163034575
time:262.0289611816406
340000
min_value:105.92462163034575
time:270.0084533691406
350000
min_value:105.92462163034575
time:277.9919738769531
360000
min_value:105.92462163034575
time:285.9384765625
370000
min_value:105.92462163034575
time:293.84075927734375
380000
min_value:105.92462163034575
time:301.7455139160156
390000
min_value:105.92462163034575
time:309.6328430175781
400000
min_value:105.92462163034575
time:317.5032653808594
410000
min_value:105.92462163034575
time:325.36627197265625
420000
min_value:105.92462163034575
time:333.2546691894531
430000
min_value:105.92462163034575
time:341.1253967285156
440000
min_value:105.92462163034575
time:349.0022888183594
450000
min_value:105.92462163034575
time:356.8874206542969
460000
min_value:104.72651886001628
time:364.77056884765625
470000
min_value:104.72651886001628
time:372.6620788574219
480000
min_value:104.72651886001628
time:380.54962158203125
490000
min_value:104.72651886001628
time:388.50244140625
500000
min_value:104.72651886001628
time:396.5306396484375
500000
fvalues:104.72651886001628
time_values:396.5306396484375
10000
min_value:113.37272276973208
time:8.00139045715332
20000
min_value:109.50938224602473
time:15.858224868774414
30000
min_value:109.50938224602473
time:23.71853256225586
40000
min_value:109.27915478434329
time:31.58350372314453
50000
min_value:109.27915478434329
time:39.477054595947266
60000
min_value:108.50638591207078
time:47.36113739013672
70000
min_value:108.50638591207078
time:55.26173782348633
80000
min_value:108.50638591207078
time:63.198272705078125
90000
min_value:108.50638591207078
time:71.09500122070312
100000
min_value:108.50638591207078
time:79.04186248779297
110000
min_value:108.48451905004882
time:86.91584777832031
120000
min_value:108.48451905004882
time:94.8956527709961
130000
min_value:107.77436527975767
time:102.80335998535156
140000
min_value:107.77436527975767
time:110.69720458984375
150000
min_value:107.77436527975767
time:118.57740020751953
160000
min_value:107.52006576981873
time:126.38925170898438
170000
min_value:107.52006576981873
time:134.19651794433594
180000
min_value:107.52006576981873
time:141.99656677246094
190000
min_value:107.52006576981873
time:149.88839721679688
200000
min_value:107.52006576981873
time:157.773681640625
210000
min_value:107.52006576981873
time:165.62942504882812
220000
min_value:107.52006576981873
time:173.5308837890625
230000
min_value:107.30103251873275
time:181.35391235351562
240000
min_value:107.30103251873275
time:189.2679901123047
250000
min_value:107.30103251873275
time:197.08436584472656
260000
min_value:107.30103251873275
time:204.8865509033203
270000
min_value:107.30103251873275
time:212.76612854003906
280000
min_value:107.30103251873275
time:220.6134796142578
290000
min_value:107.30103251873275
time:228.5032501220703
300000
min_value:107.30103251873275
time:236.38954162597656
310000
min_value:107.30103251873275
time:244.43499755859375
320000
min_value:107.30103251873275
time:252.32342529296875
330000
min_value:107.30103251873275
time:260.1937255859375
340000
min_value:107.30103251873275
time:268.1642761230469
350000
min_value:107.30103251873275
time:276.09368896484375
360000
min_value:107.30103251873275
time:284.0555419921875
370000
min_value:107.30103251873275
time:291.9667053222656
380000
min_value:107.30103251873275
time:299.8407897949219
390000
min_value:107.30103251873275
time:307.782958984375
400000
min_value:107.30103251873275
time:315.63873291015625
410000
min_value:107.30103251873275
time:323.4946594238281
420000
min_value:107.30103251873275
time:331.5890197753906
430000
min_value:107.30103251873275
time:339.3763122558594
440000
min_value:107.30103251873275
time:347.21533203125
450000
min_value:107.30103251873275
time:355.11004638671875
460000
min_value:106.83444151839457
time:363.0407409667969
470000
min_value:106.83444151839457
time:370.88958740234375
480000
min_value:106.83444151839457
time:378.76898193359375
490000
min_value:106.83444151839457
time:386.55560302734375
500000
min_value:106.83444151839457
time:394.4904479980469
500000
fvalues:106.83444151839457
time_values:394.4904479980469
10000
min_value:116.16351289463437
time:7.771483421325684
20000
min_value:109.19428230510691
time:15.489960670471191
30000
min_value:109.19428230510691
time:23.288026809692383
40000
min_value:109.19428230510691
time:31.105207443237305
50000
min_value:109.19428230510691
time:38.960506439208984
60000
min_value:109.19428230510691
time:46.750244140625
70000
min_value:109.19428230510691
time:54.54293441772461
80000
min_value:109.19428230510691
time:62.333473205566406
90000
min_value:108.70860171332512
time:70.1348876953125
100000
min_value:108.70860171332512
time:77.92628479003906
110000
min_value:108.70860171332512
time:85.9474868774414
120000
min_value:108.70860171332512
time:93.85249328613281
130000
min_value:108.70860171332512
time:101.67488861083984
140000
min_value:108.70860171332512
time:109.48591613769531
150000
min_value:108.70860171332512
time:117.30720520019531
160000
min_value:108.70860171332512
time:125.2196044921875
170000
min_value:107.9582456901369
time:133.0256805419922
180000
min_value:107.9108385054661
time:140.84530639648438
190000
min_value:107.9108385054661
time:148.7164764404297
200000
min_value:107.9108385054661
time:156.70147705078125
210000
min_value:107.9108385054661
time:164.7777099609375
220000
min_value:107.9108385054661
time:172.74293518066406
230000
min_value:107.9108385054661
time:180.5930633544922
240000
min_value:107.9108385054661
time:188.41773986816406
250000
min_value:107.9108385054661
time:196.32330322265625
260000
min_value:107.9108385054661
time:204.2067108154297
270000
min_value:107.9108385054661
time:212.05404663085938
280000
min_value:107.49175037009769
time:219.88427734375
290000
min_value:107.27296267503344
time:227.7456512451172
300000
min_value:107.27296267503344
time:235.63003540039062
310000
min_value:107.27296267503344
time:243.52090454101562
320000
min_value:107.27296267503344
time:251.3494873046875
330000
min_value:107.27296267503344
time:259.19171142578125
340000
min_value:107.27296267503344
time:266.992919921875
350000
min_value:107.27296267503344
time:274.8243103027344
360000
min_value:107.27296267503344
time:282.7137145996094
370000
min_value:107.27296267503344
time:290.57330322265625
380000
min_value:107.27296267503344
time:298.5262451171875
390000
min_value:107.18652818679784
time:306.3584899902344
400000
min_value:107.18652818679784
time:314.17791748046875
410000
min_value:107.18652818679784
time:321.9837646484375
420000
min_value:107.18652818679784
time:329.8513488769531
430000
min_value:107.18652818679784
time:337.85546875
440000
min_value:107.18652818679784
time:345.97552490234375
450000
min_value:107.18652818679784
time:354.1278991699219
460000
min_value:107.18652818679784
time:361.9817810058594
470000
min_value:107.18652818679784
time:369.8713073730469
480000
min_value:107.18652818679784
time:377.72119140625
490000
min_value:107.18652818679784
time:385.52099609375
500000
min_value:107.18652818679784
time:393.392578125
500000
fvalues:107.18652818679784
time_values:393.392578125
10000
min_value:113.52374664704053
time:7.84389591217041
20000
min_value:106.26357533220944
time:15.680124282836914
30000
min_value:106.26357533220944
time:23.55260467529297
40000
min_value:106.26357533220944
time:31.48102569580078
50000
min_value:106.26357533220944
time:39.33335876464844
60000
min_value:106.26357533220944
time:47.26583480834961
70000
min_value:106.26357533220944
time:55.159793853759766
80000
min_value:106.26357533220944
time:63.16379928588867
90000
min_value:106.26357533220944
time:71.41687774658203
100000
min_value:106.26357533220944
time:79.44615936279297
110000
min_value:106.26357533220944
time:87.40424346923828
120000
min_value:106.26357533220944
time:95.42398834228516
130000
min_value:106.26357533220944
time:103.61073303222656
140000
min_value:106.26357533220944
time:111.61360931396484
150000
min_value:106.26357533220944
time:119.57695770263672
160000
min_value:106.26357533220944
time:127.52384185791016
170000
min_value:106.26357533220944
time:135.5614013671875
180000
min_value:106.26357533220944
time:143.45457458496094
190000
min_value:106.26357533220944
time:151.369384765625
200000
min_value:106.26357533220944
time:159.43789672851562
210000
min_value:106.26357533220944
time:167.49407958984375
220000
min_value:106.26357533220944
time:175.4075469970703
230000
min_value:106.26357533220944
time:183.36228942871094
240000
min_value:106.26357533220944
time:191.37594604492188
250000
min_value:106.26357533220944
time:199.40289306640625
260000
min_value:106.26357533220944
time:207.45205688476562
270000
min_value:106.26357533220944
time:215.45167541503906
280000
min_value:106.26357533220944
time:223.4713134765625
290000
min_value:106.26357533220944
time:231.41839599609375
300000
min_value:106.26357533220944
time:239.37191772460938
310000
min_value:106.26357533220944
time:247.32655334472656
320000
min_value:106.26357533220944
time:255.35658264160156
330000
min_value:106.26357533220944
time:263.30865478515625
340000
min_value:104.50721051528636
time:271.3739318847656
350000
min_value:104.50721051528636
time:279.384521484375
360000
min_value:104.50721051528636
time:287.45440673828125
370000
min_value:104.50721051528636
time:295.3854064941406
380000
min_value:104.50721051528636
time:303.33367919921875
390000
min_value:104.50721051528636
time:311.328857421875
400000
min_value:104.50721051528636
time:319.2115478515625
410000
min_value:104.50721051528636
time:327.1153259277344
420000
min_value:104.50721051528636
time:335.0091552734375
430000
min_value:104.50721051528636
time:342.9053039550781
440000
min_value:104.50721051528636
time:350.81463623046875
450000
min_value:104.50721051528636
time:358.8030700683594
460000
min_value:104.50721051528636
time:366.9115905761719
470000
min_value:104.50721051528636
time:374.88690185546875
480000
min_value:104.50721051528636
time:382.8434753417969
490000
min_value:104.50721051528636
time:391.05841064453125
500000
min_value:104.50721051528636
time:398.9861145019531
500000
fvalues:104.50721051528636
time_values:398.9861145019531
10000
min_value:112.54813002629864
time:7.962785720825195
20000
min_value:110.02283909891159
time:15.738668441772461
30000
min_value:110.02283909891159
time:23.572528839111328
40000
min_value:108.42421348188597
time:31.473796844482422
50000
min_value:107.84367834900476
time:39.3388671875
60000
min_value:107.84367834900476
time:47.16722869873047
70000
min_value:107.84367834900476
time:55.06031799316406
80000
min_value:107.84367834900476
time:62.904449462890625
90000
min_value:107.84367834900476
time:70.7819595336914
100000
min_value:107.84367834900476
time:78.73421478271484
110000
min_value:107.84367834900476
time:86.65347290039062
120000
min_value:107.84367834900476
time:94.59809112548828
130000
min_value:107.84367834900476
time:102.5729751586914
140000
min_value:107.84367834900476
time:110.55736541748047
150000
min_value:107.84367834900476
time:118.54077911376953
160000
min_value:107.84367834900476
time:126.56370544433594
170000
min_value:107.84367834900476
time:134.5262908935547
180000
min_value:107.84367834900476
time:142.44358825683594
190000
min_value:107.05115465700439
time:150.35919189453125
200000
min_value:107.05115465700439
time:157.9965057373047
210000
min_value:107.05115465700439
time:165.7160186767578
220000
min_value:107.05115465700439
time:173.28700256347656
230000
min_value:107.05115465700439
time:180.96432495117188
240000
min_value:107.05115465700439
time:188.60035705566406
250000
min_value:107.05115465700439
time:196.2755889892578
260000
min_value:107.05115465700439
time:204.06600952148438
270000
min_value:107.05115465700439
time:211.6736602783203
280000
min_value:106.72185721178566
time:219.30380249023438
290000
min_value:106.72185721178566
time:226.9495849609375
300000
min_value:106.72185721178566
time:234.7773895263672
310000
min_value:106.72185721178566
time:242.78042602539062
320000
min_value:106.72185721178566
time:250.84022521972656
330000
min_value:106.72185721178566
time:258.77410888671875
340000
min_value:106.72185721178566
time:266.89324951171875
350000
min_value:106.72185721178566
time:274.58770751953125
360000
min_value:106.72185721178566
time:282.2250671386719
370000
min_value:106.72185721178566
time:289.8455810546875
380000
min_value:106.72185721178566
time:297.4721374511719
390000
min_value:106.72185721178566
time:305.18798828125
400000
min_value:106.72185721178566
time:313.0226745605469
410000
min_value:106.72185721178566
time:320.6650695800781
420000
min_value:106.72185721178566
time:328.36871337890625
430000
min_value:106.72185721178566
time:336.0728454589844
440000
min_value:106.72185721178566
time:343.77545166015625
450000
min_value:106.72185721178566
time:351.4288635253906
460000
min_value:106.72185721178566
time:359.16510009765625
470000
min_value:106.72185721178566
time:366.93402099609375
480000
min_value:106.72185721178566
time:374.7491149902344
490000
min_value:106.72185721178566
time:382.4399108886719
500000
min_value:106.72185721178566
time:390.1576232910156
500000
fvalues:106.72185721178566
time_values:390.1576232910156
10000
min_value:114.43746061792855
time:8.07068157196045
20000
min_value:112.88653011678528
time:16.104087829589844
30000
min_value:109.50494038107381
time:24.00224494934082
40000
min_value:109.2096352284553
time:31.96660804748535
50000
min_value:109.2096352284553
time:40.135311126708984
60000
min_value:108.80144942084878
time:47.82015609741211
70000
min_value:108.68151407615436
time:55.57967758178711
80000
min_value:108.68151407615436
time:63.264503479003906
90000
min_value:107.64283849406544
time:71.00444793701172
100000
min_value:107.64283849406544
time:78.7442855834961
110000
min_value:107.64283849406544
time:86.39317321777344
120000
min_value:106.55122492703609
time:94.27222442626953
130000
min_value:106.55122492703609
time:102.0807876586914
140000
min_value:106.55122492703609
time:109.82014465332031
150000
min_value:106.55122492703609
time:117.51576232910156
160000
min_value:106.43358910018601
time:125.10608673095703
170000
min_value:106.43358910018601
time:132.7096405029297
180000
min_value:106.43358910018601
time:140.5050506591797
190000
min_value:106.43358910018601
time:148.2050018310547
200000
min_value:106.43358910018601
time:155.83326721191406
210000
min_value:106.43358910018601
time:163.56826782226562
220000
min_value:106.43358910018601
time:171.1749267578125
230000
min_value:106.43358910018601
time:178.794189453125
240000
min_value:106.43358910018601
time:186.4586181640625
250000
min_value:106.43358910018601
time:194.14927673339844
260000
min_value:106.43358910018601
time:201.95333862304688
270000
min_value:106.43358910018601
time:209.54505920410156
280000
min_value:106.43358910018601
time:217.33322143554688
290000
min_value:106.43358910018601
time:225.1507110595703
300000
min_value:106.43358910018601
time:233.05377197265625
310000
min_value:106.43358910018601
time:240.77874755859375
320000
min_value:106.43358910018601
time:248.4534149169922
330000
min_value:106.43358910018601
time:256.1048278808594
340000
min_value:106.43358910018601
time:263.9040222167969
350000
min_value:106.43358910018601
time:271.7981262207031
360000
min_value:106.43358910018601
time:279.718017578125
370000
min_value:106.43358910018601
time:287.38067626953125
380000
min_value:106.43358910018601
time:295.1375427246094
390000
min_value:106.43358910018601
time:303.2343444824219
400000
min_value:106.43358910018601
time:311.1494140625
410000
min_value:106.43358910018601
time:318.8895568847656
420000
min_value:106.43358910018601
time:326.6158142089844
430000
min_value:106.43358910018601
time:334.4694519042969
440000
min_value:106.43358910018601
time:342.3104553222656
450000
min_value:106.43358910018601
time:350.0578918457031
460000
min_value:106.43358910018601
time:357.7747497558594
470000
min_value:106.43358910018601
time:365.5425109863281
480000
min_value:106.43358910018601
time:373.4092712402344
490000
min_value:106.43358910018601
time:381.3685302734375
500000
min_value:106.43358910018601
time:389.18585205078125
500000
fvalues:106.43358910018601
time_values:389.18585205078125
