./results/subspace-norm/dim:1000000_ord:1_subspace:100_fused:False/RGF/lr:0.01_sample_size:1_mu:1e-08_step_schedule:decreasing-half
10000
min_value:0.4559834068949489
time:5.6960999965667725
20000
min_value:0.306693368639391
time:11.377641677856445
30000
min_value:0.2507980017086269
time:16.96563696861267
40000
min_value:0.20806195080457573
time:22.562158346176147
50000
min_value:0.19641974700004472
time:28.168620347976685
60000
min_value:0.17509289621228757
time:33.75567698478699
70000
min_value:0.16202298127411321
time:39.33467745780945
80000
min_value:0.15209278609797605
time:44.86042380332947
90000
min_value:0.1460623704790048
time:50.535470485687256
100000
min_value:0.13276794370655753
time:56.113635540008545
110000
min_value:0.13276794370655753
time:61.649425983428955
120000
min_value:0.1230190287390369
time:67.22272062301636
130000
min_value:0.1201863676941822
time:72.7609429359436
140000
min_value:0.11371291557437033
time:78.31729745864868
150000
min_value:0.10960371437302463
time:83.88175559043884
160000
min_value:0.09964100445975405
time:89.56661367416382
170000
min_value:0.09876531853571346
time:95.11651015281677
180000
min_value:0.09876531853571346
time:100.66025686264038
190000
min_value:0.09510570112834596
time:106.24851965904236
200000
min_value:0.09510570112834596
time:111.79605436325073
210000
min_value:0.08792009452411943
time:117.35721635818481
220000
min_value:0.08792009452411943
time:122.96517515182495
230000
min_value:0.08792009452411943
time:128.65123629570007
240000
min_value:0.08641406005414003
time:134.23786067962646
250000
min_value:0.08252394699432984
time:139.81453680992126
260000
min_value:0.08095258540836658
time:145.39285349845886
270000
min_value:0.08057960646277999
time:150.96471905708313
280000
min_value:0.08057960646277999
time:156.51768803596497
290000
min_value:0.07651680151039586
time:162.1467182636261
300000
min_value:0.07651680151039586
time:167.80676746368408
310000
min_value:0.07612568272065047
time:173.3797197341919
320000
min_value:0.06678399745413746
time:178.97822904586792
330000
min_value:0.06678399745413746
time:184.54853892326355
340000
min_value:0.06678399745413746
time:190.11608457565308
350000
min_value:0.06678399745413746
time:195.74693655967712
360000
min_value:0.06678399745413746
time:201.3469762802124
370000
min_value:0.06678399745413746
time:207.0315499305725
380000
min_value:0.06678399745413746
time:212.6397840976715
390000
min_value:0.06678399745413746
time:218.195702791214
400000
min_value:0.06661083823522695
time:223.7980432510376
410000
min_value:0.0656535918395744
time:229.37701725959778
420000
min_value:0.06141427295471438
time:234.95059752464294
430000
min_value:0.06084763843932044
time:240.57055497169495
440000
min_value:0.06084763843932044
time:246.24224162101746
450000
min_value:0.06084763843932044
time:251.79026055335999
460000
min_value:0.05947499895204597
time:257.3589572906494
470000
min_value:0.05947499895204597
time:262.94849920272827
480000
min_value:0.05947499895204597
time:268.5372178554535
490000
min_value:0.05947499895204597
time:274.1440930366516
500000
min_value:0.057512521635776574
time:279.765260219574
510000
min_value:0.057512521635776574
time:285.4427125453949
520000
min_value:0.057512521635776574
time:291.0430817604065
530000
min_value:0.05614682706024353
time:296.60777735710144
540000
min_value:0.05340743054117112
time:302.1963996887207
550000
min_value:0.05340743054117112
time:307.81084990501404
560000
min_value:0.05340743054117112
time:313.3739364147186
570000
min_value:0.05340743054117112
time:319.05697655677795
580000
min_value:0.05340743054117112
time:324.72105503082275
590000
min_value:0.05335206687401335
time:330.27762961387634
600000
min_value:0.05335206687401335
time:335.85859870910645
610000
min_value:0.05335206687401335
time:341.5229732990265
620000
min_value:0.05335206687401335
time:347.11445450782776
630000
min_value:0.052401075078260244
time:352.71944975852966
640000
min_value:0.0511006607687719
time:358.3743999004364
650000
min_value:0.05024868970811017
time:364.00298738479614
660000
min_value:0.049250576746634224
time:369.5661334991455
670000
min_value:0.04870590356173933
time:375.1314308643341
680000
min_value:0.04870590356173933
time:380.6831707954407
690000
min_value:0.04870590356173933
time:386.3179042339325
700000
min_value:0.04870590356173933
time:391.8621938228607
710000
min_value:0.04635979960630428
time:397.4463527202606
720000
min_value:0.04635979960630428
time:403.02192783355713
730000
min_value:0.04635979960630428
time:408.5500593185425
740000
min_value:0.04635979960630428
time:414.127685546875
750000
min_value:0.045897451600504166
time:419.6343743801117
760000
min_value:0.045897451600504166
time:425.2090787887573
770000
min_value:0.045897451600504166
time:430.73272347450256
780000
min_value:0.04532411715249707
time:436.3127660751343
790000
min_value:0.04532411715249707
time:441.90911626815796
800000
min_value:0.04532411715249707
time:447.4077091217041
810000
min_value:0.04532411715249707
time:452.9081528186798
820000
min_value:0.04532411715249707
time:458.4126000404358
830000
min_value:0.04532411715249707
time:463.91213393211365
840000
min_value:0.04532411715249707
time:469.43279576301575
850000
min_value:0.042162377969087485
time:474.9316942691803
860000
min_value:0.042162377969087485
time:480.43375277519226
870000
min_value:0.042162377969087485
time:485.9005811214447
880000
min_value:0.042162377969087485
time:491.40283370018005
890000
min_value:0.042162377969087485
time:496.87166690826416
900000
min_value:0.042162377969087485
time:502.35320353507996
910000
min_value:0.042162377969087485
time:507.8084661960602
920000
min_value:0.042162377969087485
time:513.3665156364441
930000
min_value:0.042162377969087485
time:518.9900100231171
940000
min_value:0.04205505538398506
time:524.5306379795074
950000
min_value:0.04205505538398506
time:530.0153059959412
960000
min_value:0.04183638083795638
time:535.4908740520477
970000
min_value:0.04183638083795638
time:540.9958930015564
980000
min_value:0.04183638083795638
time:546.4971199035645
990000
min_value:0.03995769147590081
time:552.0246953964233
1000000
min_value:0.03995769147590081
time:557.586049079895
1000000
fvalues:0.03995769147590081
time_values:557.586049079895
