./results/regularized test/dim:1000_ord:1_coef:1_fused:False/RGF/lr:0.001_reduced_dim:100_sample_size:1_mu:1e-08_step_schedule:constant
10000
min_value:1219.4366859578647
time:9.842178344726562
20000
min_value:1214.1981782169237
time:16.01270294189453
30000
min_value:1214.1981782169237
time:22.226749420166016
40000
min_value:1214.1981782169237
time:28.3818302154541
50000
min_value:1212.0863578557955
time:34.523521423339844
60000
min_value:1212.0863578557955
time:40.70513153076172
70000
min_value:1207.0395785987266
time:46.864219665527344
80000
min_value:1207.0395785987266
time:53.02944564819336
90000
min_value:1207.0395785987266
time:59.225425720214844
100000
min_value:1203.0096050526013
time:65.4483413696289
110000
min_value:1203.0096050526013
time:71.6998062133789
120000
min_value:1203.0096050526013
time:77.88009643554688
130000
min_value:1203.0096050526013
time:84.0819320678711
140000
min_value:1203.0096050526013
time:90.28046417236328
150000
min_value:1203.0096050526013
time:96.48162841796875
160000
min_value:1203.0096050526013
time:102.7931137084961
170000
min_value:1203.0096050526013
time:108.9189682006836
180000
min_value:1203.0096050526013
time:115.11003875732422
190000
min_value:1203.0096050526013
time:121.33853912353516
200000
min_value:1203.0096050526013
time:127.48063659667969
210000
min_value:1201.8564835579168
time:133.8115234375
220000
min_value:1201.8564835579168
time:140.0999755859375
230000
min_value:1201.8564835579168
time:146.3406219482422
240000
min_value:1201.8564835579168
time:152.5440216064453
250000
min_value:1201.8564835579168
time:158.8452911376953
260000
min_value:1201.8564835579168
time:165.18348693847656
270000
min_value:1201.8564835579168
time:171.44337463378906
280000
min_value:1191.8192149966749
time:177.78665161132812
290000
min_value:1191.8192149966749
time:184.0171356201172
300000
min_value:1191.8192149966749
time:190.2248077392578
310000
min_value:1191.8192149966749
time:196.46884155273438
320000
min_value:1191.8192149966749
time:202.7178497314453
330000
min_value:1191.8192149966749
time:209.00465393066406
340000
min_value:1191.8192149966749
time:215.3402862548828
350000
min_value:1191.8192149966749
time:221.57691955566406
360000
min_value:1191.8192149966749
time:227.866455078125
370000
min_value:1191.8192149966749
time:234.1092987060547
380000
min_value:1191.8192149966749
time:240.31980895996094
390000
min_value:1191.8192149966749
time:246.66357421875
400000
min_value:1191.8192149966749
time:252.88235473632812
410000
min_value:1191.8192149966749
time:259.15020751953125
420000
min_value:1191.8192149966749
time:265.4447937011719
430000
min_value:1191.8192149966749
time:271.70257568359375
440000
min_value:1191.8192149966749
time:277.92138671875
450000
min_value:1191.1700317949044
time:284.1903381347656
460000
min_value:1191.1700317949044
time:290.43829345703125
470000
min_value:1191.1700317949044
time:296.6632080078125
480000
min_value:1191.1700317949044
time:302.9072570800781
490000
min_value:1191.1700317949044
time:309.22344970703125
500000
min_value:1191.1700317949044
time:315.5044860839844
500000
fvalues:1191.1700317949044
time_values:315.5044860839844
10000
min_value:1212.505012064563
time:6.203263282775879
20000
min_value:1212.505012064563
time:12.406000137329102
30000
min_value:1209.4969746377426
time:18.564437866210938
40000
min_value:1195.6461184336154
time:24.74136734008789
50000
min_value:1195.6461184336154
time:30.946449279785156
60000
min_value:1195.6461184336154
time:37.13615798950195
70000
min_value:1195.6461184336154
time:43.375213623046875
80000
min_value:1195.6461184336154
time:49.5623893737793
90000
min_value:1195.6461184336154
time:55.76106262207031
100000
min_value:1195.6461184336154
time:62.01030349731445
110000
min_value:1195.6461184336154
time:68.17561340332031
120000
min_value:1195.6461184336154
time:74.4312515258789
130000
min_value:1195.6461184336154
time:80.62422180175781
140000
min_value:1195.6461184336154
time:86.83924102783203
150000
min_value:1195.6461184336154
time:92.9371337890625
160000
min_value:1195.6461184336154
time:99.1704330444336
170000
min_value:1195.6461184336154
time:105.37225341796875
180000
min_value:1195.6461184336154
time:111.504638671875
190000
min_value:1195.6461184336154
time:117.64035034179688
200000
min_value:1195.6461184336154
time:123.85596466064453
210000
min_value:1195.6461184336154
time:130.08685302734375
220000
min_value:1195.6461184336154
time:136.37380981445312
230000
min_value:1195.6461184336154
time:142.5167236328125
240000
min_value:1195.6461184336154
time:148.6697998046875
250000
min_value:1195.6461184336154
time:154.86212158203125
260000
min_value:1195.6461184336154
time:161.06439208984375
270000
min_value:1195.6461184336154
time:167.2643585205078
280000
min_value:1195.6461184336154
time:173.4667205810547
290000
min_value:1195.6461184336154
time:179.6519012451172
300000
min_value:1195.6461184336154
time:185.8010711669922
310000
min_value:1195.6461184336154
time:191.9326934814453
320000
min_value:1195.6461184336154
time:198.14794921875
330000
min_value:1195.6461184336154
time:204.32794189453125
340000
min_value:1195.6461184336154
time:210.51417541503906
350000
min_value:1195.6461184336154
time:216.67251586914062
360000
min_value:1195.6461184336154
time:222.8015594482422
370000
min_value:1195.6461184336154
time:229.0290069580078
380000
min_value:1195.6461184336154
time:235.23460388183594
390000
min_value:1195.6461184336154
time:241.38514709472656
400000
min_value:1195.6461184336154
time:247.60462951660156
410000
min_value:1195.6461184336154
time:253.85809326171875
420000
min_value:1195.6461184336154
time:260.00872802734375
430000
min_value:1195.6461184336154
time:266.0813903808594
440000
min_value:1195.6461184336154
time:272.1141052246094
450000
min_value:1195.6461184336154
time:278.1369934082031
460000
min_value:1195.1080122188212
time:284.23699951171875
470000
min_value:1195.1080122188212
time:290.3101501464844
480000
min_value:1195.1080122188212
time:296.4156188964844
490000
min_value:1195.1080122188212
time:302.5950012207031
500000
min_value:1195.1080122188212
time:308.8360290527344
500000
fvalues:1195.1080122188212
time_values:308.8360290527344
10000
min_value:1206.067028857289
time:6.2570600509643555
20000
min_value:1206.067028857289
time:12.470640182495117
30000
min_value:1206.067028857289
time:18.5726261138916
40000
min_value:1206.067028857289
time:24.748653411865234
50000
min_value:1206.067028857289
time:30.962919235229492
60000
min_value:1206.067028857289
time:37.16889953613281
70000
min_value:1206.067028857289
time:43.34731674194336
80000
min_value:1206.067028857289
time:49.54499816894531
90000
min_value:1206.067028857289
time:55.70991134643555
100000
min_value:1206.067028857289
time:61.92290115356445
110000
min_value:1206.067028857289
time:68.17766571044922
120000
min_value:1206.067028857289
time:74.37128448486328
130000
min_value:1206.067028857289
time:80.55486297607422
140000
min_value:1206.067028857289
time:86.77352905273438
150000
min_value:1190.2575827735127
time:92.9527359008789
160000
min_value:1190.2575827735127
time:99.30068969726562
170000
min_value:1190.2575827735127
time:105.53944396972656
180000
min_value:1190.2575827735127
time:111.83251953125
190000
min_value:1190.2575827735127
time:118.04104614257812
200000
min_value:1190.2575827735127
time:124.20174407958984
210000
min_value:1190.2575827735127
time:130.41867065429688
220000
min_value:1190.2575827735127
time:136.65188598632812
230000
min_value:1190.2575827735127
time:142.8513946533203
240000
min_value:1178.8992302806453
time:149.05410766601562
250000
min_value:1178.8992302806453
time:155.27911376953125
260000
min_value:1178.8992302806453
time:161.57485961914062
270000
min_value:1178.8992302806453
time:167.81719970703125
280000
min_value:1178.8992302806453
time:174.0314483642578
290000
min_value:1178.8992302806453
time:180.23110961914062
300000
min_value:1178.8992302806453
time:186.45223999023438
310000
min_value:1178.8992302806453
time:192.74642944335938
320000
min_value:1178.8992302806453
time:199.0428924560547
330000
min_value:1178.8992302806453
time:205.18310546875
340000
min_value:1178.8992302806453
time:211.40953063964844
350000
min_value:1178.8992302806453
time:217.52056884765625
360000
min_value:1178.8992302806453
time:223.71275329589844
370000
min_value:1178.8992302806453
time:229.9086151123047
380000
min_value:1178.8992302806453
time:236.1409454345703
390000
min_value:1178.8992302806453
time:242.39627075195312
400000
min_value:1178.8992302806453
time:248.59974670410156
410000
min_value:1178.8992302806453
time:254.7888946533203
420000
min_value:1178.8992302806453
time:260.9792175292969
430000
min_value:1178.8992302806453
time:267.2280578613281
440000
min_value:1178.8992302806453
time:273.4171142578125
450000
min_value:1178.8992302806453
time:279.6709899902344
460000
min_value:1178.8992302806453
time:285.83160400390625
470000
min_value:1178.8992302806453
time:292.074951171875
480000
min_value:1178.8992302806453
time:298.267333984375
490000
min_value:1178.8992302806453
time:304.5294494628906
500000
min_value:1178.8992302806453
time:310.8216552734375
500000
fvalues:1178.8992302806453
time_values:310.8216552734375
10000
min_value:1240.1088277471295
time:6.17405366897583
20000
min_value:1219.7116149361793
time:12.329511642456055
30000
min_value:1190.6058386313216
time:18.491689682006836
40000
min_value:1190.6058386313216
time:24.596553802490234
50000
min_value:1190.6058386313216
time:30.789642333984375
60000
min_value:1190.6058386313216
time:37.017120361328125
70000
min_value:1190.6058386313216
time:43.365501403808594
80000
min_value:1190.6058386313216
time:49.57066345214844
90000
min_value:1190.6058386313216
time:55.791831970214844
100000
min_value:1190.6058386313216
time:62.13357925415039
110000
min_value:1190.6058386313216
time:68.37039184570312
120000
min_value:1190.6058386313216
time:74.57440948486328
130000
min_value:1190.6058386313216
time:80.82184600830078
140000
min_value:1190.6058386313216
time:87.0376968383789
150000
min_value:1190.6058386313216
time:93.25352478027344
160000
min_value:1190.6058386313216
time:99.46040344238281
170000
min_value:1190.6058386313216
time:105.652587890625
180000
min_value:1190.6058386313216
time:111.95740509033203
190000
min_value:1190.6058386313216
time:118.20938110351562
200000
min_value:1190.6058386313216
time:124.37642669677734
210000
min_value:1190.6058386313216
time:130.62673950195312
220000
min_value:1190.6058386313216
time:136.8605499267578
230000
min_value:1190.6058386313216
time:143.04444885253906
240000
min_value:1190.6058386313216
time:149.24952697753906
250000
min_value:1190.6058386313216
time:155.35040283203125
260000
min_value:1190.6058386313216
time:161.361083984375
270000
min_value:1190.6058386313216
time:167.48483276367188
280000
min_value:1190.6058386313216
time:173.56617736816406
290000
min_value:1190.6058386313216
time:179.74925231933594
300000
min_value:1190.6058386313216
time:185.90301513671875
310000
min_value:1190.6058386313216
time:192.0523681640625
320000
min_value:1190.6058386313216
time:198.25613403320312
330000
min_value:1190.6058386313216
time:204.39439392089844
340000
min_value:1190.6058386313216
time:210.51345825195312
350000
min_value:1190.6058386313216
time:216.67147827148438
360000
min_value:1190.6058386313216
time:222.90821838378906
370000
min_value:1190.6058386313216
time:229.10049438476562
380000
min_value:1190.6058386313216
time:235.25302124023438
390000
min_value:1190.6058386313216
time:241.4357147216797
400000
min_value:1190.6058386313216
time:247.66526794433594
410000
min_value:1190.6058386313216
time:253.847412109375
420000
min_value:1190.6058386313216
time:260.0375061035156
430000
min_value:1190.6058386313216
time:266.17498779296875
440000
min_value:1190.6058386313216
time:272.3008728027344
450000
min_value:1190.6058386313216
time:278.5076904296875
460000
min_value:1190.6058386313216
time:284.6801452636719
470000
min_value:1190.6058386313216
time:290.8469543457031
480000
min_value:1190.6058386313216
time:297.01910400390625
490000
min_value:1190.6058386313216
time:303.1630859375
500000
min_value:1190.6058386313216
time:309.3199768066406
500000
fvalues:1190.6058386313216
time_values:309.3199768066406
10000
min_value:1219.87840375407
time:6.20449161529541
20000
min_value:1206.0089062956772
time:12.409871101379395
30000
min_value:1206.0089062956772
time:18.669771194458008
40000
min_value:1206.0089062956772
time:24.872451782226562
50000
min_value:1206.0089062956772
time:31.047100067138672
60000
min_value:1206.0089062956772
time:37.25016403198242
70000
min_value:1206.0089062956772
time:43.52628707885742
80000
min_value:1206.0089062956772
time:49.779090881347656
90000
min_value:1206.0089062956772
time:55.992286682128906
100000
min_value:1203.2656392064941
time:62.24077224731445
110000
min_value:1203.2656392064941
time:68.4169921875
120000
min_value:1203.2656392064941
time:74.60983276367188
130000
min_value:1203.2656392064941
time:80.82261657714844
140000
min_value:1203.2656392064941
time:87.04043579101562
150000
min_value:1203.2656392064941
time:93.11349487304688
160000
min_value:1185.3606138438508
time:99.23284149169922
170000
min_value:1185.3606138438508
time:105.37842559814453
180000
min_value:1185.3606138438508
time:111.5611572265625
190000
min_value:1185.3606138438508
time:117.7438735961914
200000
min_value:1185.3606138438508
time:123.90724182128906
210000
min_value:1185.3606138438508
time:129.96115112304688
220000
min_value:1185.3606138438508
time:136.04421997070312
230000
min_value:1185.3606138438508
time:142.13958740234375
240000
min_value:1185.3606138438508
time:148.28355407714844
250000
min_value:1185.3606138438508
time:154.35353088378906
260000
min_value:1185.3606138438508
time:160.41941833496094
270000
min_value:1185.3606138438508
time:166.46963500976562
280000
min_value:1185.3606138438508
time:172.55322265625
290000
min_value:1185.3606138438508
time:178.66896057128906
300000
min_value:1185.3606138438508
time:184.89083862304688
310000
min_value:1185.3606138438508
time:191.03611755371094
320000
min_value:1185.3606138438508
time:197.2132110595703
330000
min_value:1185.3606138438508
time:203.41033935546875
340000
min_value:1185.3606138438508
time:209.6859130859375
350000
min_value:1185.3606138438508
time:215.8875732421875
360000
min_value:1185.3606138438508
time:222.06182861328125
370000
min_value:1185.3606138438508
time:228.25119018554688
380000
min_value:1185.3606138438508
time:234.42825317382812
390000
min_value:1185.3606138438508
time:240.59478759765625
400000
min_value:1185.3606138438508
time:246.7842559814453
410000
min_value:1185.3606138438508
time:253.00601196289062
420000
min_value:1185.3606138438508
time:259.1922302246094
430000
min_value:1185.3606138438508
time:265.3609619140625
440000
min_value:1185.3606138438508
time:271.40350341796875
450000
min_value:1185.3606138438508
time:277.4568786621094
460000
min_value:1185.3606138438508
time:283.6041259765625
470000
min_value:1185.3606138438508
time:289.6800231933594
480000
min_value:1185.3606138438508
time:295.73297119140625
490000
min_value:1185.3606138438508
time:301.7787780761719
500000
min_value:1185.3606138438508
time:307.941650390625
500000
fvalues:1185.3606138438508
time_values:307.941650390625
10000
min_value:1243.6741384568938
time:6.271162033081055
20000
min_value:1229.3487276205503
time:12.471059799194336
30000
min_value:1229.3487276205503
time:18.688547134399414
40000
min_value:1221.6075356355595
time:24.800434112548828
50000
min_value:1221.6075356355595
time:30.975513458251953
60000
min_value:1220.7617411905758
time:37.13054656982422
70000
min_value:1220.7617411905758
time:43.31654357910156
80000
min_value:1220.7617411905758
time:49.53898620605469
90000
min_value:1220.7617411905758
time:55.73998260498047
100000
min_value:1211.5139648012102
time:61.95061492919922
110000
min_value:1211.5139648012102
time:68.16252136230469
120000
min_value:1211.5139648012102
time:74.31676483154297
130000
min_value:1211.5139648012102
time:80.44245147705078
140000
min_value:1211.5139648012102
time:86.44107055664062
150000
min_value:1211.5139648012102
time:92.54512786865234
160000
min_value:1211.5139648012102
time:98.692138671875
170000
min_value:1211.5139648012102
time:104.7147216796875
180000
min_value:1211.5139648012102
time:110.81217956542969
190000
min_value:1211.5139648012102
time:116.91976928710938
200000
min_value:1211.5139648012102
time:123.03561401367188
210000
min_value:1211.5139648012102
time:129.16900634765625
220000
min_value:1211.5139648012102
time:135.36448669433594
230000
min_value:1211.5139648012102
time:141.46632385253906
240000
min_value:1211.5139648012102
time:147.59896850585938
250000
min_value:1211.5139648012102
time:153.63760375976562
260000
min_value:1211.5139648012102
time:159.76763916015625
270000
min_value:1211.5139648012102
time:165.79791259765625
280000
min_value:1211.5139648012102
time:171.9433135986328
290000
min_value:1211.5139648012102
time:178.13720703125
300000
min_value:1211.5139648012102
time:184.35040283203125
310000
min_value:1211.5139648012102
time:190.54397583007812
320000
min_value:1211.5139648012102
time:196.71749877929688
330000
min_value:1211.5139648012102
time:202.8851318359375
340000
min_value:1199.0653485660791
time:209.0189666748047
350000
min_value:1199.0653485660791
time:215.21725463867188
360000
min_value:1199.0653485660791
time:221.3765411376953
370000
min_value:1199.0653485660791
time:227.53256225585938
380000
min_value:1199.0653485660791
time:233.76205444335938
390000
min_value:1199.0653485660791
time:239.99281311035156
400000
min_value:1199.0653485660791
time:246.15130615234375
410000
min_value:1199.0653485660791
time:252.27545166015625
420000
min_value:1199.0653485660791
time:258.4453125
430000
min_value:1199.0653485660791
time:264.63397216796875
440000
min_value:1199.0653485660791
time:270.74713134765625
450000
min_value:1199.0653485660791
time:276.96954345703125
460000
min_value:1199.0653485660791
time:283.069091796875
470000
min_value:1199.0653485660791
time:289.2962341308594
480000
min_value:1199.0653485660791
time:295.532958984375
490000
min_value:1199.0653485660791
time:301.6360778808594
500000
min_value:1198.9507073614448
time:307.7255554199219
500000
fvalues:1198.9507073614448
time_values:307.7255554199219
10000
min_value:1229.8866306629034
time:6.164450645446777
20000
min_value:1229.8866306629034
time:12.273356437683105
30000
min_value:1202.4060135580753
time:18.43160057067871
40000
min_value:1202.4060135580753
time:24.523561477661133
50000
min_value:1202.4060135580753
time:30.730270385742188
60000
min_value:1202.4060135580753
time:36.84528732299805
70000
min_value:1202.4060135580753
time:43.1295166015625
80000
min_value:1202.4060135580753
time:49.23752975463867
90000
min_value:1202.4060135580753
time:55.27919006347656
100000
min_value:1202.4060135580753
time:61.44919967651367
110000
min_value:1202.4060135580753
time:67.6585693359375
120000
min_value:1202.4060135580753
time:73.88182830810547
130000
min_value:1202.4060135580753
time:80.14673614501953
140000
min_value:1202.4060135580753
time:86.38677215576172
150000
min_value:1202.4060135580753
time:92.57359313964844
160000
min_value:1202.4060135580753
time:98.78726196289062
170000
min_value:1202.4060135580753
time:104.94378662109375
180000
min_value:1202.4060135580753
time:111.08690643310547
190000
min_value:1202.4060135580753
time:117.25062561035156
200000
min_value:1202.4060135580753
time:123.47657775878906
210000
min_value:1202.4060135580753
time:129.6965789794922
220000
min_value:1202.4060135580753
time:135.94482421875
230000
min_value:1202.4060135580753
time:142.20399475097656
240000
min_value:1202.4060135580753
time:148.33277893066406
250000
min_value:1202.4060135580753
time:154.54490661621094
260000
min_value:1202.4060135580753
time:160.81512451171875
270000
min_value:1202.4060135580753
time:166.97706604003906
280000
min_value:1202.4060135580753
time:173.08311462402344
290000
min_value:1202.4060135580753
time:179.20660400390625
300000
min_value:1202.4060135580753
time:185.41310119628906
310000
min_value:1202.4060135580753
time:191.51385498046875
320000
min_value:1202.4060135580753
time:197.61965942382812
330000
min_value:1202.4060135580753
time:203.7049560546875
340000
min_value:1202.4060135580753
time:209.76097106933594
350000
min_value:1202.4060135580753
time:215.79324340820312
360000
min_value:1202.4060135580753
time:221.9088897705078
370000
min_value:1202.4060135580753
time:228.07679748535156
380000
min_value:1202.4060135580753
time:234.22242736816406
390000
min_value:1202.4060135580753
time:240.4439239501953
400000
min_value:1202.4060135580753
time:246.7729949951172
410000
min_value:1202.4060135580753
time:252.9284210205078
420000
min_value:1202.4060135580753
time:259.08599853515625
430000
min_value:1202.4060135580753
time:265.4049377441406
440000
min_value:1202.4060135580753
time:271.6795959472656
450000
min_value:1202.4060135580753
time:277.893798828125
460000
min_value:1202.4060135580753
time:284.2067565917969
470000
min_value:1202.4060135580753
time:290.52691650390625
480000
min_value:1202.4060135580753
time:296.69842529296875
490000
min_value:1202.4060135580753
time:302.86944580078125
500000
min_value:1202.4060135580753
time:309.0611572265625
500000
fvalues:1202.4060135580753
time_values:309.0611572265625
10000
min_value:1245.6088363583344
time:6.140818119049072
20000
min_value:1235.4754945995164
time:12.280723571777344
30000
min_value:1217.7629502458112
time:18.421571731567383
40000
min_value:1217.7629502458112
time:24.523347854614258
50000
min_value:1216.8459214020882
time:30.737407684326172
60000
min_value:1216.8459214020882
time:36.913936614990234
70000
min_value:1213.3905336314363
time:43.185279846191406
80000
min_value:1208.9000400400298
time:49.354248046875
90000
min_value:1208.9000400400298
time:55.43115234375
100000
min_value:1208.9000400400298
time:61.50634765625
110000
min_value:1208.9000400400298
time:67.66462707519531
120000
min_value:1208.9000400400298
time:73.75389862060547
130000
min_value:1208.9000400400298
time:79.85115814208984
140000
min_value:1208.9000400400298
time:85.90245819091797
150000
min_value:1208.9000400400298
time:92.00312805175781
160000
min_value:1208.9000400400298
time:98.13237762451172
170000
min_value:1208.9000400400298
time:104.28712463378906
180000
min_value:1195.5985011296693
time:110.55147552490234
190000
min_value:1195.5985011296693
time:116.80210876464844
200000
min_value:1195.5985011296693
time:123.01248168945312
210000
min_value:1195.5985011296693
time:129.20669555664062
220000
min_value:1195.5985011296693
time:135.4563751220703
230000
min_value:1195.5985011296693
time:141.6984100341797
240000
min_value:1195.5985011296693
time:147.89651489257812
250000
min_value:1195.5985011296693
time:154.11293029785156
260000
min_value:1195.5985011296693
time:160.33465576171875
270000
min_value:1195.5985011296693
time:166.54396057128906
280000
min_value:1195.5985011296693
time:172.75991821289062
290000
min_value:1195.5985011296693
time:178.94590759277344
300000
min_value:1195.5985011296693
time:185.13893127441406
310000
min_value:1195.5985011296693
time:191.3581085205078
320000
min_value:1195.5985011296693
time:197.50634765625
330000
min_value:1195.5985011296693
time:203.67608642578125
340000
min_value:1195.5985011296693
time:209.905517578125
350000
min_value:1195.5985011296693
time:216.08274841308594
360000
min_value:1195.5985011296693
time:222.228759765625
370000
min_value:1195.5985011296693
time:228.3928680419922
380000
min_value:1195.5985011296693
time:234.55825805664062
390000
min_value:1195.5985011296693
time:240.73611450195312
400000
min_value:1195.5985011296693
time:246.92050170898438
410000
min_value:1195.5985011296693
time:253.05746459960938
420000
min_value:1195.5985011296693
time:259.3344421386719
430000
min_value:1195.5985011296693
time:265.5638122558594
440000
min_value:1195.5985011296693
time:271.7643737792969
450000
min_value:1195.5985011296693
time:277.9750671386719
460000
min_value:1195.5985011296693
time:284.2255554199219
470000
min_value:1195.5985011296693
time:290.4380187988281
480000
min_value:1195.5985011296693
time:296.64495849609375
490000
min_value:1195.5985011296693
time:302.8888244628906
500000
min_value:1195.5985011296693
time:309.1628112792969
500000
fvalues:1195.5985011296693
time_values:309.1628112792969
10000
min_value:1232.570743598089
time:6.2455034255981445
20000
min_value:1230.6545174894873
time:12.501080513000488
30000
min_value:1226.9534070651894
time:18.750661849975586
40000
min_value:1226.9534070651894
time:24.91086769104004
50000
min_value:1226.9534070651894
time:31.12934112548828
60000
min_value:1226.9534070651894
time:37.44834899902344
70000
min_value:1226.9534070651894
time:43.68423843383789
80000
min_value:1217.9179483276484
time:49.93656539916992
90000
min_value:1217.9179483276484
time:56.18585205078125
100000
min_value:1217.9179483276484
time:62.35401153564453
110000
min_value:1217.9179483276484
time:68.59620666503906
120000
min_value:1217.9179483276484
time:74.78311920166016
130000
min_value:1217.9179483276484
time:81.0274887084961
140000
min_value:1217.9179483276484
time:87.28435516357422
150000
min_value:1217.9179483276484
time:93.55282592773438
160000
min_value:1211.6221846028313
time:99.78073120117188
170000
min_value:1200.2141351570003
time:106.0599136352539
180000
min_value:1200.2141351570003
time:112.33238220214844
190000
min_value:1200.2141351570003
time:118.52267456054688
200000
min_value:1200.2141351570003
time:124.76659393310547
210000
min_value:1200.2141351570003
time:131.08201599121094
220000
min_value:1200.2141351570003
time:137.28904724121094
230000
min_value:1200.2141351570003
time:143.5280303955078
240000
min_value:1200.2141351570003
time:149.81912231445312
250000
min_value:1200.2141351570003
time:156.004150390625
260000
min_value:1200.2141351570003
time:162.17738342285156
270000
min_value:1200.2141351570003
time:168.38551330566406
280000
min_value:1200.2141351570003
time:174.66900634765625
290000
min_value:1200.2141351570003
time:180.9259490966797
300000
min_value:1200.2141351570003
time:187.18421936035156
310000
min_value:1191.1161505781492
time:193.42556762695312
320000
min_value:1191.1161505781492
time:199.7362823486328
330000
min_value:1191.1161505781492
time:206.04347229003906
340000
min_value:1191.1161505781492
time:212.32737731933594
350000
min_value:1191.1161505781492
time:218.5659637451172
360000
min_value:1191.1161505781492
time:224.846923828125
370000
min_value:1191.1161505781492
time:231.08961486816406
380000
min_value:1191.1161505781492
time:237.31494140625
390000
min_value:1191.1161505781492
time:243.59617614746094
400000
min_value:1191.1161505781492
time:249.92376708984375
410000
min_value:1191.1161505781492
time:256.2155456542969
420000
min_value:1191.1161505781492
time:262.42767333984375
430000
min_value:1191.1161505781492
time:268.6671447753906
440000
min_value:1191.1161505781492
time:274.86810302734375
450000
min_value:1191.1161505781492
time:281.16461181640625
460000
min_value:1191.1161505781492
time:287.4055480957031
470000
min_value:1191.1161505781492
time:293.68292236328125
480000
min_value:1191.1161505781492
time:299.9539794921875
490000
min_value:1191.1161505781492
time:306.18450927734375
500000
min_value:1191.1161505781492
time:312.5305480957031
500000
fvalues:1191.1161505781492
time_values:312.5305480957031
10000
min_value:1244.3046059623039
time:6.208605766296387
20000
min_value:1219.0664958293455
time:12.467044830322266
30000
min_value:1214.801524108007
time:18.6595516204834
40000
min_value:1214.801524108007
time:24.89504623413086
50000
min_value:1214.801524108007
time:31.19554901123047
60000
min_value:1214.801524108007
time:37.42973327636719
70000
min_value:1214.801524108007
time:43.710506439208984
80000
min_value:1214.801524108007
time:50.04741287231445
90000
min_value:1214.801524108007
time:56.3373908996582
100000
min_value:1214.801524108007
time:62.62605667114258
110000
min_value:1214.801524108007
time:68.87726593017578
120000
min_value:1214.801524108007
time:75.15470123291016
130000
min_value:1214.801524108007
time:81.41215515136719
140000
min_value:1210.1728858725821
time:87.66228485107422
150000
min_value:1204.4157918657918
time:93.98761749267578
160000
min_value:1204.4157918657918
time:100.31197357177734
170000
min_value:1204.4157918657918
time:106.50237274169922
180000
min_value:1204.4157918657918
time:112.75259399414062
190000
min_value:1204.4157918657918
time:119.03271484375
200000
min_value:1204.4157918657918
time:125.25483703613281
210000
min_value:1204.4157918657918
time:131.53041076660156
220000
min_value:1204.4157918657918
time:137.79351806640625
230000
min_value:1204.4157918657918
time:144.12725830078125
240000
min_value:1204.4157918657918
time:150.456298828125
250000
min_value:1204.4157918657918
time:156.7298126220703
260000
min_value:1204.4157918657918
time:163.00233459472656
270000
min_value:1204.4157918657918
time:169.28944396972656
280000
min_value:1204.4157918657918
time:175.49102783203125
290000
min_value:1204.4157918657918
time:181.75076293945312
300000
min_value:1204.4157918657918
time:188.002197265625
310000
min_value:1204.4157918657918
time:194.2214813232422
320000
min_value:1204.4157918657918
time:200.438720703125
330000
min_value:1204.4157918657918
time:206.7269744873047
340000
min_value:1204.4157918657918
time:212.9823455810547
350000
min_value:1204.4157918657918
time:219.2049560546875
360000
min_value:1204.4157918657918
time:225.4259796142578
370000
min_value:1204.4157918657918
time:231.57350158691406
380000
min_value:1204.4157918657918
time:237.73117065429688
390000
min_value:1203.1807901911957
time:244.00827026367188
400000
min_value:1203.1807901911957
time:250.21533203125
410000
min_value:1203.1807901911957
time:256.4526672363281
420000
min_value:1203.1807901911957
time:262.6777038574219
430000
min_value:1203.1807901911957
time:269.00146484375
440000
min_value:1203.1807901911957
time:275.2430725097656
450000
min_value:1203.1807901911957
time:281.5375061035156
460000
min_value:1203.1807901911957
time:287.74029541015625
470000
min_value:1203.1807901911957
time:293.9829406738281
480000
min_value:1203.1807901911957
time:300.2119445800781
490000
min_value:1203.1807901911957
time:306.3653564453125
500000
min_value:1203.1807901911957
time:312.5570068359375
500000
fvalues:1203.1807901911957
time_values:312.5570068359375
./results/regularized test/dim:1000_ord:1_coef:1_fused:False/RGF/lr:0.0001_reduced_dim:100_sample_size:1_mu:1e-08_step_schedule:constant
10000
min_value:73.4782550047881
time:6.291353225708008
20000
min_value:51.687172154254306
time:12.482239723205566
30000
min_value:49.69322753874852
time:18.64995002746582
40000
min_value:49.69322753874852
time:24.859649658203125
50000
min_value:49.69322753874852
time:31.203725814819336
60000
min_value:49.69322753874852
time:37.48085403442383
70000
min_value:48.61094288909086
time:43.733001708984375
80000
min_value:48.61094288909086
time:49.98320388793945
90000
min_value:48.61094288909086
time:56.20989990234375
100000
min_value:48.61094288909086
time:62.49165344238281
110000
min_value:48.61094288909086
time:68.78135681152344
120000
min_value:48.61094288909086
time:75.1351318359375
130000
min_value:48.61094288909086
time:81.43956756591797
140000
min_value:48.61094288909086
time:87.72608947753906
150000
min_value:48.61094288909086
time:94.01642608642578
160000
min_value:48.61094288909086
time:100.31248474121094
170000
min_value:48.61094288909086
time:106.66250610351562
180000
min_value:48.61094288909086
time:112.92076873779297
190000
min_value:48.61094288909086
time:119.21858978271484
200000
min_value:48.61094288909086
time:125.52617645263672
210000
min_value:48.61094288909086
time:131.79202270507812
220000
min_value:48.61094288909086
time:138.32601928710938
230000
min_value:48.61094288909086
time:144.6047821044922
240000
min_value:48.61094288909086
time:150.91856384277344
250000
min_value:48.61094288909086
time:157.1896514892578
260000
min_value:48.61094288909086
time:163.48956298828125
270000
min_value:48.61094288909086
time:169.74851989746094
280000
min_value:48.61094288909086
time:175.989013671875
290000
min_value:48.61094288909086
time:182.22940063476562
300000
min_value:48.61094288909086
time:188.4551544189453
310000
min_value:48.61094288909086
time:194.7437286376953
320000
min_value:48.61094288909086
time:201.01890563964844
330000
min_value:48.61094288909086
time:207.21104431152344
340000
min_value:48.61094288909086
time:213.50518798828125
350000
min_value:48.61094288909086
time:219.71751403808594
360000
min_value:48.61094288909086
time:225.94093322753906
370000
min_value:48.61094288909086
time:232.21463012695312
380000
min_value:48.61094288909086
time:238.4246063232422
390000
min_value:48.61094288909086
time:244.6632843017578
400000
min_value:48.61094288909086
time:250.87591552734375
410000
min_value:48.61094288909086
time:257.08489990234375
420000
min_value:48.61094288909086
time:263.2657775878906
430000
min_value:48.61094288909086
time:269.4659118652344
440000
min_value:48.61094288909086
time:275.96337890625
450000
min_value:48.61094288909086
time:282.176025390625
460000
min_value:48.61094288909086
time:288.36962890625
470000
min_value:48.61094288909086
time:294.6437683105469
480000
min_value:48.61094288909086
time:300.85430908203125
490000
min_value:48.61094288909086
time:307.15338134765625
500000
min_value:48.61094288909086
time:313.4057922363281
500000
fvalues:48.61094288909086
time_values:313.4057922363281
10000
min_value:69.0521581839797
time:6.287639617919922
20000
min_value:50.305727349260806
time:12.484509468078613
30000
min_value:50.305727349260806
time:18.683448791503906
40000
min_value:50.305727349260806
time:24.812990188598633
50000
min_value:50.09320778984573
time:31.032129287719727
60000
min_value:50.09320778984573
time:37.239742279052734
70000
min_value:50.09320778984573
time:43.517189025878906
80000
min_value:48.867064292730845
time:49.71739959716797
90000
min_value:48.867064292730845
time:55.93314743041992
100000
min_value:48.867064292730845
time:62.22955322265625
110000
min_value:48.867064292730845
time:68.43514251708984
120000
min_value:48.867064292730845
time:74.68318939208984
130000
min_value:48.867064292730845
time:80.9450912475586
140000
min_value:48.867064292730845
time:87.22801971435547
150000
min_value:48.867064292730845
time:93.44078826904297
160000
min_value:48.867064292730845
time:99.63615417480469
170000
min_value:48.867064292730845
time:105.81462860107422
180000
min_value:48.867064292730845
time:112.02434539794922
190000
min_value:48.867064292730845
time:118.22405242919922
200000
min_value:48.867064292730845
time:124.46429443359375
210000
min_value:48.867064292730845
time:130.70260620117188
220000
min_value:48.867064292730845
time:137.15830993652344
230000
min_value:48.867064292730845
time:143.36160278320312
240000
min_value:48.867064292730845
time:149.42245483398438
250000
min_value:48.867064292730845
time:155.47071838378906
260000
min_value:48.867064292730845
time:161.5865478515625
270000
min_value:48.867064292730845
time:167.81884765625
280000
min_value:48.867064292730845
time:174.10768127441406
290000
min_value:48.867064292730845
time:180.3514862060547
300000
min_value:48.867064292730845
time:186.53396606445312
310000
min_value:48.867064292730845
time:193.11111450195312
320000
min_value:48.867064292730845
time:199.5863037109375
330000
min_value:48.867064292730845
time:206.13177490234375
340000
min_value:48.867064292730845
time:212.5883331298828
350000
min_value:48.867064292730845
time:219.0457305908203
360000
min_value:48.867064292730845
time:225.45684814453125
370000
min_value:48.867064292730845
time:231.88552856445312
380000
min_value:48.867064292730845
time:238.1936798095703
390000
min_value:48.867064292730845
time:244.47438049316406
400000
min_value:48.867064292730845
time:250.80760192871094
410000
min_value:48.867064292730845
time:257.11932373046875
420000
min_value:48.867064292730845
time:263.6389465332031
430000
min_value:48.867064292730845
time:269.9912414550781
440000
min_value:48.867064292730845
time:276.62017822265625
450000
min_value:48.867064292730845
time:283.00506591796875
460000
min_value:48.867064292730845
time:289.4456787109375
470000
min_value:48.867064292730845
time:295.8392028808594
480000
min_value:48.867064292730845
time:302.2686462402344
490000
min_value:48.867064292730845
time:308.5631103515625
500000
min_value:48.867064292730845
time:314.7158203125
500000
fvalues:48.867064292730845
time_values:314.7158203125
10000
min_value:69.24175349047457
time:6.2015380859375
20000
min_value:50.20436569849834
time:12.312657356262207
30000
min_value:50.20436569849834
time:18.589513778686523
40000
min_value:50.15097929577987
time:24.835947036743164
50000
min_value:50.15097929577987
time:31.098100662231445
60000
min_value:50.15097929577987
time:37.36042404174805
70000
min_value:50.15097929577987
time:43.59975814819336
80000
min_value:50.15097929577987
time:49.796573638916016
90000
min_value:50.15097929577987
time:55.97946548461914
100000
min_value:50.15097929577987
time:62.25471878051758
110000
min_value:50.15097929577987
time:68.44193267822266
120000
min_value:50.15097929577987
time:74.7012710571289
130000
min_value:50.15097929577987
time:80.8858413696289
140000
min_value:50.15097929577987
time:87.081787109375
150000
min_value:50.15097929577987
time:93.2414779663086
160000
min_value:50.01213723967621
time:99.4614028930664
170000
min_value:49.96906383902713
time:105.70130920410156
180000
min_value:49.96906383902713
time:111.86222839355469
190000
min_value:49.96906383902713
time:118.06031799316406
200000
min_value:49.96906383902713
time:124.21864318847656
210000
min_value:49.96906383902713
time:130.392822265625
220000
min_value:49.96906383902713
time:136.9109649658203
230000
min_value:49.96906383902713
time:143.2699737548828
240000
min_value:49.96906383902713
time:149.70896911621094
250000
min_value:49.96906383902713
time:156.2664031982422
260000
min_value:49.96906383902713
time:162.80377197265625
270000
min_value:49.96906383902713
time:169.21810913085938
280000
min_value:49.62202324015488
time:175.65203857421875
290000
min_value:49.62202324015488
time:182.1161346435547
300000
min_value:49.62202324015488
time:188.54489135742188
310000
min_value:49.62202324015488
time:195.04725646972656
320000
min_value:49.62202324015488
time:201.4421844482422
330000
min_value:49.62202324015488
time:207.8338165283203
340000
min_value:49.62202324015488
time:214.24192810058594
350000
min_value:49.62202324015488
time:220.65802001953125
360000
min_value:49.62202324015488
time:227.10955810546875
370000
min_value:49.62202324015488
time:233.62484741210938
380000
min_value:49.62202324015488
time:240.0091552734375
390000
min_value:49.62202324015488
time:246.4370574951172
400000
min_value:49.62202324015488
time:252.902099609375
410000
min_value:49.62202324015488
time:259.3206481933594
420000
min_value:49.62202324015488
time:265.7651672363281
430000
min_value:49.62202324015488
time:272.2068176269531
440000
min_value:49.62202324015488
time:278.8880615234375
450000
min_value:49.62202324015488
time:285.30615234375
460000
min_value:49.62202324015488
time:291.7112121582031
470000
min_value:49.62202324015488
time:298.1358642578125
480000
min_value:49.62202324015488
time:304.5997009277344
490000
min_value:49.62202324015488
time:311.0373229980469
500000
min_value:49.62202324015488
time:317.5271911621094
500000
fvalues:49.62202324015488
time_values:317.5271911621094
10000
min_value:65.4267761139862
time:6.482642650604248
20000
min_value:51.24440484728035
time:12.869277954101562
30000
min_value:51.24440484728035
time:19.222217559814453
40000
min_value:51.24440484728035
time:25.650676727294922
50000
min_value:51.24440484728035
time:32.11122512817383
60000
min_value:51.24440484728035
time:38.51673889160156
70000
min_value:50.83539942961727
time:44.901084899902344
80000
min_value:50.83539942961727
time:51.43436813354492
90000
min_value:50.59838237727635
time:57.93226623535156
100000
min_value:50.072118401808886
time:64.38463592529297
110000
min_value:50.072118401808886
time:70.82825469970703
120000
min_value:50.072118401808886
time:77.28343200683594
130000
min_value:50.072118401808886
time:83.69129943847656
140000
min_value:50.072118401808886
time:90.09222412109375
150000
min_value:50.072118401808886
time:96.35293579101562
160000
min_value:50.072118401808886
time:102.73301696777344
170000
min_value:50.072118401808886
time:109.11180877685547
180000
min_value:49.97075435634639
time:115.51309204101562
190000
min_value:49.97075435634639
time:121.87007141113281
200000
min_value:49.97075435634639
time:128.188720703125
210000
min_value:49.97075435634639
time:134.58230590820312
220000
min_value:49.97075435634639
time:141.21051025390625
230000
min_value:49.97075435634639
time:147.54991149902344
240000
min_value:49.97075435634639
time:153.92552185058594
250000
min_value:49.903631174012276
time:160.3753662109375
260000
min_value:49.903631174012276
time:166.83131408691406
270000
min_value:49.903631174012276
time:173.32003784179688
280000
min_value:48.70137627910392
time:179.80296325683594
290000
min_value:48.70137627910392
time:186.23231506347656
300000
min_value:48.70137627910392
time:192.73768615722656
310000
min_value:48.70137627910392
time:199.1647186279297
320000
min_value:48.70137627910392
time:205.579833984375
330000
min_value:48.70137627910392
time:212.01795959472656
340000
min_value:48.70137627910392
time:218.41441345214844
350000
min_value:48.70137627910392
time:224.89959716796875
360000
min_value:48.70137627910392
time:231.4058380126953
370000
min_value:48.70137627910392
time:237.8877410888672
380000
min_value:48.70137627910392
time:244.33468627929688
390000
min_value:48.70137627910392
time:250.77403259277344
400000
min_value:48.70137627910392
time:257.2142333984375
410000
min_value:48.70137627910392
time:263.62835693359375
420000
min_value:48.70137627910392
time:270.05914306640625
430000
min_value:48.70137627910392
time:276.5045166015625
440000
min_value:48.70137627910392
time:283.21771240234375
450000
min_value:48.70137627910392
time:289.62689208984375
460000
min_value:48.70137627910392
time:296.0489807128906
470000
min_value:48.70137627910392
time:302.44854736328125
480000
min_value:48.70137627910392
time:308.8773193359375
490000
min_value:48.70137627910392
time:315.3608093261719
500000
min_value:48.70137627910392
time:321.7910461425781
500000
fvalues:48.70137627910392
time_values:321.7910461425781
10000
min_value:72.77547666370741
time:6.562891006469727
20000
min_value:51.72386363828744
time:12.93526840209961
30000
min_value:51.084707653282514
time:19.3541259765625
40000
min_value:51.084707653282514
time:25.841110229492188
50000
min_value:50.78810762383983
time:32.31640625
60000
min_value:50.51249000783173
time:38.791595458984375
70000
min_value:50.150045039357245
time:45.291290283203125
80000
min_value:50.150045039357245
time:51.72123336791992
90000
min_value:50.150045039357245
time:58.16825866699219
100000
min_value:50.150045039357245
time:64.71842193603516
110000
min_value:50.150045039357245
time:71.2162857055664
120000
min_value:50.150045039357245
time:77.73780059814453
130000
min_value:49.82649444614445
time:84.24652862548828
140000
min_value:49.82649444614445
time:90.67752075195312
150000
min_value:49.82649444614445
time:97.15089416503906
160000
min_value:49.82649444614445
time:103.70016479492188
170000
min_value:49.82649444614445
time:110.2214584350586
180000
min_value:49.82649444614445
time:116.64225006103516
190000
min_value:49.82649444614445
time:123.0550537109375
200000
min_value:49.57805606757227
time:129.4633026123047
210000
min_value:49.57805606757227
time:135.9084930419922
220000
min_value:49.57805606757227
time:142.62216186523438
230000
min_value:49.57805606757227
time:149.06472778320312
240000
min_value:49.57805606757227
time:155.47879028320312
250000
min_value:49.57805606757227
time:161.97740173339844
260000
min_value:49.57805606757227
time:168.430419921875
270000
min_value:49.57805606757227
time:174.9086151123047
280000
min_value:49.57805606757227
time:181.3786163330078
290000
min_value:49.57805606757227
time:187.83230590820312
300000
min_value:49.57805606757227
time:194.26539611816406
310000
min_value:49.57805606757227
time:200.74671936035156
320000
min_value:49.57805606757227
time:207.2014617919922
330000
min_value:49.57805606757227
time:213.60858154296875
340000
min_value:49.57805606757227
time:220.055419921875
350000
min_value:49.57805606757227
time:226.5150909423828
360000
min_value:49.57805606757227
time:232.97592163085938
370000
min_value:49.57805606757227
time:239.4163055419922
380000
min_value:49.57805606757227
time:245.8787078857422
390000
min_value:49.57805606757227
time:252.3174591064453
400000
min_value:49.57805606757227
time:258.7671203613281
410000
min_value:49.57805606757227
time:265.1831359863281
420000
min_value:49.57805606757227
time:271.6570129394531
430000
min_value:49.57805606757227
time:278.1256408691406
440000
min_value:49.57805606757227
time:284.8335876464844
450000
min_value:49.57805606757227
time:291.3158264160156
460000
min_value:49.57805606757227
time:297.7436828613281
470000
min_value:49.57805606757227
time:304.17706298828125
480000
min_value:49.57805606757227
time:310.6940002441406
490000
min_value:49.57805606757227
time:317.1854248046875
500000
min_value:49.57805606757227
time:323.6333923339844
500000
fvalues:49.57805606757227
time_values:323.6333923339844
10000
min_value:71.00654469207475
time:6.4709930419921875
20000
min_value:52.36902080991181
time:12.872169494628906
30000
min_value:51.64363496938602
time:19.30593490600586
40000
min_value:50.672992568596875
time:25.675785064697266
50000
min_value:50.602293299016495
time:32.09749221801758
60000
min_value:50.555298641523805
time:38.52900314331055
70000
min_value:49.9449349338243
time:44.9383544921875
80000
min_value:49.942336385695
time:51.39022445678711
90000
min_value:49.942336385695
time:57.860984802246094
100000
min_value:49.942336385695
time:64.3539810180664
110000
min_value:49.942336385695
time:70.80146789550781
120000
min_value:49.942336385695
time:77.20777130126953
130000
min_value:49.17672222047581
time:83.61137390136719
140000
min_value:49.17672222047581
time:90.06592559814453
150000
min_value:49.17672222047581
time:96.54839324951172
160000
min_value:49.17672222047581
time:102.98867797851562
170000
min_value:49.17672222047581
time:109.41082763671875
180000
min_value:49.17672222047581
time:115.88421630859375
190000
min_value:49.17672222047581
time:122.2751235961914
200000
min_value:49.17672222047581
time:128.66673278808594
210000
min_value:49.17672222047581
time:135.11973571777344
220000
min_value:49.17672222047581
time:141.92771911621094
230000
min_value:49.17672222047581
time:148.3548126220703
240000
min_value:49.17672222047581
time:154.83419799804688
250000
min_value:49.17672222047581
time:161.28106689453125
260000
min_value:49.16636536743856
time:167.6592254638672
270000
min_value:49.16636536743856
time:174.0493927001953
280000
min_value:49.16636536743856
time:180.50091552734375
290000
min_value:49.16636536743856
time:186.935546875
300000
min_value:49.16636536743856
time:193.38226318359375
310000
min_value:49.16636536743856
time:199.86819458007812
320000
min_value:49.16636536743856
time:206.2696533203125
330000
min_value:49.16636536743856
time:212.73448181152344
340000
min_value:49.16636536743856
time:219.21963500976562
350000
min_value:49.16636536743856
time:225.70965576171875
360000
min_value:49.16636536743856
time:232.19541931152344
370000
min_value:49.16636536743856
time:238.64700317382812
380000
min_value:49.16636536743856
time:245.07884216308594
390000
min_value:49.16636536743856
time:251.56561279296875
400000
min_value:49.16636536743856
time:258.07061767578125
410000
min_value:49.0848738964229
time:264.54730224609375
420000
min_value:49.0848738964229
time:270.9881286621094
430000
min_value:49.0848738964229
time:277.48583984375
440000
min_value:49.0848738964229
time:284.248046875
450000
min_value:49.0848738964229
time:290.6615295410156
460000
min_value:49.0848738964229
time:297.1091613769531
470000
min_value:49.0848738964229
time:303.521728515625
480000
min_value:49.0848738964229
time:309.97186279296875
490000
min_value:49.0848738964229
time:316.4408874511719
500000
min_value:49.0848738964229
time:322.9051818847656
500000
fvalues:49.0848738964229
time_values:322.9051818847656
10000
min_value:69.30162456606821
time:6.480283737182617
20000
min_value:51.18456058498447
time:12.95759391784668
30000
min_value:51.18456058498447
time:19.41814422607422
40000
min_value:50.85215144215968
time:25.834091186523438
50000
min_value:49.96094374634021
time:32.30742263793945
60000
min_value:49.96094374634021
time:38.771602630615234
70000
min_value:49.96094374634021
time:45.179046630859375
80000
min_value:49.96094374634021
time:51.6697883605957
90000
min_value:49.96094374634021
time:58.106201171875
100000
min_value:49.96094374634021
time:64.5196533203125
110000
min_value:49.96094374634021
time:71.01156616210938
120000
min_value:49.96094374634021
time:77.44345092773438
130000
min_value:49.96094374634021
time:83.86978149414062
140000
min_value:49.96094374634021
time:90.36665344238281
150000
min_value:49.96094374634021
time:96.87385559082031
160000
min_value:49.96094374634021
time:103.34117889404297
170000
min_value:49.96094374634021
time:109.85198974609375
180000
min_value:49.96094374634021
time:116.24667358398438
190000
min_value:49.96094374634021
time:122.71066284179688
200000
min_value:49.96094374634021
time:129.1893768310547
210000
min_value:49.96094374634021
time:135.65084838867188
220000
min_value:49.96094374634021
time:142.29879760742188
230000
min_value:49.96094374634021
time:148.74673461914062
240000
min_value:49.937987426526526
time:155.21054077148438
250000
min_value:49.64690437136143
time:161.5792999267578
260000
min_value:49.04055412329658
time:168.0927276611328
270000
min_value:49.04055412329658
time:174.46885681152344
280000
min_value:49.04055412329658
time:180.88970947265625
290000
min_value:49.04055412329658
time:187.30665588378906
300000
min_value:49.04055412329658
time:193.7847900390625
310000
min_value:49.04055412329658
time:200.3054962158203
320000
min_value:49.04055412329658
time:206.82333374023438
330000
min_value:49.04055412329658
time:213.33261108398438
340000
min_value:49.04055412329658
time:219.77651977539062
350000
min_value:49.04055412329658
time:226.2018585205078
360000
min_value:49.04055412329658
time:232.66175842285156
370000
min_value:49.04055412329658
time:239.08389282226562
380000
min_value:49.04055412329658
time:245.56895446777344
390000
min_value:49.04055412329658
time:252.0755615234375
400000
min_value:49.04055412329658
time:258.53851318359375
410000
min_value:49.04055412329658
time:264.9734191894531
420000
min_value:49.04055412329658
time:271.4568786621094
430000
min_value:49.04055412329658
time:277.94122314453125
440000
min_value:49.04055412329658
time:284.5462646484375
450000
min_value:49.04055412329658
time:290.8747253417969
460000
min_value:49.04055412329658
time:297.2211608886719
470000
min_value:49.04055412329658
time:303.58404541015625
480000
min_value:49.04055412329658
time:309.9295959472656
490000
min_value:49.04055412329658
time:316.2655029296875
500000
min_value:49.04055412329658
time:322.7037353515625
500000
fvalues:49.04055412329658
time_values:322.7037353515625
10000
min_value:66.25398956862762
time:6.514033317565918
20000
min_value:50.22128439904599
time:12.934229850769043
30000
min_value:50.22128439904599
time:19.231124877929688
40000
min_value:50.22128439904599
time:25.636123657226562
50000
min_value:50.22128439904599
time:32.095664978027344
60000
min_value:50.11192582468715
time:38.53697967529297
70000
min_value:50.11192582468715
time:44.94633102416992
80000
min_value:50.11192582468715
time:51.39769744873047
90000
min_value:49.78468254296778
time:57.887367248535156
100000
min_value:49.78468254296778
time:64.3336181640625
110000
min_value:49.78468254296778
time:70.81527709960938
120000
min_value:49.78468254296778
time:77.30720520019531
130000
min_value:49.78468254296778
time:83.7661361694336
140000
min_value:49.78468254296778
time:90.16796875
150000
min_value:49.78468254296778
time:96.56561279296875
160000
min_value:49.78468254296778
time:103.03045654296875
170000
min_value:49.78468254296778
time:109.44218444824219
180000
min_value:49.33361250898492
time:115.796630859375
190000
min_value:49.33361250898492
time:122.25597381591797
200000
min_value:49.33361250898492
time:128.75823974609375
210000
min_value:49.33361250898492
time:135.19964599609375
220000
min_value:49.33361250898492
time:141.84349060058594
230000
min_value:49.33361250898492
time:148.22190856933594
240000
min_value:49.33361250898492
time:154.72299194335938
250000
min_value:49.33361250898492
time:161.1578369140625
260000
min_value:49.33361250898492
time:167.6379852294922
270000
min_value:49.33361250898492
time:174.0061492919922
280000
min_value:49.33361250898492
time:180.45950317382812
290000
min_value:48.7849309119527
time:186.88841247558594
300000
min_value:48.7849309119527
time:193.30931091308594
310000
min_value:48.7849309119527
time:199.7770233154297
320000
min_value:48.7849309119527
time:206.20497131347656
330000
min_value:48.7849309119527
time:212.583984375
340000
min_value:48.7849309119527
time:218.9651641845703
350000
min_value:48.7849309119527
time:225.33267211914062
360000
min_value:48.7849309119527
time:231.7388153076172
370000
min_value:48.7849309119527
time:238.18150329589844
380000
min_value:48.7849309119527
time:244.67037963867188
390000
min_value:48.7849309119527
time:251.13755798339844
400000
min_value:48.7849309119527
time:257.6587219238281
410000
min_value:48.7849309119527
time:264.0904235839844
420000
min_value:48.7849309119527
time:270.5699768066406
430000
min_value:48.7849309119527
time:276.97265625
440000
min_value:48.7849309119527
time:283.64666748046875
450000
min_value:48.7849309119527
time:290.0611877441406
460000
min_value:48.7849309119527
time:296.45477294921875
470000
min_value:48.7849309119527
time:302.87518310546875
480000
min_value:48.7849309119527
time:309.3206481933594
490000
min_value:48.7849309119527
time:315.7378845214844
500000
min_value:48.7849309119527
time:322.12115478515625
500000
fvalues:48.7849309119527
time_values:322.12115478515625
10000
min_value:69.86174653813035
time:6.530101776123047
20000
min_value:51.217553964315336
time:12.972875595092773
30000
min_value:50.82510958217758
time:19.35453224182129
40000
min_value:48.897694096237096
time:25.71593475341797
50000
min_value:48.897694096237096
time:32.11833953857422
60000
min_value:48.897694096237096
time:38.513877868652344
70000
min_value:48.897694096237096
time:44.95479965209961
80000
min_value:48.897694096237096
time:51.445152282714844
90000
min_value:48.897694096237096
time:57.87422180175781
100000
min_value:48.897694096237096
time:64.34899139404297
110000
min_value:48.897694096237096
time:70.82263946533203
120000
min_value:48.897694096237096
time:77.2764892578125
130000
min_value:48.897694096237096
time:83.70611572265625
140000
min_value:48.897694096237096
time:90.16920471191406
150000
min_value:48.897694096237096
time:96.57906341552734
160000
min_value:48.897694096237096
time:103.01068115234375
170000
min_value:48.897694096237096
time:109.42809295654297
180000
min_value:48.897694096237096
time:115.9150161743164
190000
min_value:48.897694096237096
time:122.39311218261719
200000
min_value:48.897694096237096
time:128.8035430908203
210000
min_value:48.897694096237096
time:135.2634735107422
220000
min_value:48.897694096237096
time:142.0164031982422
230000
min_value:48.897694096237096
time:148.51971435546875
240000
min_value:48.897694096237096
time:154.9862060546875
250000
min_value:48.897694096237096
time:161.4840087890625
260000
min_value:48.897694096237096
time:167.97494506835938
270000
min_value:48.897694096237096
time:174.36260986328125
280000
min_value:48.897694096237096
time:180.82473754882812
290000
min_value:48.897694096237096
time:187.22116088867188
300000
min_value:48.897694096237096
time:193.615966796875
310000
min_value:48.897694096237096
time:199.9258575439453
320000
min_value:48.897694096237096
time:206.2737579345703
330000
min_value:48.897694096237096
time:212.5901641845703
340000
min_value:48.897694096237096
time:218.9612274169922
350000
min_value:48.897694096237096
time:225.3183135986328
360000
min_value:48.897694096237096
time:231.6582489013672
370000
min_value:48.897694096237096
time:238.04049682617188
380000
min_value:48.897694096237096
time:244.44869995117188
390000
min_value:48.897694096237096
time:250.77597045898438
400000
min_value:48.897694096237096
time:257.2762756347656
410000
min_value:48.897694096237096
time:263.74658203125
420000
min_value:48.897694096237096
time:270.19366455078125
430000
min_value:48.897694096237096
time:276.6944274902344
440000
min_value:48.897694096237096
time:283.3371276855469
450000
min_value:48.897694096237096
time:289.656005859375
460000
min_value:48.897694096237096
time:295.97247314453125
470000
min_value:48.897694096237096
time:302.3675231933594
480000
min_value:48.897694096237096
time:308.7188720703125
490000
min_value:48.897694096237096
time:315.2395324707031
500000
min_value:48.897694096237096
time:321.7178039550781
500000
fvalues:48.897694096237096
time_values:321.7178039550781
10000
min_value:67.70037806710495
time:6.528895854949951
20000
min_value:51.22328035298773
time:12.92994499206543
30000
min_value:50.47884831144797
time:19.38714599609375
40000
min_value:50.19030082954995
time:25.773378372192383
50000
min_value:50.19030082954995
time:32.23558807373047
60000
min_value:50.19030082954995
time:38.68467712402344
70000
min_value:50.19030082954995
time:45.177303314208984
80000
min_value:50.19030082954995
time:51.655460357666016
90000
min_value:50.06699069779865
time:58.19112777709961
100000
min_value:50.06699069779865
time:64.65972900390625
110000
min_value:50.06699069779865
time:71.12893676757812
120000
min_value:50.06699069779865
time:77.48941802978516
130000
min_value:50.06699069779865
time:83.77642822265625
140000
min_value:50.06699069779865
time:90.05764770507812
150000
min_value:50.041495897848655
time:96.34214782714844
160000
min_value:50.041495897848655
time:102.65311431884766
170000
min_value:50.041495897848655
time:108.95092010498047
180000
min_value:50.041495897848655
time:115.32652282714844
190000
min_value:50.041495897848655
time:121.75431823730469
200000
min_value:50.041495897848655
time:128.384765625
210000
min_value:48.82793529105043
time:134.96856689453125
220000
min_value:48.82793529105043
time:141.90098571777344
230000
min_value:48.82793529105043
time:148.51060485839844
240000
min_value:48.82793529105043
time:155.14474487304688
250000
min_value:48.82793529105043
time:161.84254455566406
260000
min_value:48.82793529105043
time:168.47642517089844
270000
min_value:48.82793529105043
time:175.05372619628906
280000
min_value:48.82793529105043
time:181.58628845214844
290000
min_value:48.82793529105043
time:188.12173461914062
300000
min_value:48.82793529105043
time:194.60659790039062
310000
min_value:48.82793529105043
time:201.23907470703125
320000
min_value:48.82793529105043
time:207.95086669921875
330000
min_value:48.82793529105043
time:214.5734405517578
340000
min_value:48.82793529105043
time:221.17430114746094
350000
min_value:48.82793529105043
time:227.8461456298828
360000
min_value:48.82793529105043
time:234.427978515625
370000
min_value:48.82793529105043
time:240.9202117919922
380000
min_value:48.82793529105043
time:247.4282989501953
390000
min_value:48.82793529105043
time:253.87168884277344
400000
min_value:48.82793529105043
time:260.3465270996094
410000
min_value:48.82793529105043
time:266.7500305175781
420000
min_value:48.82793529105043
time:273.0956115722656
430000
min_value:48.82793529105043
time:279.5056457519531
440000
min_value:48.82793529105043
time:286.135009765625
450000
min_value:48.82793529105043
time:292.5055847167969
460000
min_value:48.82793529105043
time:298.84466552734375
470000
min_value:48.82793529105043
time:305.2657470703125
480000
min_value:48.82793529105043
time:311.6166076660156
490000
min_value:48.82793529105043
time:318.0544738769531
500000
min_value:48.82793529105043
time:324.4554748535156
500000
fvalues:48.82793529105043
time_values:324.4554748535156
