./results/regularized test local/dim:1000000_ord:1_coef:1_fused:False/proposed/lr:1e-05_reduced_dim:10_sample_size:1_mu:1e-08_step_schedule:decreasing
10000
min_value:0.9991531875548829
time:24.21859908103943
20000
min_value:0.9990831623050204
time:44.139424324035645
30000
min_value:0.999043901832982
time:64.0270619392395
40000
min_value:0.9990152629240164
time:83.96570181846619
50000
min_value:0.9989932036731936
time:103.86901378631592
60000
min_value:0.9989750747406063
time:123.78251838684082
70000
min_value:0.9989594433691239
time:143.61489391326904
80000
min_value:0.998945866514448
time:163.5275354385376
90000
min_value:0.9989340064367916
time:183.40923357009888
100000
min_value:0.9989233296333575
time:203.36137533187866
110000
min_value:0.9989137901454102
time:223.2591164112091
120000
min_value:0.9989053708322114
time:243.17496943473816
130000
min_value:0.9988972991900577
time:263.0429677963257
140000
min_value:0.9988901573815865
time:283.0173370838165
150000
min_value:0.9988833217060901
time:302.89964509010315
160000
min_value:0.9988768018606163
time:322.8819634914398
170000
min_value:0.9988708239137559
time:342.7835204601288
180000
min_value:0.9988650518308886
time:362.8485634326935
190000
min_value:0.9988594288404323
time:382.8461227416992
200000
min_value:0.9988542780044638
time:402.9025754928589
210000
min_value:0.9988494300705382
time:422.94905042648315
220000
min_value:0.9988448477701465
time:443.01223039627075
230000
min_value:0.9988402741335043
time:463.0069763660431
240000
min_value:0.9988360759659771
time:483.02608013153076
250000
min_value:0.9988320698561876
time:502.9743616580963
260000
min_value:0.9988281172133597
time:523.0158081054688
270000
min_value:0.9988244125421504
time:542.9625492095947
280000
min_value:0.9988208023736733
time:563.0006139278412
290000
min_value:0.9988173067756864
time:583.0447800159454
300000
min_value:0.9988139811633405
time:603.0614116191864
310000
min_value:0.9988106063817636
time:623.0941290855408
320000
min_value:0.9988074905897187
time:643.1475813388824
330000
min_value:0.998804411103959
time:663.1558244228363
340000
min_value:0.9988013684913196
time:683.2191858291626
350000
min_value:0.9987983799341132
time:703.196343421936
360000
min_value:0.9987955277962639
time:723.1303560733795
370000
min_value:0.9987927549740606
time:743.0616128444672
380000
min_value:0.9987901288617232
time:763.0212497711182
390000
min_value:0.9987876050329255
time:782.9857058525085
400000
min_value:0.9987849950522983
time:802.9299473762512
410000
min_value:0.9987825198760242
time:822.9301068782806
420000
min_value:0.9987800909468203
time:842.9455387592316
430000
min_value:0.9987777348270643
time:862.9319603443146
440000
min_value:0.9987754286450139
time:882.7986114025116
450000
min_value:0.9987731556613366
time:902.7709369659424
460000
min_value:0.9987709781904861
time:922.7522120475769
470000
min_value:0.9987688074303647
time:942.7508411407471
480000
min_value:0.9987666790657485
time:962.8115608692169
490000
min_value:0.9987645934087301
time:982.8964841365814
500000
min_value:0.9987625529952321
time:1002.8700830936432
510000
min_value:0.9987605651624641
time:1022.8880205154419
520000
min_value:0.9987586496949944
time:1042.8477449417114
530000
min_value:0.9987567131853271
time:1062.8467018604279
540000
min_value:0.9987548669055506
time:1082.817476272583
550000
min_value:0.9987530566651475
time:1102.8253164291382
560000
min_value:0.9987512951072671
time:1122.8600754737854
570000
min_value:0.9987495162239581
time:1142.9395129680634
580000
min_value:0.998747793139201
time:1162.960317850113
590000
min_value:0.9987460183714092
time:1183.0318050384521
600000
min_value:0.998744375664953
time:1203.0566220283508
610000
min_value:0.9987427208170372
time:1223.128427028656
620000
min_value:0.9987411085243801
time:1243.1397914886475
630000
min_value:0.9987394387979112
time:1263.2051978111267
640000
min_value:0.9987378426430664
time:1283.1936914920807
650000
min_value:0.9987362865685881
time:1303.2566030025482
660000
min_value:0.9987347744284366
time:1323.2795994281769
670000
min_value:0.9987332997257238
time:1343.3819625377655
680000
min_value:0.9987317801675183
time:1363.3705852031708
690000
min_value:0.9987302594737145
time:1383.4756388664246
700000
min_value:0.9987288739603218
time:1403.4892468452454
710000
min_value:0.9987274223802534
time:1423.5698850154877
720000
min_value:0.9987260206978719
time:1443.5373358726501
730000
min_value:0.998724630923903
time:1463.6861724853516
740000
min_value:0.998723254618343
time:1483.827787399292
750000
min_value:0.9987219149764507
time:1503.878478527069
760000
min_value:0.9987206019760995
time:1523.863448858261
770000
min_value:0.9987193165661313
time:1543.9069640636444
780000
min_value:0.9987180370013218
time:1563.9637362957
790000
min_value:0.9987167683689232
time:1584.0317568778992
800000
min_value:0.9987154771359227
time:1604.0342531204224
810000
min_value:0.9987142273585056
time:1624.0880861282349
820000
min_value:0.998712985795046
time:1644.1505682468414
830000
min_value:0.9987117946415723
time:1664.217619419098
840000
min_value:0.9987106029322946
time:1684.2284169197083
850000
min_value:0.9987093933574199
time:1704.2698152065277
860000
min_value:0.9987082181475706
time:1724.2933671474457
870000
min_value:0.9987070727154664
time:1744.3387989997864
880000
min_value:0.9987059390726849
time:1764.3309881687164
890000
min_value:0.9987048233930514
time:1784.2969357967377
900000
min_value:0.9987037080460911
time:1804.1666843891144
910000
min_value:0.9987025987050446
time:1824.1084504127502
920000
min_value:0.9987015138805636
time:1843.9933114051819
930000
min_value:0.9987004192596284
time:1864.0739040374756
940000
min_value:0.9986993287389135
time:1884.0986959934235
950000
min_value:0.9986982613145583
time:1904.1454555988312
960000
min_value:0.9986972268646003
time:1924.1454842090607
970000
min_value:0.9986961942754483
time:1944.1861622333527
980000
min_value:0.9986951756336665
time:1964.1966757774353
990000
min_value:0.998694173608776
time:1984.2851514816284
1000000
min_value:0.9986931900569235
time:2004.2638568878174
1000000
fvalues:0.9986931900225278
time_values:2004.2638568878174
./results/regularized test local/dim:1000000_ord:1_coef:1_fused:False/proposed/lr:1e-06_reduced_dim:10_sample_size:1_mu:1e-08_step_schedule:decreasing
10000
min_value:0.9999101982392465
time:19.881117343902588
20000
min_value:0.9999032216365477
time:39.70366191864014
30000
min_value:0.9998990647374868
time:59.52481722831726
40000
min_value:0.9998961705713842
time:79.36863541603088
50000
min_value:0.999893936747218
time:99.28334951400757
60000
min_value:0.9998920923167005
time:119.16736507415771
70000
min_value:0.9998905453344765
time:139.0558569431305
80000
min_value:0.9998892052921594
time:158.93276453018188
90000
min_value:0.9998880347355358
time:178.8217854499817
100000
min_value:0.9998869910079978
time:198.7155270576477
110000
min_value:0.9998860341372936
time:218.5774953365326
120000
min_value:0.9998851345041585
time:238.441392660141
130000
min_value:0.9998843380053664
time:258.3022344112396
140000
min_value:0.9998835894369699
time:278.1458601951599
150000
min_value:0.999882894326337
time:297.9463701248169
160000
min_value:0.9998822669149626
time:317.6460511684418
170000
min_value:0.9998816701234983
time:337.4072971343994
180000
min_value:0.9998811011956156
time:357.18729543685913
190000
min_value:0.9998805692428051
time:377.01166009902954
200000
min_value:0.9998800591785264
time:396.6928458213806
210000
min_value:0.9998795831466022
time:416.4450738430023
220000
min_value:0.9998791109406326
time:436.19921469688416
230000
min_value:0.9998786578530656
time:455.9653775691986
240000
min_value:0.9998782225347098
time:475.67435932159424
250000
min_value:0.9998778022163515
time:495.3414239883423
260000
min_value:0.9998774035278486
time:515.0460767745972
270000
min_value:0.9998770305590523
time:534.743706703186
280000
min_value:0.9998766619774664
time:554.5020587444305
290000
min_value:0.9998763197771869
time:574.7952609062195
300000
min_value:0.9998759833859614
time:594.485937833786
310000
min_value:0.9998756643373211
time:614.1676998138428
320000
min_value:0.9998753467868907
time:633.8958339691162
330000
min_value:0.999875039584018
time:653.591742515564
340000
min_value:0.9998747444624818
time:673.2571969032288
350000
min_value:0.9998744596612804
time:692.9658880233765
360000
min_value:0.999874178723004
time:712.676572561264
370000
min_value:0.9998739099539206
time:732.3142559528351
380000
min_value:0.9998736431465011
time:752.0217478275299
390000
min_value:0.9998733860843764
time:771.7507472038269
400000
min_value:0.9998731342342507
time:791.4548783302307
410000
min_value:0.9998728792569029
time:811.1319787502289
420000
min_value:0.9998726358025704
time:830.8558647632599
430000
min_value:0.9998724042670856
time:850.5950901508331
440000
min_value:0.9998721739488257
time:870.281834602356
450000
min_value:0.9998719543558364
time:889.9653651714325
460000
min_value:0.9998717323307993
time:909.6535575389862
470000
min_value:0.9998715134528945
time:929.353545665741
480000
min_value:0.999871303809074
time:949.0319929122925
490000
min_value:0.9998710996335874
time:968.6845059394836
500000
min_value:0.999870904259153
time:988.337329864502
510000
min_value:0.999870707794957
time:1008.0761594772339
520000
min_value:0.9998705143484957
time:1027.7658257484436
530000
min_value:0.9998703215928778
time:1047.4539926052094
540000
min_value:0.9998701338934901
time:1067.181823015213
550000
min_value:0.99986994900108
time:1086.9221346378326
560000
min_value:0.999869767786373
time:1106.6654200553894
570000
min_value:0.9998695926501081
time:1126.3783602714539
580000
min_value:0.9998694183363225
time:1146.6825449466705
590000
min_value:0.9998692460502072
time:1166.3470759391785
600000
min_value:0.9998690806085606
time:1186.047955751419
610000
min_value:0.999868914101678
time:1205.7348787784576
620000
min_value:0.9998687512190068
time:1225.3973042964935
630000
min_value:0.9998685937006683
time:1245.0513195991516
640000
min_value:0.9998684380558991
time:1264.7273774147034
650000
min_value:0.9998682850130338
time:1284.4198169708252
660000
min_value:0.999868129324161
time:1304.0551462173462
670000
min_value:0.9998679807025599
time:1323.7646226882935
680000
min_value:0.999867838046801
time:1343.4704716205597
690000
min_value:0.9998676952659975
time:1363.1433374881744
700000
min_value:0.9998675490611811
time:1382.8126442432404
710000
min_value:0.9998674083979302
time:1402.5409693717957
720000
min_value:0.999867268744952
time:1422.272138595581
730000
min_value:0.9998671258600845
time:1442.0098526477814
740000
min_value:0.999866986466869
time:1461.7306270599365
750000
min_value:0.9998668510054955
time:1481.403743505478
760000
min_value:0.9998667217254833
time:1501.1101541519165
770000
min_value:0.9998665879178897
time:1520.913869857788
780000
min_value:0.9998664571804724
time:1540.6074891090393
790000
min_value:0.9998663291544454
time:1560.3034901618958
800000
min_value:0.999866205059094
time:1580.0116271972656
810000
min_value:0.9998660800182776
time:1600.2735967636108
820000
min_value:0.999865960387547
time:1620.4296567440033
830000
min_value:0.999865837073909
time:1640.3473892211914
840000
min_value:0.99986571984432
time:1660.380155801773
850000
min_value:0.9998656033510447
time:1680.305991411209
860000
min_value:0.9998654888922182
time:1700.8609137535095
870000
min_value:0.999865372435021
time:1720.7633545398712
880000
min_value:0.9998652579586719
time:1740.7147226333618
890000
min_value:0.9998651440252678
time:1760.6186652183533
900000
min_value:0.999865032296744
time:1780.6474936008453
910000
min_value:0.999864921051925
time:1800.5531401634216
920000
min_value:0.9998648141900714
time:1820.4985508918762
930000
min_value:0.9998647057397759
time:1840.3680272102356
940000
min_value:0.9998645991755296
time:1860.3513927459717
950000
min_value:0.9998644923283178
time:1880.2556121349335
960000
min_value:0.9998643891339166
time:1900.1998085975647
970000
min_value:0.9998642861731029
time:1920.0824620723724
980000
min_value:0.9998641831921555
time:1940.0303061008453
990000
min_value:0.9998640820680106
time:1959.9280281066895
1000000
min_value:0.9998639811274892
time:1979.918615102768
1000000
fvalues:0.9998639811051698
time_values:1979.918615102768
./results/regularized test local/dim:1000000_ord:1_coef:1_fused:False/proposed/lr:1e-07_reduced_dim:10_sample_size:1_mu:1e-08_step_schedule:decreasing
10000
min_value:0.9999887106673864
time:19.95342230796814
20000
min_value:0.9999880183009263
time:39.76277709007263
30000
min_value:0.9999876232372283
time:59.651100635528564
40000
min_value:0.9999873340829554
time:79.5022234916687
50000
min_value:0.9999871115356241
time:99.41661953926086
60000
min_value:0.9999869270529237
time:119.33915567398071
70000
min_value:0.9999867733362743
time:139.217524766922
80000
min_value:0.9999866409282808
time:159.16398692131042
90000
min_value:0.9999865197194024
time:179.0784695148468
100000
min_value:0.9999864164739493
time:199.05260920524597
110000
min_value:0.9999863212001147
time:218.94102931022644
120000
min_value:0.9999862347358385
time:238.9354751110077
130000
min_value:0.9999861549586513
time:258.83557200431824
140000
min_value:0.9999860827258269
time:278.7968018054962
150000
min_value:0.9999860128018293
time:298.79725193977356
160000
min_value:0.9999859491442232
time:318.7286765575409
170000
min_value:0.9999858891794342
time:338.6062195301056
180000
min_value:0.9999858313071652
time:358.57859230041504
190000
min_value:0.9999857788980482
time:378.5101842880249
200000
min_value:0.9999857284691143
time:398.4626944065094
210000
min_value:0.999985679377287
time:418.3444459438324
220000
min_value:0.9999856331736471
time:438.3367552757263
230000
min_value:0.9999855884558336
time:458.2244906425476
240000
min_value:0.9999855457622899
time:478.1883363723755
250000
min_value:0.9999855060476629
time:498.11003828048706
260000
min_value:0.9999854671494848
time:518.0328388214111
270000
min_value:0.9999854293028851
time:537.9621374607086
280000
min_value:0.9999853927411428
time:557.9375522136688
290000
min_value:0.9999853578563631
time:578.3728272914886
300000
min_value:0.9999853240891174
time:598.3190860748291
310000
min_value:0.9999852912473834
time:618.2419130802155
320000
min_value:0.9999852595092522
time:638.240880727768
330000
min_value:0.9999852282047947
time:658.205060005188
340000
min_value:0.9999851978341158
time:678.1366257667542
350000
min_value:0.9999851688811275
time:697.9472165107727
360000
min_value:0.9999851401968279
time:717.8187210559845
370000
min_value:0.9999851121764259
time:737.8034672737122
380000
min_value:0.9999850860074871
time:757.7351720333099
390000
min_value:0.9999850591891938
time:777.6557223796844
400000
min_value:0.9999850337868936
time:797.5563220977783
410000
min_value:0.9999850091680634
time:817.4397971630096
420000
min_value:0.9999849855966746
time:837.2240142822266
430000
min_value:0.9999849620900928
time:857.1843810081482
440000
min_value:0.9999849387949044
time:876.996808052063
450000
min_value:0.9999849161853583
time:896.9189047813416
460000
min_value:0.9999848948286614
time:916.7469520568848
470000
min_value:0.9999848731798393
time:936.6570899486542
480000
min_value:0.9999848517016968
time:956.5462927818298
490000
min_value:0.9999848305905275
time:976.4871070384979
500000
min_value:0.9999848102530267
time:996.3303208351135
510000
min_value:0.9999847905114067
time:1016.2591621875763
520000
min_value:0.9999847713855874
time:1036.1539735794067
530000
min_value:0.9999847524428501
time:1056.0547409057617
540000
min_value:0.9999847335901287
time:1075.960837841034
550000
min_value:0.9999847152927663
time:1095.8899476528168
560000
min_value:0.9999846973172795
time:1115.832837820053
570000
min_value:0.9999846795147704
time:1135.8003814220428
580000
min_value:0.9999846622428724
time:1156.3249535560608
590000
min_value:0.9999846448988972
time:1176.273691892624
600000
min_value:0.9999846280180769
time:1196.2037057876587
610000
min_value:0.9999846113415541
time:1216.103298664093
620000
min_value:0.9999845951133365
time:1236.0605640411377
630000
min_value:0.999984578894959
time:1255.9261677265167
640000
min_value:0.9999845628407807
time:1275.8526263237
650000
min_value:0.9999845477075274
time:1295.7835590839386
660000
min_value:0.999984532706158
time:1315.7854483127594
670000
min_value:0.9999845172107893
time:1335.7001411914825
680000
min_value:0.9999845026048322
time:1355.690922498703
690000
min_value:0.9999844878378474
time:1375.6329259872437
700000
min_value:0.9999844733938424
time:1395.6314673423767
710000
min_value:0.9999844592184073
time:1415.5448997020721
720000
min_value:0.9999844455835036
time:1435.5229954719543
730000
min_value:0.9999844318895803
time:1455.4307191371918
740000
min_value:0.9999844184961264
time:1475.4162230491638
750000
min_value:0.9999844052591905
time:1495.317934513092
760000
min_value:0.9999843921800318
time:1515.2636983394623
770000
min_value:0.9999843791189122
time:1535.1367881298065
780000
min_value:0.9999843661241875
time:1555.0550751686096
790000
min_value:0.9999843531001644
time:1574.895323753357
800000
min_value:0.9999843404865464
time:1594.761076927185
810000
min_value:0.9999843278677947
time:1614.6220755577087
820000
min_value:0.9999843157885169
time:1634.5597348213196
830000
min_value:0.9999843034843363
time:1654.4350595474243
840000
min_value:0.9999842915192724
time:1674.4230024814606
850000
min_value:0.9999842797442232
time:1694.319375038147
860000
min_value:0.9999842682023669
time:1714.864872932434
870000
min_value:0.9999842564076705
time:1734.781013250351
880000
min_value:0.9999842448614843
time:1754.6949212551117
890000
min_value:0.9999842334713651
time:1774.6359732151031
900000
min_value:0.9999842223072977
time:1794.5518391132355
910000
min_value:0.9999842110918019
time:1814.5092904567719
920000
min_value:0.9999842003255652
time:1834.381967306137
930000
min_value:0.9999841894427157
time:1854.316232919693
940000
min_value:0.9999841790155835
time:1874.2085058689117
950000
min_value:0.9999841684689675
time:1894.1160833835602
960000
min_value:0.999984157841189
time:1914.0223634243011
970000
min_value:0.9999841479623974
time:1933.8735163211823
980000
min_value:0.9999841376701322
time:1953.6590340137482
990000
min_value:0.9999841275106411
time:1973.6347332000732
1000000
min_value:0.9999841170686325
time:1993.5069184303284
1000000
fvalues:0.9999841170675402
time_values:1993.5069184303284
./results/regularized test local/dim:1000000_ord:1_coef:1_fused:False/proposed/lr:1e-08_reduced_dim:10_sample_size:1_mu:1e-08_step_schedule:decreasing
10000
min_value:0.9999996196626983
time:19.870965242385864
20000
min_value:0.9999995517510512
time:39.82746243476868
30000
min_value:0.9999995098176254
time:59.63300371170044
40000
min_value:0.9999994814501756
time:79.58558559417725
50000
min_value:0.9999994587899553
time:99.34952068328857
60000
min_value:0.999999440669606
time:119.15507340431213
70000
min_value:0.9999994257507646
time:138.89401960372925
80000
min_value:0.9999994127268401
time:158.75494027137756
90000
min_value:0.9999994010238413
time:178.61525297164917
100000
min_value:0.9999993906640485
time:198.48118138313293
110000
min_value:0.9999993809138576
time:218.3675889968872
120000
min_value:0.9999993721399497
time:238.2889702320099
130000
min_value:0.9999993642566288
time:258.14211559295654
140000
min_value:0.9999993569007903
time:278.0799341201782
150000
min_value:0.9999993501994767
time:297.96027398109436
160000
min_value:0.9999993437587914
time:317.9172580242157
170000
min_value:0.999999337766468
time:337.80046463012695
180000
min_value:0.9999993320715181
time:357.7949249744415
190000
min_value:0.9999993267191257
time:377.6952428817749
200000
min_value:0.9999993214819984
time:397.71135354042053
210000
min_value:0.9999993166599848
time:417.65085768699646
220000
min_value:0.9999993120668903
time:437.5647978782654
230000
min_value:0.9999993076745518
time:457.4816720485687
240000
min_value:0.999999303526688
time:477.34809160232544
250000
min_value:0.9999992994870286
time:497.22443771362305
260000
min_value:0.9999992955709142
time:517.1032516956329
270000
min_value:0.9999992917610246
time:537.0306901931763
280000
min_value:0.9999992880920312
time:556.9187588691711
290000
min_value:0.9999992846068066
time:577.4056873321533
300000
min_value:0.9999992812495231
time:597.2484350204468
310000
min_value:0.9999992779487066
time:617.1687173843384
320000
min_value:0.9999992747639862
time:637.0113852024078
330000
min_value:0.9999992717335617
time:656.8188903331757
340000
min_value:0.9999992687564742
time:676.5316798686981
350000
min_value:0.9999992657428818
time:696.3337068557739
360000
min_value:0.9999992629354035
time:716.2230181694031
370000
min_value:0.9999992602237489
time:736.1755957603455
380000
min_value:0.9999992574787397
time:756.0176186561584
390000
min_value:0.9999992548478632
time:775.9108910560608
400000
min_value:0.9999992522800351
time:795.7239270210266
410000
min_value:0.9999992497794437
time:815.602650642395
420000
min_value:0.9999992474012954
time:835.4493916034698
430000
min_value:0.999999245083679
time:855.3321678638458
440000
min_value:0.9999992428180168
time:875.1637721061707
450000
min_value:0.9999992405993567
time:895.0680067539215
460000
min_value:0.9999992383944107
time:914.9734642505646
470000
min_value:0.9999992362249568
time:934.8886249065399
480000
min_value:0.999999234106781
time:954.6764779090881
490000
min_value:0.999999232109385
time:974.5588035583496
500000
min_value:0.999999229992069
time:994.4606468677521
510000
min_value:0.9999992279984162
time:1014.3427186012268
520000
min_value:0.9999992260474887
time:1034.1516208648682
530000
min_value:0.9999992241548044
time:1054.025601387024
540000
min_value:0.9999992223180453
time:1073.8664259910583
550000
min_value:0.9999992204645188
time:1093.7758748531342
560000
min_value:0.9999992186279869
time:1113.6796669960022
570000
min_value:0.9999992168495777
time:1133.4992151260376
580000
min_value:0.9999992150780181
time:1153.9605464935303
590000
min_value:0.999999213378971
time:1173.7953221797943
600000
min_value:0.9999992117468257
time:1193.658804655075
610000
min_value:0.9999992100957527
time:1213.4557790756226
620000
min_value:0.9999992084346282
time:1233.3862063884735
630000
min_value:0.9999992068258712
time:1253.294597864151
640000
min_value:0.9999992052103639
time:1273.2037181854248
650000
min_value:0.999999203690438
time:1293.0156571865082
660000
min_value:0.9999992021397095
time:1312.887409210205
670000
min_value:0.9999992006173086
time:1332.7590878009796
680000
min_value:0.9999991991661454
time:1352.641835451126
690000
min_value:0.999999197740964
time:1372.4402315616608
700000
min_value:0.9999991962935194
time:1392.276731967926
710000
min_value:0.9999991948926437
time:1412.1184816360474
720000
min_value:0.9999991935449966
time:1431.9966025352478
730000
min_value:0.9999991921714204
time:1451.863718509674
740000
min_value:0.9999991908298362
time:1471.7124049663544
750000
min_value:0.9999991894880533
time:1491.5435569286346
760000
min_value:0.999999188138286
time:1511.4135644435883
770000
min_value:0.9999991868302831
time:1531.2404208183289
780000
min_value:0.9999991855293437
time:1551.1475911140442
790000
min_value:0.9999991842883601
time:1571.0038599967957
800000
min_value:0.9999991830158562
time:1590.7007176876068
810000
min_value:0.999999181790787
time:1610.2282786369324
820000
min_value:0.9999991805489674
time:1629.7473723888397
830000
min_value:0.9999991793346203
time:1649.3047089576721
840000
min_value:0.9999991781242833
time:1668.8051567077637
850000
min_value:0.9999991769026647
time:1688.2968864440918
860000
min_value:0.9999991757105254
time:1707.7468540668488
870000
min_value:0.9999991745615741
time:1727.7267274856567
880000
min_value:0.9999991734214949
time:1747.2178618907928
890000
min_value:0.9999991722945959
time:1766.6733269691467
900000
min_value:0.9999991711863703
time:1786.1941709518433
910000
min_value:0.9999991700485015
time:1805.6505465507507
920000
min_value:0.9999991689460851
time:1825.198400259018
930000
min_value:0.9999991678671771
time:1844.666165113449
940000
min_value:0.9999991668126985
time:1864.1682388782501
950000
min_value:0.9999991657397443
time:1883.6611278057098
960000
min_value:0.9999991646974921
time:1903.1444356441498
970000
min_value:0.9999991636741338
time:1922.6220047473907
980000
min_value:0.999999162656251
time:1942.1180515289307
990000
min_value:0.9999991616200387
time:1961.644778251648
1000000
min_value:0.999999160611096
time:1981.154964208603
1000000
fvalues:0.9999991606109576
time_values:1981.154964208603
