./results/subspace-norm/dim:1000000_ord:1_subspace:100_fused:False/proposed/lr:100_reduced_dim:10_sample_size:1_mu:1e-08_step_schedule:constant
10000
min_value:4.754278039387997
time:21.97576093673706
20000
min_value:4.536951085260508
time:40.46273136138916
30000
min_value:4.459407120498829
time:58.97901964187622
40000
min_value:4.459407120498829
time:77.53434753417969
50000
min_value:4.459407120498829
time:96.19994640350342
60000
min_value:4.459407120498829
time:114.76652431488037
70000
min_value:4.459407120498829
time:133.22008085250854
80000
min_value:4.459407120498829
time:151.7349498271942
90000
min_value:4.459407120498829
time:170.31162786483765
100000
min_value:4.459407120498829
time:188.86911702156067
110000
min_value:4.459407120498829
time:207.47389578819275
120000
min_value:4.458395056175542
time:225.9997980594635
130000
min_value:4.458395056175542
time:244.52314400672913
140000
min_value:4.416139768661813
time:263.1152801513672
150000
min_value:4.416139768661813
time:281.6293258666992
160000
min_value:4.416139768661813
time:300.1891851425171
170000
min_value:4.252700509024106
time:318.87010383605957
180000
min_value:4.252700509024106
time:337.5178782939911
190000
min_value:4.252700509024106
time:355.9813132286072
200000
min_value:4.252700509024106
time:374.5191774368286
210000
min_value:4.252700509024106
time:393.0384314060211
220000
min_value:4.252700509024106
time:411.73227524757385
230000
min_value:4.252700509024106
time:430.37381196022034
240000
min_value:4.252700509024106
time:448.9747664928436
250000
min_value:4.252700509024106
time:467.3836569786072
260000
min_value:4.252700509024106
time:485.87280082702637
270000
min_value:4.252700509024106
time:504.46545696258545
280000
min_value:4.252700509024106
time:523.2038719654083
290000
min_value:4.252700509024106
time:541.7249774932861
300000
min_value:4.252700509024106
time:560.2672870159149
310000
min_value:4.252700509024106
time:578.828070640564
320000
min_value:4.252700509024106
time:597.3747911453247
330000
min_value:4.252700509024106
time:615.993898153305
340000
min_value:4.252700509024106
time:634.6319599151611
350000
min_value:4.252700509024106
time:653.1753420829773
360000
min_value:4.252700509024106
time:671.8645553588867
370000
min_value:4.252700509024106
time:690.5141932964325
380000
min_value:4.252700509024106
time:709.1507017612457
390000
min_value:4.252700509024106
time:727.700670003891
400000
min_value:4.252700509024106
time:746.3051881790161
410000
min_value:4.252700509024106
time:764.9299149513245
420000
min_value:4.252700509024106
time:783.565060377121
430000
min_value:4.252700509024106
time:802.2231941223145
440000
min_value:4.252700509024106
time:820.7999448776245
450000
min_value:4.252700509024106
time:839.1797335147858
460000
min_value:4.252700509024106
time:857.5043773651123
470000
min_value:4.252700509024106
time:875.8699841499329
480000
min_value:4.252700509024106
time:894.3078014850616
490000
min_value:4.252700509024106
time:912.9133162498474
500000
min_value:4.252700509024106
time:931.6643221378326
510000
min_value:4.252700509024106
time:950.1086974143982
520000
min_value:4.252700509024106
time:968.6059165000916
530000
min_value:4.252700509024106
time:987.0720317363739
540000
min_value:4.252700509024106
time:1005.6665065288544
550000
min_value:4.252700509024106
time:1024.133551120758
560000
min_value:4.252700509024106
time:1042.6851525306702
570000
min_value:4.252700509024106
time:1061.2127711772919
580000
min_value:4.252700509024106
time:1079.727430820465
590000
min_value:4.252700509024106
time:1098.1893129348755
600000
min_value:4.252700509024106
time:1116.8371307849884
610000
min_value:4.252700509024106
time:1135.3826670646667
620000
min_value:4.252700509024106
time:1154.0332462787628
630000
min_value:4.252700509024106
time:1172.5332853794098
640000
min_value:4.252700509024106
time:1191.2079010009766
650000
min_value:4.252700509024106
time:1209.8246371746063
660000
min_value:4.252700509024106
time:1228.43412566185
670000
min_value:4.252700509024106
time:1247.106246471405
680000
min_value:4.252700509024106
time:1265.685167312622
690000
min_value:4.252700509024106
time:1284.2938387393951
700000
min_value:4.252700509024106
time:1302.881802558899
710000
min_value:4.252700509024106
time:1321.449339389801
720000
min_value:4.252700509024106
time:1340.0776236057281
730000
min_value:4.252700509024106
time:1358.6593489646912
740000
min_value:4.252700509024106
time:1377.1804621219635
750000
min_value:4.252700509024106
time:1395.7978599071503
760000
min_value:4.252700509024106
time:1414.3430609703064
770000
min_value:4.252700509024106
time:1433.03458070755
780000
min_value:4.252700509024106
time:1451.6709825992584
790000
min_value:4.252700509024106
time:1470.1964273452759
800000
min_value:4.252700509024106
time:1488.734829902649
810000
min_value:4.252700509024106
time:1507.2712860107422
820000
min_value:4.252700509024106
time:1525.7474572658539
830000
min_value:4.252700509024106
time:1544.3015203475952
840000
min_value:4.252700509024106
time:1562.877563714981
850000
min_value:4.252700509024106
time:1581.5631778240204
860000
min_value:4.252700509024106
time:1600.189090013504
870000
min_value:4.252700509024106
time:1618.6497185230255
880000
min_value:4.252700509024106
time:1637.2566993236542
890000
min_value:4.252700509024106
time:1655.8941884040833
900000
min_value:4.252700509024106
time:1674.5806457996368
910000
min_value:4.230309088719359
time:1693.305594921112
920000
min_value:4.230309088719359
time:1711.898119688034
930000
min_value:4.230309088719359
time:1730.3869323730469
940000
min_value:4.230309088719359
time:1748.949863910675
950000
min_value:4.230309088719359
time:1767.4114487171173
960000
min_value:4.230309088719359
time:1785.9053466320038
970000
min_value:4.230309088719359
time:1804.4249634742737
980000
min_value:4.230309088719359
time:1822.9839599132538
990000
min_value:4.230309088719359
time:1841.550968170166
1000000
min_value:4.230309088719359
time:1860.027414560318
1000000
fvalues:4.230309088719359
time_values:1860.027414560318
