./results/subspace-norm/dim:1000000_ord:1_subspace:100_fused:False/proposed/lr:1000_reduced_dim:10_sample_size:1_mu:1e-08_step_schedule:decreasing-half
10000
min_value:0.5316792928342049
time:23.140050649642944
20000
min_value:0.34442947123799683
time:41.81601667404175
30000
min_value:0.2711617923367168
time:60.26830530166626
40000
min_value:0.24075724292091408
time:78.73953557014465
50000
min_value:0.21850831012496258
time:97.26187896728516
60000
min_value:0.19742865761086287
time:115.87086796760559
70000
min_value:0.18139662962126513
time:134.52566027641296
80000
min_value:0.16562165273075072
time:153.17775750160217
90000
min_value:0.15295019135518897
time:171.93861436843872
100000
min_value:0.14547093040708348
time:190.5459907054901
110000
min_value:0.13094037948578366
time:209.20935249328613
120000
min_value:0.13094037948578366
time:227.87965512275696
130000
min_value:0.13094037948578366
time:246.6018488407135
140000
min_value:0.13002166850670094
time:265.2954993247986
150000
min_value:0.1258429953982364
time:283.99224758148193
160000
min_value:0.11433851453511801
time:302.752774477005
170000
min_value:0.11360208568123512
time:321.53115582466125
180000
min_value:0.11056334125111661
time:340.42829513549805
190000
min_value:0.11056334125111661
time:359.19652581214905
200000
min_value:0.10649773704748364
time:377.83812499046326
210000
min_value:0.10251607671657242
time:396.57609724998474
220000
min_value:0.10251607671657242
time:415.3827667236328
230000
min_value:0.09837728248394476
time:434.16214394569397
240000
min_value:0.0937626284473314
time:452.96186661720276
250000
min_value:0.09128038141247957
time:471.69234323501587
260000
min_value:0.08960064895628544
time:490.42965841293335
270000
min_value:0.08960064895628544
time:509.23903918266296
280000
min_value:0.08493692726743109
time:527.97345495224
290000
min_value:0.07997078912043595
time:546.7830040454865
300000
min_value:0.07997078912043595
time:565.7457983493805
310000
min_value:0.07957704300266905
time:584.5316722393036
320000
min_value:0.07957704300266905
time:603.2274343967438
330000
min_value:0.07924254683231421
time:621.9455919265747
340000
min_value:0.07924254683231421
time:640.7315278053284
350000
min_value:0.07924254683231421
time:659.6536157131195
360000
min_value:0.07924254683231421
time:678.4800982475281
370000
min_value:0.07698715347962552
time:697.2383584976196
380000
min_value:0.06993670977209013
time:715.8594822883606
390000
min_value:0.06993670977209013
time:734.5539379119873
400000
min_value:0.06993670977209013
time:753.3947992324829
410000
min_value:0.06993670977209013
time:772.1757023334503
420000
min_value:0.06993670977209013
time:790.8563883304596
430000
min_value:0.06522522178421852
time:809.5576014518738
440000
min_value:0.06522522178421852
time:828.2587504386902
450000
min_value:0.06291194236452335
time:846.9740920066833
460000
min_value:0.06291194236452335
time:865.7339494228363
470000
min_value:0.06291194236452335
time:884.4844884872437
480000
min_value:0.06291194236452335
time:903.2527194023132
490000
min_value:0.06291194236452335
time:922.1372580528259
500000
min_value:0.06083211215495279
time:941.0133273601532
510000
min_value:0.06083211215495279
time:959.8163185119629
520000
min_value:0.06083211215495279
time:978.6123700141907
530000
min_value:0.06049422374177397
time:997.4575507640839
540000
min_value:0.06016990763727234
time:1016.3034057617188
550000
min_value:0.06016990763727234
time:1035.1494040489197
560000
min_value:0.06016990763727234
time:1054.0141716003418
570000
min_value:0.06016990763727234
time:1072.7092077732086
580000
min_value:0.05686280374396541
time:1091.2362051010132
590000
min_value:0.05686280374396541
time:1109.7509746551514
600000
min_value:0.05686280374396541
time:1128.2595965862274
610000
min_value:0.05686280374396541
time:1147.025244474411
620000
min_value:0.05686280374396541
time:1165.9678387641907
630000
min_value:0.05686280374396541
time:1184.7864198684692
640000
min_value:0.05686280374396541
time:1203.4748430252075
650000
min_value:0.05651084431563633
time:1222.1699800491333
660000
min_value:0.05446593428106897
time:1240.8651401996613
670000
min_value:0.05446593428106897
time:1259.6210322380066
680000
min_value:0.052786572094058244
time:1278.3640398979187
690000
min_value:0.052786572094058244
time:1297.0757973194122
700000
min_value:0.052786572094058244
time:1315.842895746231
710000
min_value:0.05267633168805897
time:1334.4782185554504
720000
min_value:0.050604723201497295
time:1353.2985389232635
730000
min_value:0.050604723201497295
time:1372.0862591266632
740000
min_value:0.050604723201497295
time:1390.9312913417816
750000
min_value:0.050604723201497295
time:1409.6576001644135
760000
min_value:0.050604723201497295
time:1428.5359036922455
770000
min_value:0.050604723201497295
time:1447.3918905258179
780000
min_value:0.050604723201497295
time:1466.2370624542236
790000
min_value:0.050604723201497295
time:1485.065530538559
800000
min_value:0.050604723201497295
time:1503.8946797847748
810000
min_value:0.05015129956871294
time:1522.7646071910858
820000
min_value:0.05015129956871294
time:1541.539401292801
830000
min_value:0.05015129956871294
time:1560.35023021698
840000
min_value:0.05015129956871294
time:1579.197151184082
850000
min_value:0.05015129956871294
time:1597.9940810203552
860000
min_value:0.04956593130907488
time:1616.7538566589355
870000
min_value:0.047415092581843864
time:1635.5568449497223
880000
min_value:0.047415092581843864
time:1654.3778991699219
890000
min_value:0.047415092581843864
time:1673.2487199306488
900000
min_value:0.047415092581843864
time:1692.1613852977753
910000
min_value:0.047415092581843864
time:1710.8928084373474
920000
min_value:0.045904180092673635
time:1729.641217470169
930000
min_value:0.045904180092673635
time:1748.3927030563354
940000
min_value:0.045904180092673635
time:1767.092135667801
950000
min_value:0.045904180092673635
time:1785.8832550048828
960000
min_value:0.045904180092673635
time:1804.6754801273346
970000
min_value:0.045904180092673635
time:1823.5925495624542
980000
min_value:0.045904180092673635
time:1842.452314376831
990000
min_value:0.045904180092673635
time:1861.1221914291382
1000000
min_value:0.045904180092673635
time:1879.9372894763947
1000000
fvalues:0.045904180092673635
time_values:1879.9372894763947
