./results/subspace-norm/dim:1000000_ord:1_subspace:100_fused:False/proposed/lr:10000_reduced_dim:10_sample_size:10_mu:1e-08_step_schedule:decreasing
10000
min_value:25.180435424571623
time:74.82313680648804
20000
min_value:21.13611977186224
time:145.34874081611633
30000
min_value:18.915945098031614
time:215.680016040802
40000
min_value:17.511549615282156
time:286.25298142433167
50000
min_value:16.48029070399508
time:356.722207069397
60000
min_value:15.686366826297268
time:427.1458828449249
70000
min_value:15.054550131771158
time:497.77026176452637
80000
min_value:14.51290747829079
time:568.2094609737396
90000
min_value:14.030981005386051
time:638.7267174720764
100000
min_value:13.616084540403424
time:709.2376520633698
110000
min_value:13.264409273569555
time:779.8033108711243
120000
min_value:12.955649744467443
time:850.1194927692413
130000
min_value:12.678165003854264
time:920.4365692138672
140000
min_value:12.420173178169277
time:990.433030128479
150000
min_value:12.181193604001407
time:1060.4966814517975
160000
min_value:11.951801823621118
time:1130.8932001590729
170000
min_value:11.74032160332852
time:1201.3229689598083
180000
min_value:11.538842042903024
time:1271.7615797519684
190000
min_value:11.348513579491858
time:1342.2297794818878
200000
min_value:11.168151784585262
time:1412.5647795200348
210000
min_value:11.000065933283643
time:1483.1084020137787
220000
min_value:10.840056750646893
time:1553.5063290596008
230000
min_value:10.693176645672812
time:1623.9821910858154
240000
min_value:10.548949455038608
time:1694.3833696842194
250000
min_value:10.40770261510375
time:1764.897587299347
260000
min_value:10.274467508532261
time:1835.336182832718
270000
min_value:10.146945057596373
time:1905.7407143115997
280000
min_value:10.02019539565796
time:1976.1669733524323
290000
min_value:9.902596334007558
time:2046.4722890853882
300000
min_value:9.791359003820224
time:2116.8941690921783
310000
min_value:9.682776707381457
time:2187.2495987415314
320000
min_value:9.578057511218912
time:2257.755392551422
330000
min_value:9.475174866442778
time:2328.3339025974274
340000
min_value:9.376335295613508
time:2398.849445581436
350000
min_value:9.28085754399082
time:2469.398734331131
360000
min_value:9.192024949399507
time:2539.91916179657
370000
min_value:9.107752469857644
time:2610.426721572876
380000
min_value:9.026087634982304
time:2680.9396493434906
390000
min_value:8.947859023215962
time:2751.4593138694763
400000
min_value:8.871800652957575
time:2822.0281014442444
410000
min_value:8.797584885325303
time:2892.4366080760956
420000
min_value:8.724937325460845
time:2963.0029697418213
430000
min_value:8.654515053364278
time:3033.5168623924255
440000
min_value:8.584970594250935
time:3104.008670091629
450000
min_value:8.517652164546323
time:3174.516803264618
460000
min_value:8.450954986604215
time:3245.0633494853973
470000
min_value:8.386452437359203
time:3315.53843665123
480000
min_value:8.323450665487053
time:3386.2335443496704
490000
min_value:8.262736202538512
time:3456.9964871406555
500000
min_value:8.201168550188491
time:3527.4663486480713
510000
min_value:8.14388169648145
time:3597.9711575508118
520000
min_value:8.088380378762535
time:3668.5544095039368
530000
min_value:8.03444666147318
time:3739.146640062332
540000
min_value:7.982549871446924
time:3809.7792015075684
550000
min_value:7.933358856569935
time:3880.488097190857
560000
min_value:7.8855312409109635
time:3951.1810598373413
570000
min_value:7.838773739013626
time:4021.784724712372
580000
min_value:7.793718801222183
time:4092.265762090683
590000
min_value:7.749123637747772
time:4162.731461286545
600000
min_value:7.704968620436753
time:4233.237996816635
610000
min_value:7.6636291182157805
time:4303.678771495819
620000
min_value:7.622469727502333
time:4374.358003139496
630000
min_value:7.5824739333113875
time:4444.899719953537
640000
min_value:7.544100873959292
time:4515.44026184082
650000
min_value:7.506608648202324
time:4585.996084451675
660000
min_value:7.469778201896831
time:4656.527123451233
670000
min_value:7.433938936614927
time:4727.131471157074
680000
min_value:7.39753757411851
time:4797.705706834793
690000
min_value:7.36220802402766
time:4868.101851463318
700000
min_value:7.327234499034528
time:4938.85827088356
710000
min_value:7.29358167268591
time:5009.560237646103
720000
min_value:7.2595057597459505
time:5080.233057022095
730000
min_value:7.227313238448767
time:5150.904093503952
740000
min_value:7.196020023252523
time:5221.53778386116
750000
min_value:7.165054224232043
time:5292.08344745636
760000
min_value:7.134826886734995
time:5362.738847494125
770000
min_value:7.104960190964228
time:5433.3559675216675
780000
min_value:7.0749160775360265
time:5504.077739477158
790000
min_value:7.045207423064321
time:5574.586382627487
800000
min_value:7.015901141858781
time:5645.27253651619
810000
min_value:6.98709882090473
time:5716.200580120087
820000
min_value:6.958856372467046
time:5786.938787460327
830000
min_value:6.931476427248236
time:5857.773369073868
840000
min_value:6.904656068889301
time:5928.449236154556
850000
min_value:6.87855203760623
time:5999.039227724075
860000
min_value:6.853011861652313
time:6069.680148839951
870000
min_value:6.827468611016704
time:6140.4357080459595
880000
min_value:6.802064689308314
time:6210.972282886505
890000
min_value:6.777055729632636
time:6281.775826454163
900000
min_value:6.752276334298015
time:6352.5585424900055
910000
min_value:6.7277636753750105
time:6423.29127907753
920000
min_value:6.703775155443674
time:6494.062307596207
930000
min_value:6.6801684737626825
time:6564.724208116531
940000
min_value:6.656961167429791
time:6635.382185220718
950000
min_value:6.633636898937732
time:6705.964415550232
960000
min_value:6.610414000932769
time:6776.684884548187
970000
min_value:6.58803874321422
time:6847.322263479233
980000
min_value:6.565653070457398
time:6918.077521085739
990000
min_value:6.543104402523989
time:6988.864560842514
1000000
min_value:6.520918185739986
time:7059.8132519721985
1000000
fvalues:6.5209172577883745
time_values:7059.8132519721985
./results/subspace-norm/dim:1000000_ord:1_subspace:100_fused:False/proposed/lr:1000_reduced_dim:10_sample_size:10_mu:1e-08_step_schedule:decreasing
10000
min_value:89.48800798002169
time:70.89704370498657
20000
min_value:88.79714450418152
time:141.59604334831238
30000
min_value:88.39036638191911
time:212.24219942092896
40000
min_value:88.09979062942477
time:282.9070158004761
50000
min_value:87.87422714316389
time:353.84169840812683
60000
min_value:87.69034419664658
time:424.69263315200806
70000
min_value:87.53622041627634
time:495.46485328674316
80000
min_value:87.4026544220946
time:566.3623313903809
90000
min_value:87.28445759126693
time:637.3760614395142
100000
min_value:87.17938939262865
time:708.8563327789307
110000
min_value:87.08460583167806
time:779.7293939590454
120000
min_value:86.99889575795623
time:850.6433110237122
130000
min_value:86.9187287291088
time:921.5831270217896
140000
min_value:86.84401088900755
time:992.469738483429
150000
min_value:86.77596842446665
time:1063.3351311683655
160000
min_value:86.7117505249768
time:1134.2638669013977
170000
min_value:86.6513408252803
time:1205.102128982544
180000
min_value:86.59380309137012
time:1275.8382983207703
190000
min_value:86.53926289227184
time:1346.5783472061157
200000
min_value:86.48782097037017
time:1418.0242443084717
210000
min_value:86.43901016371167
time:1489.013328075409
220000
min_value:86.39258877868524
time:1559.7682976722717
230000
min_value:86.34833419043557
time:1630.6755945682526
240000
min_value:86.30544320284967
time:1701.4939060211182
250000
min_value:86.26444169701082
time:1772.279751777649
260000
min_value:86.22539058628176
time:1843.2136449813843
270000
min_value:86.187588158124
time:1913.8677666187286
280000
min_value:86.15106803937967
time:1984.6566252708435
290000
min_value:86.11589506012275
time:2055.418119907379
300000
min_value:86.08235130522019
time:2126.789934158325
310000
min_value:86.0497112163809
time:2197.5309584140778
320000
min_value:86.01811326134651
time:2268.1884553432465
330000
min_value:85.98734763874945
time:2338.7336785793304
340000
min_value:85.95718335580128
time:2409.3019547462463
350000
min_value:85.92808491650008
time:2480.147817134857
360000
min_value:85.90015742226952
time:2550.971179008484
370000
min_value:85.87286580418211
time:2621.7040359973907
380000
min_value:85.84629166997401
time:2692.377923488617
390000
min_value:85.82056429896525
time:2763.7949883937836
400000
min_value:85.79522845775382
time:2834.3574390411377
410000
min_value:85.77045168381036
time:2904.966840982437
420000
min_value:85.74618745752716
time:2975.852697610855
430000
min_value:85.72259741282961
time:3046.7505548000336
440000
min_value:85.69940757232273
time:3117.578742980957
450000
min_value:85.67687096194658
time:3188.567182779312
460000
min_value:85.6546281286958
time:3259.3317728042603
470000
min_value:85.63320515909828
time:3330.0600278377533
480000
min_value:85.61197556828199
time:3400.946791410446
490000
min_value:85.59132156057447
time:3472.28346657753
500000
min_value:85.57104096238217
time:3543.1933867931366
510000
min_value:85.55128904050524
time:3614.0601320266724
520000
min_value:85.53166070471175
time:3684.833122730255
530000
min_value:85.51280679273964
time:3755.660881996155
540000
min_value:85.49400255713508
time:3826.5361948013306
550000
min_value:85.47562749760019
time:3897.365646839142
560000
min_value:85.45755191969377
time:3968.2858793735504
570000
min_value:85.43958702055947
time:4039.1860506534576
580000
min_value:85.42237337844426
time:4110.042624950409
590000
min_value:85.40551871916182
time:4181.436744451523
600000
min_value:85.38869463256265
time:4252.19095492363
610000
min_value:85.37225453225304
time:4323.168383598328
620000
min_value:85.35605382662717
time:4394.028217554092
630000
min_value:85.33994868152416
time:4464.915951251984
640000
min_value:85.32416924327227
time:4535.762315273285
650000
min_value:85.30868545468874
time:4606.487627506256
660000
min_value:85.29356927274208
time:4677.172672986984
670000
min_value:85.27851760291506
time:4747.809900760651
680000
min_value:85.26371434133841
time:4818.491881608963
690000
min_value:85.24910107642928
time:4889.792707681656
700000
min_value:85.23473057989172
time:4960.514195203781
710000
min_value:85.22053361663866
time:5031.150293111801
720000
min_value:85.20637034962137
time:5101.694655895233
730000
min_value:85.19273498490486
time:5172.128800868988
740000
min_value:85.17913346413728
time:5242.679762601852
750000
min_value:85.16568450636791
time:5313.43910741806
760000
min_value:85.15245272400338
time:5384.305495738983
770000
min_value:85.13941574085413
time:5454.948220491409
780000
min_value:85.12643623893011
time:5526.257264852524
790000
min_value:85.11356580439885
time:5596.901382684708
800000
min_value:85.10108118345431
time:5667.61714720726
810000
min_value:85.08874228320254
time:5738.304004430771
820000
min_value:85.07637995015816
time:5809.146054506302
830000
min_value:85.06429948142832
time:5880.008844614029
840000
min_value:85.05219318124634
time:5950.627113819122
850000
min_value:85.04039718888508
time:6021.442658185959
860000
min_value:85.02863475304028
time:6092.220258712769
870000
min_value:85.01703366593203
time:6162.905121088028
880000
min_value:85.00563898235197
time:6234.086227893829
890000
min_value:84.99447636766848
time:6304.794035434723
900000
min_value:84.98306703478858
time:6375.600485563278
910000
min_value:84.97197934390832
time:6446.25487446785
920000
min_value:84.96121626349341
time:6516.863392114639
930000
min_value:84.95040427941196
time:6587.550759077072
940000
min_value:84.93970259595079
time:6658.164701461792
950000
min_value:84.92923569427796
time:6728.86185336113
960000
min_value:84.91877153844098
time:6799.562505722046
970000
min_value:84.90835090286859
time:6870.439046859741
980000
min_value:84.89807262238057
time:6941.858129501343
990000
min_value:84.8878967137662
time:7012.5863082408905
1000000
min_value:84.87789624330067
time:7083.244552850723
1000000
fvalues:84.87789542796646
time_values:7083.244552850723
./results/subspace-norm/dim:1000000_ord:1_subspace:100_fused:False/proposed/lr:100_reduced_dim:10_sample_size:10_mu:1e-08_step_schedule:decreasing
10000
min_value:99.09841997043412
time:70.61605882644653
20000
min_value:99.0288141776409
time:141.33817505836487
30000
min_value:98.98850410241664
time:211.9031114578247
40000
min_value:98.95955152718182
time:282.6338005065918
50000
min_value:98.93737151187462
time:353.40929651260376
60000
min_value:98.9191845929208
time:424.1714611053467
70000
min_value:98.90386855335043
time:495.2424387931824
80000
min_value:98.89053018631631
time:566.0727005004883
90000
min_value:98.8786920874187
time:636.9894735813141
100000
min_value:98.86815172044288
time:707.7221808433533
110000
min_value:98.85858099597696
time:779.1503641605377
120000
min_value:98.84985162340078
time:849.9681489467621
130000
min_value:98.84176147932398
time:920.7536613941193
140000
min_value:98.83441576602641
time:991.5725247859955
150000
min_value:98.82755688598665
time:1062.472585439682
160000
min_value:98.82115302135058
time:1133.3953545093536
170000
min_value:98.81505794864415
time:1204.1480858325958
180000
min_value:98.80938579883279
time:1274.8082554340363
190000
min_value:98.80397730688098
time:1345.3126888275146
200000
min_value:98.79885061874674
time:1415.946611881256
210000
min_value:98.79398172904072
time:1487.197024822235
220000
min_value:98.78936719590479
time:1557.8342032432556
230000
min_value:98.78490562448262
time:1628.612990617752
240000
min_value:98.78061962149573
time:1699.5124123096466
250000
min_value:98.77651925940134
time:1770.49809384346
260000
min_value:98.77259722662956
time:1841.452691078186
270000
min_value:98.76884801177607
time:1912.4738240242004
280000
min_value:98.76522646776536
time:1983.2556760311127
290000
min_value:98.76174734747663
time:2054.133280992508
300000
min_value:98.75837819602306
time:2124.9433658123016
310000
min_value:98.75507063502508
time:2196.261822938919
320000
min_value:98.75186694376208
time:2266.958952188492
330000
min_value:98.74879183686916
time:2337.6869394779205
340000
min_value:98.74582428817311
time:2408.509159564972
350000
min_value:98.7429506175265
time:2479.214287042618
360000
min_value:98.74012846835946
time:2550.1036028862
370000
min_value:98.73740729552512
time:2620.8822724819183
380000
min_value:98.73473195129895
time:2691.6667940616608
390000
min_value:98.73213713278149
time:2762.259689807892
400000
min_value:98.7296182816782
time:2833.0860064029694
410000
min_value:98.72716267574852
time:2904.6184570789337
420000
min_value:98.72477351772962
time:2975.383650779724
430000
min_value:98.72245118834884
time:3046.089183807373
440000
min_value:98.72013421201612
time:3116.7991197109222
450000
min_value:98.71787813014937
time:3187.755294084549
460000
min_value:98.71569403436088
time:3258.60023355484
470000
min_value:98.7135353544219
time:3329.4530684947968
480000
min_value:98.71140679506779
time:3400.1737756729126
490000
min_value:98.70934284652827
time:3470.6668622493744
500000
min_value:98.70733188527193
time:3541.3374919891357
510000
min_value:98.7053630530834
time:3612.5046014785767
520000
min_value:98.70342238131681
time:3683.157108783722
530000
min_value:98.70149939913829
time:3753.8698925971985
540000
min_value:98.69962920296425
time:3824.54008102417
550000
min_value:98.69778361490145
time:3895.163072824478
560000
min_value:98.69598992059424
time:3965.810735464096
570000
min_value:98.69422403520781
time:4036.607613801956
580000
min_value:98.69246723682406
time:4107.466989994049
590000
min_value:98.69075989908016
time:4178.265226602554
600000
min_value:98.68908434242758
time:4249.1087238788605
610000
min_value:98.68743265729206
time:4320.650610923767
620000
min_value:98.68579528415822
time:4391.520477771759
630000
min_value:98.68421715666742
time:4462.358560085297
640000
min_value:98.68263438217289
time:4533.399547100067
650000
min_value:98.68108921528828
time:4604.014052629471
660000
min_value:98.67956479008484
time:4674.683439731598
670000
min_value:98.6780528433738
time:4745.355698108673
680000
min_value:98.67656899318698
time:4816.138808488846
690000
min_value:98.67511555652992
time:4886.763450145721
700000
min_value:98.67367500359165
time:4957.375784158707
710000
min_value:98.67225826264269
time:5028.859892368317
720000
min_value:98.67085457144636
time:5099.654995918274
730000
min_value:98.66947401364027
time:5170.48810505867
740000
min_value:98.66810548881017
time:5241.1982889175415
750000
min_value:98.66677778765413
time:5312.03367972374
760000
min_value:98.665427643639
time:5382.570805549622
770000
min_value:98.66411613770137
time:5453.389892816544
780000
min_value:98.66281228485357
time:5524.188103199005
790000
min_value:98.6615334430547
time:5594.872838020325
800000
min_value:98.66028268527268
time:5665.549643993378
810000
min_value:98.6590435287244
time:5736.59316945076
820000
min_value:98.65782230555703
time:5807.022482872009
830000
min_value:98.65660974439302
time:5877.696844577789
840000
min_value:98.65541026878574
time:5948.110446214676
850000
min_value:98.65422623530264
time:6018.587317705154
860000
min_value:98.65304137929381
time:6089.265519857407
870000
min_value:98.65188026650115
time:6159.959495544434
880000
min_value:98.65073859557958
time:6230.590293884277
890000
min_value:98.64960978523129
time:6301.111441612244
900000
min_value:98.64848687025456
time:6371.652958393097
910000
min_value:98.64739098792163
time:6442.833605527878
920000
min_value:98.64629879896965
time:6513.395753622055
930000
min_value:98.64523627798691
time:6584.0807156562805
940000
min_value:98.64416863617899
time:6654.604132413864
950000
min_value:98.6431121607861
time:6725.287714481354
960000
min_value:98.64205857290116
time:6795.718758106232
970000
min_value:98.6410179504892
time:6866.333085298538
980000
min_value:98.63999719391204
time:6937.248402357101
990000
min_value:98.63897646056293
time:7008.040015697479
1000000
min_value:98.63796784169897
time:7078.695240736008
1000000
fvalues:98.63796767949967
time_values:7078.695240736008
