./results/subspace-norm/dim:1000000_ord:1_subspace:100_fused:False/proposed/lr:1000_reduced_dim:10_sample_size:1_mu:1e-08_step_schedule:constant
10000
min_value:46.002395129884796
time:23.9123854637146
20000
min_value:45.02574074908239
time:44.09469389915466
30000
min_value:45.02574074908239
time:64.22096872329712
40000
min_value:45.02574074908239
time:84.32750415802002
50000
min_value:44.57785506688304
time:104.39442420005798
60000
min_value:44.57785506688304
time:124.40484309196472
70000
min_value:44.57785506688304
time:144.40807676315308
80000
min_value:44.57785506688304
time:164.54904341697693
90000
min_value:44.57785506688304
time:184.79484629631042
100000
min_value:44.57785506688304
time:204.8323802947998
110000
min_value:43.19655139631706
time:224.7678234577179
120000
min_value:43.19655139631706
time:244.7486333847046
130000
min_value:43.19655139631706
time:264.7406270503998
140000
min_value:43.19655139631706
time:285.00537848472595
150000
min_value:43.19655139631706
time:305.0432825088501
160000
min_value:43.19655139631706
time:325.06790924072266
170000
min_value:43.19655139631706
time:345.1601331233978
180000
min_value:43.19655139631706
time:365.21976804733276
190000
min_value:43.19655139631706
time:385.4476959705353
200000
min_value:43.19655139631706
time:405.8175768852234
210000
min_value:43.19655139631706
time:426.1438207626343
220000
min_value:43.19655139631706
time:446.3855330944061
230000
min_value:43.19655139631706
time:466.6629774570465
240000
min_value:43.19655139631706
time:486.9576573371887
250000
min_value:43.19655139631706
time:507.2905979156494
260000
min_value:43.19655139631706
time:527.6819226741791
270000
min_value:39.99585719916473
time:547.8638360500336
280000
min_value:39.99585719916473
time:567.991733789444
290000
min_value:39.99585719916473
time:588.278044462204
300000
min_value:39.99585719916473
time:608.6962749958038
310000
min_value:39.99585719916473
time:628.8635034561157
320000
min_value:39.99585719916473
time:648.9535920619965
330000
min_value:39.99585719916473
time:669.1338889598846
340000
min_value:39.99585719916473
time:689.3267483711243
350000
min_value:39.99585719916473
time:709.8074913024902
360000
min_value:39.99585719916473
time:730.1643543243408
370000
min_value:39.99585719916473
time:750.5374665260315
380000
min_value:39.99585719916473
time:770.9186143875122
390000
min_value:39.99585719916473
time:791.2887699604034
400000
min_value:39.99585719916473
time:811.54145860672
410000
min_value:39.99585719916473
time:831.8744206428528
420000
min_value:39.99585719916473
time:852.274341583252
430000
min_value:39.99585719916473
time:872.5605072975159
440000
min_value:39.99585719916473
time:893.073460817337
450000
min_value:39.99585719916473
time:913.3033571243286
460000
min_value:39.99585719916473
time:933.1653196811676
470000
min_value:39.99585719916473
time:952.9880607128143
480000
min_value:39.99585719916473
time:972.8825287818909
490000
min_value:39.99585719916473
time:992.9864056110382
500000
min_value:39.99585719916473
time:1013.4332540035248
510000
min_value:39.99585719916473
time:1033.6539947986603
520000
min_value:39.99585719916473
time:1053.8284032344818
530000
min_value:39.99585719916473
time:1073.9303686618805
540000
min_value:39.99585719916473
time:1094.1369669437408
550000
min_value:39.99585719916473
time:1114.2804379463196
560000
min_value:39.99585719916473
time:1134.4975571632385
570000
min_value:39.99585719916473
time:1154.6582927703857
580000
min_value:39.99585719916473
time:1174.729754447937
590000
min_value:39.99585719916473
time:1194.8675768375397
600000
min_value:39.99585719916473
time:1215.1685271263123
610000
min_value:39.99585719916473
time:1235.4501779079437
620000
min_value:39.99585719916473
time:1255.7170672416687
630000
min_value:39.99585719916473
time:1276.0718040466309
640000
min_value:39.99585719916473
time:1296.4815185070038
650000
min_value:39.99585719916473
time:1316.864468574524
660000
min_value:39.99585719916473
time:1337.282785654068
670000
min_value:39.99585719916473
time:1357.5335457324982
680000
min_value:39.99585719916473
time:1378.012377023697
690000
min_value:39.99585719916473
time:1398.3112852573395
700000
min_value:39.99585719916473
time:1418.5437817573547
710000
min_value:39.99585719916473
time:1438.7854270935059
720000
min_value:39.99585719916473
time:1459.054449081421
730000
min_value:39.99585719916473
time:1479.2808649539948
740000
min_value:39.99585719916473
time:1499.5387709140778
750000
min_value:39.99585719916473
time:1519.8648550510406
760000
min_value:39.99585719916473
time:1540.24156665802
770000
min_value:39.99585719916473
time:1560.4237003326416
780000
min_value:39.99585719916473
time:1580.498441696167
790000
min_value:39.99585719916473
time:1600.638905286789
800000
min_value:39.99585719916473
time:1620.733092546463
810000
min_value:39.99585719916473
time:1640.8164525032043
820000
min_value:39.99585719916473
time:1661.2359642982483
830000
min_value:39.99585719916473
time:1681.630891084671
840000
min_value:39.99585719916473
time:1701.7940199375153
850000
min_value:39.99585719916473
time:1722.1450073719025
860000
min_value:39.99585719916473
time:1742.4943289756775
870000
min_value:39.99585719916473
time:1762.7999424934387
880000
min_value:39.99585719916473
time:1783.2540254592896
890000
min_value:39.99585719916473
time:1803.432620048523
900000
min_value:39.99585719916473
time:1823.6284663677216
910000
min_value:39.99585719916473
time:1843.8942260742188
920000
min_value:39.99585719916473
time:1864.073962688446
930000
min_value:39.99585719916473
time:1884.355542898178
940000
min_value:39.99585719916473
time:1904.5688672065735
950000
min_value:39.99585719916473
time:1924.8150169849396
960000
min_value:39.99585719916473
time:1944.957593202591
970000
min_value:39.99585719916473
time:1965.2135825157166
980000
min_value:39.99585719916473
time:1985.488060951233
990000
min_value:39.99585719916473
time:2005.8693981170654
1000000
min_value:39.99585719916473
time:2026.002422094345
1000000
fvalues:39.99585719916473
time_values:2026.002422094345
./results/subspace-norm/dim:1000000_ord:1_subspace:100_fused:False/proposed/lr:100_reduced_dim:10_sample_size:1_mu:1e-08_step_schedule:constant
10000
min_value:4.782979360562727
time:20.04669737815857
20000
min_value:4.424718110099553
time:40.21383810043335
30000
min_value:4.424718110099553
time:60.33646750450134
40000
min_value:4.424718110099553
time:80.38982844352722
50000
min_value:4.424718110099553
time:100.47552561759949
60000
min_value:4.424718110099553
time:120.59230995178223
70000
min_value:4.424718110099553
time:140.60358953475952
80000
min_value:4.273887762945305
time:160.6794135570526
90000
min_value:4.273887762945305
time:180.68767142295837
100000
min_value:4.273887762945305
time:200.81776309013367
110000
min_value:4.273887762945305
time:220.94255328178406
120000
min_value:4.273887762945305
time:240.97456812858582
130000
min_value:4.273887762945305
time:260.89811301231384
140000
min_value:4.273887762945305
time:280.90752124786377
150000
min_value:4.273887762945305
time:300.8768332004547
160000
min_value:4.273887762945305
time:320.8665552139282
170000
min_value:4.273887762945305
time:340.8579533100128
180000
min_value:4.273887762945305
time:360.9499843120575
190000
min_value:4.273887762945305
time:380.9672212600708
200000
min_value:4.273887762945305
time:401.0253803730011
210000
min_value:4.273887762945305
time:421.08370423316956
220000
min_value:4.273887762945305
time:441.2009792327881
230000
min_value:4.273887762945305
time:461.3185062408447
240000
min_value:4.273887762945305
time:481.54733180999756
250000
min_value:4.273887762945305
time:501.6867427825928
260000
min_value:4.273887762945305
time:521.7923867702484
270000
min_value:4.273887762945305
time:542.0120995044708
280000
min_value:4.273887762945305
time:562.1522431373596
290000
min_value:4.273887762945305
time:582.274092912674
300000
min_value:4.273887762945305
time:602.375869512558
310000
min_value:4.273887762945305
time:622.5414912700653
320000
min_value:4.273887762945305
time:642.6779401302338
330000
min_value:4.273887762945305
time:662.9036161899567
340000
min_value:4.273887762945305
time:683.6506373882294
350000
min_value:4.273887762945305
time:703.9916749000549
360000
min_value:4.273887762945305
time:724.2061476707458
370000
min_value:4.273887762945305
time:744.2864346504211
380000
min_value:4.273887762945305
time:764.2557158470154
390000
min_value:4.273887762945305
time:784.2198021411896
400000
min_value:4.273887762945305
time:804.2894177436829
410000
min_value:4.273887762945305
time:824.3919563293457
420000
min_value:4.273887762945305
time:844.5265121459961
430000
min_value:4.273887762945305
time:864.6580457687378
440000
min_value:4.273887762945305
time:884.7845017910004
450000
min_value:4.273887762945305
time:904.8672993183136
460000
min_value:4.273887762945305
time:924.9849617481232
470000
min_value:4.273887762945305
time:945.1528418064117
480000
min_value:4.273887762945305
time:965.455836057663
490000
min_value:4.273887762945305
time:985.7306244373322
500000
min_value:4.273887762945305
time:1006.027713060379
510000
min_value:4.273887762945305
time:1026.4189763069153
520000
min_value:4.273887762945305
time:1046.8261437416077
530000
min_value:4.246075350935998
time:1067.1219446659088
540000
min_value:4.246075350935998
time:1087.315603017807
550000
min_value:4.246075350935998
time:1107.540239572525
560000
min_value:4.246075350935998
time:1127.7463281154633
570000
min_value:4.246075350935998
time:1148.095309495926
580000
min_value:4.246075350935998
time:1168.5500717163086
590000
min_value:4.246075350935998
time:1188.897894859314
600000
min_value:4.246075350935998
time:1209.2607724666595
610000
min_value:4.246075350935998
time:1229.5875825881958
620000
min_value:4.246075350935998
time:1249.9020953178406
630000
min_value:4.246075350935998
time:1270.1838896274567
640000
min_value:4.246075350935998
time:1290.5544979572296
650000
min_value:4.246075350935998
time:1310.8589520454407
660000
min_value:4.246075350935998
time:1331.0654578208923
670000
min_value:4.246075350935998
time:1351.2950556278229
680000
min_value:4.246075350935998
time:1372.2161376476288
690000
min_value:4.246075350935998
time:1392.507263660431
700000
min_value:4.246075350935998
time:1412.7342903614044
710000
min_value:4.246075350935998
time:1432.7701983451843
720000
min_value:4.246075350935998
time:1452.908533334732
730000
min_value:4.246075350935998
time:1473.1536648273468
740000
min_value:4.246075350935998
time:1493.4305322170258
750000
min_value:4.246075350935998
time:1513.7485716342926
760000
min_value:4.246075350935998
time:1534.0791418552399
770000
min_value:4.246075350935998
time:1554.3785934448242
780000
min_value:4.246075350935998
time:1574.7806160449982
790000
min_value:4.246075350935998
time:1594.9975221157074
800000
min_value:4.246075350935998
time:1615.4596054553986
810000
min_value:4.246075350935998
time:1635.8294787406921
820000
min_value:4.246075350935998
time:1656.1464490890503
830000
min_value:4.246075350935998
time:1676.362627029419
840000
min_value:4.169563349646704
time:1696.5540733337402
850000
min_value:4.169563349646704
time:1716.778132200241
860000
min_value:4.169563349646704
time:1737.0497906208038
870000
min_value:4.169563349646704
time:1757.3230907917023
880000
min_value:4.169563349646704
time:1777.5864470005035
890000
min_value:4.0657110566316765
time:1798.0257830619812
900000
min_value:4.0657110566316765
time:1818.4528975486755
910000
min_value:4.0657110566316765
time:1838.7532448768616
920000
min_value:4.0657110566316765
time:1858.8484797477722
930000
min_value:4.0657110566316765
time:1878.985312461853
940000
min_value:4.0657110566316765
time:1899.016167640686
950000
min_value:4.0657110566316765
time:1919.108677148819
960000
min_value:4.0657110566316765
time:1939.1500453948975
970000
min_value:4.0657110566316765
time:1959.2822778224945
980000
min_value:4.0657110566316765
time:1979.3652336597443
990000
min_value:4.0657110566316765
time:1999.5028686523438
1000000
min_value:4.0657110566316765
time:2019.5530469417572
1000000
fvalues:4.0657110566316765
time_values:2019.5530469417572
