./results/regularized test/dim:1000_ord:1_coef:1_fused:False/proposed/lr:0.0001_reduced_dim:100_sample_size:1_mu:1e-08_step_schedule:constant
10000
min_value:1139.1076749394024
time:12.600028991699219
20000
min_value:838.8505648491357
time:20.63066864013672
30000
min_value:596.3048734514742
time:28.63360595703125
40000
min_value:399.29758893601723
time:36.65415954589844
50000
min_value:238.55838591051972
time:44.710304260253906
60000
min_value:115.00557002849048
time:52.876991271972656
70000
min_value:35.97203798439064
time:60.92168045043945
80000
min_value:9.97143198270961
time:69.01753997802734
90000
min_value:5.394000176460967
time:77.14917755126953
100000
min_value:4.9332204689194805
time:85.32329559326172
110000
min_value:4.9147331549039395
time:93.37188720703125
120000
min_value:4.874985613591839
time:101.43096923828125
130000
min_value:4.848536494543377
time:109.53740692138672
140000
min_value:4.848536494543377
time:117.67772674560547
150000
min_value:4.825941501824588
time:125.96162414550781
160000
min_value:4.825941501824588
time:134.06817626953125
170000
min_value:4.825941501824588
time:142.35426330566406
180000
min_value:4.825941501824588
time:150.73092651367188
190000
min_value:4.796431075301277
time:158.9929962158203
200000
min_value:4.796431075301277
time:167.14291381835938
210000
min_value:4.796431075301277
time:175.29168701171875
220000
min_value:4.796431075301277
time:183.52061462402344
230000
min_value:4.796431075301277
time:191.61972045898438
240000
min_value:4.796431075301277
time:199.77615356445312
250000
min_value:4.796431075301277
time:208.0225067138672
260000
min_value:4.796431075301277
time:216.16371154785156
270000
min_value:4.796431075301277
time:224.2310028076172
280000
min_value:4.796431075301277
time:232.34812927246094
290000
min_value:4.796431075301277
time:240.63580322265625
300000
min_value:4.796431075301277
time:248.88632202148438
310000
min_value:4.796431075301277
time:257.0252380371094
320000
min_value:4.796431075301277
time:265.3144836425781
330000
min_value:4.796431075301277
time:273.6164245605469
340000
min_value:4.796431075301277
time:281.7926330566406
350000
min_value:4.782046478151324
time:290.0411376953125
360000
min_value:4.782046478151324
time:298.21893310546875
370000
min_value:4.782046478151324
time:306.448486328125
380000
min_value:4.782046478151324
time:314.63421630859375
390000
min_value:4.782046478151324
time:322.817626953125
400000
min_value:4.782046478151324
time:331.2668151855469
410000
min_value:4.782046478151324
time:339.4645080566406
420000
min_value:4.782046478151324
time:347.70318603515625
430000
min_value:4.782046478151324
time:355.970458984375
440000
min_value:4.782046478151324
time:364.2781677246094
450000
min_value:4.782046478151324
time:372.5762634277344
460000
min_value:4.782046478151324
time:380.8663024902344
470000
min_value:4.782046478151324
time:389.16943359375
480000
min_value:4.782046478151324
time:397.4840087890625
490000
min_value:4.782046478151324
time:405.8210754394531
500000
min_value:4.782046478151324
time:414.1514587402344
500000
fvalues:4.782046478151324
time_values:414.1514587402344
10000
min_value:1142.0109653270297
time:8.406689643859863
20000
min_value:849.1063889198853
time:16.56839942932129
30000
min_value:607.8129262247414
time:24.828960418701172
40000
min_value:410.04684925269555
time:33.01713943481445
50000
min_value:245.2398647806269
time:41.16165542602539
60000
min_value:114.0996321750792
time:49.44084167480469
70000
min_value:35.09842213001283
time:57.68319320678711
80000
min_value:8.582134026716982
time:66.03833770751953
90000
min_value:5.108174993435829
time:74.36813354492188
100000
min_value:4.861558901818482
time:82.54447174072266
110000
min_value:4.861558901818482
time:90.66708374023438
120000
min_value:4.861558901818482
time:98.8139877319336
130000
min_value:4.8593515068518665
time:106.9593734741211
140000
min_value:4.8593515068518665
time:115.2735824584961
150000
min_value:4.85905218326765
time:123.4615478515625
160000
min_value:4.841137359047263
time:131.666748046875
170000
min_value:4.828800016633417
time:139.98194885253906
180000
min_value:4.828800016633417
time:148.24436950683594
190000
min_value:4.815575667487423
time:156.5165557861328
200000
min_value:4.795612195282672
time:164.855224609375
210000
min_value:4.795612195282672
time:173.3955535888672
220000
min_value:4.794863641649194
time:181.5523681640625
230000
min_value:4.794863641649194
time:189.68707275390625
240000
min_value:4.794863641649194
time:197.8345947265625
250000
min_value:4.794863641649194
time:205.98146057128906
260000
min_value:4.794863641649194
time:214.114013671875
270000
min_value:4.794863641649194
time:222.25257873535156
280000
min_value:4.794863641649194
time:230.38729858398438
290000
min_value:4.794863641649194
time:238.5273895263672
300000
min_value:4.794863641649194
time:246.67506408691406
310000
min_value:4.794863641649194
time:254.8062286376953
320000
min_value:4.794863641649194
time:262.9336853027344
330000
min_value:4.794863641649194
time:271.0604553222656
340000
min_value:4.794863641649194
time:279.18572998046875
350000
min_value:4.794863641649194
time:287.32415771484375
360000
min_value:4.794863641649194
time:295.45831298828125
370000
min_value:4.794863641649194
time:303.5957946777344
380000
min_value:4.794863641649194
time:311.7142639160156
390000
min_value:4.794863641649194
time:319.8408203125
400000
min_value:4.794863641649194
time:328.0101318359375
410000
min_value:4.794863641649194
time:336.13629150390625
420000
min_value:4.794863641649194
time:344.2713928222656
430000
min_value:4.794863641649194
time:352.4208679199219
440000
min_value:4.794863641649194
time:360.5533142089844
450000
min_value:4.794863641649194
time:368.6778869628906
460000
min_value:4.794863641649194
time:376.8166809082031
470000
min_value:4.794863641649194
time:384.9494323730469
480000
min_value:4.794863641649194
time:393.09515380859375
490000
min_value:4.794863641649194
time:401.2408752441406
500000
min_value:4.794863641649194
time:409.3728942871094
500000
fvalues:4.794863641649194
time_values:409.3728942871094
10000
min_value:1138.9278402154232
time:8.179195404052734
20000
min_value:836.7592258804204
time:16.25680923461914
30000
min_value:590.1365369525562
time:24.344749450683594
40000
min_value:389.0518328461626
time:32.48419952392578
50000
min_value:227.59850811725093
time:40.75440979003906
60000
min_value:102.87590514385998
time:48.96826171875
70000
min_value:29.444779268223883
time:57.207149505615234
80000
min_value:8.189641845246191
time:65.51762390136719
90000
min_value:5.320041532070967
time:73.84400177001953
100000
min_value:4.9787211759954975
time:81.98973083496094
110000
min_value:4.822435924523129
time:90.1190414428711
120000
min_value:4.822435924523129
time:98.27799987792969
130000
min_value:4.822435924523129
time:106.43608093261719
140000
min_value:4.822435924523129
time:114.5525131225586
150000
min_value:4.822435924523129
time:122.71334075927734
160000
min_value:4.822435924523129
time:130.93382263183594
170000
min_value:4.822435924523129
time:139.06826782226562
180000
min_value:4.822435924523129
time:147.20608520507812
190000
min_value:4.822435924523129
time:155.39569091796875
200000
min_value:4.822435924523129
time:163.9115447998047
210000
min_value:4.822435924523129
time:172.3290557861328
220000
min_value:4.822435924523129
time:180.69334411621094
230000
min_value:4.822435924523129
time:189.0184783935547
240000
min_value:4.822435924523129
time:197.288330078125
250000
min_value:4.822435924523129
time:205.52139282226562
260000
min_value:4.822435924523129
time:213.78953552246094
270000
min_value:4.822435924523129
time:222.0199737548828
280000
min_value:4.822435924523129
time:230.3997039794922
290000
min_value:4.822435924523129
time:238.64346313476562
300000
min_value:4.822435924523129
time:246.9705810546875
310000
min_value:4.822435924523129
time:255.26565551757812
320000
min_value:4.822435924523129
time:263.5673522949219
330000
min_value:4.777321805562676
time:271.9486389160156
340000
min_value:4.767598630115705
time:280.49371337890625
350000
min_value:4.767598630115705
time:289.02960205078125
360000
min_value:4.767598630115705
time:297.56439208984375
370000
min_value:4.767598630115705
time:306.07354736328125
380000
min_value:4.767598630115705
time:314.638427734375
390000
min_value:4.767598630115705
time:323.1971740722656
400000
min_value:4.767598630115705
time:331.6748962402344
410000
min_value:4.767598630115705
time:340.14410400390625
420000
min_value:4.767598630115705
time:348.6072692871094
430000
min_value:4.767598630115705
time:357.14208984375
440000
min_value:4.767598630115705
time:365.6921691894531
450000
min_value:4.767598630115705
time:374.2969055175781
460000
min_value:4.767598630115705
time:382.794189453125
470000
min_value:4.767598630115705
time:391.3333435058594
480000
min_value:4.767598630115705
time:399.7332458496094
490000
min_value:4.767598630115705
time:408.1354064941406
500000
min_value:4.767598630115705
time:416.6095275878906
500000
fvalues:4.767598630115705
time_values:416.6095275878906
10000
min_value:1135.1966568745402
time:8.466331481933594
20000
min_value:837.7679699355134
time:16.932832717895508
30000
min_value:595.9430967833991
time:25.33171844482422
40000
min_value:397.95180249905206
time:33.80567932128906
50000
min_value:235.00473465134803
time:42.36077880859375
60000
min_value:107.4989215210148
time:50.96142578125
70000
min_value:31.137949492850993
time:59.50759506225586
80000
min_value:7.695350818336623
time:68.11124420166016
90000
min_value:5.177404145759341
time:76.68994140625
100000
min_value:4.981630562256515
time:85.49970245361328
110000
min_value:4.981630562256515
time:94.18231201171875
120000
min_value:4.867043709946516
time:102.89749908447266
130000
min_value:4.867043709946516
time:111.58779907226562
140000
min_value:4.867043709946516
time:120.26827239990234
150000
min_value:4.867043709946516
time:129.04649353027344
160000
min_value:4.8560892946975285
time:137.8157196044922
170000
min_value:4.8560892946975285
time:146.50799560546875
180000
min_value:4.8560892946975285
time:155.14999389648438
190000
min_value:4.8560892946975285
time:163.82760620117188
200000
min_value:4.8560892946975285
time:172.48500061035156
210000
min_value:4.8560892946975285
time:181.18185424804688
220000
min_value:4.8560892946975285
time:189.84312438964844
230000
min_value:4.8560892946975285
time:198.50213623046875
240000
min_value:4.8560892946975285
time:207.2114715576172
250000
min_value:4.8560892946975285
time:215.98422241210938
260000
min_value:4.8560892946975285
time:224.66458129882812
270000
min_value:4.8560892946975285
time:233.27944946289062
280000
min_value:4.794837618660865
time:241.8913116455078
290000
min_value:4.794837618660865
time:250.59066772460938
300000
min_value:4.794837618660865
time:259.34295654296875
310000
min_value:4.794837618660865
time:267.9903564453125
320000
min_value:4.794837618660865
time:276.6142272949219
330000
min_value:4.794837618660865
time:285.2322998046875
340000
min_value:4.794837618660865
time:293.9250793457031
350000
min_value:4.794837618660865
time:302.7221984863281
360000
min_value:4.794837618660865
time:311.4188537597656
370000
min_value:4.794837618660865
time:320.11956787109375
380000
min_value:4.794837618660865
time:328.84619140625
390000
min_value:4.794837618660865
time:337.4975280761719
400000
min_value:4.794837618660865
time:346.2244873046875
410000
min_value:4.794837618660865
time:354.8956604003906
420000
min_value:4.794837618660865
time:363.6308898925781
430000
min_value:4.794837618660865
time:372.302001953125
440000
min_value:4.794837618660865
time:381.0650634765625
450000
min_value:4.794837618660865
time:389.7876892089844
460000
min_value:4.794837618660865
time:398.3974914550781
470000
min_value:4.794837618660865
time:407.0639343261719
480000
min_value:4.794837618660865
time:415.8262939453125
490000
min_value:4.794837618660865
time:424.6143798828125
500000
min_value:4.794837618660865
time:433.3680114746094
500000
fvalues:4.794837618660865
time_values:433.3680114746094
10000
min_value:1139.2909989011264
time:8.72648811340332
20000
min_value:847.5934287695712
time:17.45705795288086
30000
min_value:603.670198341146
time:26.064838409423828
40000
min_value:405.3182397807429
time:34.72572708129883
50000
min_value:238.3778846041477
time:43.45419692993164
60000
min_value:110.21324066834562
time:52.07781982421875
70000
min_value:33.979883948785485
time:60.84815216064453
80000
min_value:9.112822200837368
time:69.51690673828125
90000
min_value:5.3360951049470895
time:78.2513198852539
100000
min_value:4.943956876466148
time:86.98914337158203
110000
min_value:4.835504127620025
time:95.61398315429688
120000
min_value:4.835504127620025
time:104.18621063232422
130000
min_value:4.835504127620025
time:112.7546615600586
140000
min_value:4.835504127620025
time:121.36931610107422
150000
min_value:4.835504127620025
time:129.96644592285156
160000
min_value:4.834254846321686
time:138.55685424804688
170000
min_value:4.834254846321686
time:147.234130859375
180000
min_value:4.834254846321686
time:155.96112060546875
190000
min_value:4.834254846321686
time:164.9134063720703
200000
min_value:4.834254846321686
time:173.68641662597656
210000
min_value:4.834254846321686
time:182.32827758789062
220000
min_value:4.834254846321686
time:190.94790649414062
230000
min_value:4.834254846321686
time:199.68148803710938
240000
min_value:4.834254846321686
time:208.35153198242188
250000
min_value:4.834254846321686
time:217.1334686279297
260000
min_value:4.834254846321686
time:225.86700439453125
270000
min_value:4.834254846321686
time:234.71446228027344
280000
min_value:4.746857205913948
time:243.61407470703125
290000
min_value:4.746857205913948
time:252.406982421875
300000
min_value:4.746857205913948
time:261.0880126953125
310000
min_value:4.746857205913948
time:269.8515319824219
320000
min_value:4.746857205913948
time:278.5176696777344
330000
min_value:4.746857205913948
time:287.21563720703125
340000
min_value:4.746857205913948
time:295.95806884765625
350000
min_value:4.746857205913948
time:304.58831787109375
360000
min_value:4.746857205913948
time:313.23272705078125
370000
min_value:4.746857205913948
time:321.8216247558594
380000
min_value:4.746857205913948
time:330.3906555175781
390000
min_value:4.746857205913948
time:339.047607421875
400000
min_value:4.746857205913948
time:347.7819519042969
410000
min_value:4.746857205913948
time:356.5006103515625
420000
min_value:4.746857205913948
time:365.21484375
430000
min_value:4.746857205913948
time:373.84619140625
440000
min_value:4.746857205913948
time:382.74090576171875
450000
min_value:4.746857205913948
time:391.43572998046875
460000
min_value:4.746857205913948
time:400.08441162109375
470000
min_value:4.746857205913948
time:408.77850341796875
480000
min_value:4.746857205913948
time:417.5050964355469
490000
min_value:4.746857205913948
time:426.13189697265625
500000
min_value:4.746857205913948
time:434.9006042480469
500000
fvalues:4.746857205913948
time_values:434.9006042480469
10000
min_value:1130.130926439948
time:8.78109359741211
20000
min_value:837.4750384829593
time:17.45440101623535
30000
min_value:598.4893666010474
time:26.226537704467773
40000
min_value:401.42631902971965
time:34.82929229736328
50000
min_value:240.5132918505475
time:43.77711486816406
60000
min_value:112.83477626381843
time:52.52669906616211
70000
min_value:35.551999757679205
time:61.21015930175781
80000
min_value:10.110923045700137
time:69.8675308227539
90000
min_value:5.479321243441513
time:78.6074447631836
100000
min_value:4.8964493119893335
time:87.45796203613281
110000
min_value:4.8964493119893335
time:96.26626586914062
120000
min_value:4.779838556365658
time:104.99972534179688
130000
min_value:4.779838556365658
time:113.64677429199219
140000
min_value:4.779838556365658
time:122.40805053710938
150000
min_value:4.779838556365658
time:131.076171875
160000
min_value:4.779838556365658
time:139.7802734375
170000
min_value:4.779838556365658
time:148.55459594726562
180000
min_value:4.779838556365658
time:157.32591247558594
190000
min_value:4.779838556365658
time:166.04298400878906
200000
min_value:4.779838556365658
time:174.83157348632812
210000
min_value:4.779838556365658
time:183.47232055664062
220000
min_value:4.779838556365658
time:192.09539794921875
230000
min_value:4.779838556365658
time:200.8881378173828
240000
min_value:4.779838556365658
time:209.6332550048828
250000
min_value:4.779838556365658
time:218.32901000976562
260000
min_value:4.779838556365658
time:226.93185424804688
270000
min_value:4.779838556365658
time:235.58447265625
280000
min_value:4.779838556365658
time:244.1665802001953
290000
min_value:4.779838556365658
time:252.7781982421875
300000
min_value:4.779838556365658
time:261.35986328125
310000
min_value:4.779838556365658
time:270.1570129394531
320000
min_value:4.779838556365658
time:278.8180236816406
330000
min_value:4.779838556365658
time:287.3940734863281
340000
min_value:4.779838556365658
time:295.9745178222656
350000
min_value:4.779838556365658
time:304.545654296875
360000
min_value:4.779838556365658
time:313.13525390625
370000
min_value:4.779838556365658
time:321.72760009765625
380000
min_value:4.779838556365658
time:330.3120422363281
390000
min_value:4.779838556365658
time:338.91943359375
400000
min_value:4.779838556365658
time:347.51568603515625
410000
min_value:4.779838556365658
time:356.1419677734375
420000
min_value:4.779838556365658
time:364.724365234375
430000
min_value:4.779838556365658
time:373.30352783203125
440000
min_value:4.779838556365658
time:381.89788818359375
450000
min_value:4.779838556365658
time:390.4998474121094
460000
min_value:4.779838556365658
time:399.085693359375
470000
min_value:4.779838556365658
time:407.671630859375
480000
min_value:4.779838556365658
time:416.271240234375
490000
min_value:4.779838556365658
time:424.8523864746094
500000
min_value:4.779838556365658
time:433.4519958496094
500000
fvalues:4.779838556365658
time_values:433.4519958496094
10000
min_value:1137.085884602801
time:8.600153923034668
20000
min_value:840.98022234023
time:17.112491607666016
30000
min_value:598.6889085756461
time:25.65030860900879
40000
min_value:401.0482785098707
time:34.36079025268555
50000
min_value:237.27826669199027
time:42.98241424560547
60000
min_value:111.41553992387179
time:51.55987548828125
70000
min_value:34.5160882666073
time:60.130470275878906
80000
min_value:8.398506148913697
time:68.72093963623047
90000
min_value:5.2840482636932595
time:77.32207489013672
100000
min_value:4.913414423111507
time:85.94229888916016
110000
min_value:4.913414423111507
time:94.56961822509766
120000
min_value:4.855110049835769
time:103.21290588378906
130000
min_value:4.804378487585302
time:111.90052032470703
140000
min_value:4.804378487585302
time:120.64442443847656
150000
min_value:4.804378487585302
time:129.4325408935547
160000
min_value:4.804378487585302
time:138.19686889648438
170000
min_value:4.804378487585302
time:146.82977294921875
180000
min_value:4.804378487585302
time:155.53846740722656
190000
min_value:4.804378487585302
time:164.23907470703125
200000
min_value:4.804378487585302
time:172.9020538330078
210000
min_value:4.804378487585302
time:181.48252868652344
220000
min_value:4.804378487585302
time:190.09010314941406
230000
min_value:4.804378487585302
time:198.69461059570312
240000
min_value:4.804378487585302
time:207.28993225097656
250000
min_value:4.804378487585302
time:215.8667755126953
260000
min_value:4.804378487585302
time:224.4741668701172
270000
min_value:4.792139176253991
time:233.09817504882812
280000
min_value:4.792139176253991
time:241.75042724609375
290000
min_value:4.792139176253991
time:250.34559631347656
300000
min_value:4.792139176253991
time:258.9454650878906
310000
min_value:4.792139176253991
time:267.5403137207031
320000
min_value:4.7759091525250845
time:276.1414489746094
330000
min_value:4.7759091525250845
time:284.74725341796875
340000
min_value:4.7759091525250845
time:293.33599853515625
350000
min_value:4.7759091525250845
time:301.9252624511719
360000
min_value:4.7759091525250845
time:310.7210998535156
370000
min_value:4.7759091525250845
time:319.46881103515625
380000
min_value:4.7759091525250845
time:328.1634216308594
390000
min_value:4.7759091525250845
time:336.9300842285156
400000
min_value:4.7759091525250845
time:345.65960693359375
410000
min_value:4.7759091525250845
time:354.3011779785156
420000
min_value:4.7759091525250845
time:363.1267395019531
430000
min_value:4.7759091525250845
time:371.77593994140625
440000
min_value:4.7759091525250845
time:380.4552307128906
450000
min_value:4.7759091525250845
time:389.1373596191406
460000
min_value:4.7759091525250845
time:397.7944641113281
470000
min_value:4.7759091525250845
time:406.41583251953125
480000
min_value:4.7759091525250845
time:415.0269470214844
490000
min_value:4.7759091525250845
time:423.7112121582031
500000
min_value:4.7759091525250845
time:432.3923034667969
500000
fvalues:4.7759091525250845
time_values:432.3923034667969
10000
min_value:1133.5162612353954
time:8.649202346801758
20000
min_value:836.668203019311
time:17.214981079101562
30000
min_value:594.6126468458783
time:25.779979705810547
40000
min_value:398.0894982202593
time:34.30452346801758
50000
min_value:236.75413147933125
time:42.88253402709961
60000
min_value:109.00222954955026
time:51.474754333496094
70000
min_value:32.54917489439143
time:60.060916900634766
80000
min_value:8.032143459226106
time:68.63780212402344
90000
min_value:5.314176662411388
time:77.22315216064453
100000
min_value:4.755917219281688
time:85.80548095703125
110000
min_value:4.755917219281688
time:94.39635467529297
120000
min_value:4.755917219281688
time:102.99580383300781
130000
min_value:4.755917219281688
time:111.64892578125
140000
min_value:4.755917219281688
time:120.3570556640625
150000
min_value:4.755917219281688
time:129.03433227539062
160000
min_value:4.755917219281688
time:137.620849609375
170000
min_value:4.755917219281688
time:146.22581481933594
180000
min_value:4.755917219281688
time:154.82022094726562
190000
min_value:4.755917219281688
time:163.40504455566406
200000
min_value:4.755917219281688
time:172.0032958984375
210000
min_value:4.755917219281688
time:180.6292266845703
220000
min_value:4.755917219281688
time:189.23419189453125
230000
min_value:4.755917219281688
time:197.8831787109375
240000
min_value:4.755917219281688
time:206.4700469970703
250000
min_value:4.755917219281688
time:215.1508026123047
260000
min_value:4.755917219281688
time:223.74830627441406
270000
min_value:4.755917219281688
time:232.36082458496094
280000
min_value:4.755917219281688
time:240.85235595703125
290000
min_value:4.722264881062266
time:249.37596130371094
300000
min_value:4.722264881062266
time:257.89947509765625
310000
min_value:4.722264881062266
time:266.3975524902344
320000
min_value:4.722264881062266
time:275.0251770019531
330000
min_value:4.722264881062266
time:283.5803527832031
340000
min_value:4.722264881062266
time:292.17535400390625
350000
min_value:4.722264881062266
time:300.6913757324219
360000
min_value:4.722264881062266
time:309.29229736328125
370000
min_value:4.722264881062266
time:317.7891540527344
380000
min_value:4.722264881062266
time:326.3172302246094
390000
min_value:4.722264881062266
time:334.885498046875
400000
min_value:4.722264881062266
time:343.4413146972656
410000
min_value:4.722264881062266
time:352.08563232421875
420000
min_value:4.722264881062266
time:360.7867736816406
430000
min_value:4.722264881062266
time:369.4545593261719
440000
min_value:4.722264881062266
time:378.0368957519531
450000
min_value:4.722264881062266
time:386.69635009765625
460000
min_value:4.722264881062266
time:395.3263244628906
470000
min_value:4.722264881062266
time:403.978271484375
480000
min_value:4.722264881062266
time:412.59405517578125
490000
min_value:4.722264881062266
time:421.2000732421875
500000
min_value:4.722264881062266
time:429.8297424316406
500000
fvalues:4.722264881062266
time_values:429.8297424316406
10000
min_value:1141.7890747611536
time:8.476509094238281
20000
min_value:842.2148421037228
time:17.127365112304688
30000
min_value:599.8100877527284
time:25.708717346191406
40000
min_value:400.4932936965253
time:34.18042755126953
50000
min_value:236.2425946013749
time:42.77177429199219
60000
min_value:108.14984480934947
time:51.3841667175293
70000
min_value:31.353188268145132
time:59.91383361816406
80000
min_value:8.228872193520564
time:68.48495483398438
90000
min_value:5.086225340677263
time:76.99832916259766
100000
min_value:4.987265437561921
time:85.58138275146484
110000
min_value:4.9078677656085725
time:94.05215454101562
120000
min_value:4.9078677656085725
time:102.55455017089844
130000
min_value:4.887256162910984
time:111.03540802001953
140000
min_value:4.804304437483974
time:119.63841247558594
150000
min_value:4.804304437483974
time:128.1532440185547
160000
min_value:4.804304437483974
time:136.64112854003906
170000
min_value:4.804304437483974
time:145.12013244628906
180000
min_value:4.804304437483974
time:153.6112060546875
190000
min_value:4.804304437483974
time:162.13050842285156
200000
min_value:4.804304437483974
time:170.85269165039062
210000
min_value:4.804304437483974
time:179.45352172851562
220000
min_value:4.804304437483974
time:187.93728637695312
230000
min_value:4.804304437483974
time:196.48353576660156
240000
min_value:4.804304437483974
time:205.0427703857422
250000
min_value:4.804304437483974
time:213.60232543945312
260000
min_value:4.804304437483974
time:222.10691833496094
270000
min_value:4.804304437483974
time:230.678955078125
280000
min_value:4.804304437483974
time:239.32749938964844
290000
min_value:4.804304437483974
time:248.1416015625
300000
min_value:4.804304437483974
time:256.8052978515625
310000
min_value:4.804304437483974
time:265.3712158203125
320000
min_value:4.804304437483974
time:273.88031005859375
330000
min_value:4.804304437483974
time:282.4862365722656
340000
min_value:4.804304437483974
time:291.0942077636719
350000
min_value:4.804304437483974
time:299.5755920410156
360000
min_value:4.791100193119882
time:308.1662902832031
370000
min_value:4.791100193119882
time:316.7407531738281
380000
min_value:4.791100193119882
time:325.3442077636719
390000
min_value:4.791100193119882
time:333.8658142089844
400000
min_value:4.791100193119882
time:342.4194030761719
410000
min_value:4.791100193119882
time:350.9231872558594
420000
min_value:4.791100193119882
time:359.449462890625
430000
min_value:4.791100193119882
time:368.07159423828125
440000
min_value:4.791100193119882
time:376.6191101074219
450000
min_value:4.791100193119882
time:385.2375183105469
460000
min_value:4.791100193119882
time:393.6999816894531
470000
min_value:4.791100193119882
time:402.23919677734375
480000
min_value:4.752482632492296
time:410.7653503417969
490000
min_value:4.752482632492296
time:419.3890686035156
500000
min_value:4.752482632492296
time:428.2037353515625
500000
fvalues:4.752482632492296
time_values:428.2037353515625
10000
min_value:1142.8568726422554
time:8.883933067321777
20000
min_value:846.6552086339116
time:17.421924591064453
30000
min_value:606.5452865336941
time:25.96978759765625
40000
min_value:408.8892633379887
time:34.4315185546875
50000
min_value:244.1908351045867
time:42.973915100097656
60000
min_value:114.16862463046402
time:51.51486587524414
70000
min_value:37.197364660790804
time:60.14065170288086
80000
min_value:9.66601459836447
time:68.68663787841797
90000
min_value:5.234980520909348
time:77.34845733642578
100000
min_value:4.952647911295774
time:85.92489624023438
110000
min_value:4.877263774727628
time:94.57039642333984
120000
min_value:4.877263774727628
time:103.16507720947266
130000
min_value:4.877263774727628
time:111.87789916992188
140000
min_value:4.877263774727628
time:120.87224578857422
150000
min_value:4.826364329250616
time:129.52239990234375
160000
min_value:4.826364329250616
time:138.20973205566406
170000
min_value:4.826364329250616
time:147.0163116455078
180000
min_value:4.826364329250616
time:155.76663208007812
190000
min_value:4.826364329250616
time:164.52438354492188
200000
min_value:4.826364329250616
time:173.12008666992188
210000
min_value:4.826364329250616
time:181.9140167236328
220000
min_value:4.826364329250616
time:190.4908905029297
230000
min_value:4.826364329250616
time:199.08106994628906
240000
min_value:4.826364329250616
time:207.8505096435547
250000
min_value:4.826364329250616
time:216.58880615234375
260000
min_value:4.826364329250616
time:225.21051025390625
270000
min_value:4.826364329250616
time:233.891845703125
280000
min_value:4.826364329250616
time:242.5909423828125
290000
min_value:4.826364329250616
time:251.348876953125
300000
min_value:4.8244870015628205
time:260.0762939453125
310000
min_value:4.8244870015628205
time:268.76702880859375
320000
min_value:4.8244870015628205
time:277.4332275390625
330000
min_value:4.8244870015628205
time:286.11492919921875
340000
min_value:4.8244870015628205
time:294.74420166015625
350000
min_value:4.8244870015628205
time:303.4620056152344
360000
min_value:4.8244870015628205
time:312.1090087890625
370000
min_value:4.8244870015628205
time:320.8919372558594
380000
min_value:4.8244870015628205
time:329.56829833984375
390000
min_value:4.8244870015628205
time:338.33233642578125
400000
min_value:4.786896691697435
time:346.9379577636719
410000
min_value:4.786896691697435
time:355.57684326171875
420000
min_value:4.786896691697435
time:364.2246398925781
430000
min_value:4.786896691697435
time:372.7823181152344
440000
min_value:4.786896691697435
time:381.3983154296875
450000
min_value:4.786896691697435
time:389.9698791503906
460000
min_value:4.786896691697435
time:398.5676574707031
470000
min_value:4.786896691697435
time:407.2659606933594
480000
min_value:4.786896691697435
time:416.0771789550781
490000
min_value:4.786896691697435
time:424.7381286621094
500000
min_value:4.786896691697435
time:433.4620666503906
500000
fvalues:4.786896691697435
time_values:433.4620666503906
