./results/subspace-norm/dim:1000000_ord:1_subspace:100_fused:False/RGF/lr:0.001_sample_size:1_mu:1e-08_step_schedule:constant
10000
min_value:4.283513752334453
time:5.860561370849609
20000
min_value:4.1916679886543164
time:11.680657386779785
30000
min_value:4.179349080057226
time:17.360136032104492
40000
min_value:4.155949946029373
time:23.122270584106445
50000
min_value:3.9647490701077963
time:28.94598126411438
60000
min_value:3.9647490701077963
time:34.789700984954834
70000
min_value:3.9647490701077963
time:40.49229645729065
80000
min_value:3.9647490701077963
time:46.22109818458557
90000
min_value:3.9647490701077963
time:51.9375376701355
100000
min_value:3.9647490701077963
time:57.69753813743591
110000
min_value:3.9647490701077963
time:63.523388147354126
120000
min_value:3.9647490701077963
time:69.27775406837463
130000
min_value:3.9647490701077963
time:75.04747104644775
140000
min_value:3.8677377645057867
time:80.87625861167908
150000
min_value:3.8677377645057867
time:86.7040798664093
160000
min_value:3.8677377645057867
time:92.57516384124756
170000
min_value:3.8677377645057867
time:98.41808724403381
180000
min_value:3.8677377645057867
time:104.29345417022705
190000
min_value:3.8677377645057867
time:110.10346126556396
200000
min_value:3.8677377645057867
time:115.94982290267944
210000
min_value:3.8677377645057867
time:121.81371545791626
220000
min_value:3.8677377645057867
time:127.62743973731995
230000
min_value:3.8677377645057867
time:133.39835906028748
240000
min_value:3.8677377645057867
time:139.21889805793762
250000
min_value:3.8677377645057867
time:145.02231001853943
260000
min_value:3.8677377645057867
time:150.84149384498596
270000
min_value:3.8677377645057867
time:156.66490054130554
280000
min_value:3.8677377645057867
time:162.4976532459259
290000
min_value:3.8677377645057867
time:168.3392403125763
300000
min_value:3.8677377645057867
time:174.1799075603485
310000
min_value:3.8677377645057867
time:179.98939776420593
320000
min_value:3.8677377645057867
time:185.83526158332825
330000
min_value:3.8677377645057867
time:191.65782237052917
340000
min_value:3.8677377645057867
time:197.54213094711304
350000
min_value:3.8677377645057867
time:203.33375883102417
360000
min_value:3.8677377645057867
time:209.21113395690918
370000
min_value:3.8677377645057867
time:215.1098792552948
380000
min_value:3.8677377645057867
time:220.97710537910461
390000
min_value:3.8677377645057867
time:226.9071080684662
400000
min_value:3.8677377645057867
time:232.8216290473938
410000
min_value:3.8677377645057867
time:238.72898268699646
420000
min_value:3.8677377645057867
time:244.59453558921814
430000
min_value:3.8677377645057867
time:250.41791367530823
440000
min_value:3.8677377645057867
time:256.29605293273926
450000
min_value:3.8677377645057867
time:262.09373450279236
460000
min_value:3.8677377645057867
time:267.9282944202423
470000
min_value:3.8677377645057867
time:273.8348228931427
480000
min_value:3.8677377645057867
time:279.6440541744232
490000
min_value:3.8677377645057867
time:285.4470775127411
500000
min_value:3.8677377645057867
time:291.3304488658905
510000
min_value:3.8677377645057867
time:297.196973323822
520000
min_value:3.8677377645057867
time:303.00547528266907
530000
min_value:3.8352111210792406
time:308.8455352783203
540000
min_value:3.8352111210792406
time:314.7143316268921
550000
min_value:3.8352111210792406
time:320.5245695114136
560000
min_value:3.8352111210792406
time:326.3849985599518
570000
min_value:3.8352111210792406
time:332.27260637283325
580000
min_value:3.8352111210792406
time:338.15707063674927
590000
min_value:3.8352111210792406
time:343.94839215278625
600000
min_value:3.8352111210792406
time:349.78148078918457
610000
min_value:3.8352111210792406
time:355.64966225624084
620000
min_value:3.8352111210792406
time:361.5260946750641
630000
min_value:3.8352111210792406
time:367.4167904853821
640000
min_value:3.8352111210792406
time:373.2861189842224
650000
min_value:3.8352111210792406
time:379.1334800720215
660000
min_value:3.8352111210792406
time:385.04298186302185
670000
min_value:3.8352111210792406
time:390.81492137908936
680000
min_value:3.8352111210792406
time:396.57851457595825
690000
min_value:3.824911118771367
time:402.38981437683105
700000
min_value:3.824911118771367
time:408.2113916873932
710000
min_value:3.824911118771367
time:414.0205113887787
720000
min_value:3.824911118771367
time:419.81785345077515
730000
min_value:3.824911118771367
time:425.5779461860657
740000
min_value:3.824911118771367
time:431.3687756061554
750000
min_value:3.824911118771367
time:437.1214621067047
760000
min_value:3.824911118771367
time:442.9058291912079
770000
min_value:3.824911118771367
time:448.72930550575256
780000
min_value:3.824911118771367
time:454.5129511356354
790000
min_value:3.824911118771367
time:460.2663516998291
800000
min_value:3.824911118771367
time:466.0246787071228
810000
min_value:3.824911118771367
time:471.78597617149353
820000
min_value:3.824911118771367
time:477.58496499061584
830000
min_value:3.824911118771367
time:483.37224316596985
840000
min_value:3.824911118771367
time:489.2480549812317
850000
min_value:3.824911118771367
time:495.03314661979675
860000
min_value:3.824911118771367
time:500.7934772968292
870000
min_value:3.824911118771367
time:506.56053733825684
880000
min_value:3.824911118771367
time:512.3644032478333
890000
min_value:3.824911118771367
time:518.1227071285248
900000
min_value:3.824911118771367
time:523.9811856746674
910000
min_value:3.824911118771367
time:529.8208916187286
920000
min_value:3.824911118771367
time:535.561975479126
930000
min_value:3.824911118771367
time:541.339519739151
940000
min_value:3.824911118771367
time:547.2070782184601
950000
min_value:3.824911118771367
time:552.9819133281708
960000
min_value:3.809488227727324
time:558.777658700943
970000
min_value:3.809488227727324
time:564.6013979911804
980000
min_value:3.809488227727324
time:570.4239876270294
990000
min_value:3.809488227727324
time:576.1597447395325
1000000
min_value:3.809488227727324
time:581.9100799560547
1000000
fvalues:3.809488227727324
time_values:581.9100799560547
