./results/subspace-norm/dim:1000000_ord:1_subspace:100_fused:False/proposed/lr:100_reduced_dim:10_sample_size:20_mu:1e-05_step_schedule:decreasing-half
10000
min_value:80.23293361078919
time:120.27284693717957
20000
min_value:72.00249039837858
time:236.83426785469055
30000
min_value:65.6536678051792
time:353.3041481971741
40000
min_value:60.26198772514908
time:469.8800733089447
50000
min_value:55.52989025764288
time:586.1873233318329
60000
min_value:51.247992399245724
time:702.5894079208374
70000
min_value:47.32492526304018
time:818.7933905124664
80000
min_value:43.657044308465004
time:935.127240896225
90000
min_value:40.23983928960871
time:1051.1017262935638
100000
min_value:36.96021242199947
time:1167.30526638031
110000
min_value:33.89671756988909
time:1283.7106580734253
120000
min_value:30.942817435583894
time:1399.8466260433197
130000
min_value:28.13172067188436
time:1516.2741167545319
140000
min_value:25.380424904866594
time:1632.2849774360657
150000
min_value:22.752705851929306
time:1748.2327604293823
160000
min_value:20.210300782097345
time:1864.3838136196136
170000
min_value:17.72891529735078
time:1980.8793070316315
180000
min_value:15.319043314185768
time:2096.8580996990204
190000
min_value:13.002010155228268
time:2212.762701511383
200000
min_value:10.716793233898814
time:2328.810827255249
210000
min_value:8.499541419345785
time:2444.900175333023
220000
min_value:6.346497966203502
time:2560.9455754756927
230000
min_value:4.256184506456133
time:2677.458575487137
240000
min_value:2.18932147841793
time:2793.8333053588867
250000
min_value:0.5931666898493753
time:2910.042359352112
260000
min_value:0.08819185229039267
time:3026.379464864731
270000
min_value:0.0011737580529258
time:3142.6352512836456
280000
min_value:0.0011154430244005153
time:3258.808227777481
290000
min_value:0.0011004458541816202
time:3375.0429861545563
300000
min_value:0.0010884749076517319
time:3491.4528114795685
310000
min_value:0.0010296224040638173
time:3607.428695678711
320000
min_value:0.0010296224040638173
time:3723.6067430973053
330000
min_value:0.0010296224040638173
time:3840.025254011154
340000
min_value:0.001015240174294228
time:3956.2838263511658
350000
min_value:0.0009953571118792685
time:4072.5467064380646
360000
min_value:0.0009862896867665195
time:4188.524489402771
370000
min_value:0.0009401937867975902
time:4304.843008518219
380000
min_value:0.0009401937867975902
time:4421.173725128174
390000
min_value:0.0009401937867975902
time:4537.43453502655
400000
min_value:0.0009351515397876507
time:4653.82724237442
410000
min_value:0.0009351515397876507
time:4770.16447353363
420000
min_value:0.0009351515397876507
time:4886.561418294907
430000
min_value:0.0009324873127565386
time:5002.936185836792
440000
min_value:0.0009170190374951957
time:5119.226296663284
450000
min_value:0.0008999159328432901
time:5235.602761507034
460000
min_value:0.0008750894764668148
time:5351.97113776207
470000
min_value:0.0008405572484048337
time:5467.973927259445
480000
min_value:0.0008238744661571999
time:5584.003985404968
490000
min_value:0.0007838641837321137
time:5700.178181171417
500000
min_value:0.0007838641837321137
time:5816.543265342712
510000
min_value:0.0007765495131857123
time:5932.982445716858
520000
min_value:0.0007765495131857123
time:6049.289386749268
530000
min_value:0.0007765495131857123
time:6165.483082294464
540000
min_value:0.0007765495131857123
time:6282.013163566589
550000
min_value:0.0007765495131857123
time:6398.309351682663
560000
min_value:0.0007765495131857123
time:6514.580329656601
570000
min_value:0.0007765495131857123
time:6630.976503133774
580000
min_value:0.0007765495131857123
time:6747.307850122452
590000
min_value:0.0007122234698895109
time:6863.580715417862
600000
min_value:0.0007122234698895109
time:6979.869431972504
610000
min_value:0.0007122234698895109
time:7096.221383571625
620000
min_value:0.0007122234698895109
time:7212.617110490799
630000
min_value:0.0007122234698895109
time:7328.022217512131
640000
min_value:0.0007122234698895109
time:7443.52559876442
650000
min_value:0.0007122234698895109
time:7559.042366981506
660000
min_value:0.0007099502259053499
time:7674.61915063858
670000
min_value:0.0007073037611733081
time:7790.177768468857
680000
min_value:0.0007039037503178247
time:7905.928608179092
690000
min_value:0.0007039037503178247
time:8021.6672241687775
700000
min_value:0.0006790085506694061
time:8137.324605703354
710000
min_value:0.0006790085506694061
time:8253.070389270782
720000
min_value:0.0006790085506694061
time:8368.318539857864
730000
min_value:0.0006628577990353942
time:8483.413940429688
740000
min_value:0.0006628577990353942
time:8598.516974449158
750000
min_value:0.0006628577990353942
time:8713.778771877289
760000
min_value:0.0006628577990353942
time:8829.193791151047
770000
min_value:0.0006628577990353942
time:8944.3518409729
780000
min_value:0.0006437531401668316
time:9059.723206043243
790000
min_value:0.0006437531401668316
time:9175.136838674545
800000
min_value:0.0006437531401668316
time:9290.507465362549
810000
min_value:0.0006306105084460176
time:9405.62458729744
820000
min_value:0.0006306105084460176
time:9520.712410926819
830000
min_value:0.0006306105084460176
time:9635.691311359406
840000
min_value:0.000603005476396126
time:9750.754610061646
850000
min_value:0.000603005476396126
time:9865.747684717178
860000
min_value:0.000603005476396126
time:9980.983622789383
870000
min_value:0.000603005476396126
time:10096.284456253052
880000
min_value:0.000603005476396126
time:10211.448362588882
890000
min_value:0.000603005476396126
time:10326.587595462799
900000
min_value:0.000603005476396126
time:10441.907220602036
910000
min_value:0.0006006230025719923
time:10557.353223323822
920000
min_value:0.0005989323690224746
time:10672.62917137146
930000
min_value:0.000593608781825414
time:10787.761802911758
940000
min_value:0.0005660296742436924
time:10902.92806982994
950000
min_value:0.0005660296742436924
time:11018.243623971939
960000
min_value:0.0005414848385706932
time:11133.483340740204
970000
min_value:0.0005414848385706932
time:11248.685227870941
980000
min_value:0.0005414848385706932
time:11364.029798746109
990000
min_value:0.0005414848385706932
time:11479.16220331192
1000000
min_value:0.0005414848385706932
time:11594.43113541603
1000000
fvalues:0.0005414848385706932
time_values:11594.43113541603
./results/subspace-norm/dim:1000000_ord:1_subspace:100_fused:False/proposed/lr:100_reduced_dim:10_sample_size:20_mu:1e-08_step_schedule:decreasing-half
10000
min_value:80.1250764670602
time:115.49008846282959
20000
min_value:71.88011262979353
time:230.6052167415619
30000
min_value:65.53107255173359
time:345.09153032302856
40000
min_value:60.16838716873733
time:459.706835269928
50000
min_value:55.42988959402466
time:574.0743641853333
60000
min_value:51.137410591773516
time:689.3603928089142
70000
min_value:47.20402031324217
time:804.0739450454712
80000
min_value:43.555858554264546
time:918.7617092132568
90000
min_value:40.15934357466624
time:1033.4373784065247
100000
min_value:36.93689601430418
time:1148.173798084259
110000
min_value:33.82931625769494
time:1263.3759934902191
120000
min_value:30.858382664274725
time:1378.1853110790253
130000
min_value:28.04410629631627
time:1492.8436307907104
140000
min_value:25.31134974808073
time:1607.2412822246552
150000
min_value:22.69502962144575
time:1721.7324059009552
160000
min_value:20.1473775549158
time:1836.3074035644531
170000
min_value:17.691885852996343
time:1951.7022833824158
180000
min_value:15.28909894965206
time:2066.385589122772
190000
min_value:12.970550406300722
time:2180.891796350479
200000
min_value:10.71781918680998
time:2295.576879501343
210000
min_value:8.497460998271206
time:2410.282953262329
220000
min_value:6.336149237614208
time:2525.5593042373657
230000
min_value:4.228993967430743
time:2640.150175333023
240000
min_value:2.1692569501454333
time:2754.755296945572
250000
min_value:0.5584354792557289
time:2869.4835183620453
260000
min_value:0.06058211178916474
time:2984.3512291908264
270000
min_value:0.0011578964493460277
time:3099.607922077179
280000
min_value:0.0011521473653616152
time:3214.2066462039948
290000
min_value:0.0010841990396639716
time:3328.661454677582
300000
min_value:0.0010306613488804185
time:3443.1622562408447
310000
min_value:0.0010306613488804185
time:3557.820254802704
