./results/regularized test local/dim:1000000_ord:1_coef:1_fused:False/RGF/lr:1e-05_sample_size:1_mu:1e-08_step_schedule:decreasing
10000
min_value:1.0000004974752401
time:11.199991226196289
20000
min_value:1.0000004974752401
time:18.19675874710083
30000
min_value:1.0000004974752401
time:25.095529317855835
40000
min_value:1.0000004974752401
time:32.012487173080444
50000
min_value:1.0000004974752401
time:38.947901487350464
60000
min_value:1.0000004974752401
time:45.872610330581665
70000
min_value:1.0000004974752401
time:52.86168026924133
80000
min_value:1.0000004974752401
time:59.80105257034302
90000
min_value:1.0000004974752401
time:66.7012722492218
100000
min_value:1.0000004974752401
time:73.6009111404419
100000
fvalues:1.0000004974752401
time_values:73.6009111404419
./results/regularized test local/dim:1000000_ord:1_coef:1_fused:False/RGF/lr:1e-06_sample_size:1_mu:1e-08_step_schedule:decreasing
10000
min_value:1.0000004974752401
time:6.9661030769348145
20000
min_value:1.0000004974752401
time:13.901070356369019
30000
min_value:1.0000004974752401
time:20.913387775421143
40000
min_value:1.0000004974752401
time:27.85516381263733
50000
min_value:1.0000004974752401
time:34.85377073287964
60000
min_value:1.0000004974752401
time:41.805463552474976
70000
min_value:1.0000004974752401
time:48.750244140625
80000
min_value:1.0000004974752401
time:55.71111989021301
90000
min_value:1.0000004974752401
time:62.75981593132019
100000
min_value:1.0000004974752401
time:69.71303367614746
100000
fvalues:1.0000004974752401
time_values:69.71303367614746
./results/regularized test local/dim:1000000_ord:1_coef:1_fused:False/RGF/lr:1e-07_sample_size:1_mu:1e-08_step_schedule:decreasing
10000
min_value:1.0000004974752401
time:6.960885763168335
20000
min_value:1.0000004974752401
time:13.875252723693848
30000
min_value:1.0000004974752401
time:20.779509782791138
40000
min_value:1.0000004974752401
time:27.75631809234619
50000
min_value:1.0000004974752401
time:34.69761657714844
60000
min_value:1.0000004974752401
time:41.65499138832092
70000
min_value:1.0000004974752401
time:48.57605051994324
80000
min_value:1.0000004974752401
time:55.48554253578186
90000
min_value:1.0000004974752401
time:62.44669032096863
100000
min_value:1.0000004974752401
time:69.44434404373169
100000
fvalues:1.0000004974752401
time_values:69.44434404373169
./results/regularized test local/dim:1000000_ord:1_coef:1_fused:False/RGF/lr:1e-08_sample_size:1_mu:1e-08_step_schedule:decreasing
10000
min_value:1.0000004974752401
time:6.973288059234619
20000
min_value:1.0000004974752401
time:13.918203830718994
30000
min_value:1.0000004974752401
time:20.835777521133423
40000
min_value:1.0000004974752401
time:27.7448468208313
50000
min_value:1.0000004974752401
time:34.734055519104004
60000
min_value:1.0000004974752401
time:41.74601626396179
70000
min_value:1.0000004974752401
time:48.66372895240784
80000
min_value:1.0000004974752401
time:55.58043718338013
90000
min_value:1.0000004974752401
time:62.45814824104309
100000
min_value:1.0000004974752401
time:69.36900281906128
100000
fvalues:1.0000004974752401
time_values:69.36900281906128
