./results/regularized test/dim:1000_ord:1_coef:1_fused:False/proposed/lr:0.01_reduced_dim:100_sample_size:1_mu:1e-08_step_schedule:constant
10000
min_value:1268.2523617598258
time:14.70935344696045
20000
min_value:1268.2523617598258
time:25.588871002197266
30000
min_value:1268.2523617598258
time:36.64943313598633
40000
min_value:1262.3422480160855
time:47.217201232910156
50000
min_value:1262.3422480160855
time:57.964393615722656
60000
min_value:1262.3422480160855
time:68.64344024658203
70000
min_value:1262.3422480160855
time:79.37955474853516
80000
min_value:1262.3422480160855
time:90.14530944824219
90000
min_value:1262.3422480160855
time:100.79846954345703
100000
min_value:1262.3422480160855
time:111.52729797363281
110000
min_value:1262.3422480160855
time:122.2281494140625
120000
min_value:1262.3422480160855
time:133.15335083007812
130000
min_value:1262.3422480160855
time:144.00205993652344
140000
min_value:1256.796797623368
time:154.91940307617188
150000
min_value:1256.796797623368
time:165.66551208496094
160000
min_value:1256.796797623368
time:176.45831298828125
170000
min_value:1256.796797623368
time:187.25411987304688
180000
min_value:1248.3344988259778
time:198.09506225585938
190000
min_value:1248.3344988259778
time:208.95327758789062
200000
min_value:1248.3344988259778
time:219.82101440429688
210000
min_value:1248.3344988259778
time:230.6643829345703
220000
min_value:1248.3344988259778
time:241.53768920898438
230000
min_value:1248.3344988259778
time:252.3965606689453
240000
min_value:1248.3344988259778
time:263.263916015625
250000
min_value:1248.3344988259778
time:274.2248840332031
260000
min_value:1248.3344988259778
time:285.1065979003906
270000
min_value:1248.3344988259778
time:296.13427734375
280000
min_value:1248.3344988259778
time:307.13995361328125
290000
min_value:1223.0657650407434
time:318.0763854980469
300000
min_value:1223.0657650407434
time:328.9727478027344
310000
min_value:1223.0657650407434
time:339.9246826171875
320000
min_value:1223.0657650407434
time:350.9304504394531
330000
min_value:1223.0657650407434
time:361.9114990234375
340000
min_value:1223.0657650407434
time:372.78997802734375
350000
min_value:1223.0657650407434
time:383.7990417480469
360000
min_value:1223.0657650407434
time:394.7469177246094
370000
min_value:1223.0657650407434
time:405.6764831542969
380000
min_value:1223.0657650407434
time:416.6053466796875
390000
min_value:1223.0657650407434
time:427.5005187988281
400000
min_value:1223.0657650407434
time:438.446533203125
410000
min_value:1223.0657650407434
time:449.477294921875
420000
min_value:1223.0657650407434
time:460.354248046875
430000
min_value:1223.0657650407434
time:471.22906494140625
440000
min_value:1223.0657650407434
time:482.09942626953125
450000
min_value:1223.0657650407434
time:492.97271728515625
460000
min_value:1223.0657650407434
time:503.8188781738281
470000
min_value:1223.0657650407434
time:514.7015991210938
480000
min_value:1223.0657650407434
time:525.574951171875
490000
min_value:1223.0657650407434
time:536.3845825195312
500000
min_value:1223.0657650407434
time:547.212890625
500000
fvalues:1223.0657650407434
time_values:547.212890625
10000
min_value:1275.919805243345
time:10.82098388671875
20000
min_value:1275.919805243345
time:21.572065353393555
30000
min_value:1275.919805243345
time:32.45689392089844
40000
min_value:1275.919805243345
time:43.278926849365234
50000
min_value:1265.7100272067264
time:54.06366729736328
60000
min_value:1265.7100272067264
time:64.93017578125
70000
min_value:1265.7100272067264
time:75.85983276367188
80000
min_value:1248.2663364629952
time:86.63255310058594
90000
min_value:1248.2663364629952
time:97.44554138183594
100000
min_value:1247.2165818166532
time:108.30391693115234
110000
min_value:1247.2165818166532
time:119.09740447998047
120000
min_value:1247.2165818166532
time:129.93101501464844
130000
min_value:1247.2165818166532
time:140.76919555664062
140000
min_value:1247.2165818166532
time:151.6902313232422
150000
min_value:1247.2165818166532
time:162.51370239257812
160000
min_value:1247.2165818166532
time:173.12789916992188
170000
min_value:1247.2165818166532
time:183.7492218017578
180000
min_value:1247.2165818166532
time:194.3666534423828
190000
min_value:1247.2165818166532
time:205.18943786621094
200000
min_value:1247.2165818166532
time:216.17892456054688
210000
min_value:1247.2165818166532
time:227.0318145751953
220000
min_value:1247.2165818166532
time:237.90013122558594
230000
min_value:1247.2165818166532
time:248.74525451660156
240000
min_value:1247.2165818166532
time:259.5708923339844
250000
min_value:1247.2165818166532
time:270.42205810546875
260000
min_value:1247.2165818166532
time:281.3505859375
270000
min_value:1247.2165818166532
time:292.1388854980469
280000
min_value:1239.1833063306683
time:303.03802490234375
290000
min_value:1239.1833063306683
time:314.0375671386719
300000
min_value:1239.1833063306683
time:325.03082275390625
310000
min_value:1239.1833063306683
time:335.80670166015625
320000
min_value:1239.1833063306683
time:346.7550964355469
330000
min_value:1239.1833063306683
time:357.58648681640625
340000
min_value:1239.1833063306683
time:368.5377197265625
350000
min_value:1239.1833063306683
time:379.4605712890625
360000
min_value:1239.1833063306683
time:390.30706787109375
370000
min_value:1239.1833063306683
time:401.28717041015625
380000
min_value:1239.1833063306683
time:412.1953125
390000
min_value:1239.1833063306683
time:423.0582580566406
400000
min_value:1239.1833063306683
time:433.8258056640625
410000
min_value:1239.1833063306683
time:444.73095703125
420000
min_value:1239.1833063306683
time:455.6375732421875
430000
min_value:1239.1833063306683
time:466.43377685546875
440000
min_value:1239.1833063306683
time:477.35369873046875
450000
min_value:1239.1833063306683
time:488.2459411621094
460000
min_value:1239.1833063306683
time:499.07513427734375
470000
min_value:1239.1833063306683
time:509.95892333984375
480000
min_value:1239.1833063306683
time:520.9047241210938
490000
min_value:1239.1833063306683
time:531.7779541015625
500000
min_value:1239.1833063306683
time:542.630859375
500000
fvalues:1239.1833063306683
time_values:542.630859375
10000
min_value:1260.1742816948001
time:10.844131469726562
20000
min_value:1260.1742816948001
time:21.818767547607422
30000
min_value:1259.0208271327235
time:32.6536865234375
40000
min_value:1259.0208271327235
time:43.66854476928711
50000
min_value:1259.0208271327235
time:54.53600311279297
60000
min_value:1259.0208271327235
time:65.43882751464844
70000
min_value:1247.9307909023178
time:76.35342407226562
80000
min_value:1247.9307909023178
time:87.31664276123047
90000
min_value:1247.9307909023178
time:98.24647521972656
100000
min_value:1247.9307909023178
time:109.15137481689453
110000
min_value:1247.9307909023178
time:120.0442123413086
120000
min_value:1247.9307909023178
time:130.84896850585938
130000
min_value:1247.9307909023178
time:141.43162536621094
140000
min_value:1247.9307909023178
time:152.11915588378906
150000
min_value:1247.9307909023178
time:162.93893432617188
160000
min_value:1243.3905461712168
time:173.74972534179688
170000
min_value:1243.3905461712168
time:184.54632568359375
180000
min_value:1243.3905461712168
time:195.29762268066406
190000
min_value:1243.3905461712168
time:206.1809539794922
200000
min_value:1243.3905461712168
time:217.00852966308594
210000
min_value:1241.4678649570428
time:227.86956787109375
220000
min_value:1241.4678649570428
time:238.71109008789062
230000
min_value:1241.4678649570428
time:249.45138549804688
240000
min_value:1241.4678649570428
time:260.3111267089844
250000
min_value:1241.4678649570428
time:271.1476745605469
260000
min_value:1241.4678649570428
time:281.8896484375
270000
min_value:1241.4678649570428
time:292.69879150390625
280000
min_value:1241.4678649570428
time:303.6470947265625
290000
min_value:1241.4678649570428
time:314.5491943359375
300000
min_value:1241.4678649570428
time:325.3775634765625
310000
min_value:1241.4678649570428
time:336.34527587890625
320000
min_value:1241.4678649570428
time:347.2139892578125
330000
min_value:1227.7685957782278
time:358.05548095703125
340000
min_value:1227.7685957782278
time:368.91070556640625
350000
min_value:1227.7685957782278
time:379.6679992675781
360000
min_value:1227.7685957782278
time:390.3486328125
370000
min_value:1227.7685957782278
time:401.1979675292969
380000
min_value:1227.7685957782278
time:411.99200439453125
390000
min_value:1227.7685957782278
time:422.5806884765625
400000
min_value:1227.7685957782278
time:433.3221740722656
410000
min_value:1227.7685957782278
time:443.9504699707031
420000
min_value:1227.7685957782278
time:454.5433044433594
430000
min_value:1227.7685957782278
time:465.20416259765625
440000
min_value:1227.7685957782278
time:476.0270080566406
450000
min_value:1227.7685957782278
time:486.8229675292969
460000
min_value:1227.7685957782278
time:497.7796936035156
470000
min_value:1227.7685957782278
time:508.5673522949219
480000
min_value:1227.7685957782278
time:519.3604125976562
490000
min_value:1227.7685957782278
time:530.1565551757812
500000
min_value:1227.7685957782278
time:541.0134887695312
500000
fvalues:1227.7685957782278
time_values:541.0134887695312
10000
min_value:1252.8830500739978
time:10.843299865722656
20000
min_value:1252.8830500739978
time:21.40155792236328
30000
min_value:1252.8830500739978
time:32.08916473388672
40000
min_value:1252.8830500739978
time:42.699920654296875
50000
min_value:1252.8830500739978
time:53.397682189941406
60000
min_value:1252.8830500739978
time:64.41167449951172
70000
min_value:1252.8830500739978
time:75.30828094482422
80000
min_value:1252.8830500739978
time:86.15257263183594
90000
min_value:1252.8830500739978
time:96.98069763183594
100000
min_value:1252.8830500739978
time:107.85734558105469
110000
min_value:1252.8830500739978
time:118.74560546875
120000
min_value:1252.8830500739978
time:129.58541870117188
130000
min_value:1252.5879186904288
time:140.16741943359375
140000
min_value:1252.5879186904288
time:150.91839599609375
150000
min_value:1252.5879186904288
time:161.53738403320312
160000
min_value:1252.5879186904288
time:172.202880859375
170000
min_value:1252.5879186904288
time:182.95306396484375
180000
min_value:1252.5879186904288
time:193.73789978027344
190000
min_value:1252.5879186904288
time:204.43492126464844
200000
min_value:1248.401681666096
time:215.13217163085938
210000
min_value:1248.401681666096
time:225.84750366210938
220000
min_value:1246.5416385281821
time:236.69615173339844
230000
min_value:1246.5416385281821
time:247.59078979492188
240000
min_value:1246.5416385281821
time:258.3598327636719
250000
min_value:1246.5416385281821
time:269.179931640625
260000
min_value:1246.5416385281821
time:280.0250244140625
270000
min_value:1246.5416385281821
time:290.9134826660156
280000
min_value:1246.5416385281821
time:301.72723388671875
290000
min_value:1246.5416385281821
time:312.54644775390625
300000
min_value:1246.5416385281821
time:323.3462219238281
310000
min_value:1246.5416385281821
time:334.13934326171875
320000
min_value:1246.5416385281821
time:345.03302001953125
330000
min_value:1246.5416385281821
time:355.82574462890625
340000
min_value:1246.5416385281821
time:366.5709533691406
350000
min_value:1246.5416385281821
time:377.4092102050781
360000
min_value:1246.5416385281821
time:388.1595153808594
370000
min_value:1246.5416385281821
time:398.96466064453125
380000
min_value:1246.5416385281821
time:409.84423828125
390000
min_value:1246.5416385281821
time:420.55364990234375
400000
min_value:1246.5416385281821
time:431.35992431640625
410000
min_value:1246.5416385281821
time:442.32257080078125
420000
min_value:1246.5416385281821
time:453.21282958984375
430000
min_value:1223.4352125274959
time:464.0963439941406
440000
min_value:1223.4352125274959
time:474.8350830078125
450000
min_value:1223.4352125274959
time:485.71142578125
460000
min_value:1223.4352125274959
time:496.595703125
470000
min_value:1223.4352125274959
time:507.45880126953125
480000
min_value:1223.4352125274959
time:518.3569946289062
490000
min_value:1223.4352125274959
time:529.2018432617188
500000
min_value:1223.4352125274959
time:539.9179077148438
500000
fvalues:1223.4352125274959
time_values:539.9179077148438
10000
min_value:1295.0117851585433
time:10.782533645629883
20000
min_value:1294.0293407010283
time:21.38182258605957
30000
min_value:1256.7794972193012
time:31.96173095703125
40000
min_value:1256.7794972193012
time:42.54265213012695
50000
min_value:1256.7794972193012
time:53.307804107666016
60000
min_value:1252.783274360008
time:64.16667938232422
70000
min_value:1252.783274360008
time:75.01598358154297
80000
min_value:1252.783274360008
time:85.90877532958984
90000
min_value:1252.783274360008
time:96.84048461914062
100000
min_value:1252.783274360008
time:107.84083557128906
110000
min_value:1252.783274360008
time:118.72232818603516
120000
min_value:1252.783274360008
time:129.52125549316406
130000
min_value:1252.783274360008
time:140.32131958007812
140000
min_value:1252.783274360008
time:151.1242218017578
150000
min_value:1252.783274360008
time:161.96717834472656
160000
min_value:1252.783274360008
time:172.87261962890625
170000
min_value:1252.783274360008
time:183.67222595214844
180000
min_value:1252.783274360008
time:194.3695831298828
190000
min_value:1252.783274360008
time:205.05703735351562
200000
min_value:1241.0441897414435
time:215.7102813720703
210000
min_value:1241.0441897414435
time:226.39071655273438
220000
min_value:1241.0441897414435
time:237.18150329589844
230000
min_value:1241.0441897414435
time:248.11944580078125
240000
min_value:1241.0441897414435
time:258.9822082519531
250000
min_value:1241.0441897414435
time:269.9142761230469
260000
min_value:1241.0441897414435
time:280.798095703125
270000
min_value:1241.0441897414435
time:291.7200622558594
280000
min_value:1241.0441897414435
time:302.62353515625
290000
min_value:1241.0441897414435
time:313.4886779785156
300000
min_value:1241.0441897414435
time:324.38720703125
310000
min_value:1241.0441897414435
time:335.1449279785156
320000
min_value:1241.0441897414435
time:346.01031494140625
330000
min_value:1241.0441897414435
time:356.81365966796875
340000
min_value:1241.0441897414435
time:367.65350341796875
350000
min_value:1241.0441897414435
time:378.43560791015625
360000
min_value:1241.0441897414435
time:389.3313903808594
370000
min_value:1241.0441897414435
time:400.27545166015625
380000
min_value:1241.0441897414435
time:411.17230224609375
390000
min_value:1241.0441897414435
time:422.07757568359375
400000
min_value:1241.0441897414435
time:432.960693359375
410000
min_value:1241.0441897414435
time:443.95782470703125
420000
min_value:1241.0441897414435
time:454.90875244140625
430000
min_value:1241.0441897414435
time:465.84442138671875
440000
min_value:1241.0441897414435
time:476.78656005859375
450000
min_value:1241.0441897414435
time:487.7492980957031
460000
min_value:1241.0441897414435
time:498.67291259765625
470000
min_value:1241.0441897414435
time:509.5202331542969
480000
min_value:1241.0441897414435
time:520.4011840820312
490000
min_value:1241.0441897414435
time:531.3800659179688
500000
min_value:1241.0441897414435
time:542.2894287109375
500000
fvalues:1241.0441897414435
time_values:542.2894287109375
10000
min_value:1263.0014572917448
time:11.003607749938965
20000
min_value:1263.0014572917448
time:21.82237434387207
30000
min_value:1255.0648270589832
time:32.82376480102539
40000
min_value:1251.2632674599588
time:43.713443756103516
50000
min_value:1251.2632674599588
time:54.581886291503906
60000
min_value:1251.2632674599588
time:65.444580078125
70000
min_value:1247.5533753136053
time:76.40399932861328
80000
min_value:1247.5533753136053
time:87.36421966552734
90000
min_value:1247.5533753136053
time:98.40154266357422
100000
min_value:1247.5533753136053
time:109.41819763183594
110000
min_value:1247.5533753136053
time:120.40386199951172
120000
min_value:1247.5533753136053
time:131.36256408691406
130000
min_value:1247.5533753136053
time:142.3489990234375
140000
min_value:1247.5533753136053
time:153.40045166015625
150000
min_value:1247.5533753136053
time:164.33877563476562
160000
min_value:1247.5533753136053
time:175.2623748779297
170000
min_value:1247.5533753136053
time:186.23182678222656
180000
min_value:1247.5533753136053
time:197.20957946777344
190000
min_value:1247.5533753136053
time:208.23318481445312
200000
min_value:1247.5533753136053
time:219.1897735595703
210000
min_value:1247.5533753136053
time:230.16761779785156
220000
min_value:1247.5533753136053
time:241.2010955810547
230000
min_value:1247.5533753136053
time:252.15553283691406
240000
min_value:1247.5533753136053
time:263.24200439453125
250000
min_value:1247.5533753136053
time:274.2535705566406
260000
min_value:1247.5533753136053
time:285.2342834472656
270000
min_value:1247.5533753136053
time:296.2022399902344
280000
min_value:1247.5533753136053
time:307.3674621582031
290000
min_value:1241.5842221034154
time:318.2956237792969
300000
min_value:1241.5842221034154
time:329.2685241699219
310000
min_value:1241.5842221034154
time:340.24395751953125
320000
min_value:1241.5842221034154
time:351.2972412109375
330000
min_value:1241.5842221034154
time:362.3446350097656
340000
min_value:1241.5842221034154
time:373.4103088378906
350000
min_value:1241.5842221034154
time:384.3447570800781
360000
min_value:1241.5842221034154
time:395.4135437011719
370000
min_value:1241.5842221034154
time:406.2701110839844
380000
min_value:1241.5842221034154
time:417.25518798828125
390000
min_value:1234.7957867950465
time:428.1653747558594
400000
min_value:1234.7957867950465
time:439.0539855957031
410000
min_value:1234.7957867950465
time:449.90155029296875
420000
min_value:1233.4121935105854
time:460.8419189453125
430000
min_value:1233.4121935105854
time:471.7532958984375
440000
min_value:1233.4121935105854
time:482.7989807128906
450000
min_value:1233.4121935105854
time:493.8226623535156
460000
min_value:1233.4121935105854
time:504.73028564453125
470000
min_value:1233.4121935105854
time:515.6229248046875
480000
min_value:1233.4121935105854
time:526.5157470703125
490000
min_value:1233.4121935105854
time:537.4949951171875
500000
min_value:1233.4121935105854
time:548.4515991210938
500000
fvalues:1233.4121935105854
time_values:548.4515991210938
10000
min_value:1270.438190850135
time:11.046396255493164
20000
min_value:1251.9031296510575
time:21.93497657775879
30000
min_value:1251.9031296510575
time:32.89925765991211
40000
min_value:1251.9031296510575
time:43.845462799072266
50000
min_value:1251.9031296510575
time:54.89262008666992
60000
min_value:1251.9031296510575
time:65.92805480957031
70000
min_value:1251.9031296510575
time:76.93852996826172
80000
min_value:1251.9031296510575
time:87.98162841796875
90000
min_value:1251.9031296510575
time:98.9551010131836
100000
min_value:1251.9031296510575
time:109.9612045288086
110000
min_value:1251.9031296510575
time:120.94536590576172
120000
min_value:1251.9031296510575
time:131.99879455566406
130000
min_value:1251.9031296510575
time:142.99998474121094
140000
min_value:1251.9031296510575
time:153.95945739746094
150000
min_value:1251.9031296510575
time:164.90054321289062
160000
min_value:1251.9031296510575
time:175.8858184814453
170000
min_value:1251.9031296510575
time:186.82606506347656
180000
min_value:1251.9031296510575
time:197.7948455810547
190000
min_value:1251.9031296510575
time:208.71778869628906
200000
min_value:1251.9031296510575
time:219.661865234375
210000
min_value:1251.9031296510575
time:230.58880615234375
220000
min_value:1251.9031296510575
time:241.45416259765625
230000
min_value:1251.9031296510575
time:252.36923217773438
240000
min_value:1251.9031296510575
time:263.2923278808594
250000
min_value:1251.9031296510575
time:274.25469970703125
260000
min_value:1251.9031296510575
time:285.2179260253906
270000
min_value:1251.9031296510575
time:296.23260498046875
280000
min_value:1251.9031296510575
time:307.2552490234375
290000
min_value:1251.9031296510575
time:318.14697265625
300000
min_value:1251.9031296510575
time:329.05657958984375
310000
min_value:1251.9031296510575
time:340.0241394042969
320000
min_value:1251.9031296510575
time:350.9940490722656
330000
min_value:1251.9031296510575
time:361.947021484375
340000
min_value:1251.9031296510575
time:372.9503479003906
350000
min_value:1251.9031296510575
time:383.9586486816406
360000
min_value:1250.1799851063167
time:394.80804443359375
370000
min_value:1250.1799851063167
time:405.7073974609375
380000
min_value:1250.1799851063167
time:416.6416320800781
390000
min_value:1250.1799851063167
time:427.5866394042969
400000
min_value:1250.1799851063167
time:438.4197692871094
410000
min_value:1250.1799851063167
time:449.1084289550781
420000
min_value:1250.1799851063167
time:460.01666259765625
430000
min_value:1250.1799851063167
time:471.11334228515625
440000
min_value:1250.1799851063167
time:482.0907287597656
450000
min_value:1250.1799851063167
time:493.5901794433594
460000
min_value:1250.1799851063167
time:505.0675354003906
470000
min_value:1249.2271504332386
time:516.400146484375
480000
min_value:1249.2271504332386
time:527.6531982421875
490000
min_value:1249.2271504332386
time:538.6610107421875
500000
min_value:1249.2271504332386
time:549.8009643554688
500000
fvalues:1249.2271504332386
time_values:549.8009643554688
10000
min_value:1289.0713055174447
time:11.387900352478027
20000
min_value:1266.2505273359625
time:22.541107177734375
30000
min_value:1234.8897740402113
time:33.818138122558594
40000
min_value:1234.8897740402113
time:45.04651641845703
50000
min_value:1234.8897740402113
time:56.048492431640625
60000
min_value:1234.8897740402113
time:66.91850280761719
70000
min_value:1234.8897740402113
time:77.89472961425781
80000
min_value:1234.8897740402113
time:88.94474792480469
90000
min_value:1234.8897740402113
time:99.90787506103516
100000
min_value:1234.8897740402113
time:110.79914093017578
110000
min_value:1234.8897740402113
time:121.8132095336914
120000
min_value:1234.8897740402113
time:132.7918701171875
130000
min_value:1234.8897740402113
time:143.6695556640625
140000
min_value:1234.8897740402113
time:154.55128479003906
150000
min_value:1234.8897740402113
time:165.52023315429688
160000
min_value:1234.8897740402113
time:176.38047790527344
170000
min_value:1234.8897740402113
time:187.2366485595703
180000
min_value:1234.8897740402113
time:198.3318328857422
190000
min_value:1234.8897740402113
time:209.7476806640625
200000
min_value:1234.8897740402113
time:221.3017120361328
210000
min_value:1234.8897740402113
time:232.64013671875
220000
min_value:1234.8897740402113
time:244.03594970703125
230000
min_value:1234.8897740402113
time:255.41470336914062
240000
min_value:1234.8897740402113
time:266.7189025878906
250000
min_value:1234.8897740402113
time:278.0079650878906
260000
min_value:1234.8897740402113
time:289.4461975097656
270000
min_value:1234.8897740402113
time:300.7218017578125
280000
min_value:1234.8897740402113
time:312.0685729980469
290000
min_value:1234.8897740402113
time:323.4038391113281
300000
min_value:1234.8897740402113
time:334.7272644042969
310000
min_value:1234.8897740402113
time:346.0803527832031
320000
min_value:1234.8897740402113
time:357.42010498046875
330000
min_value:1234.8897740402113
time:368.76092529296875
340000
min_value:1234.8897740402113
time:380.17431640625
350000
min_value:1234.8897740402113
time:391.54705810546875
360000
min_value:1234.8897740402113
time:402.9489440917969
370000
min_value:1234.8897740402113
time:414.294677734375
380000
min_value:1234.8897740402113
time:425.7337951660156
390000
min_value:1234.8897740402113
time:437.124755859375
400000
min_value:1234.8897740402113
time:448.58575439453125
410000
min_value:1234.8897740402113
time:459.947021484375
420000
min_value:1234.8897740402113
time:471.11895751953125
430000
min_value:1234.8897740402113
time:482.3505859375
440000
min_value:1234.8897740402113
time:493.5794982910156
450000
min_value:1234.8897740402113
time:504.7477111816406
460000
min_value:1234.8897740402113
time:516.0301513671875
470000
min_value:1234.8897740402113
time:527.2478637695312
480000
min_value:1234.8897740402113
time:538.6218872070312
490000
min_value:1234.8897740402113
time:549.9761352539062
500000
min_value:1234.8897740402113
time:561.3704833984375
500000
fvalues:1234.8897740402113
time_values:561.3704833984375
10000
min_value:1284.2006074666815
time:11.362546920776367
20000
min_value:1284.2006074666815
time:22.573143005371094
30000
min_value:1284.2006074666815
time:33.8319091796875
40000
min_value:1238.806212484764
time:45.21114730834961
50000
min_value:1238.806212484764
time:56.580326080322266
60000
min_value:1238.806212484764
time:67.88710021972656
70000
min_value:1238.806212484764
time:79.13878631591797
80000
min_value:1238.806212484764
time:90.48939514160156
90000
min_value:1238.806212484764
time:101.82378387451172
100000
min_value:1238.806212484764
time:113.07093048095703
110000
min_value:1238.806212484764
time:124.4381332397461
120000
min_value:1238.806212484764
time:135.78451538085938
130000
min_value:1238.806212484764
time:147.14341735839844
140000
min_value:1238.806212484764
time:158.5049591064453
150000
min_value:1238.806212484764
time:169.9093475341797
160000
min_value:1238.806212484764
time:181.3134002685547
170000
min_value:1238.806212484764
time:192.5943145751953
180000
min_value:1238.806212484764
time:204.09872436523438
190000
min_value:1238.806212484764
time:215.48789978027344
200000
min_value:1238.806212484764
time:226.81614685058594
210000
min_value:1238.806212484764
time:238.23924255371094
220000
min_value:1238.806212484764
time:249.5876007080078
230000
min_value:1238.806212484764
time:260.8555603027344
240000
min_value:1238.806212484764
time:272.1300354003906
250000
min_value:1238.806212484764
time:283.4823913574219
260000
min_value:1238.806212484764
time:294.7290344238281
270000
min_value:1238.806212484764
time:306.1136474609375
280000
min_value:1238.806212484764
time:317.4855041503906
290000
min_value:1238.806212484764
time:328.7491149902344
300000
min_value:1238.806212484764
time:340.0878601074219
310000
min_value:1238.806212484764
time:351.3283386230469
320000
min_value:1238.806212484764
time:362.6944274902344
330000
min_value:1238.806212484764
time:374.023193359375
340000
min_value:1238.806212484764
time:385.3230285644531
350000
min_value:1238.806212484764
time:396.6036682128906
360000
min_value:1238.806212484764
time:407.9335632324219
370000
min_value:1238.806212484764
time:419.2577209472656
380000
min_value:1238.806212484764
time:430.61932373046875
390000
min_value:1238.806212484764
time:441.92352294921875
400000
min_value:1238.806212484764
time:453.3410949707031
410000
min_value:1238.806212484764
time:464.63092041015625
420000
min_value:1238.806212484764
time:475.9365234375
430000
min_value:1238.806212484764
time:487.2264099121094
440000
min_value:1238.806212484764
time:498.5180358886719
450000
min_value:1238.806212484764
time:509.7939758300781
460000
min_value:1238.806212484764
time:521.148681640625
470000
min_value:1238.806212484764
time:532.4822387695312
480000
min_value:1238.806212484764
time:543.7429809570312
490000
min_value:1238.806212484764
time:555.07275390625
500000
min_value:1238.806212484764
time:566.3843994140625
500000
fvalues:1238.806212484764
time_values:566.3843994140625
10000
min_value:1290.773552367149
time:11.300864219665527
20000
min_value:1269.1147283384983
time:22.510089874267578
30000
min_value:1269.1147283384983
time:33.89271545410156
40000
min_value:1269.1147283384983
time:45.202484130859375
50000
min_value:1269.1147283384983
time:56.58005142211914
60000
min_value:1227.5152848968125
time:67.8618392944336
70000
min_value:1227.5152848968125
time:79.17288970947266
80000
min_value:1227.5152848968125
time:90.55089569091797
90000
min_value:1227.5152848968125
time:101.8431167602539
100000
min_value:1227.5152848968125
time:113.2540512084961
110000
min_value:1227.5152848968125
time:124.69749450683594
120000
min_value:1227.5152848968125
time:136.02244567871094
130000
min_value:1227.5152848968125
time:147.4014892578125
140000
min_value:1227.5152848968125
time:158.80958557128906
150000
min_value:1227.5152848968125
time:170.1636505126953
160000
min_value:1227.5152848968125
time:181.5348358154297
170000
min_value:1227.5152848968125
time:192.86050415039062
180000
min_value:1227.5152848968125
time:204.22125244140625
190000
min_value:1227.5152848968125
time:215.61355590820312
200000
min_value:1227.5152848968125
time:226.95095825195312
210000
min_value:1227.5152848968125
time:238.3571014404297
220000
min_value:1227.5152848968125
time:249.72869873046875
230000
min_value:1227.5152848968125
time:261.0298767089844
240000
min_value:1227.5152848968125
time:272.3647155761719
250000
min_value:1227.5152848968125
time:283.6451721191406
260000
min_value:1227.5152848968125
time:294.99700927734375
270000
min_value:1227.5152848968125
time:306.3286437988281
280000
min_value:1227.5152848968125
time:317.7376708984375
290000
min_value:1212.8450310881578
time:329.0790100097656
300000
min_value:1212.8450310881578
time:340.3712158203125
310000
min_value:1212.8450310881578
time:351.75091552734375
320000
min_value:1212.8450310881578
time:363.0068664550781
330000
min_value:1212.8450310881578
time:374.33868408203125
340000
min_value:1212.8450310881578
time:385.7025451660156
350000
min_value:1212.8450310881578
time:396.96270751953125
360000
min_value:1212.8450310881578
time:408.2712097167969
370000
min_value:1212.8450310881578
time:419.73126220703125
380000
min_value:1212.8450310881578
time:431.15765380859375
390000
min_value:1212.8450310881578
time:442.4372253417969
400000
min_value:1212.8450310881578
time:453.7576904296875
410000
min_value:1212.8450310881578
time:465.1099853515625
420000
min_value:1212.8450310881578
time:476.4663391113281
430000
min_value:1212.8450310881578
time:487.8053283691406
440000
min_value:1212.8450310881578
time:499.10198974609375
450000
min_value:1212.8450310881578
time:510.2662353515625
460000
min_value:1212.8450310881578
time:521.4287719726562
470000
min_value:1212.8450310881578
time:532.583984375
480000
min_value:1212.8450310881578
time:543.9132080078125
490000
min_value:1212.8450310881578
time:555.22412109375
500000
min_value:1212.8450310881578
time:566.5687255859375
500000
fvalues:1212.8450310881578
time_values:566.5687255859375
./results/regularized test/dim:1000_ord:1_coef:1_fused:False/proposed/lr:0.001_reduced_dim:100_sample_size:1_mu:1e-08_step_schedule:constant
10000
min_value:67.9338059580502
time:11.31358528137207
20000
min_value:53.38930523484651
time:22.602943420410156
30000
min_value:50.0143043136403
time:33.979244232177734
40000
min_value:50.0143043136403
time:45.31126022338867
50000
min_value:50.0143043136403
time:56.66569137573242
60000
min_value:50.0143043136403
time:67.97538757324219
70000
min_value:50.0143043136403
time:79.25521850585938
80000
min_value:50.0143043136403
time:90.54187774658203
90000
min_value:50.0143043136403
time:101.91143798828125
100000
min_value:50.0143043136403
time:113.1576156616211
110000
min_value:50.0143043136403
time:124.51799011230469
120000
min_value:50.0143043136403
time:135.8994598388672
130000
min_value:50.0143043136403
time:147.2080841064453
140000
min_value:50.0143043136403
time:158.5186767578125
150000
min_value:50.0143043136403
time:169.86553955078125
160000
min_value:50.0143043136403
time:181.43783569335938
170000
min_value:50.0143043136403
time:192.63421630859375
180000
min_value:50.0143043136403
time:203.91090393066406
190000
min_value:50.0143043136403
time:215.2940216064453
200000
min_value:50.0143043136403
time:226.69712829589844
210000
min_value:50.0143043136403
time:238.03550720214844
220000
min_value:50.0143043136403
time:249.32711791992188
230000
min_value:50.0143043136403
time:260.6202087402344
240000
min_value:50.0143043136403
time:271.87310791015625
250000
min_value:50.0143043136403
time:283.2000732421875
260000
min_value:50.0143043136403
time:294.46258544921875
270000
min_value:50.0143043136403
time:305.7944641113281
280000
min_value:50.0143043136403
time:317.0359802246094
290000
min_value:50.0143043136403
time:328.24749755859375
300000
min_value:50.0143043136403
time:339.5871887207031
310000
min_value:50.0143043136403
time:350.8844909667969
320000
min_value:50.0143043136403
time:362.5111389160156
330000
min_value:50.0143043136403
time:373.79949951171875
340000
min_value:50.0143043136403
time:385.07525634765625
350000
min_value:50.0143043136403
time:396.3451843261719
360000
min_value:50.0143043136403
time:407.6675109863281
370000
min_value:50.0143043136403
time:418.9189147949219
380000
min_value:50.0143043136403
time:430.2832336425781
390000
min_value:50.0143043136403
time:441.6890563964844
400000
min_value:50.0143043136403
time:453.0699157714844
410000
min_value:50.0143043136403
time:464.3565368652344
420000
min_value:50.0143043136403
time:475.6479797363281
430000
min_value:50.0143043136403
time:486.8023376464844
440000
min_value:50.0143043136403
time:497.93359375
450000
min_value:50.0143043136403
time:509.0964660644531
460000
min_value:50.0143043136403
time:520.2196044921875
470000
min_value:50.0143043136403
time:531.4271240234375
480000
min_value:50.0143043136403
time:542.92138671875
490000
min_value:50.0143043136403
time:554.2981567382812
500000
min_value:50.0143043136403
time:565.66357421875
500000
fvalues:50.0143043136403
time_values:565.66357421875
10000
min_value:70.44884159336966
time:11.185901641845703
20000
min_value:53.10078620409508
time:22.281896591186523
30000
min_value:51.81444268876478
time:33.51838684082031
40000
min_value:51.81444268876478
time:44.90211868286133
50000
min_value:51.81444268876478
time:56.271480560302734
60000
min_value:50.50938216558027
time:67.70417022705078
70000
min_value:50.50938216558027
time:79.07572174072266
80000
min_value:50.50938216558027
time:90.47061157226562
90000
min_value:50.50938216558027
time:101.91230010986328
100000
min_value:50.50938216558027
time:113.28157043457031
110000
min_value:50.50938216558027
time:124.5068588256836
120000
min_value:50.50938216558027
time:135.65859985351562
130000
min_value:50.50938216558027
time:146.84556579589844
140000
min_value:50.50938216558027
time:158.05108642578125
150000
min_value:50.50938216558027
time:169.40664672851562
160000
min_value:50.50938216558027
time:181.5055694580078
170000
min_value:50.50938216558027
time:193.22950744628906
180000
min_value:50.50938216558027
time:204.94261169433594
190000
min_value:50.50938216558027
time:216.6756134033203
200000
min_value:50.50938216558027
time:228.23033142089844
210000
min_value:50.50938216558027
time:239.7434539794922
220000
min_value:50.50938216558027
time:251.5054473876953
230000
min_value:50.50938216558027
time:263.2197570800781
240000
min_value:50.50938216558027
time:274.9302978515625
250000
min_value:50.50938216558027
time:286.4933776855469
260000
min_value:50.50938216558027
time:297.915771484375
270000
min_value:50.50938216558027
time:309.33966064453125
280000
min_value:50.50938216558027
time:320.6127624511719
290000
min_value:50.50938216558027
time:331.87408447265625
300000
min_value:50.50938216558027
time:343.1280517578125
310000
min_value:50.50938216558027
time:354.4690856933594
320000
min_value:50.50938216558027
time:366.145263671875
330000
min_value:50.50938216558027
time:377.42034912109375
340000
min_value:50.50938216558027
time:388.50360107421875
350000
min_value:50.50938216558027
time:399.5574951171875
360000
min_value:50.50938216558027
time:410.6369934082031
370000
min_value:50.50938216558027
time:421.73876953125
380000
min_value:50.50938216558027
time:432.9524230957031
390000
min_value:50.50938216558027
time:444.05047607421875
400000
min_value:50.50938216558027
time:455.2127380371094
410000
min_value:50.50938216558027
time:466.380615234375
420000
min_value:50.50938216558027
time:477.5425720214844
430000
min_value:50.50938216558027
time:488.7097473144531
440000
min_value:50.50938216558027
time:499.9150695800781
450000
min_value:50.46236619814682
time:511.0411071777344
460000
min_value:50.46236619814682
time:522.2745971679688
470000
min_value:50.46236619814682
time:533.4033203125
480000
min_value:50.46236619814682
time:544.7333984375
490000
min_value:50.46236619814682
time:555.7114868164062
500000
min_value:50.46236619814682
time:566.6342163085938
500000
fvalues:50.46236619814682
time_values:566.6342163085938
10000
min_value:68.7190075238207
time:11.10705280303955
20000
min_value:53.255542280231566
time:22.18199348449707
30000
min_value:52.41193296299341
time:33.38943862915039
40000
min_value:51.07211684653663
time:44.48004913330078
50000
min_value:51.07211684653663
time:55.56620788574219
60000
min_value:51.07211684653663
time:66.77285766601562
70000
min_value:51.07211684653663
time:78.01958465576172
80000
min_value:51.07211684653663
time:89.04399108886719
90000
min_value:50.26517123668749
time:100.19489288330078
100000
min_value:50.26517123668749
time:111.37190246582031
110000
min_value:50.26517123668749
time:122.52019500732422
120000
min_value:50.26517123668749
time:133.6764678955078
130000
min_value:50.26517123668749
time:144.6418914794922
140000
min_value:50.26517123668749
time:155.39266967773438
150000
min_value:50.26517123668749
time:166.27301025390625
160000
min_value:50.26517123668749
time:177.3967742919922
170000
min_value:50.26517123668749
time:188.2996063232422
180000
min_value:50.26517123668749
time:199.40623474121094
190000
min_value:50.26517123668749
time:210.63409423828125
200000
min_value:50.26517123668749
time:221.8351593017578
210000
min_value:48.9017173495257
time:233.04611206054688
220000
min_value:48.9017173495257
time:244.41635131835938
230000
min_value:48.9017173495257
time:255.6532745361328
240000
min_value:48.9017173495257
time:266.90185546875
250000
min_value:48.9017173495257
time:277.8134460449219
260000
min_value:48.9017173495257
time:288.87298583984375
270000
min_value:48.9017173495257
time:299.9078369140625
280000
min_value:48.9017173495257
time:310.8312072753906
290000
min_value:48.9017173495257
time:321.7266845703125
300000
min_value:48.9017173495257
time:332.6826171875
310000
min_value:48.9017173495257
time:343.63629150390625
320000
min_value:48.9017173495257
time:354.94525146484375
330000
min_value:48.9017173495257
time:365.90740966796875
340000
min_value:48.9017173495257
time:376.9113464355469
350000
min_value:48.9017173495257
time:387.8157043457031
360000
min_value:48.9017173495257
time:398.7688293457031
370000
min_value:48.9017173495257
time:409.6507263183594
380000
min_value:48.9017173495257
time:420.5745849609375
390000
min_value:48.9017173495257
time:431.52703857421875
400000
min_value:48.9017173495257
time:442.4062194824219
410000
min_value:48.9017173495257
time:453.3975830078125
420000
min_value:48.9017173495257
time:464.3431701660156
430000
min_value:48.9017173495257
time:475.36541748046875
440000
min_value:48.9017173495257
time:486.1808166503906
450000
min_value:48.9017173495257
time:496.88433837890625
460000
min_value:48.9017173495257
time:507.5516052246094
470000
min_value:48.9017173495257
time:518.255615234375
480000
min_value:48.9017173495257
time:529.1382446289062
490000
min_value:48.9017173495257
time:539.8445434570312
500000
min_value:48.9017173495257
time:550.66357421875
500000
fvalues:48.9017173495257
time_values:550.66357421875
10000
min_value:71.52201249048437
time:10.656208992004395
20000
min_value:53.237777079754785
time:21.21206283569336
30000
min_value:52.06547706907099
time:31.825275421142578
40000
min_value:52.06547706907099
time:42.48741912841797
50000
min_value:52.06547706907099
time:53.095882415771484
60000
min_value:51.973392021785656
time:63.798133850097656
70000
min_value:51.70169663762205
time:74.44210052490234
80000
min_value:51.70169663762205
time:85.10365295410156
90000
min_value:51.70169663762205
time:95.73434448242188
100000
min_value:51.70169663762205
time:106.37994384765625
110000
min_value:51.70169663762205
time:116.92073059082031
120000
min_value:51.70169663762205
time:127.5650863647461
130000
min_value:51.50223543392705
time:138.23619079589844
140000
min_value:51.50223543392705
time:149.03298950195312
150000
min_value:51.11387136838052
time:159.74127197265625
160000
min_value:51.11387136838052
time:170.76551818847656
170000
min_value:50.73857751159522
time:181.459228515625
180000
min_value:50.73857751159522
time:192.07583618164062
190000
min_value:50.73857751159522
time:202.60836791992188
200000
min_value:50.73857751159522
time:213.3072052001953
210000
min_value:50.73857751159522
time:223.94544982910156
220000
min_value:50.73857751159522
time:234.56887817382812
230000
min_value:50.73857751159522
time:245.194091796875
240000
min_value:50.73857751159522
time:255.865966796875
250000
min_value:50.73857751159522
time:266.5375061035156
260000
min_value:50.73857751159522
time:277.17974853515625
270000
min_value:50.73857751159522
time:287.893798828125
280000
min_value:50.73857751159522
time:298.5765686035156
290000
min_value:50.73857751159522
time:309.2521667480469
300000
min_value:50.73857751159522
time:319.8790588378906
310000
min_value:50.73857751159522
time:330.58612060546875
320000
min_value:50.73857751159522
time:341.5552978515625
330000
min_value:50.73857751159522
time:352.16632080078125
340000
min_value:50.73857751159522
time:362.8612976074219
350000
min_value:50.73857751159522
time:373.4551086425781
360000
min_value:50.73857751159522
time:384.0729675292969
370000
min_value:50.73857751159522
time:394.6531066894531
380000
min_value:50.73857751159522
time:405.38861083984375
390000
min_value:50.73857751159522
time:416.1201171875
400000
min_value:50.73857751159522
time:426.8621826171875
410000
min_value:50.73857751159522
time:437.4687194824219
420000
min_value:50.73857751159522
time:448.13677978515625
430000
min_value:50.73857751159522
time:458.78973388671875
440000
min_value:50.73857751159522
time:469.4515380859375
450000
min_value:50.73857751159522
time:480.09832763671875
460000
min_value:50.73857751159522
time:490.8565368652344
470000
min_value:50.73857751159522
time:501.4654846191406
480000
min_value:50.73857751159522
time:512.5096435546875
490000
min_value:50.73857751159522
time:523.0355224609375
500000
min_value:50.73857751159522
time:533.6483154296875
500000
fvalues:50.73857751159522
time_values:533.6483154296875
10000
min_value:66.71594402777947
time:10.664754867553711
20000
min_value:53.52797516807283
time:21.241104125976562
30000
min_value:51.74494353508077
time:31.67007064819336
40000
min_value:50.17734138653364
time:42.16887664794922
50000
min_value:50.17734138653364
time:52.801612854003906
60000
min_value:50.17734138653364
time:63.52397918701172
70000
min_value:50.17734138653364
time:74.20528411865234
80000
min_value:50.17734138653364
time:84.88749694824219
90000
min_value:50.17734138653364
time:95.67210388183594
100000
min_value:50.17734138653364
time:106.38689422607422
110000
min_value:50.17734138653364
time:117.22895812988281
120000
min_value:50.17734138653364
time:127.87606811523438
130000
min_value:50.17734138653364
time:138.50070190429688
140000
min_value:50.17734138653364
time:149.2377166748047
150000
min_value:50.17734138653364
time:160.00022888183594
160000
min_value:50.17734138653364
time:170.91995239257812
170000
min_value:50.17734138653364
time:181.5726318359375
180000
min_value:50.17734138653364
time:192.14735412597656
190000
min_value:50.17734138653364
time:202.8750762939453
200000
min_value:50.17734138653364
time:213.51622009277344
210000
min_value:50.17734138653364
time:224.08340454101562
220000
min_value:50.17734138653364
time:234.7264862060547
230000
min_value:50.17734138653364
time:245.45083618164062
240000
min_value:50.10551503697208
time:256.1083679199219
250000
min_value:50.10551503697208
time:266.7351379394531
260000
min_value:50.10551503697208
time:277.3397521972656
270000
min_value:50.10551503697208
time:287.8831787109375
280000
min_value:50.10551503697208
time:298.3371887207031
290000
min_value:50.10551503697208
time:308.9111328125
300000
min_value:50.10551503697208
time:319.4123229980469
310000
min_value:50.10551503697208
time:330.12933349609375
320000
min_value:50.10551503697208
time:341.0359191894531
330000
min_value:50.10551503697208
time:351.7203063964844
340000
min_value:50.10551503697208
time:362.4238586425781
350000
min_value:50.10551503697208
time:373.05108642578125
360000
min_value:50.10551503697208
time:383.6329345703125
370000
min_value:50.10551503697208
time:394.2718200683594
380000
min_value:50.10551503697208
time:404.9387512207031
390000
min_value:50.10551503697208
time:415.4496154785156
400000
min_value:50.10551503697208
time:426.0553894042969
410000
min_value:50.10551503697208
time:436.6275634765625
420000
min_value:50.10551503697208
time:447.2383117675781
430000
min_value:50.10551503697208
time:457.7463073730469
440000
min_value:50.10551503697208
time:468.2822265625
450000
min_value:50.10551503697208
time:478.74603271484375
460000
min_value:50.10551503697208
time:489.2376403808594
470000
min_value:50.10551503697208
time:499.67071533203125
480000
min_value:50.10551503697208
time:510.3793640136719
490000
min_value:50.10551503697208
time:520.7826538085938
500000
min_value:50.10551503697208
time:531.1144409179688
500000
fvalues:50.10551503697208
time_values:531.1144409179688
10000
min_value:67.84700788528778
time:10.491928100585938
20000
min_value:52.28997053712212
time:20.994340896606445
30000
min_value:52.28997053712212
time:31.53231430053711
40000
min_value:51.53140328026897
time:41.94578170776367
50000
min_value:51.53140328026897
time:52.37412643432617
60000
min_value:51.53140328026897
time:62.87349319458008
70000
min_value:51.53140328026897
time:73.37191772460938
80000
min_value:51.53140328026897
time:83.87437438964844
90000
min_value:51.53140328026897
time:94.36487579345703
100000
min_value:51.387239004618294
time:104.92716979980469
110000
min_value:51.387239004618294
time:115.40383911132812
120000
min_value:51.387239004618294
time:125.90130615234375
130000
min_value:51.387239004618294
time:136.38673400878906
140000
min_value:50.74700052387805
time:146.74705505371094
150000
min_value:50.74700052387805
time:157.08375549316406
160000
min_value:50.74700052387805
time:167.7741241455078
170000
min_value:50.07300514703214
time:178.06924438476562
180000
min_value:50.07300514703214
time:188.4195556640625
190000
min_value:50.07300514703214
time:198.73452758789062
200000
min_value:50.07300514703214
time:209.2498016357422
210000
min_value:50.07300514703214
time:219.7626495361328
220000
min_value:50.07300514703214
time:230.2142333984375
230000
min_value:50.07300514703214
time:240.67263793945312
240000
min_value:50.07300514703214
time:251.15066528320312
250000
min_value:50.07300514703214
time:261.5954284667969
260000
min_value:50.07300514703214
time:272.188720703125
270000
min_value:50.07300514703214
time:282.64935302734375
280000
min_value:50.07300514703214
time:293.22943115234375
290000
min_value:50.07300514703214
time:303.7515563964844
300000
min_value:50.07300514703214
time:314.2114562988281
310000
min_value:50.07300514703214
time:324.65875244140625
320000
min_value:50.07300514703214
time:335.4861755371094
330000
min_value:50.07300514703214
time:345.89794921875
340000
min_value:50.07300514703214
time:356.3487243652344
350000
min_value:50.07300514703214
time:366.822021484375
360000
min_value:50.07300514703214
time:377.36444091796875
370000
min_value:50.07300514703214
time:387.89617919921875
380000
min_value:50.07300514703214
time:398.3052062988281
390000
min_value:50.07300514703214
time:408.70245361328125
400000
min_value:50.07300514703214
time:419.15850830078125
410000
min_value:50.07300514703214
time:429.5135192871094
420000
min_value:50.07300514703214
time:440.0232238769531
430000
min_value:50.07300514703214
time:450.59637451171875
440000
min_value:50.07300514703214
time:461.1888122558594
450000
min_value:50.07300514703214
time:471.7679443359375
460000
min_value:50.07300514703214
time:482.1537170410156
470000
min_value:50.07300514703214
time:492.6468811035156
480000
min_value:50.07300514703214
time:503.38104248046875
490000
min_value:50.07300514703214
time:513.9127197265625
500000
min_value:50.07300514703214
time:524.341796875
500000
fvalues:50.07300514703214
time_values:524.341796875
10000
min_value:69.25081335426447
time:10.526725769042969
20000
min_value:53.63724916329354
time:20.975236892700195
30000
min_value:51.684754635179516
time:31.47014617919922
40000
min_value:51.33703927227191
time:41.908775329589844
50000
min_value:51.33703927227191
time:52.25550079345703
60000
min_value:51.14474089728712
time:62.61532974243164
70000
min_value:51.14474089728712
time:72.94200134277344
80000
min_value:51.14474089728712
time:83.34233856201172
90000
min_value:51.14474089728712
time:93.77115631103516
100000
min_value:51.14474089728712
time:104.30670166015625
110000
min_value:51.14474089728712
time:114.72281646728516
120000
min_value:51.14474089728712
time:125.15380096435547
130000
min_value:51.14474089728712
time:135.66160583496094
140000
min_value:51.14474089728712
time:146.1768035888672
150000
min_value:51.14474089728712
time:156.58900451660156
160000
min_value:51.14474089728712
time:167.31927490234375
170000
min_value:50.66515108785373
time:177.7823028564453
180000
min_value:50.66515108785373
time:188.29933166503906
190000
min_value:50.66515108785373
time:198.75633239746094
200000
min_value:50.66515108785373
time:209.1587371826172
210000
min_value:50.66515108785373
time:219.66819763183594
220000
min_value:50.66515108785373
time:230.13204956054688
230000
min_value:50.66515108785373
time:240.54319763183594
240000
min_value:50.66515108785373
time:250.99993896484375
250000
min_value:50.66515108785373
time:261.4837951660156
260000
min_value:50.66515108785373
time:271.9476318359375
270000
min_value:50.66515108785373
time:282.3992004394531
280000
min_value:50.66515108785373
time:292.8561096191406
290000
min_value:50.66515108785373
time:303.3717346191406
300000
min_value:50.66515108785373
time:313.80914306640625
310000
min_value:50.66515108785373
time:324.2836608886719
320000
min_value:50.66515108785373
time:335.0314636230469
330000
min_value:50.66515108785373
time:345.3946533203125
340000
min_value:50.66515108785373
time:355.90838623046875
350000
min_value:50.66515108785373
time:366.32049560546875
360000
min_value:50.66515108785373
time:376.7328796386719
370000
min_value:50.66515108785373
time:387.1140441894531
380000
min_value:50.66515108785373
time:397.5550231933594
390000
min_value:50.66515108785373
time:407.9402770996094
400000
min_value:50.66515108785373
time:418.4490661621094
410000
min_value:50.65496329394723
time:428.9138488769531
420000
min_value:50.65496329394723
time:439.45343017578125
430000
min_value:50.65496329394723
time:449.9478454589844
440000
min_value:50.65496329394723
time:460.3273010253906
450000
min_value:50.65496329394723
time:470.6378479003906
460000
min_value:50.65496329394723
time:481.1156311035156
470000
min_value:50.65496329394723
time:491.6138610839844
480000
min_value:50.307346571624585
time:502.45001220703125
490000
min_value:50.307346571624585
time:512.83837890625
500000
min_value:50.307346571624585
time:523.3342895507812
500000
fvalues:50.307346571624585
time_values:523.3342895507812
10000
min_value:67.9684723403735
time:10.440118789672852
20000
min_value:52.31880312415124
time:20.765865325927734
30000
min_value:51.67821661556357
time:31.341054916381836
40000
min_value:51.67821661556357
time:41.855262756347656
50000
min_value:51.67821661556357
time:52.27363967895508
60000
min_value:50.44881708237038
time:62.84483337402344
70000
min_value:50.44881708237038
time:73.40654754638672
80000
min_value:50.44881708237038
time:83.9751205444336
90000
min_value:50.44881708237038
time:94.45543670654297
100000
min_value:50.44881708237038
time:104.95897674560547
110000
min_value:50.44881708237038
time:115.50357055664062
120000
min_value:50.44881708237038
time:125.99082946777344
130000
min_value:50.44881708237038
time:136.5723114013672
140000
min_value:50.44881708237038
time:147.1505889892578
150000
min_value:50.44881708237038
time:157.6730499267578
160000
min_value:50.44881708237038
time:168.35781860351562
170000
min_value:50.44881708237038
time:178.72544860839844
180000
min_value:50.44881708237038
time:189.12818908691406
190000
min_value:50.44881708237038
time:199.57284545898438
200000
min_value:50.44881708237038
time:210.15509033203125
210000
min_value:50.44881708237038
time:220.62313842773438
220000
min_value:50.44881708237038
time:231.1671600341797
230000
min_value:50.44881708237038
time:241.75372314453125
240000
min_value:50.44881708237038
time:252.22116088867188
250000
min_value:50.44881708237038
time:262.6889953613281
260000
min_value:50.44881708237038
time:273.2160339355469
270000
min_value:50.421294810770085
time:283.6592102050781
280000
min_value:50.421294810770085
time:294.1505432128906
290000
min_value:50.421294810770085
time:304.6650390625
300000
min_value:50.421294810770085
time:315.06158447265625
310000
min_value:50.421294810770085
time:325.5361022949219
320000
min_value:50.421294810770085
time:336.4416809082031
330000
min_value:50.421294810770085
time:347.1366882324219
340000
min_value:50.421294810770085
time:357.80816650390625
350000
min_value:50.421294810770085
time:368.5743408203125
360000
min_value:50.421294810770085
time:379.44989013671875
370000
min_value:50.421294810770085
time:390.39166259765625
380000
min_value:50.421294810770085
time:401.44476318359375
390000
min_value:50.421294810770085
time:412.28668212890625
400000
min_value:50.421294810770085
time:422.7513427734375
410000
min_value:50.421294810770085
time:433.5998229980469
420000
min_value:50.421294810770085
time:445.0860900878906
430000
min_value:50.421294810770085
time:456.46148681640625
440000
min_value:50.421294810770085
time:467.53729248046875
450000
min_value:50.421294810770085
time:478.1531066894531
460000
min_value:50.421294810770085
time:488.6961975097656
470000
min_value:50.421294810770085
time:499.137939453125
480000
min_value:50.421294810770085
time:510.0169982910156
490000
min_value:50.421294810770085
time:520.694091796875
500000
min_value:50.421294810770085
time:531.9127807617188
500000
fvalues:50.421294810770085
time_values:531.9127807617188
10000
min_value:65.76173900223081
time:10.749028205871582
20000
min_value:53.23752908968022
time:21.570236206054688
30000
min_value:51.658183229790396
time:32.89189147949219
40000
min_value:51.658183229790396
time:43.9127197265625
50000
min_value:50.98344395601418
time:54.83159637451172
60000
min_value:50.98344395601418
time:65.52223205566406
70000
min_value:50.98344395601418
time:76.07048797607422
80000
min_value:50.98344395601418
time:86.71267700195312
90000
min_value:50.98344395601418
time:97.29228973388672
100000
min_value:50.98344395601418
time:107.89613342285156
110000
min_value:50.98344395601418
time:118.6707992553711
120000
min_value:50.98344395601418
time:129.29530334472656
130000
min_value:50.98344395601418
time:140.02243041992188
140000
min_value:50.98344395601418
time:150.84364318847656
150000
min_value:49.95525678266237
time:161.5598602294922
160000
min_value:49.95525678266237
time:172.7456817626953
170000
min_value:49.95525678266237
time:183.5879669189453
180000
min_value:49.95525678266237
time:194.4062957763672
190000
min_value:49.95525678266237
time:205.30551147460938
200000
min_value:49.95525678266237
time:215.99517822265625
210000
min_value:49.95525678266237
time:226.85821533203125
220000
min_value:49.95525678266237
time:237.56723022460938
230000
min_value:49.95525678266237
time:248.4805145263672
240000
min_value:49.95525678266237
time:259.2513732910156
250000
min_value:49.95525678266237
time:269.8918762207031
260000
min_value:49.95525678266237
time:280.4858703613281
270000
min_value:49.95525678266237
time:291.1710510253906
280000
min_value:49.95525678266237
time:301.9337463378906
290000
min_value:49.95525678266237
time:312.7255859375
300000
min_value:49.95525678266237
time:323.53497314453125
310000
min_value:49.95525678266237
time:334.2135009765625
320000
min_value:49.95525678266237
time:345.2987060546875
330000
min_value:49.95525678266237
time:356.159423828125
340000
min_value:49.95525678266237
time:366.8515930175781
350000
min_value:49.95525678266237
time:377.5226745605469
360000
min_value:49.95525678266237
time:388.3133239746094
370000
min_value:49.95525678266237
time:399.0289611816406
380000
min_value:49.95525678266237
time:409.74261474609375
390000
min_value:49.95525678266237
time:420.248291015625
400000
min_value:49.95525678266237
time:430.89520263671875
410000
min_value:49.95525678266237
time:441.5843811035156
420000
min_value:49.95525678266237
time:452.21759033203125
430000
min_value:49.95525678266237
time:463.0163879394531
440000
min_value:49.95525678266237
time:473.6863098144531
450000
min_value:49.95525678266237
time:484.253173828125
460000
min_value:49.95525678266237
time:495.0746154785156
470000
min_value:49.95525678266237
time:505.7820739746094
480000
min_value:49.95525678266237
time:516.7322998046875
490000
min_value:49.95525678266237
time:527.3330688476562
500000
min_value:49.95525678266237
time:537.8705444335938
500000
fvalues:49.95525678266237
time_values:537.8705444335938
10000
min_value:76.66216515823635
time:10.580573081970215
20000
min_value:52.018970215215276
time:21.239852905273438
30000
min_value:50.61596520815624
time:31.850933074951172
40000
min_value:50.61596520815624
time:42.530757904052734
50000
min_value:50.61596520815624
time:53.316673278808594
60000
min_value:50.61596520815624
time:64.0541000366211
70000
min_value:50.19831405699171
time:74.80262756347656
80000
min_value:50.19831405699171
time:85.52550506591797
90000
min_value:50.19831405699171
time:96.4769287109375
100000
min_value:50.19831405699171
time:107.23236846923828
110000
min_value:50.19831405699171
time:117.9798583984375
120000
min_value:50.19831405699171
time:128.736083984375
130000
min_value:50.19831405699171
time:139.4722900390625
140000
min_value:50.19831405699171
time:150.07687377929688
150000
min_value:50.19831405699171
time:160.8753204345703
160000
min_value:50.19831405699171
time:172.0093994140625
170000
min_value:50.19831405699171
time:182.78509521484375
180000
min_value:50.19831405699171
time:193.55445861816406
190000
min_value:50.19831405699171
time:204.22320556640625
200000
min_value:50.19831405699171
time:214.9745330810547
210000
min_value:50.19831405699171
time:225.70057678222656
220000
min_value:50.19831405699171
time:236.50685119628906
230000
min_value:50.19831405699171
time:247.21539306640625
240000
min_value:50.19831405699171
time:257.99359130859375
250000
min_value:50.19831405699171
time:268.7515563964844
260000
min_value:50.19831405699171
time:279.51373291015625
270000
min_value:50.19831405699171
time:290.22650146484375
280000
min_value:50.19831405699171
time:300.9372863769531
290000
min_value:50.19831405699171
time:311.7529296875
300000
min_value:50.19831405699171
time:322.4963073730469
310000
min_value:50.19831405699171
time:333.21893310546875
320000
min_value:50.19831405699171
time:344.2188415527344
330000
min_value:50.19831405699171
time:354.8653259277344
340000
min_value:50.19831405699171
time:365.584228515625
350000
min_value:50.19831405699171
time:376.50531005859375
360000
min_value:50.19831405699171
time:387.4314880371094
370000
min_value:50.19831405699171
time:398.11444091796875
380000
min_value:50.19831405699171
time:408.94659423828125
390000
min_value:50.19831405699171
time:419.7255554199219
400000
min_value:50.19831405699171
time:430.455078125
410000
min_value:50.19831405699171
time:441.2476501464844
420000
min_value:50.19831405699171
time:452.08795166015625
430000
min_value:50.19831405699171
time:462.8282775878906
440000
min_value:50.19831405699171
time:473.63165283203125
450000
min_value:50.19831405699171
time:484.4950256347656
460000
min_value:50.19831405699171
time:495.3575744628906
470000
min_value:50.19831405699171
time:506.2151184082031
480000
min_value:50.19831405699171
time:517.3628540039062
490000
min_value:50.19831405699171
time:528.0302734375
500000
min_value:50.19831405699171
time:538.796142578125
500000
fvalues:50.19831405699171
time_values:538.796142578125
