./results/regularized test/dim:1000_ord:1_coef:1e-06_fused:False/proposed/lr:0.01_reduced_dim:100_sample_size:1_mu:1e-08_step_schedule:constant
10000
min_value:0.03286668917344987
time:11.724574089050293
20000
min_value:2.1212669485871394e-06
time:19.9199275970459
30000
min_value:1.562963339885436e-09
time:28.045642852783203
40000
min_value:1.2711127645463547e-09
time:36.106910705566406
50000
min_value:1.2711127645463547e-09
time:44.344600677490234
60000
min_value:1.2711127645463547e-09
time:52.70127868652344
70000
min_value:1.2711127645463547e-09
time:60.9718132019043
80000
min_value:1.2711127645463547e-09
time:69.21392059326172
90000
min_value:1.26710777213579e-09
time:77.59127044677734
100000
min_value:1.26710777213579e-09
time:85.93367004394531
110000
min_value:1.26710777213579e-09
time:94.3221664428711
120000
min_value:1.26710777213579e-09
time:102.66083526611328
130000
min_value:1.2616152739149756e-09
time:110.94691467285156
140000
min_value:1.2616152739149756e-09
time:119.25501251220703
150000
min_value:1.2616152739149756e-09
time:127.55435943603516
160000
min_value:1.2616152739149756e-09
time:135.93923950195312
170000
min_value:1.2616152739149756e-09
time:144.11532592773438
180000
min_value:1.2616152739149756e-09
time:152.30015563964844
190000
min_value:1.2616152739149756e-09
time:160.50570678710938
200000
min_value:1.2616152739149756e-09
time:168.68502807617188
210000
min_value:1.2616152739149756e-09
time:176.93142700195312
220000
min_value:1.2616152739149756e-09
time:185.10958862304688
230000
min_value:1.2616152739149756e-09
time:193.39004516601562
240000
min_value:1.2616152739149756e-09
time:201.58082580566406
250000
min_value:1.2616152739149756e-09
time:209.82037353515625
260000
min_value:1.2616152739149756e-09
time:218.0704345703125
270000
min_value:1.2616152739149756e-09
time:226.27719116210938
280000
min_value:1.2616152739149756e-09
time:234.53167724609375
290000
min_value:1.2616152739149756e-09
time:242.8124542236328
300000
min_value:1.2616152739149756e-09
time:251.0900421142578
310000
min_value:1.2616152739149756e-09
time:259.49176025390625
320000
min_value:1.2616152739149756e-09
time:267.7607116699219
330000
min_value:1.2616152739149756e-09
time:275.9617919921875
340000
min_value:1.2616152739149756e-09
time:284.210205078125
350000
min_value:1.2616152739149756e-09
time:292.495849609375
360000
min_value:1.2616152739149756e-09
time:300.7737731933594
370000
min_value:1.2616152739149756e-09
time:309.00146484375
380000
min_value:1.2616152739149756e-09
time:317.2295227050781
390000
min_value:1.2616152739149756e-09
time:325.43133544921875
400000
min_value:1.2616152739149756e-09
time:333.6309509277344
410000
min_value:1.2616152739149756e-09
time:341.9546203613281
420000
min_value:1.2616152739149756e-09
time:350.28448486328125
430000
min_value:1.2616152739149756e-09
time:358.6490783691406
440000
min_value:1.2616152739149756e-09
time:366.9527893066406
450000
min_value:1.2616152739149756e-09
time:375.1814880371094
460000
min_value:1.2616152739149756e-09
time:383.519287109375
470000
min_value:1.2616152739149756e-09
time:391.8634338378906
480000
min_value:1.2616152739149756e-09
time:400.2176818847656
490000
min_value:1.2616152739149756e-09
time:408.6771240234375
500000
min_value:1.2616152739149756e-09
time:416.88330078125
500000
fvalues:1.2616152739149756e-09
time_values:416.88330078125
10000
min_value:0.030419390658373232
time:8.101680755615234
20000
min_value:1.5824721630966812e-06
time:16.207489013671875
30000
min_value:1.4864145384526594e-09
time:24.24666404724121
40000
min_value:1.2814214720872385e-09
time:32.384822845458984
50000
min_value:1.2814214720872385e-09
time:40.5235481262207
60000
min_value:1.2814214720872385e-09
time:48.69077682495117
70000
min_value:1.2814214720872385e-09
time:56.93084716796875
80000
min_value:1.2814214720872385e-09
time:65.0770492553711
90000
min_value:1.2774955306278767e-09
time:73.20525360107422
100000
min_value:1.2774955306278767e-09
time:81.3763198852539
110000
min_value:1.2774955306278767e-09
time:89.49903869628906
120000
min_value:1.2774955306278767e-09
time:97.71997833251953
130000
min_value:1.2391767972356185e-09
time:105.83808898925781
140000
min_value:1.2391767972356185e-09
time:114.06745147705078
150000
min_value:1.2391767972356185e-09
time:122.34587097167969
160000
min_value:1.2391767972356185e-09
time:130.45645141601562
170000
min_value:1.2391767972356185e-09
time:138.65396118164062
180000
min_value:1.2391767972356185e-09
time:146.74325561523438
190000
min_value:1.2391767972356185e-09
time:154.8240203857422
200000
min_value:1.2391767972356185e-09
time:163.02381896972656
210000
min_value:1.2391767972356185e-09
time:171.27471923828125
220000
min_value:1.2391767972356185e-09
time:179.43338012695312
230000
min_value:1.2391767972356185e-09
time:187.61880493164062
240000
min_value:1.2391767972356185e-09
time:195.75091552734375
250000
min_value:1.2391767972356185e-09
time:203.9235382080078
260000
min_value:1.2391767972356185e-09
time:212.06533813476562
270000
min_value:1.2391767972356185e-09
time:220.27731323242188
280000
min_value:1.2391767972356185e-09
time:228.5215606689453
290000
min_value:1.2391767972356185e-09
time:236.83877563476562
300000
min_value:1.2391767972356185e-09
time:245.37474060058594
310000
min_value:1.2391767972356185e-09
time:253.8179168701172
320000
min_value:1.2391767972356185e-09
time:262.25018310546875
330000
min_value:1.2391767972356185e-09
time:270.7054138183594
340000
min_value:1.2391767972356185e-09
time:279.1712646484375
350000
min_value:1.2391767972356185e-09
time:287.61029052734375
360000
min_value:1.2391767972356185e-09
time:295.8801574707031
370000
min_value:1.2391767972356185e-09
time:304.1764831542969
380000
min_value:1.2391767972356185e-09
time:312.4643249511719
390000
min_value:1.2391767972356185e-09
time:320.66412353515625
400000
min_value:1.2391767972356185e-09
time:328.85516357421875
410000
min_value:1.2310136753637893e-09
time:337.0576171875
420000
min_value:1.2310136753637893e-09
time:345.30462646484375
430000
min_value:1.2162856859947375e-09
time:353.4796142578125
440000
min_value:1.2162856859947375e-09
time:361.5854797363281
450000
min_value:1.2162856859947375e-09
time:369.7189636230469
460000
min_value:1.2162856859947375e-09
time:377.743408203125
470000
min_value:1.2162856859947375e-09
time:385.7276611328125
480000
min_value:1.2162856859947375e-09
time:393.8363342285156
490000
min_value:1.2162856859947375e-09
time:401.8426818847656
500000
min_value:1.2162856859947375e-09
time:409.8254699707031
500000
fvalues:1.2162856859947375e-09
time_values:409.8254699707031
10000
min_value:0.028264593565756328
time:8.00341796875
20000
min_value:1.875594292138103e-06
time:16.044771194458008
30000
min_value:1.520463302561626e-09
time:24.206510543823242
40000
min_value:1.2749022214811583e-09
time:32.427127838134766
50000
min_value:1.2749022214811583e-09
time:40.716552734375
60000
min_value:1.2749022214811583e-09
time:49.04838943481445
70000
min_value:1.2749022214811583e-09
time:57.249244689941406
80000
min_value:1.2740324385253813e-09
time:65.71314239501953
90000
min_value:1.2740324385253813e-09
time:73.92185974121094
100000
min_value:1.2740324385253813e-09
time:82.08483123779297
110000
min_value:1.2740324385253813e-09
time:90.39725494384766
120000
min_value:1.2705965823953583e-09
time:98.60128021240234
130000
min_value:1.2631536511121026e-09
time:106.83206176757812
140000
min_value:1.2631536511121026e-09
time:115.05722045898438
150000
min_value:1.2631536511121026e-09
time:123.32935333251953
160000
min_value:1.2631536511121026e-09
time:131.59857177734375
170000
min_value:1.2631536511121026e-09
time:139.95057678222656
180000
min_value:1.2631536511121026e-09
time:148.3170623779297
190000
min_value:1.2631536511121026e-09
time:156.48959350585938
200000
min_value:1.2631536511121026e-09
time:164.91864013671875
210000
min_value:1.2631536511121026e-09
time:173.3697509765625
220000
min_value:1.2631536511121026e-09
time:181.80470275878906
230000
min_value:1.2631536511121026e-09
time:190.21978759765625
240000
min_value:1.2631536511121026e-09
time:198.7760009765625
250000
min_value:1.2631536511121026e-09
time:206.90225219726562
260000
min_value:1.2631536511121026e-09
time:215.06222534179688
270000
min_value:1.2631536511121026e-09
time:223.323486328125
280000
min_value:1.2631536511121026e-09
time:231.47389221191406
290000
min_value:1.2631536511121026e-09
time:239.63145446777344
300000
min_value:1.2631536511121026e-09
time:247.84304809570312
310000
min_value:1.2631536511121026e-09
time:256.0849914550781
320000
min_value:1.2631536511121026e-09
time:264.3221435546875
330000
min_value:1.2631536511121026e-09
time:272.4658203125
340000
min_value:1.2631536511121026e-09
time:280.76068115234375
350000
min_value:1.2631536511121026e-09
time:289.0001220703125
360000
min_value:1.2631536511121026e-09
time:297.3246765136719
370000
min_value:1.2631536511121026e-09
time:305.5126953125
380000
min_value:1.2631536511121026e-09
time:313.8935546875
390000
min_value:1.2631536511121026e-09
time:322.2033386230469
400000
min_value:1.2631536511121026e-09
time:330.58160400390625
410000
min_value:1.2631536511121026e-09
time:338.6945495605469
420000
min_value:1.2631536511121026e-09
time:346.975830078125
430000
min_value:1.2631536511121026e-09
time:355.0787048339844
440000
min_value:1.2631536511121026e-09
time:363.299560546875
450000
min_value:1.2631536511121026e-09
time:371.5376892089844
460000
min_value:1.2629256194017936e-09
time:379.8198547363281
470000
min_value:1.2629256194017936e-09
time:388.0336608886719
480000
min_value:1.2629256194017936e-09
time:396.2597961425781
490000
min_value:1.2629256194017936e-09
time:404.4017639160156
500000
min_value:1.2629256194017936e-09
time:412.4463806152344
500000
fvalues:1.2629256194017936e-09
time_values:412.4463806152344
10000
min_value:0.027446329575109903
time:8.111152648925781
20000
min_value:1.2094374369859881e-06
time:16.053464889526367
30000
min_value:1.5656750345483158e-09
time:24.142684936523438
40000
min_value:1.314553268538099e-09
time:32.191017150878906
50000
min_value:1.2558138853008938e-09
time:40.29361343383789
60000
min_value:1.2558138853008938e-09
time:48.46759796142578
70000
min_value:1.2483790373681694e-09
time:56.812049865722656
80000
min_value:1.2483790373681694e-09
time:65.4387435913086
90000
min_value:1.2483790373681694e-09
time:74.06574249267578
100000
min_value:1.2483790373681694e-09
time:82.91201782226562
110000
min_value:1.2483790373681694e-09
time:91.38858795166016
120000
min_value:1.2448276560688079e-09
time:99.84671020507812
130000
min_value:1.2448276560688079e-09
time:108.20084381103516
140000
min_value:1.2448276560688079e-09
time:116.45603942871094
150000
min_value:1.2448276560688079e-09
time:124.71231079101562
160000
min_value:1.2448276560688079e-09
time:132.9816131591797
170000
min_value:1.2448276560688079e-09
time:141.19964599609375
180000
min_value:1.2448276560688079e-09
time:149.41864013671875
190000
min_value:1.2448276560688079e-09
time:157.75531005859375
200000
min_value:1.2448276560688079e-09
time:166.07252502441406
210000
min_value:1.2448276560688079e-09
time:174.4621124267578
220000
min_value:1.2316854829455962e-09
time:182.77268981933594
230000
min_value:1.2316854829455962e-09
time:191.13775634765625
240000
min_value:1.2316854829455962e-09
time:199.36480712890625
250000
min_value:1.2316854829455962e-09
time:207.4744110107422
260000
min_value:1.2316854829455962e-09
time:215.5293731689453
270000
min_value:1.2316854829455962e-09
time:223.6562042236328
280000
min_value:1.2316854829455962e-09
time:231.61953735351562
290000
min_value:1.2316854829455962e-09
time:239.66864013671875
300000
min_value:1.2316854829455962e-09
time:247.6853790283203
310000
min_value:1.2316854829455962e-09
time:255.9451141357422
320000
min_value:1.2316854829455962e-09
time:264.1974792480469
330000
min_value:1.2316854829455962e-09
time:272.4607238769531
340000
min_value:1.2316854829455962e-09
time:280.78143310546875
350000
min_value:1.2316854829455962e-09
time:289.038818359375
360000
min_value:1.2316854829455962e-09
time:297.300048828125
370000
min_value:1.2316854829455962e-09
time:305.67572021484375
380000
min_value:1.2316854829455962e-09
time:314.108154296875
390000
min_value:1.2316854829455962e-09
time:322.6147155761719
400000
min_value:1.2316854829455962e-09
time:331.1903076171875
410000
min_value:1.2316854829455962e-09
time:339.4170837402344
420000
min_value:1.2316854829455962e-09
time:347.6966247558594
430000
min_value:1.2316854829455962e-09
time:355.9019470214844
440000
min_value:1.2316854829455962e-09
time:364.1567687988281
450000
min_value:1.2316854829455962e-09
time:372.193115234375
460000
min_value:1.2316854829455962e-09
time:380.18359375
470000
min_value:1.2316854829455962e-09
time:388.1813659667969
480000
min_value:1.2316854829455962e-09
time:396.2236328125
490000
min_value:1.2316854829455962e-09
time:404.23297119140625
500000
min_value:1.2316854829455962e-09
time:412.2441101074219
500000
fvalues:1.2316854829455962e-09
time_values:412.2441101074219
10000
min_value:0.024940636294723987
time:8.19854736328125
20000
min_value:1.4914572847415296e-06
time:16.434064865112305
30000
min_value:1.4771041617508944e-09
time:24.54964256286621
40000
min_value:1.2789384462441443e-09
time:32.727294921875
50000
min_value:1.2654962197291773e-09
time:40.913658142089844
60000
min_value:1.2654962197291773e-09
time:49.147640228271484
70000
min_value:1.2538252123579064e-09
time:57.29652786254883
80000
min_value:1.2538252123579064e-09
time:65.48963165283203
90000
min_value:1.2538252123579064e-09
time:73.77223205566406
100000
min_value:1.2538252123579064e-09
time:82.08699798583984
110000
min_value:1.2538252123579064e-09
time:90.56681060791016
120000
min_value:1.2538252123579064e-09
time:99.16413116455078
130000
min_value:1.2538252123579064e-09
time:107.68933868408203
140000
min_value:1.2538252123579064e-09
time:116.11489868164062
150000
min_value:1.2538252123579064e-09
time:124.49998474121094
160000
min_value:1.2538252123579064e-09
time:133.06167602539062
170000
min_value:1.2538252123579064e-09
time:141.5018310546875
180000
min_value:1.2538252123579064e-09
time:149.77316284179688
190000
min_value:1.2538252123579064e-09
time:158.24057006835938
200000
min_value:1.2538252123579064e-09
time:166.26910400390625
210000
min_value:1.2538252123579064e-09
time:174.3190155029297
220000
min_value:1.2538252123579064e-09
time:182.3791961669922
230000
min_value:1.2538252123579064e-09
time:190.53536987304688
240000
min_value:1.2538252123579064e-09
time:198.8054656982422
250000
min_value:1.2538252123579064e-09
time:206.99148559570312
260000
min_value:1.2538252123579064e-09
time:215.28981018066406
270000
min_value:1.2538252123579064e-09
time:223.53086853027344
280000
min_value:1.2538252123579064e-09
time:231.8365020751953
290000
min_value:1.2538252123579064e-09
time:240.11672973632812
300000
min_value:1.2538252123579064e-09
time:248.32107543945312
310000
min_value:1.2538252123579064e-09
time:256.4922180175781
320000
min_value:1.2538252123579064e-09
time:264.735595703125
330000
min_value:1.2538252123579064e-09
time:273.07659912109375
340000
min_value:1.2538252123579064e-09
time:281.4580993652344
350000
min_value:1.2538252123579064e-09
time:289.658935546875
360000
min_value:1.2316338006051994e-09
time:297.7772521972656
370000
min_value:1.2316338006051994e-09
time:305.79315185546875
380000
min_value:1.2316338006051994e-09
time:313.9591979980469
390000
min_value:1.2316338006051994e-09
time:322.35693359375
400000
min_value:1.2316338006051994e-09
time:330.6544189453125
410000
min_value:1.2316338006051994e-09
time:339.07568359375
420000
min_value:1.2316338006051994e-09
time:347.412841796875
430000
min_value:1.2316338006051994e-09
time:355.73779296875
440000
min_value:1.2316338006051994e-09
time:364.06512451171875
450000
min_value:1.2316338006051994e-09
time:372.3785705566406
460000
min_value:1.2316338006051994e-09
time:380.709228515625
470000
min_value:1.2316338006051994e-09
time:389.12200927734375
480000
min_value:1.2316338006051994e-09
time:397.6663513183594
490000
min_value:1.2316338006051994e-09
time:406.073486328125
500000
min_value:1.2316338006051994e-09
time:414.4867248535156
500000
fvalues:1.2316338006051994e-09
time_values:414.4867248535156
10000
min_value:0.02349213949488865
time:8.481237411499023
20000
min_value:1.2640006530556188e-06
time:16.787450790405273
30000
min_value:1.4462980339382495e-09
time:25.034666061401367
40000
min_value:1.3046859559885932e-09
time:33.15800094604492
50000
min_value:1.2849266310197984e-09
time:41.15614318847656
60000
min_value:1.2849266310197984e-09
time:49.334503173828125
70000
min_value:1.2827005809494268e-09
time:57.554683685302734
80000
min_value:1.2792826738548555e-09
time:65.84059143066406
90000
min_value:1.2792826738548555e-09
time:74.03802490234375
100000
min_value:1.2763075849562694e-09
time:82.5131607055664
110000
min_value:1.2763075849562694e-09
time:91.04326629638672
120000
min_value:1.2655878144098234e-09
time:99.34647369384766
130000
min_value:1.2655878144098234e-09
time:107.69090270996094
140000
min_value:1.2655878144098234e-09
time:115.93627166748047
150000
min_value:1.2655878144098234e-09
time:124.28324127197266
160000
min_value:1.2655878144098234e-09
time:132.48263549804688
170000
min_value:1.261773581483074e-09
time:140.66571044921875
180000
min_value:1.261773581483074e-09
time:148.96194458007812
190000
min_value:1.261773581483074e-09
time:157.10122680664062
200000
min_value:1.261773581483074e-09
time:165.4097137451172
210000
min_value:1.261773581483074e-09
time:173.65199279785156
220000
min_value:1.261773581483074e-09
time:181.8766632080078
230000
min_value:1.261773581483074e-09
time:190.1607666015625
240000
min_value:1.261773581483074e-09
time:198.41641235351562
250000
min_value:1.261773581483074e-09
time:206.8157501220703
260000
min_value:1.261773581483074e-09
time:215.08741760253906
270000
min_value:1.261773581483074e-09
time:223.3408660888672
280000
min_value:1.261773581483074e-09
time:231.42184448242188
290000
min_value:1.261773581483074e-09
time:239.7757568359375
300000
min_value:1.261773581483074e-09
time:248.00637817382812
310000
min_value:1.261773581483074e-09
time:256.22509765625
320000
min_value:1.261773581483074e-09
time:264.40283203125
330000
min_value:1.261773581483074e-09
time:272.4017639160156
340000
min_value:1.261773581483074e-09
time:280.5152893066406
350000
min_value:1.2535432842991806e-09
time:288.57440185546875
360000
min_value:1.2535432842991806e-09
time:296.7824401855469
370000
min_value:1.2535432842991806e-09
time:305.01422119140625
380000
min_value:1.2535432842991806e-09
time:313.23388671875
390000
min_value:1.2535432842991806e-09
time:321.7057800292969
400000
min_value:1.2535432842991806e-09
time:330.16912841796875
410000
min_value:1.2535432842991806e-09
time:338.7111511230469
420000
min_value:1.2474025811088062e-09
time:347.19781494140625
430000
min_value:1.2474025811088062e-09
time:355.7834777832031
440000
min_value:1.2474025811088062e-09
time:364.2091064453125
450000
min_value:1.2474025811088062e-09
time:372.4768981933594
460000
min_value:1.2474025811088062e-09
time:380.8459167480469
470000
min_value:1.2474025811088062e-09
time:389.1897888183594
480000
min_value:1.2474025811088062e-09
time:397.4169006347656
490000
min_value:1.2474025811088062e-09
time:405.7005310058594
500000
min_value:1.2474025811088062e-09
time:413.97955322265625
500000
fvalues:1.2474025811088062e-09
time_values:413.97955322265625
10000
min_value:0.02759321191665887
time:8.181137084960938
20000
min_value:1.7080854344711978e-06
time:16.44979476928711
30000
min_value:1.510242424558958e-09
time:24.7296142578125
40000
min_value:1.2972207550778356e-09
time:32.87055206298828
50000
min_value:1.2506156744884356e-09
time:40.98539733886719
60000
min_value:1.2506156744884356e-09
time:49.06403350830078
70000
min_value:1.2506156744884356e-09
time:57.050296783447266
80000
min_value:1.2506156744884356e-09
time:65.06509399414062
90000
min_value:1.2506156744884356e-09
time:73.10157775878906
100000
min_value:1.2506156744884356e-09
time:81.40087127685547
110000
min_value:1.2506156744884356e-09
time:89.80592346191406
120000
min_value:1.2506156744884356e-09
time:98.13816833496094
130000
min_value:1.2506156744884356e-09
time:106.45384979248047
140000
min_value:1.2506156744884356e-09
time:114.77653503417969
150000
min_value:1.248603634885065e-09
time:123.1044921875
160000
min_value:1.248603634885065e-09
time:131.57699584960938
170000
min_value:1.248603634885065e-09
time:140.14547729492188
180000
min_value:1.248603634885065e-09
time:148.72254943847656
190000
min_value:1.248603634885065e-09
time:157.46319580078125
200000
min_value:1.248603634885065e-09
time:165.927001953125
210000
min_value:1.248603634885065e-09
time:174.47637939453125
220000
min_value:1.248603634885065e-09
time:182.79962158203125
230000
min_value:1.248603634885065e-09
time:191.1593017578125
240000
min_value:1.248603634885065e-09
time:199.4648895263672
250000
min_value:1.248603634885065e-09
time:207.7393798828125
260000
min_value:1.248603634885065e-09
time:215.99461364746094
270000
min_value:1.248603634885065e-09
time:224.26651000976562
280000
min_value:1.248603634885065e-09
time:232.40281677246094
290000
min_value:1.248603634885065e-09
time:240.55982971191406
300000
min_value:1.248603634885065e-09
time:248.61207580566406
310000
min_value:1.248603634885065e-09
time:256.66436767578125
320000
min_value:1.248603634885065e-09
time:264.6849670410156
330000
min_value:1.248603634885065e-09
time:272.6658630371094
340000
min_value:1.248603634885065e-09
time:280.9892883300781
350000
min_value:1.248603634885065e-09
time:289.4207763671875
360000
min_value:1.248603634885065e-09
time:297.9027099609375
370000
min_value:1.248603634885065e-09
time:306.2715759277344
380000
min_value:1.248603634885065e-09
time:314.53289794921875
390000
min_value:1.248603634885065e-09
time:322.9703063964844
400000
min_value:1.248603634885065e-09
time:331.2936706542969
410000
min_value:1.248603634885065e-09
time:339.7724609375
420000
min_value:1.248603634885065e-09
time:348.0950622558594
430000
min_value:1.248603634885065e-09
time:356.5787353515625
440000
min_value:1.248603634885065e-09
time:364.9798889160156
450000
min_value:1.248603634885065e-09
time:373.40960693359375
460000
min_value:1.248603634885065e-09
time:381.8379211425781
470000
min_value:1.2429239946874434e-09
time:390.29644775390625
480000
min_value:1.2429239946874434e-09
time:398.7972106933594
490000
min_value:1.2429239946874434e-09
time:407.3420715332031
500000
min_value:1.2429239946874434e-09
time:415.9600830078125
500000
fvalues:1.2429239946874434e-09
time_values:415.9600830078125
10000
min_value:0.027603279287503515
time:8.330497741699219
20000
min_value:1.3305472050288305e-06
time:16.541385650634766
30000
min_value:1.4063704035425328e-09
time:24.50697898864746
40000
min_value:1.2731654177117665e-09
time:32.58464813232422
50000
min_value:1.2675774594955163e-09
time:40.6594352722168
60000
min_value:1.2675774594955163e-09
time:48.710025787353516
70000
min_value:1.2675774594955163e-09
time:57.08531188964844
80000
min_value:1.2675774594955163e-09
time:65.4105224609375
90000
min_value:1.2675774594955163e-09
time:73.70498657226562
100000
min_value:1.2675774594955163e-09
time:82.16693115234375
110000
min_value:1.2675774594955163e-09
time:90.48571014404297
120000
min_value:1.2675774594955163e-09
time:98.94328308105469
130000
min_value:1.2675774594955163e-09
time:107.48318481445312
140000
min_value:1.2675774594955163e-09
time:115.89025115966797
150000
min_value:1.2675774594955163e-09
time:124.14004516601562
160000
min_value:1.2675774594955163e-09
time:132.60906982421875
170000
min_value:1.2675774594955163e-09
time:140.78810119628906
180000
min_value:1.2675774594955163e-09
time:148.82266235351562
190000
min_value:1.2638198887890502e-09
time:156.94296264648438
200000
min_value:1.2638198887890502e-09
time:165.2140655517578
210000
min_value:1.2638198887890502e-09
time:173.56553649902344
220000
min_value:1.2638198887890502e-09
time:181.82937622070312
230000
min_value:1.2638198887890502e-09
time:190.13565063476562
240000
min_value:1.261114170904629e-09
time:198.3919219970703
250000
min_value:1.2423053213485365e-09
time:206.89639282226562
260000
min_value:1.2423053213485365e-09
time:215.26654052734375
270000
min_value:1.2423053213485365e-09
time:223.70884704589844
280000
min_value:1.2423053213485365e-09
time:232.043701171875
290000
min_value:1.2423053213485365e-09
time:240.4183807373047
300000
min_value:1.2423053213485365e-09
time:248.9603729248047
310000
min_value:1.2423053213485365e-09
time:257.4613952636719
320000
min_value:1.2423053213485365e-09
time:266.0191345214844
330000
min_value:1.2423053213485365e-09
time:274.4341735839844
340000
min_value:1.2423053213485365e-09
time:282.6712646484375
350000
min_value:1.2423053213485365e-09
time:291.08203125
360000
min_value:1.2423053213485365e-09
time:299.4274597167969
370000
min_value:1.2423053213485365e-09
time:307.6851806640625
380000
min_value:1.2423053213485365e-09
time:315.8290710449219
390000
min_value:1.2423053213485365e-09
time:323.9266662597656
400000
min_value:1.2423053213485365e-09
time:332.0417785644531
410000
min_value:1.2423053213485365e-09
time:340.0789489746094
420000
min_value:1.2423053213485365e-09
time:348.3476257324219
430000
min_value:1.2423053213485365e-09
time:356.5303039550781
440000
min_value:1.2423053213485365e-09
time:364.798095703125
450000
min_value:1.2423053213485365e-09
time:373.2104187011719
460000
min_value:1.2423053213485365e-09
time:381.5517883300781
470000
min_value:1.2323422627730668e-09
time:390.0035705566406
480000
min_value:1.2323422627730668e-09
time:398.3114929199219
490000
min_value:1.2323422627730668e-09
time:406.6570739746094
500000
min_value:1.2323422627730668e-09
time:414.99114990234375
500000
fvalues:1.2323422627730668e-09
time_values:414.99114990234375
10000
min_value:0.02672441450492614
time:8.23685073852539
20000
min_value:1.4470986328163847e-06
time:16.567468643188477
30000
min_value:1.542961309524567e-09
time:24.884445190429688
40000
min_value:1.2501507247880007e-09
time:33.05682373046875
50000
min_value:1.241458077175781e-09
time:41.69917297363281
60000
min_value:1.241458077175781e-09
time:50.03206253051758
70000
min_value:1.241458077175781e-09
time:58.14570236206055
80000
min_value:1.241458077175781e-09
time:66.43899536132812
90000
min_value:1.241458077175781e-09
time:74.80458068847656
100000
min_value:1.241458077175781e-09
time:83.152587890625
110000
min_value:1.241458077175781e-09
time:91.56671142578125
120000
min_value:1.241458077175781e-09
time:99.86174774169922
130000
min_value:1.241458077175781e-09
time:108.10222625732422
140000
min_value:1.241458077175781e-09
time:116.36746215820312
150000
min_value:1.241458077175781e-09
time:124.64109802246094
160000
min_value:1.241458077175781e-09
time:133.017333984375
170000
min_value:1.241458077175781e-09
time:141.36007690429688
180000
min_value:1.241458077175781e-09
time:149.61962890625
190000
min_value:1.241458077175781e-09
time:157.93988037109375
200000
min_value:1.241458077175781e-09
time:166.2999267578125
210000
min_value:1.241458077175781e-09
time:174.77249145507812
220000
min_value:1.241458077175781e-09
time:182.9710235595703
230000
min_value:1.241458077175781e-09
time:191.28150939941406
240000
min_value:1.241458077175781e-09
time:199.6490020751953
250000
min_value:1.241458077175781e-09
time:207.83029174804688
260000
min_value:1.241458077175781e-09
time:216.2650909423828
270000
min_value:1.241458077175781e-09
time:224.56365966796875
280000
min_value:1.241458077175781e-09
time:232.7538299560547
290000
min_value:1.241458077175781e-09
time:241.15536499023438
300000
min_value:1.241458077175781e-09
time:249.76881408691406
310000
min_value:1.241458077175781e-09
time:258.4074401855469
320000
min_value:1.241458077175781e-09
time:267.06414794921875
330000
min_value:1.241458077175781e-09
time:275.5662841796875
340000
min_value:1.241458077175781e-09
time:283.7731018066406
350000
min_value:1.241458077175781e-09
time:292.0215759277344
360000
min_value:1.241458077175781e-09
time:300.1647033691406
370000
min_value:1.241458077175781e-09
time:308.2211608886719
380000
min_value:1.241458077175781e-09
time:316.2649230957031
390000
min_value:1.241458077175781e-09
time:324.2786560058594
400000
min_value:1.241458077175781e-09
time:332.356201171875
410000
min_value:1.241458077175781e-09
time:340.60235595703125
420000
min_value:1.241458077175781e-09
time:348.8871154785156
430000
min_value:1.241458077175781e-09
time:357.3857116699219
440000
min_value:1.241458077175781e-09
time:365.7358703613281
450000
min_value:1.241458077175781e-09
time:374.2200012207031
460000
min_value:1.241458077175781e-09
time:382.4988098144531
470000
min_value:1.241458077175781e-09
time:390.86224365234375
480000
min_value:1.241458077175781e-09
time:399.15069580078125
490000
min_value:1.241458077175781e-09
time:407.3641052246094
500000
min_value:1.241458077175781e-09
time:415.6385803222656
500000
fvalues:1.241458077175781e-09
time_values:415.6385803222656
10000
min_value:0.025927889708454367
time:8.357706069946289
20000
min_value:1.6662713271821308e-06
time:16.81125831604004
30000
min_value:1.5307786489826886e-09
time:25.10247230529785
40000
min_value:1.2529325808390346e-09
time:33.51179504394531
50000
min_value:1.2529325808390346e-09
time:42.0929069519043
60000
min_value:1.2529325808390346e-09
time:50.806705474853516
70000
min_value:1.2529325808390346e-09
time:59.138572692871094
80000
min_value:1.2529325808390346e-09
time:67.42981719970703
90000
min_value:1.2529325808390346e-09
time:75.52820587158203
100000
min_value:1.2529325808390346e-09
time:83.64079284667969
110000
min_value:1.2529325808390346e-09
time:91.67317962646484
120000
min_value:1.2529325808390346e-09
time:99.73169708251953
130000
min_value:1.2529325808390346e-09
time:107.66297912597656
140000
min_value:1.2529325808390346e-09
time:115.80574798583984
150000
min_value:1.2529325808390346e-09
time:124.05760192871094
160000
min_value:1.2529325808390346e-09
time:132.42140197753906
170000
min_value:1.2529325808390346e-09
time:140.81484985351562
180000
min_value:1.2529325808390346e-09
time:149.01919555664062
190000
min_value:1.2529325808390346e-09
time:157.25523376464844
200000
min_value:1.2529325808390346e-09
time:165.56661987304688
210000
min_value:1.2529325808390346e-09
time:173.9110870361328
220000
min_value:1.2529325808390346e-09
time:182.21859741210938
230000
min_value:1.2529325808390346e-09
time:190.62857055664062
240000
min_value:1.2529325808390346e-09
time:198.8564453125
250000
min_value:1.2529325808390346e-09
time:207.10733032226562
260000
min_value:1.2529325808390346e-09
time:215.53953552246094
270000
min_value:1.2529325808390346e-09
time:223.94189453125
280000
min_value:1.2529325808390346e-09
time:232.3526611328125
290000
min_value:1.2529325808390346e-09
time:240.74595642089844
300000
min_value:1.2529325808390346e-09
time:249.23521423339844
310000
min_value:1.2529325808390346e-09
time:257.7485656738281
320000
min_value:1.2529325808390346e-09
time:266.0993957519531
330000
min_value:1.2529325808390346e-09
time:274.5400390625
340000
min_value:1.2529325808390346e-09
time:282.815673828125
350000
min_value:1.2529325808390346e-09
time:291.0154724121094
360000
min_value:1.2529325808390346e-09
time:299.0520324707031
370000
min_value:1.2529325808390346e-09
time:307.0856018066406
380000
min_value:1.2529325808390346e-09
time:315.1596374511719
390000
min_value:1.2444387183602174e-09
time:323.5271911621094
400000
min_value:1.2444387183602174e-09
time:332.25494384765625
410000
min_value:1.2444387183602174e-09
time:340.5959167480469
420000
min_value:1.2444387183602174e-09
time:348.9894104003906
430000
min_value:1.2444387183602174e-09
time:357.3397216796875
440000
min_value:1.2444387183602174e-09
time:365.691162109375
450000
min_value:1.2444387183602174e-09
time:374.1315612792969
460000
min_value:1.239611764514989e-09
time:382.6332092285156
470000
min_value:1.239611764514989e-09
time:391.07684326171875
480000
min_value:1.239611764514989e-09
time:399.4535827636719
490000
min_value:1.239611764514989e-09
time:407.8178405761719
500000
min_value:1.239611764514989e-09
time:416.1794128417969
500000
fvalues:1.239611764514989e-09
time_values:416.1794128417969
