./results/regularized test local/dim:1000000_ord:1_coef:1_fused:False/RGF/lr:1e-10_sample_size:1_mu:1e-08_step_schedule:decreasing-half
10000
min_value:0.9799302010220123
time:11.863643646240234
20000
min_value:0.9719259900042994
time:18.578615427017212
30000
min_value:0.9655263703284499
time:25.26436758041382
40000
min_value:0.9604059246560291
time:31.97847819328308
50000
min_value:0.9557489667821143
time:38.835076570510864
60000
min_value:0.9515455792564282
time:45.628497838974
70000
min_value:0.9477349783802032
time:52.37119650840759
80000
min_value:0.9441439764858846
time:59.108010053634644
90000
min_value:0.9407677648469059
time:65.82783198356628
100000
min_value:0.9375115323541574
time:72.62796306610107
110000
min_value:0.93454793862439
time:79.45629811286926
120000
min_value:0.9317101769984734
time:86.2002022266388
130000
min_value:0.9289611605811441
time:92.93117189407349
140000
min_value:0.9263574589002197
time:99.6574227809906
150000
min_value:0.9237930365235718
time:106.3965003490448
160000
min_value:0.9213227579386873
time:113.2018609046936
170000
min_value:0.9188148460092337
time:120.00492835044861
180000
min_value:0.916571453362792
time:126.77493166923523
190000
min_value:0.9143098852748404
time:133.52591943740845
200000
min_value:0.9121165681414861
time:140.28579926490784
210000
min_value:0.9100093540407832
time:147.04866409301758
220000
min_value:0.907945969874845
time:153.8845956325531
230000
min_value:0.9059063878532203
time:160.62826228141785
240000
min_value:0.9039316620610797
time:167.40462827682495
250000
min_value:0.9019315126928945
time:174.127587556839
260000
min_value:0.9000478121945528
time:180.8429193496704
270000
min_value:0.8982198174163667
time:187.55466198921204
280000
min_value:0.8963864533907858
time:194.38613629341125
290000
min_value:0.8945604256029914
time:201.1706132888794
300000
min_value:0.8928029959907983
time:207.88392663002014
310000
min_value:0.8910163347069908
time:214.63299298286438
320000
min_value:0.8892773409692685
time:221.33341646194458
330000
min_value:0.8876654044770872
time:228.08070540428162
340000
min_value:0.8860645812966623
time:234.8214840888977
350000
min_value:0.8844680515808714
time:241.49366092681885
360000
min_value:0.8828836862625835
time:248.223974943161
370000
min_value:0.8812876794957086
time:254.9648859500885
380000
min_value:0.8797201736596202
time:261.65980100631714
390000
min_value:0.878221507616267
time:268.388756275177
400000
min_value:0.8767248370000935
time:275.14899706840515
410000
min_value:0.8752113324650347
time:281.8722016811371
420000
min_value:0.87380339362361
time:288.5490097999573
430000
min_value:0.8723437025455105
time:295.3011906147003
440000
min_value:0.8709042859783022
time:302.02917671203613
450000
min_value:0.8695239895101757
time:308.8373427391052
460000
min_value:0.8681775916909733
time:315.58164620399475
470000
min_value:0.8667889405506152
time:322.28697657585144
480000
min_value:0.8653603341332542
time:329.0118398666382
490000
min_value:0.8640406261655109
time:335.68577313423157
500000
min_value:0.8627266318459202
time:342.3692660331726
510000
min_value:0.8614590509177847
time:349.14136600494385
520000
min_value:0.8601965609049455
time:355.79791831970215
530000
min_value:0.8589329455280675
time:362.50627851486206
540000
min_value:0.8576662243616568
time:369.19447231292725
550000
min_value:0.8564205581081761
time:375.938622713089
560000
min_value:0.8551393409896939
time:382.6640911102295
570000
min_value:0.8539397484905799
time:389.40784883499146
580000
min_value:0.8528023118308836
time:396.06053256988525
590000
min_value:0.8516351656096175
time:402.7971844673157
600000
min_value:0.8504002178123999
time:409.5002462863922
610000
min_value:0.8492738585668728
time:416.1838684082031
620000
min_value:0.8481296585494992
time:422.94779443740845
630000
min_value:0.8469623999547068
time:429.6780023574829
640000
min_value:0.845833476638752
time:436.40490770339966
650000
min_value:0.8446163427291257
time:443.06604266166687
660000
min_value:0.843554443486768
time:449.7285656929016
670000
min_value:0.8424318392896948
time:456.4073476791382
680000
min_value:0.8412549837668591
time:463.2238395214081
690000
min_value:0.8401966366447189
time:469.8966085910797
700000
min_value:0.8391499749364577
time:476.5707859992981
710000
min_value:0.8380660654131771
time:483.2461371421814
720000
min_value:0.8369930650278494
time:489.84294962882996
730000
min_value:0.8359312100450411
time:496.50477623939514
740000
min_value:0.8349249638753865
time:503.2427887916565
750000
min_value:0.833921230206417
time:509.9249448776245
760000
min_value:0.8328617160391177
time:516.6133813858032
770000
min_value:0.8318216369652845
time:523.3151342868805
780000
min_value:0.8307956439852586
time:529.9628813266754
790000
min_value:0.8297687173785258
time:536.765144109726
800000
min_value:0.8288122426697634
time:543.4786348342896
810000
min_value:0.8278694816066468
time:550.1112830638885
820000
min_value:0.8269486628978094
time:556.746052980423
830000
min_value:0.826007239155717
time:563.3450808525085
840000
min_value:0.8250092557763729
time:569.9589169025421
850000
min_value:0.8240876213622979
time:576.6783354282379
860000
min_value:0.8231823622651465
time:583.3781671524048
870000
min_value:0.8222557048453542
time:590.0555098056793
880000
min_value:0.8213454188184661
time:596.7065143585205
890000
min_value:0.8204115501548833
time:603.341224193573
900000
min_value:0.8194760511666433
time:610.0951991081238
910000
min_value:0.8185110584786373
time:616.913551568985
920000
min_value:0.8175909186953298
time:623.508199930191
930000
min_value:0.8167586584713494
time:630.157817363739
940000
min_value:0.8159076032034842
time:636.8086709976196
950000
min_value:0.8150674212240558
time:643.4345288276672
960000
min_value:0.8141938577719802
time:650.1060659885406
970000
min_value:0.813394688300334
time:656.9005563259125
980000
min_value:0.812531458117323
time:663.6386444568634
990000
min_value:0.8117201357867472
time:670.3457882404327
1000000
min_value:0.8109413405061503
time:677.0862545967102
1000000
fvalues:0.8109413405061503
time_values:677.0862545967102
