./results/regularized test/dim:1000_ord:1_coef:1_fused:False/proposed/lr:0.001_reduced_dim:50_sample_size:1_mu:1e-08_step_schedule:constant
10000
min_value:277.7937152688972
time:12.188255310058594
20000
min_value:30.01142938924436
time:20.23216438293457
30000
min_value:26.234641156002347
time:28.102603912353516
40000
min_value:25.625358935212336
time:36.03847885131836
50000
min_value:25.623933307052678
time:43.945640563964844
60000
min_value:25.218138330885935
time:51.95111846923828
70000
min_value:25.204393204299638
time:60.06746292114258
80000
min_value:25.124036577803153
time:68.15436553955078
90000
min_value:25.124036577803153
time:76.21245574951172
100000
min_value:25.064286590146068
time:84.27943420410156
110000
min_value:25.064286590146068
time:92.39546966552734
120000
min_value:25.064286590146068
time:100.48320770263672
130000
min_value:25.064286590146068
time:108.52197265625
140000
min_value:25.064286590146068
time:116.64016723632812
150000
min_value:24.935709923896688
time:124.7049331665039
160000
min_value:24.935709923896688
time:132.91180419921875
170000
min_value:24.935709923896688
time:141.13853454589844
180000
min_value:24.935709923896688
time:149.19775390625
190000
min_value:24.935709923896688
time:157.3065948486328
200000
min_value:24.935709923896688
time:165.39102172851562
210000
min_value:24.935709923896688
time:173.47933959960938
220000
min_value:24.935709923896688
time:181.50064086914062
230000
min_value:24.935709923896688
time:189.54367065429688
240000
min_value:24.935709923896688
time:197.57626342773438
250000
min_value:24.935709923896688
time:205.6665802001953
260000
min_value:24.935709923896688
time:213.8146209716797
270000
min_value:24.935709923896688
time:221.8533477783203
280000
min_value:24.935709923896688
time:229.97659301757812
290000
min_value:24.935709923896688
time:238.08255004882812
300000
min_value:24.935709923896688
time:246.11009216308594
310000
min_value:24.935709923896688
time:254.21974182128906
320000
min_value:24.935709923896688
time:262.3309326171875
330000
min_value:24.935709923896688
time:270.42926025390625
340000
min_value:24.935709923896688
time:278.4554443359375
350000
min_value:24.935709923896688
time:286.5030212402344
360000
min_value:24.935709923896688
time:294.5339050292969
370000
min_value:24.935709923896688
time:302.6808166503906
380000
min_value:24.935709923896688
time:310.8166198730469
390000
min_value:24.935709923896688
time:318.8787536621094
400000
min_value:24.935709923896688
time:326.9307861328125
410000
min_value:24.935709923896688
time:334.9380798339844
420000
min_value:24.935709923896688
time:343.0229797363281
430000
min_value:24.935709923896688
time:351.095947265625
440000
min_value:24.935709923896688
time:359.1083068847656
450000
min_value:24.935709923896688
time:367.1923828125
460000
min_value:24.935709923896688
time:375.23883056640625
470000
min_value:24.935709923896688
time:383.26910400390625
480000
min_value:24.935709923896688
time:391.3634948730469
490000
min_value:24.935709923896688
time:399.4425354003906
500000
min_value:24.935709923896688
time:407.4718017578125
500000
fvalues:24.935709923896688
time_values:407.4718017578125
10000
min_value:264.0719210074349
time:8.054677963256836
20000
min_value:30.903870999214977
time:16.069211959838867
30000
min_value:26.017778788547183
time:24.09511947631836
40000
min_value:25.561379743148986
time:32.112422943115234
50000
min_value:25.561379743148986
time:40.11228942871094
60000
min_value:25.3938900424482
time:48.22572708129883
70000
min_value:25.3938900424482
time:56.35557556152344
80000
min_value:25.3938900424482
time:64.44171905517578
90000
min_value:25.053389289512708
time:72.5481948852539
100000
min_value:25.053389289512708
time:80.66387939453125
110000
min_value:25.053389289512708
time:88.71815490722656
120000
min_value:25.053389289512708
time:96.94780731201172
130000
min_value:24.94041020826383
time:104.98829650878906
140000
min_value:24.94041020826383
time:113.18301391601562
150000
min_value:24.94041020826383
time:121.36344909667969
160000
min_value:24.94041020826383
time:129.42337036132812
170000
min_value:24.94041020826383
time:137.50807189941406
180000
min_value:24.94041020826383
time:145.60292053222656
190000
min_value:24.94041020826383
time:153.6902313232422
200000
min_value:24.94041020826383
time:161.82432556152344
210000
min_value:24.94041020826383
time:169.8152313232422
220000
min_value:24.94041020826383
time:177.66461181640625
230000
min_value:24.94041020826383
time:185.51934814453125
240000
min_value:24.94041020826383
time:193.4419708251953
250000
min_value:24.94041020826383
time:201.3128662109375
260000
min_value:24.94041020826383
time:209.26449584960938
270000
min_value:24.94041020826383
time:217.2981414794922
280000
min_value:24.94041020826383
time:225.16795349121094
290000
min_value:24.94041020826383
time:233.25247192382812
300000
min_value:24.94041020826383
time:241.36753845214844
310000
min_value:24.94041020826383
time:249.47970581054688
320000
min_value:24.94041020826383
time:257.4689025878906
330000
min_value:24.94041020826383
time:265.4041748046875
340000
min_value:24.94041020826383
time:273.2633972167969
350000
min_value:24.80484354167708
time:281.2226867675781
360000
min_value:24.80484354167708
time:289.2991027832031
370000
min_value:24.80484354167708
time:297.37890625
380000
min_value:24.80484354167708
time:305.4453125
390000
min_value:24.80484354167708
time:313.5214538574219
400000
min_value:24.80484354167708
time:321.65155029296875
410000
min_value:24.80484354167708
time:329.65924072265625
420000
min_value:24.80484354167708
time:337.76507568359375
430000
min_value:24.80484354167708
time:345.8505554199219
440000
min_value:24.80484354167708
time:353.9001770019531
450000
min_value:24.80484354167708
time:362.00140380859375
460000
min_value:24.80484354167708
time:370.1380310058594
470000
min_value:24.80484354167708
time:378.0320739746094
480000
min_value:24.80484354167708
time:385.94586181640625
490000
min_value:24.80484354167708
time:393.8128662109375
500000
min_value:24.80484354167708
time:401.69921875
500000
fvalues:24.80484354167708
time_values:401.69921875
10000
min_value:271.4684233131546
time:7.968547821044922
20000
min_value:29.929318064344862
time:15.96027946472168
30000
min_value:25.764252634809292
time:24.015125274658203
40000
min_value:25.512546625331556
time:32.004791259765625
50000
min_value:25.512546625331556
time:40.03202819824219
60000
min_value:25.512546625331556
time:48.07300567626953
70000
min_value:25.512546625331556
time:56.1507453918457
80000
min_value:24.792620929463986
time:64.22244262695312
90000
min_value:24.792620929463986
time:72.31269073486328
100000
min_value:24.792620929463986
time:80.33428192138672
110000
min_value:24.792620929463986
time:88.34502410888672
120000
min_value:24.792620929463986
time:96.48255157470703
130000
min_value:24.792620929463986
time:104.63442993164062
140000
min_value:24.792620929463986
time:112.79158020019531
150000
min_value:24.792620929463986
time:120.91291809082031
160000
min_value:24.792620929463986
time:128.9737548828125
170000
min_value:24.792620929463986
time:137.03146362304688
180000
min_value:24.792620929463986
time:145.2255401611328
190000
min_value:24.792620929463986
time:153.41273498535156
200000
min_value:24.792620929463986
time:161.4731903076172
210000
min_value:24.792620929463986
time:169.541259765625
220000
min_value:24.792620929463986
time:177.58238220214844
230000
min_value:24.792620929463986
time:185.68565368652344
240000
min_value:24.431401214083202
time:193.69241333007812
250000
min_value:24.431401214083202
time:201.73654174804688
260000
min_value:24.431401214083202
time:209.748046875
270000
min_value:24.431401214083202
time:217.9720458984375
280000
min_value:24.431401214083202
time:226.1005401611328
290000
min_value:24.431401214083202
time:234.14804077148438
300000
min_value:24.431401214083202
time:242.14767456054688
310000
min_value:24.431401214083202
time:250.23828125
320000
min_value:24.431401214083202
time:258.3296813964844
330000
min_value:24.431401214083202
time:266.428955078125
340000
min_value:24.431401214083202
time:274.4967956542969
350000
min_value:24.431401214083202
time:282.66192626953125
360000
min_value:24.431401214083202
time:290.74810791015625
370000
min_value:24.431401214083202
time:298.86737060546875
380000
min_value:24.431401214083202
time:306.8997497558594
390000
min_value:24.431401214083202
time:314.9731750488281
400000
min_value:24.431401214083202
time:323.09002685546875
410000
min_value:24.431401214083202
time:331.2635192871094
420000
min_value:24.431401214083202
time:339.3589782714844
430000
min_value:24.431401214083202
time:347.4828796386719
440000
min_value:24.431401214083202
time:355.5472412109375
450000
min_value:24.431401214083202
time:363.6681823730469
460000
min_value:24.431401214083202
time:371.6768493652344
470000
min_value:24.431401214083202
time:379.8584289550781
480000
min_value:24.431401214083202
time:387.9875793457031
490000
min_value:24.431401214083202
time:395.9925231933594
500000
min_value:24.431401214083202
time:403.8894958496094
500000
fvalues:24.431401214083202
time_values:403.8894958496094
10000
min_value:255.45780756436767
time:7.946896553039551
20000
min_value:30.573596841102713
time:16.04469108581543
30000
min_value:25.791041978155878
time:24.135059356689453
40000
min_value:25.253877591968685
time:32.21688461303711
50000
min_value:25.253877591968685
time:40.3133659362793
60000
min_value:25.253877591968685
time:48.37199401855469
70000
min_value:25.253877591968685
time:56.49345016479492
80000
min_value:25.253877591968685
time:64.54647827148438
90000
min_value:25.253877591968685
time:72.68714141845703
100000
min_value:25.253877591968685
time:80.83097076416016
110000
min_value:25.253877591968685
time:88.97703552246094
120000
min_value:25.253877591968685
time:97.06891632080078
130000
min_value:25.253877591968685
time:105.20149230957031
140000
min_value:25.253877591968685
time:113.34329986572266
150000
min_value:25.253877591968685
time:121.4698486328125
160000
min_value:25.253877591968685
time:129.5731658935547
170000
min_value:25.253877591968685
time:137.66439819335938
180000
min_value:25.253877591968685
time:145.74395751953125
190000
min_value:25.253877591968685
time:153.7613067626953
200000
min_value:24.532897371937832
time:161.6173553466797
210000
min_value:24.532897371937832
time:169.4955291748047
220000
min_value:24.532897371937832
time:177.3598175048828
230000
min_value:24.532897371937832
time:185.243896484375
240000
min_value:24.532897371937832
time:193.13070678710938
250000
min_value:24.532897371937832
time:201.2292022705078
260000
min_value:24.532897371937832
time:209.25445556640625
270000
min_value:24.532897371937832
time:217.34812927246094
280000
min_value:24.532897371937832
time:225.47096252441406
290000
min_value:24.532897371937832
time:233.5620880126953
300000
min_value:24.532897371937832
time:241.6077880859375
310000
min_value:24.532897371937832
time:249.68666076660156
320000
min_value:24.532897371937832
time:257.8348388671875
330000
min_value:24.532897371937832
time:265.9078674316406
340000
min_value:24.532897371937832
time:274.03851318359375
350000
min_value:24.532897371937832
time:282.1097106933594
360000
min_value:24.532897371937832
time:290.15521240234375
370000
min_value:24.532897371937832
time:298.3305969238281
380000
min_value:24.532897371937832
time:306.4943542480469
390000
min_value:24.532897371937832
time:314.5801086425781
400000
min_value:24.532897371937832
time:322.66400146484375
410000
min_value:24.532897371937832
time:330.74591064453125
420000
min_value:24.532897371937832
time:338.8509216308594
430000
min_value:24.532897371937832
time:346.9739074707031
440000
min_value:24.532897371937832
time:355.08099365234375
450000
min_value:24.532897371937832
time:363.2774353027344
460000
min_value:24.532897371937832
time:371.4811096191406
470000
min_value:24.532897371937832
time:379.67291259765625
480000
min_value:24.532897371937832
time:387.84820556640625
490000
min_value:24.532897371937832
time:395.9908142089844
500000
min_value:24.532897371937832
time:404.1530456542969
500000
fvalues:24.532897371937832
time_values:404.1530456542969
10000
min_value:246.53841664111178
time:8.11429500579834
20000
min_value:29.292720242653083
time:16.250764846801758
30000
min_value:25.923859475492197
time:24.30207061767578
40000
min_value:25.63374170483412
time:32.337501525878906
50000
min_value:25.319294662296524
time:40.397071838378906
60000
min_value:25.319294662296524
time:48.630897521972656
70000
min_value:25.112606124774203
time:56.76472854614258
80000
min_value:25.112606124774203
time:64.78328704833984
90000
min_value:25.112606124774203
time:72.94303131103516
100000
min_value:25.112606124774203
time:81.01958465576172
110000
min_value:25.085274556485295
time:89.0445327758789
120000
min_value:25.085274556485295
time:97.15778350830078
130000
min_value:25.085274556485295
time:105.24531555175781
140000
min_value:25.085274556485295
time:113.3705825805664
150000
min_value:25.085274556485295
time:121.48544311523438
160000
min_value:25.085274556485295
time:129.58013916015625
170000
min_value:25.085274556485295
time:137.68365478515625
180000
min_value:25.085274556485295
time:145.7019805908203
190000
min_value:25.085274556485295
time:153.79266357421875
200000
min_value:25.085274556485295
time:161.9427032470703
210000
min_value:25.085274556485295
time:170.04360961914062
220000
min_value:25.085274556485295
time:178.1707763671875
230000
min_value:25.085274556485295
time:186.31646728515625
240000
min_value:25.085274556485295
time:194.3893585205078
250000
min_value:25.085274556485295
time:202.42420959472656
260000
min_value:25.085274556485295
time:210.53921508789062
270000
min_value:24.84648502778182
time:218.6671142578125
280000
min_value:24.84648502778182
time:226.7959747314453
290000
min_value:24.84648502778182
time:234.88511657714844
300000
min_value:24.84648502778182
time:242.88674926757812
310000
min_value:24.84648502778182
time:251.01048278808594
320000
min_value:24.84648502778182
time:259.1928405761719
330000
min_value:24.84648502778182
time:267.41766357421875
340000
min_value:24.84648502778182
time:275.59112548828125
350000
min_value:24.84648502778182
time:283.715576171875
360000
min_value:24.84648502778182
time:291.8614501953125
370000
min_value:24.84648502778182
time:299.9527587890625
380000
min_value:24.84648502778182
time:308.0747985839844
390000
min_value:24.84648502778182
time:316.21832275390625
400000
min_value:24.84648502778182
time:324.32806396484375
410000
min_value:24.84648502778182
time:332.4529113769531
420000
min_value:24.84648502778182
time:340.5173034667969
430000
min_value:24.84648502778182
time:348.63946533203125
440000
min_value:24.84648502778182
time:356.88031005859375
450000
min_value:24.43483605380653
time:365.02642822265625
460000
min_value:24.43483605380653
time:373.09527587890625
470000
min_value:24.43483605380653
time:381.23211669921875
480000
min_value:24.43483605380653
time:389.2929992675781
490000
min_value:24.43483605380653
time:397.3900146484375
500000
min_value:24.43483605380653
time:405.427978515625
500000
fvalues:24.43483605380653
time_values:405.427978515625
10000
min_value:269.0624592440978
time:8.0645751953125
20000
min_value:31.553049570933226
time:16.15030860900879
30000
min_value:25.84590353782682
time:24.1422061920166
40000
min_value:25.331192731384547
time:32.16054916381836
50000
min_value:25.331192731384547
time:40.257469177246094
60000
min_value:25.331192731384547
time:48.34035873413086
70000
min_value:25.331192731384547
time:56.464786529541016
80000
min_value:25.331192731384547
time:64.5103759765625
90000
min_value:25.331192731384547
time:72.5826644897461
100000
min_value:24.979265929930055
time:80.7283935546875
110000
min_value:24.979265929930055
time:88.84699249267578
120000
min_value:24.979265929930055
time:96.94038391113281
130000
min_value:24.965603281096854
time:105.03237915039062
140000
min_value:24.965603281096854
time:113.08334350585938
150000
min_value:24.965603281096854
time:121.21111297607422
160000
min_value:24.965603281096854
time:129.3155059814453
170000
min_value:24.965603281096854
time:137.34872436523438
180000
min_value:24.965603281096854
time:145.35308837890625
190000
min_value:24.965603281096854
time:153.42886352539062
200000
min_value:24.965603281096854
time:161.4337158203125
210000
min_value:24.965603281096854
time:169.55030822753906
220000
min_value:24.965603281096854
time:177.62879943847656
230000
min_value:24.965603281096854
time:185.70175170898438
240000
min_value:24.965603281096854
time:193.7697296142578
250000
min_value:24.965603281096854
time:201.91746520996094
260000
min_value:24.965603281096854
time:210.10044860839844
270000
min_value:24.965603281096854
time:218.2352294921875
280000
min_value:24.965603281096854
time:226.32615661621094
290000
min_value:24.965603281096854
time:234.4801025390625
300000
min_value:24.902735016123845
time:242.61146545410156
310000
min_value:24.902735016123845
time:250.69754028320312
320000
min_value:24.902735016123845
time:258.8265686035156
330000
min_value:24.902735016123845
time:266.92083740234375
340000
min_value:24.902735016123845
time:275.0147705078125
350000
min_value:24.902735016123845
time:283.1469421386719
360000
min_value:24.902735016123845
time:291.2108459472656
370000
min_value:24.902735016123845
time:299.2970886230469
380000
min_value:24.902735016123845
time:307.3926086425781
390000
min_value:24.902735016123845
time:315.4320373535156
400000
min_value:24.902735016123845
time:323.5320739746094
410000
min_value:24.902735016123845
time:331.5984802246094
420000
min_value:24.902735016123845
time:339.6699523925781
430000
min_value:24.902735016123845
time:347.715087890625
440000
min_value:24.902735016123845
time:355.8269958496094
450000
min_value:24.902735016123845
time:363.9847106933594
460000
min_value:24.902735016123845
time:372.1438903808594
470000
min_value:24.902735016123845
time:380.1900634765625
480000
min_value:24.902735016123845
time:388.302978515625
490000
min_value:24.902735016123845
time:396.33502197265625
500000
min_value:24.902735016123845
time:404.4465026855469
500000
fvalues:24.902735016123845
time_values:404.4465026855469
10000
min_value:275.62476926242823
time:8.085094451904297
20000
min_value:33.29066089367803
time:16.178016662597656
30000
min_value:25.583936546863903
time:24.227996826171875
40000
min_value:25.583936546863903
time:32.42094802856445
50000
min_value:24.938971518033085
time:40.585269927978516
60000
min_value:24.938971518033085
time:48.68681716918945
70000
min_value:24.938971518033085
time:56.82620620727539
80000
min_value:24.938971518033085
time:64.93962860107422
90000
min_value:24.938971518033085
time:73.07462310791016
100000
min_value:24.938971518033085
time:81.20679473876953
110000
min_value:24.67324807990506
time:89.28810119628906
120000
min_value:24.67324807990506
time:97.37178802490234
130000
min_value:24.67324807990506
time:105.4827651977539
140000
min_value:24.67324807990506
time:113.75271606445312
150000
min_value:24.67324807990506
time:121.90594482421875
160000
min_value:24.67324807990506
time:130.0199432373047
170000
min_value:24.67324807990506
time:138.14556884765625
180000
min_value:24.67324807990506
time:146.1641387939453
190000
min_value:24.67324807990506
time:154.23963928222656
200000
min_value:24.67324807990506
time:162.2691650390625
210000
min_value:24.67324807990506
time:170.4145965576172
220000
min_value:24.52739834845905
time:178.45150756835938
230000
min_value:24.52739834845905
time:186.41854858398438
240000
min_value:24.52739834845905
time:194.33538818359375
250000
min_value:24.52739834845905
time:202.3471221923828
260000
min_value:24.52739834845905
time:210.38113403320312
270000
min_value:24.52739834845905
time:218.43472290039062
280000
min_value:24.52739834845905
time:226.48037719726562
290000
min_value:24.52739834845905
time:234.55738830566406
300000
min_value:24.52739834845905
time:242.67803955078125
310000
min_value:24.52739834845905
time:250.8339385986328
320000
min_value:24.52739834845905
time:258.9477844238281
330000
min_value:24.52739834845905
time:266.9889831542969
340000
min_value:24.52739834845905
time:275.06573486328125
350000
min_value:24.52739834845905
time:283.1280517578125
360000
min_value:24.52739834845905
time:291.212158203125
370000
min_value:24.52739834845905
time:299.4032287597656
380000
min_value:24.52739834845905
time:307.5062561035156
390000
min_value:24.52739834845905
time:315.61029052734375
400000
min_value:24.52739834845905
time:323.69427490234375
410000
min_value:24.52739834845905
time:331.7976379394531
420000
min_value:24.52739834845905
time:339.9228515625
430000
min_value:24.52739834845905
time:348.0449523925781
440000
min_value:24.52739834845905
time:356.1761779785156
450000
min_value:24.52739834845905
time:364.3041687011719
460000
min_value:24.52739834845905
time:372.294677734375
470000
min_value:24.52739834845905
time:380.3343505859375
480000
min_value:24.52739834845905
time:388.30633544921875
490000
min_value:24.52739834845905
time:396.37225341796875
500000
min_value:24.52739834845905
time:404.2672424316406
500000
fvalues:24.52739834845905
time_values:404.2672424316406
10000
min_value:271.6907015480647
time:7.863542556762695
20000
min_value:30.943505893539275
time:15.766828536987305
30000
min_value:26.079807606348716
time:23.77072525024414
40000
min_value:25.49585884190527
time:31.748605728149414
50000
min_value:25.005540668634357
time:39.812461853027344
60000
min_value:25.005540668634357
time:47.9340934753418
70000
min_value:25.005540668634357
time:56.09920120239258
80000
min_value:25.005540668634357
time:64.23342895507812
90000
min_value:25.005540668634357
time:72.31881713867188
100000
min_value:25.005540668634357
time:80.3734130859375
110000
min_value:25.005540668634357
time:88.25152587890625
120000
min_value:25.005540668634357
time:96.25849151611328
130000
min_value:25.005540668634357
time:104.0486068725586
140000
min_value:25.005540668634357
time:111.90433502197266
150000
min_value:25.005540668634357
time:119.75650787353516
160000
min_value:25.005540668634357
time:127.54054260253906
170000
min_value:25.005540668634357
time:135.39854431152344
180000
min_value:25.005540668634357
time:143.28335571289062
190000
min_value:25.005540668634357
time:151.2026824951172
200000
min_value:24.914616741966995
time:159.0386199951172
210000
min_value:24.914616741966995
time:166.67361450195312
220000
min_value:24.914616741966995
time:174.47740173339844
230000
min_value:24.914616741966995
time:182.05984497070312
240000
min_value:24.914616741966995
time:189.78135681152344
250000
min_value:24.914616741966995
time:197.46841430664062
260000
min_value:24.914616741966995
time:205.1053924560547
270000
min_value:24.914616741966995
time:212.8861083984375
280000
min_value:24.914616741966995
time:220.7427520751953
290000
min_value:24.914616741966995
time:228.6951446533203
300000
min_value:24.914616741966995
time:236.60922241210938
310000
min_value:24.914616741966995
time:244.53260803222656
320000
min_value:24.914616741966995
time:252.4158477783203
330000
min_value:24.914616741966995
time:260.3367614746094
340000
min_value:24.914616741966995
time:268.28369140625
350000
min_value:24.76298329012214
time:276.0914611816406
360000
min_value:24.76298329012214
time:283.8974914550781
370000
min_value:24.76298329012214
time:291.8139953613281
380000
min_value:24.76298329012214
time:299.6598205566406
390000
min_value:24.76298329012214
time:307.39495849609375
400000
min_value:24.76298329012214
time:315.29962158203125
410000
min_value:24.76298329012214
time:323.1463623046875
420000
min_value:24.76298329012214
time:331.0494384765625
430000
min_value:24.76298329012214
time:338.9291076660156
440000
min_value:24.76298329012214
time:346.7435302734375
450000
min_value:24.76298329012214
time:354.811279296875
460000
min_value:24.76298329012214
time:362.9776916503906
470000
min_value:24.76298329012214
time:371.1493835449219
480000
min_value:24.76298329012214
time:379.28741455078125
490000
min_value:24.76298329012214
time:387.40570068359375
500000
min_value:24.76298329012214
time:395.56689453125
500000
fvalues:24.76298329012214
time_values:395.56689453125
10000
min_value:279.6430297196606
time:7.8280029296875
20000
min_value:31.885304191055106
time:15.582653045654297
30000
min_value:26.31974139320278
time:23.31581687927246
40000
min_value:25.910300379111014
time:31.195293426513672
50000
min_value:25.79670235294434
time:38.91667175292969
60000
min_value:25.77764789964844
time:46.82290267944336
70000
min_value:25.77764789964844
time:54.753334045410156
80000
min_value:25.632518559437475
time:62.68278884887695
90000
min_value:25.632518559437475
time:70.70345306396484
100000
min_value:25.632518559437475
time:78.52828216552734
110000
min_value:25.254271982001484
time:86.31330108642578
120000
min_value:24.922440882541267
time:94.34656524658203
130000
min_value:24.922440882541267
time:102.39757537841797
140000
min_value:24.922440882541267
time:110.6629867553711
150000
min_value:24.922440882541267
time:118.90715789794922
160000
min_value:24.922440882541267
time:127.14460754394531
170000
min_value:24.922440882541267
time:135.36610412597656
180000
min_value:24.922440882541267
time:143.51478576660156
190000
min_value:24.922440882541267
time:151.7008819580078
200000
min_value:24.922440882541267
time:159.9592742919922
210000
min_value:24.922440882541267
time:168.03907775878906
220000
min_value:24.922440882541267
time:176.16128540039062
230000
min_value:24.922440882541267
time:184.1728515625
240000
min_value:24.922440882541267
time:192.13961791992188
250000
min_value:24.922440882541267
time:200.29550170898438
260000
min_value:24.922440882541267
time:208.4056854248047
270000
min_value:24.464109224799504
time:216.44679260253906
280000
min_value:24.464109224799504
time:224.41102600097656
290000
min_value:24.464109224799504
time:232.54771423339844
300000
min_value:24.464109224799504
time:240.7750244140625
310000
min_value:24.464109224799504
time:248.85260009765625
320000
min_value:24.464109224799504
time:256.85577392578125
330000
min_value:24.464109224799504
time:265.1533508300781
340000
min_value:24.464109224799504
time:273.49371337890625
350000
min_value:24.464109224799504
time:282.0123291015625
360000
min_value:24.464109224799504
time:290.30364990234375
370000
min_value:24.464109224799504
time:298.6961669921875
380000
min_value:24.464109224799504
time:306.9334411621094
390000
min_value:24.464109224799504
time:315.14886474609375
400000
min_value:24.464109224799504
time:323.53680419921875
410000
min_value:24.464109224799504
time:331.58453369140625
420000
min_value:24.464109224799504
time:339.68048095703125
430000
min_value:24.464109224799504
time:347.82965087890625
440000
min_value:24.464109224799504
time:355.9251708984375
450000
min_value:24.464109224799504
time:364.1436767578125
460000
min_value:24.464109224799504
time:372.218994140625
470000
min_value:24.464109224799504
time:380.3190002441406
480000
min_value:24.464109224799504
time:388.3504943847656
490000
min_value:24.464109224799504
time:396.65863037109375
500000
min_value:24.464109224799504
time:404.930908203125
500000
fvalues:24.464109224799504
time_values:404.930908203125
10000
min_value:280.85471298487647
time:8.15572452545166
20000
min_value:31.262645558890007
time:16.279335021972656
30000
min_value:25.777861547678246
time:24.37790870666504
40000
min_value:25.60693555453032
time:32.686302185058594
50000
min_value:25.60693555453032
time:40.86907958984375
60000
min_value:25.60693555453032
time:49.069583892822266
70000
min_value:25.60693555453032
time:57.242584228515625
80000
min_value:25.411194944343414
time:65.42115020751953
90000
min_value:25.411194944343414
time:73.75827026367188
100000
min_value:25.411194944343414
time:81.97666931152344
110000
min_value:25.26606487346258
time:90.16914367675781
120000
min_value:25.243875567126235
time:98.2568130493164
130000
min_value:25.243875567126235
time:106.3462905883789
140000
min_value:25.243875567126235
time:114.64704895019531
150000
min_value:25.081890847652705
time:122.84666442871094
160000
min_value:25.081890847652705
time:130.98924255371094
170000
min_value:25.081890847652705
time:139.1162109375
180000
min_value:25.081890847652705
time:147.33526611328125
190000
min_value:25.081890847652705
time:155.57797241210938
200000
min_value:25.081890847652705
time:163.73593139648438
210000
min_value:25.081890847652705
time:171.84890747070312
220000
min_value:25.081890847652705
time:180.06265258789062
230000
min_value:25.081890847652705
time:188.28500366210938
240000
min_value:25.081890847652705
time:196.35304260253906
250000
min_value:25.081890847652705
time:204.34559631347656
260000
min_value:25.081890847652705
time:212.49575805664062
270000
min_value:25.081890847652705
time:220.7091064453125
280000
min_value:25.081890847652705
time:229.0899200439453
290000
min_value:25.081890847652705
time:237.25624084472656
300000
min_value:25.081890847652705
time:245.33091735839844
310000
min_value:25.081890847652705
time:253.43325805664062
320000
min_value:25.081890847652705
time:261.4365539550781
330000
min_value:25.081890847652705
time:269.63836669921875
340000
min_value:24.99759417425119
time:277.7064208984375
350000
min_value:24.99759417425119
time:285.80950927734375
360000
min_value:24.99759417425119
time:293.9300231933594
370000
min_value:24.99759417425119
time:302.05975341796875
380000
min_value:24.99759417425119
time:310.3346252441406
390000
min_value:24.99759417425119
time:318.495361328125
400000
min_value:24.718554411652725
time:326.6491394042969
410000
min_value:24.718554411652725
time:334.948486328125
420000
min_value:24.718554411652725
time:343.413330078125
430000
min_value:24.718554411652725
time:351.7926330566406
440000
min_value:24.718554411652725
time:360.12786865234375
450000
min_value:24.718554411652725
time:368.49700927734375
460000
min_value:24.718554411652725
time:376.9078674316406
470000
min_value:24.718554411652725
time:385.2578125
480000
min_value:24.718554411652725
time:393.41412353515625
490000
min_value:24.718554411652725
time:401.5700988769531
500000
min_value:24.718554411652725
time:409.71453857421875
500000
fvalues:24.718554411652725
time_values:409.71453857421875
