./results/subspace-norm/dim:1000000_ord:1_subspace:100_fused:False/RGF/lr:0.001_sample_size:1_mu:1e-08_step_schedule:decreasing-half
10000
min_value:80.74450414564163
time:5.770770311355591
20000
min_value:72.45782328822482
time:11.376376390457153
30000
min_value:66.12306526591237
time:16.97317934036255
40000
min_value:60.680502245420556
time:22.59902310371399
50000
min_value:55.90878039637373
time:28.209869861602783
60000
min_value:51.603999865878464
time:33.79410672187805
70000
min_value:47.719764905895794
time:39.40670299530029
80000
min_value:44.09651368146812
time:45.07549595832825
90000
min_value:40.56921997041883
time:50.68635964393616
100000
min_value:37.24559180534207
time:56.31466794013977
110000
min_value:34.0556455984359
time:61.99531292915344
120000
min_value:31.143260779565804
time:67.6181263923645
130000
min_value:28.292733695338768
time:73.2495710849762
140000
min_value:25.522900900762785
time:78.93533611297607
150000
min_value:22.87949669231262
time:84.61098408699036
160000
min_value:20.383539077955334
time:90.22237539291382
170000
min_value:17.95450551047293
time:95.82922911643982
180000
min_value:15.543331891103769
time:101.4863178730011
190000
min_value:13.275831692064939
time:107.12381052970886
200000
min_value:11.023485624224293
time:112.8122570514679
210000
min_value:8.797647239103652
time:118.5899429321289
220000
min_value:6.71142529198676
time:124.328697681427
230000
min_value:4.759651923935101
time:130.0521478652954
240000
min_value:2.9838266508107187
time:135.73808574676514
250000
min_value:1.5503795718097841
time:141.443505525589
260000
min_value:0.7089583526578691
time:147.1026701927185
270000
min_value:0.31199954260233487
time:152.73661708831787
280000
min_value:0.1306259902550693
time:158.46239185333252
290000
min_value:0.049060401268915727
time:164.13563060760498
300000
min_value:0.012380947644131562
time:169.78274512290955
310000
min_value:0.007718995589409705
time:175.43399477005005
320000
min_value:0.007271737131391205
time:181.07960963249207
330000
min_value:0.007271737131391205
time:186.7285032272339
340000
min_value:0.00720775467682293
time:192.37238669395447
350000
min_value:0.007037814928535785
time:198.1345992088318
360000
min_value:0.007037814928535785
time:203.803156375885
370000
min_value:0.00679848611922486
time:209.4514389038086
380000
min_value:0.006745201725895753
time:215.12065505981445
390000
min_value:0.006745201725895753
time:220.77536797523499
400000
min_value:0.006506752181606236
time:226.42222714424133
410000
min_value:0.006221458073090208
time:232.1153209209442
420000
min_value:0.005903928886227783
time:237.90509843826294
430000
min_value:0.005903928886227783
time:243.58066391944885
440000
min_value:0.005903928886227783
time:249.25862193107605
450000
min_value:0.005903928886227783
time:254.93060398101807
460000
min_value:0.005903928886227783
time:260.58769965171814
470000
min_value:0.005903928886227783
time:266.2523024082184
480000
min_value:0.005903928886227783
time:271.97034192085266
490000
min_value:0.005903928886227783
time:277.7304961681366
500000
min_value:0.005793472846825076
time:283.393208026886
510000
min_value:0.005553575156018644
time:289.07963466644287
520000
min_value:0.0053187787952202826
time:294.75586795806885
530000
min_value:0.0053187787952202826
time:300.42439818382263
540000
min_value:0.0053187787952202826
time:306.13532042503357
550000
min_value:0.0053187787952202826
time:311.854531288147
560000
min_value:0.0053187787952202826
time:317.58359003067017
570000
min_value:0.0053187787952202826
time:323.2812833786011
580000
min_value:0.0053187787952202826
time:328.938547372818
590000
min_value:0.0053187787952202826
time:334.6342890262604
600000
min_value:0.0053187787952202826
time:340.2966024875641
610000
min_value:0.0053187787952202826
time:345.96981048583984
620000
min_value:0.005067985264891475
time:351.70222067832947
630000
min_value:0.005067985264891475
time:357.4178261756897
640000
min_value:0.005067985264891475
time:363.05494594573975
650000
min_value:0.005067985264891475
time:368.7210440635681
660000
min_value:0.005008866041833551
time:374.4001729488373
670000
min_value:0.005008866041833551
time:380.09100222587585
680000
min_value:0.005008866041833551
time:385.78406858444214
690000
min_value:0.005007779121105836
time:391.52007246017456
700000
min_value:0.0049638639137084516
time:397.2542214393616
710000
min_value:0.0047823938554611735
time:402.9215681552887
720000
min_value:0.004676162377211766
time:408.583083152771
730000
min_value:0.004676162377211766
time:414.305212020874
740000
min_value:0.004676162377211766
time:419.99988889694214
750000
min_value:0.004649656912664515
time:425.689505815506
760000
min_value:0.004649656912664515
time:431.474734544754
770000
min_value:0.004591127907759282
time:437.1524338722229
780000
min_value:0.004591127907759282
time:442.8032956123352
790000
min_value:0.004591127907759282
time:448.5297122001648
800000
min_value:0.004538536326684961
time:454.25190329551697
810000
min_value:0.004538536326684961
time:459.93407559394836
820000
min_value:0.004427983459131869
time:465.6120240688324
830000
min_value:0.004427983459131869
time:471.388329744339
840000
min_value:0.004427983459131869
time:477.04872465133667
850000
min_value:0.004394629598153115
time:482.6862485408783
860000
min_value:0.004340172676902135
time:488.32927918434143
870000
min_value:0.004340172676902135
time:494.0330219268799
880000
min_value:0.004340172676902135
time:499.7086446285248
890000
min_value:0.004340172676902135
time:505.3565809726715
900000
min_value:0.004340172676902135
time:511.05856680870056
910000
min_value:0.004340172676902135
time:516.6736629009247
920000
min_value:0.004173958704104592
time:522.3097767829895
930000
min_value:0.004173958704104592
time:527.9170718193054
940000
min_value:0.004127148183212901
time:533.5712871551514
950000
min_value:0.004127148183212901
time:539.1855320930481
960000
min_value:0.004127148183212901
time:544.8455862998962
970000
min_value:0.004127148183212901
time:550.5335869789124
980000
min_value:0.004127148183212901
time:556.1220977306366
990000
min_value:0.004127148183212901
time:561.7098066806793
1000000
min_value:0.004127148183212901
time:567.3002374172211
1000000
fvalues:0.004127148183212901
time_values:567.3002374172211
