./results/regularized test/dim:1000_ord:1_coef:1_fused:False/RGF/lr:1e-06_reduced_dim:100_sample_size:1_mu:1e-08_step_schedule:constant
10000
min_value:1461.525928295669
time:9.805862426757812
20000
min_value:1421.8307788233092
time:15.767114639282227
30000
min_value:1384.2409401207187
time:21.674129486083984
40000
min_value:1347.1015454738695
time:27.578514099121094
50000
min_value:1310.4479674632826
time:33.47992706298828
60000
min_value:1274.6692675780903
time:39.57863998413086
70000
min_value:1239.4289120020658
time:45.44637680053711
80000
min_value:1205.1858651076873
time:51.32487869262695
90000
min_value:1171.8967767058011
time:57.31085205078125
100000
min_value:1138.5972783926686
time:63.3578987121582
110000
min_value:1105.5830577658608
time:69.29480743408203
120000
min_value:1073.1740537995156
time:75.2107925415039
130000
min_value:1042.326884029199
time:81.09761047363281
140000
min_value:1010.9213652700378
time:87.04259490966797
150000
min_value:980.4774684672745
time:93.05010986328125
160000
min_value:951.176337852753
time:99.21891784667969
170000
min_value:922.1078255522351
time:105.15143585205078
180000
min_value:893.840641963802
time:111.08202362060547
190000
min_value:866.6534367722577
time:117.18665313720703
200000
min_value:839.2255291796745
time:123.18950653076172
210000
min_value:812.7984831696439
time:129.2869110107422
220000
min_value:786.8245932479736
time:135.21800231933594
230000
min_value:761.3673993186585
time:141.26361083984375
240000
min_value:736.4123023393435
time:147.20639038085938
250000
min_value:711.6779279528815
time:153.2283172607422
260000
min_value:686.9133943216095
time:159.2372283935547
270000
min_value:663.6763304832283
time:165.2807159423828
280000
min_value:641.0850202596322
time:171.21766662597656
290000
min_value:618.4356553073131
time:177.1842498779297
300000
min_value:595.5769364408112
time:183.3739013671875
310000
min_value:573.85685507298
time:189.3585205078125
320000
min_value:552.4473784741328
time:195.30093383789062
330000
min_value:531.3005483369509
time:201.23287963867188
340000
min_value:511.1517679817795
time:207.18202209472656
350000
min_value:491.23154792907235
time:213.15602111816406
360000
min_value:471.38015764452047
time:219.1221923828125
370000
min_value:452.26747081219855
time:225.05868530273438
380000
min_value:433.5129805700305
time:231.02517700195312
390000
min_value:414.88841188852336
time:237.068603515625
400000
min_value:396.8656985789628
time:242.9618682861328
410000
min_value:378.9815656821783
time:248.97158813476562
420000
min_value:361.85457157978465
time:254.85137939453125
430000
min_value:345.1056646517088
time:260.9222106933594
440000
min_value:328.5518753601032
time:266.8623046875
450000
min_value:312.09283198160006
time:272.9072570800781
460000
min_value:295.63236581813953
time:278.8960266113281
470000
min_value:279.775998371021
time:284.7877502441406
480000
min_value:264.47830745126083
time:290.7227478027344
490000
min_value:249.18563642816548
time:296.6706237792969
500000
min_value:234.72735384683227
time:302.57000732421875
500000
fvalues:234.72650116203238
time_values:302.57000732421875
10000
min_value:1460.7728850910628
time:5.848044395446777
20000
min_value:1421.8665639051487
time:11.740105628967285
30000
min_value:1384.569180139237
time:17.60629653930664
40000
min_value:1347.5268600536724
time:23.437238693237305
50000
min_value:1310.534519610393
time:29.35489273071289
60000
min_value:1274.5005182619825
time:35.38780975341797
70000
min_value:1240.3543106534225
time:41.29469299316406
80000
min_value:1206.233100322284
time:47.159454345703125
90000
min_value:1172.9872604464285
time:52.97972106933594
100000
min_value:1140.2252048969708
time:58.79230880737305
110000
min_value:1107.8124195283276
time:64.63704681396484
120000
min_value:1076.4826798833737
time:70.46102905273438
130000
min_value:1044.7041146119911
time:76.31680297851562
140000
min_value:1014.5624240735547
time:82.2901611328125
150000
min_value:984.3639093483159
time:88.1568832397461
160000
min_value:955.0399380999893
time:94.01504516601562
170000
min_value:926.1490073229073
time:99.94950103759766
180000
min_value:898.3366159039592
time:105.88866424560547
190000
min_value:869.8069148907289
time:111.8070068359375
200000
min_value:842.4621515515236
time:117.69898986816406
210000
min_value:815.9799577414028
time:123.62089538574219
220000
min_value:789.3461029399621
time:129.56192016601562
230000
min_value:764.0622338198127
time:135.71588134765625
240000
min_value:739.1042932162475
time:141.68479919433594
250000
min_value:714.7731440607256
time:147.51612854003906
260000
min_value:691.0974352639032
time:153.3502197265625
270000
min_value:667.3845838909893
time:159.17938232421875
280000
min_value:644.3334450729335
time:165.01478576660156
290000
min_value:621.7642358756375
time:170.83261108398438
300000
min_value:599.6800247996637
time:176.67526245117188
310000
min_value:577.827067691394
time:182.50332641601562
320000
min_value:556.9007483747702
time:188.3292999267578
330000
min_value:536.3666500769041
time:194.15567016601562
340000
min_value:516.2777953457601
time:199.97633361816406
350000
min_value:495.87306684933327
time:205.80186462402344
360000
min_value:475.8916991177516
time:211.62696838378906
370000
min_value:456.93220360154805
time:217.45413208007812
380000
min_value:438.1643509755441
time:223.27236938476562
390000
min_value:419.1639040150931
time:229.0982666015625
400000
min_value:400.9743040769875
time:234.91635131835938
410000
min_value:383.4091374922357
time:240.73606872558594
420000
min_value:365.63802727327743
time:246.56121826171875
430000
min_value:348.3153408406498
time:252.3827362060547
440000
min_value:331.31861516160967
time:258.2095642089844
450000
min_value:315.2616753339089
time:264.03350830078125
460000
min_value:299.38532606214244
time:269.8525390625
470000
min_value:283.05777442062964
time:275.67034912109375
480000
min_value:267.62556951004524
time:281.4898376464844
490000
min_value:252.3694667832676
time:287.3179016113281
500000
min_value:237.58549284360532
time:293.1562194824219
500000
fvalues:237.58537149022726
time_values:293.1562194824219
10000
min_value:1460.4207253713646
time:5.824626445770264
20000
min_value:1421.8400608384527
time:11.605966567993164
30000
min_value:1384.03500731365
time:17.385154724121094
40000
min_value:1346.3828812440433
time:23.172170639038086
50000
min_value:1309.9862427352
time:29.009929656982422
60000
min_value:1274.7148795411333
time:34.84157943725586
70000
min_value:1240.302027283492
time:40.66288757324219
80000
min_value:1206.087312392579
time:46.490264892578125
90000
min_value:1172.3113399703768
time:52.323516845703125
100000
min_value:1139.2473480502358
time:58.15008544921875
110000
min_value:1107.308765481352
time:63.97841262817383
120000
min_value:1076.1979924440911
time:69.80079650878906
130000
min_value:1044.431712304876
time:75.63575744628906
140000
min_value:1014.6524092861594
time:81.45887756347656
150000
min_value:984.1214373281512
time:87.3344497680664
160000
min_value:954.8478245827175
time:93.15956115722656
170000
min_value:925.9314430825667
time:98.98957061767578
180000
min_value:896.8491860635276
time:104.82379913330078
190000
min_value:869.8665779551782
time:110.65083312988281
200000
min_value:842.805264664129
time:116.54234313964844
210000
min_value:816.2623477639668
time:122.46166229248047
220000
min_value:789.9117545436342
time:128.403564453125
230000
min_value:764.5917765443907
time:134.27960205078125
240000
min_value:739.1601358050416
time:140.23007202148438
250000
min_value:714.3013034823101
time:146.206298828125
260000
min_value:689.9379223258943
time:152.14129638671875
270000
min_value:666.1687168376866
time:158.06027221679688
280000
min_value:643.2904435746683
time:163.9084014892578
290000
min_value:621.0537049839103
time:169.7579803466797
300000
min_value:599.0715206941129
time:175.62884521484375
310000
min_value:577.6283489155492
time:181.47845458984375
320000
min_value:556.4370296733008
time:187.337158203125
330000
min_value:536.0426813236447
time:193.1754150390625
340000
min_value:515.8420419264477
time:199.01719665527344
350000
min_value:495.55025395568356
time:204.8925323486328
360000
min_value:475.8580874384123
time:210.8181915283203
370000
min_value:456.78698271079304
time:216.6669921875
380000
min_value:437.8749482291327
time:222.5049285888672
390000
min_value:419.49852257991165
time:228.36170959472656
400000
min_value:401.4140125830031
time:234.21051025390625
410000
min_value:383.57029308204164
time:240.15370178222656
420000
min_value:366.09444767098114
time:246.29786682128906
430000
min_value:349.0065688166675
time:252.33908081054688
440000
min_value:332.0252505410805
time:258.37384033203125
450000
min_value:315.28545076309865
time:264.3601379394531
460000
min_value:299.1856440912065
time:270.3439025878906
470000
min_value:283.5851975686835
time:276.24969482421875
480000
min_value:267.9033960647567
time:282.216064453125
490000
min_value:252.74713820049908
time:288.12225341796875
500000
min_value:237.90570617222613
time:294.1006164550781
500000
fvalues:237.9056913083925
time_values:294.1006164550781
10000
min_value:1460.9759187577913
time:5.8857903480529785
20000
min_value:1422.660376182971
time:11.829408645629883
30000
min_value:1384.2716498648983
time:17.798585891723633
40000
min_value:1347.6270766166838
time:23.700359344482422
50000
min_value:1311.2945000402221
time:29.653844833374023
60000
min_value:1275.8162718776566
time:35.62013626098633
70000
min_value:1239.7676410594954
time:41.605743408203125
80000
min_value:1204.698615477294
time:47.54794692993164
90000
min_value:1171.2896082116054
time:53.53274154663086
100000
min_value:1138.161596811799
time:59.55366134643555
110000
min_value:1105.769533729631
time:65.64192199707031
120000
min_value:1074.0227023354535
time:71.8212890625
130000
min_value:1043.109826569967
time:77.91912078857422
140000
min_value:1012.4626856151194
time:84.04837799072266
150000
min_value:982.3285907192405
time:90.152587890625
160000
min_value:952.2933617749896
time:96.24968719482422
170000
min_value:923.7960280131053
time:102.41181945800781
180000
min_value:895.5223357712738
time:108.58106231689453
190000
min_value:868.6872401957421
time:114.65953826904297
200000
min_value:842.1247476935578
time:120.75502014160156
210000
min_value:816.0911398413139
time:126.83108520507812
220000
min_value:790.5667308456831
time:132.89320373535156
230000
min_value:765.2982949210957
time:139.0146484375
240000
min_value:740.4677307439753
time:145.1161346435547
250000
min_value:715.8385465507893
time:151.2421875
260000
min_value:692.3361444770818
time:157.43006896972656
270000
min_value:668.8403008699337
time:163.55995178222656
280000
min_value:645.6246779817858
time:169.65945434570312
290000
min_value:623.6197614343655
time:175.8277130126953
300000
min_value:600.772144093286
time:181.86058044433594
310000
min_value:578.6608907117557
time:187.88922119140625
320000
min_value:557.1977141715963
time:193.9167938232422
330000
min_value:535.9467333586998
time:199.95489501953125
340000
min_value:515.8579581787419
time:206.06570434570312
350000
min_value:496.0507306704229
time:212.1328887939453
360000
min_value:476.4301278441237
time:218.24411010742188
370000
min_value:456.7260592592703
time:224.2842254638672
380000
min_value:437.5398835398362
time:230.32554626464844
390000
min_value:418.99960683664995
time:236.41192626953125
400000
min_value:401.2990168354162
time:242.55564880371094
410000
min_value:383.0518000473561
time:248.69412231445312
420000
min_value:365.56023122504354
time:254.86041259765625
430000
min_value:348.670190114273
time:260.9864501953125
440000
min_value:331.89101043902247
time:267.0657653808594
450000
min_value:315.452470935331
time:273.2666320800781
460000
min_value:299.5020466555941
time:279.4154968261719
470000
min_value:283.9221930919075
time:285.644775390625
480000
min_value:268.48115087514566
time:291.9538269042969
490000
min_value:253.20344713607545
time:298.160400390625
500000
min_value:238.14140068063907
time:304.458251953125
500000
fvalues:238.13590335404854
time_values:304.458251953125
10000
min_value:1460.3533156021645
time:6.1709136962890625
20000
min_value:1421.695821368763
time:12.36564826965332
30000
min_value:1383.242371967337
time:18.54452133178711
40000
min_value:1345.2432587165822
time:24.722501754760742
50000
min_value:1308.2665918554903
time:31.033292770385742
60000
min_value:1271.6109854215613
time:37.32544708251953
70000
min_value:1236.1126705090257
time:43.58418273925781
80000
min_value:1201.4722246566546
time:49.76694107055664
90000
min_value:1168.3307646405217
time:55.942264556884766
100000
min_value:1135.6346178499846
time:62.17024612426758
110000
min_value:1102.2268466248688
time:68.35911560058594
120000
min_value:1070.677612076694
time:74.60238647460938
130000
min_value:1039.7420200412962
time:80.83102416992188
140000
min_value:1009.341956502755
time:87.00946807861328
150000
min_value:978.8629680354646
time:93.23402404785156
160000
min_value:949.8093068741777
time:99.46929931640625
170000
min_value:920.6819284644689
time:105.67815399169922
180000
min_value:893.0273492526567
time:111.97257995605469
190000
min_value:865.2780904440423
time:118.217041015625
200000
min_value:837.7524212315659
time:124.43733215332031
210000
min_value:812.0072560162816
time:130.60382080078125
220000
min_value:785.268193940703
time:136.74668884277344
230000
min_value:759.7463201402065
time:142.9119415283203
240000
min_value:734.540277211766
time:149.16278076171875
250000
min_value:709.7257044511497
time:155.4651641845703
260000
min_value:685.5630905944832
time:161.65643310546875
270000
min_value:662.5242467247244
time:167.86984252929688
280000
min_value:639.6718635439026
time:174.03433227539062
290000
min_value:617.1575662085193
time:180.22601318359375
300000
min_value:594.6240436202
time:186.4393310546875
310000
min_value:573.152415093164
time:192.66720581054688
320000
min_value:552.048877791118
time:198.97244262695312
330000
min_value:531.3037347063498
time:205.18023681640625
340000
min_value:510.4492521798322
time:211.4390106201172
350000
min_value:490.63955445313434
time:217.646484375
360000
min_value:471.3966479757303
time:223.89730834960938
370000
min_value:451.98480377551834
time:230.14083862304688
380000
min_value:433.15291038785097
time:236.33531188964844
390000
min_value:414.5194506734156
time:242.56716918945312
400000
min_value:396.2522090159182
time:248.80239868164062
410000
min_value:378.89811984853657
time:255.02102661132812
420000
min_value:361.49721482588006
time:261.3027038574219
430000
min_value:344.25126762576616
time:267.5011291503906
440000
min_value:327.4975893272603
time:273.70660400390625
450000
min_value:310.91228962072944
time:280.0000305175781
460000
min_value:295.2242939095413
time:286.2789001464844
470000
min_value:279.5758318342653
time:292.4667663574219
480000
min_value:264.18370871451566
time:298.6286315917969
490000
min_value:248.97393195047073
time:304.8507995605469
500000
min_value:234.24394876988882
time:311.0722351074219
500000
fvalues:234.24390047069699
time_values:311.0722351074219
10000
min_value:1460.437464968767
time:6.266350269317627
20000
min_value:1421.3769122013161
time:12.527772903442383
30000
min_value:1383.5409596545178
time:18.76613998413086
40000
min_value:1346.7064965216732
time:24.97249984741211
50000
min_value:1310.6929076012698
time:31.218006134033203
60000
min_value:1274.7122524321871
time:37.48504638671875
70000
min_value:1240.0529231100695
time:43.72745132446289
80000
min_value:1205.4680699898267
time:49.93040084838867
90000
min_value:1171.197347726405
time:56.1229248046875
100000
min_value:1137.7059624014719
time:62.41563415527344
110000
min_value:1105.4752723485237
time:68.59384155273438
120000
min_value:1073.6057071172445
time:74.78756713867188
130000
min_value:1042.2527441573948
time:81.10920715332031
140000
min_value:1012.1989463297058
time:87.31752014160156
150000
min_value:982.2406789916524
time:93.54570007324219
160000
min_value:952.7842636140858
time:99.7705078125
170000
min_value:923.3071369451363
time:106.08013916015625
180000
min_value:894.9577328055948
time:112.25057983398438
190000
min_value:867.4281845028218
time:118.46377563476562
200000
min_value:840.4755600400008
time:124.60688781738281
210000
min_value:814.8829565992348
time:130.75413513183594
220000
min_value:788.2703176989955
time:136.8916473388672
230000
min_value:762.732155366331
time:143.07948303222656
240000
min_value:737.4722120457783
time:149.2471466064453
250000
min_value:712.9343378430333
time:155.4353485107422
260000
min_value:688.9723857803433
time:161.61038208007812
270000
min_value:666.0201406180042
time:167.84580993652344
280000
min_value:643.0924585459634
time:174.06494140625
290000
min_value:620.3644094686608
time:180.4517364501953
300000
min_value:598.541356663606
time:186.794921875
310000
min_value:577.433949786271
time:193.08189392089844
320000
min_value:556.2184785434602
time:199.36627197265625
330000
min_value:535.3023462701359
time:205.539794921875
340000
min_value:515.2560733884343
time:211.70693969726562
350000
min_value:495.0120945653107
time:217.9263153076172
360000
min_value:475.76196194656853
time:224.24752807617188
370000
min_value:456.92449512393284
time:230.43870544433594
380000
min_value:438.33045776446903
time:236.6472625732422
390000
min_value:420.144862506751
time:243.00674438476562
400000
min_value:401.9461230464605
time:249.2550048828125
410000
min_value:384.10148996833163
time:255.6311798095703
420000
min_value:366.9053229924787
time:262.0301818847656
430000
min_value:349.88264492855967
time:268.3340759277344
440000
min_value:333.25742582034184
time:274.657958984375
450000
min_value:317.3571063943404
time:280.8880615234375
460000
min_value:301.33043218380453
time:287.17352294921875
470000
min_value:286.034584225197
time:293.41680908203125
480000
min_value:270.511657103411
time:299.61151123046875
490000
min_value:255.13987179253326
time:305.85406494140625
500000
min_value:240.0771451898632
time:312.0993347167969
500000
fvalues:240.0742259513
time_values:312.0993347167969
10000
min_value:1462.0658286029875
time:6.266267776489258
20000
min_value:1423.4173931210073
time:12.415425300598145
30000
min_value:1386.3884176337879
time:18.63467025756836
40000
min_value:1349.6499825505905
time:24.737342834472656
50000
min_value:1313.7557551117152
time:30.88748550415039
60000
min_value:1277.0913817965152
time:37.03841018676758
70000
min_value:1242.3912397376523
time:43.22845458984375
80000
min_value:1207.5219499941713
time:49.4233512878418
90000
min_value:1173.8552510489621
time:55.650856018066406
100000
min_value:1140.5359342246975
time:61.947242736816406
110000
min_value:1107.1584038769897
time:68.21968078613281
120000
min_value:1075.2264101676487
time:74.46703338623047
130000
min_value:1043.8940210898465
time:80.63375091552734
140000
min_value:1014.2504300852115
time:86.94912719726562
150000
min_value:984.1085599705034
time:93.28973388671875
160000
min_value:955.3052888091848
time:99.53910064697266
170000
min_value:926.1253873937492
time:105.78526306152344
180000
min_value:897.8824723985558
time:111.97620391845703
190000
min_value:870.2417886488089
time:118.22286987304688
200000
min_value:842.4798923969466
time:124.39430236816406
210000
min_value:816.1711043509996
time:130.6812286376953
220000
min_value:789.6919096591041
time:136.89031982421875
230000
min_value:764.6581033141026
time:143.14990234375
240000
min_value:739.5446126841791
time:149.51132202148438
250000
min_value:715.8434378074629
time:155.72389221191406
260000
min_value:692.1637773972627
time:161.97877502441406
270000
min_value:668.3864092446918
time:168.2312469482422
280000
min_value:644.8286487252218
time:174.52699279785156
290000
min_value:622.2055577069906
time:180.73532104492188
300000
min_value:599.8227481070942
time:187.09925842285156
310000
min_value:577.8355595319641
time:193.4665985107422
320000
min_value:556.1465785278056
time:199.68357849121094
330000
min_value:535.1303359830164
time:205.91648864746094
340000
min_value:514.8971642423925
time:212.1085205078125
350000
min_value:495.3513201270043
time:218.36805725097656
360000
min_value:475.536159349502
time:224.60223388671875
370000
min_value:455.8150307539949
time:230.92176818847656
380000
min_value:436.8863772786137
time:237.31744384765625
390000
min_value:418.7312502026677
time:243.55917358398438
400000
min_value:400.55253162979574
time:249.84732055664062
410000
min_value:382.5487688926998
time:256.0229187011719
420000
min_value:365.5700658255738
time:262.2942199707031
430000
min_value:348.4846311375102
time:268.5977478027344
440000
min_value:331.8645031683784
time:274.7857360839844
450000
min_value:315.27019546202257
time:281.03570556640625
460000
min_value:299.3569514628824
time:287.2872009277344
470000
min_value:283.5560988542391
time:293.5746765136719
480000
min_value:268.1502532624363
time:299.858154296875
490000
min_value:253.13181698761386
time:306.1579284667969
500000
min_value:238.8144823679376
time:312.4458312988281
500000
fvalues:238.81418514967953
time_values:312.4458312988281
10000
min_value:1460.5501382742063
time:6.282688140869141
20000
min_value:1422.216795439425
time:12.393763542175293
30000
min_value:1384.4311590020027
time:18.549863815307617
40000
min_value:1348.2179181189242
time:24.657939910888672
50000
min_value:1311.4772277506345
time:30.9958438873291
60000
min_value:1275.4559551066882
time:37.18675231933594
70000
min_value:1239.6945254497732
time:43.54231262207031
80000
min_value:1206.0149199673515
time:49.7581672668457
90000
min_value:1172.2975198385916
time:55.918155670166016
100000
min_value:1139.326657764229
time:62.09504699707031
110000
min_value:1107.3428644814953
time:68.28855895996094
120000
min_value:1075.506146303332
time:74.44650268554688
130000
min_value:1044.410059985735
time:80.60397338867188
140000
min_value:1014.1245712580956
time:86.77765655517578
150000
min_value:984.2852599807945
time:92.92904663085938
160000
min_value:954.8352647063509
time:99.22150421142578
170000
min_value:925.4642365009122
time:105.47187805175781
180000
min_value:897.1885969075059
time:111.66566467285156
190000
min_value:869.724761607941
time:117.8130111694336
200000
min_value:842.8958926767812
time:123.95287322998047
210000
min_value:816.7101397578093
time:130.09315490722656
220000
min_value:790.9468628209885
time:136.231689453125
230000
min_value:765.557315188024
time:142.3854217529297
240000
min_value:740.9455276653193
time:148.53298950195312
250000
min_value:715.7456924437142
time:154.6859588623047
260000
min_value:691.6270975666921
time:160.84963989257812
270000
min_value:668.0047027199885
time:167.0083465576172
280000
min_value:644.6935782162857
time:173.17127990722656
290000
min_value:621.758843887364
time:179.33493041992188
300000
min_value:599.3905652904623
time:185.4960174560547
310000
min_value:578.1114348323996
time:191.66114807128906
320000
min_value:556.7810399353268
time:197.81729125976562
330000
min_value:535.5346374946909
time:203.97842407226562
340000
min_value:515.0715709732298
time:210.1334686279297
350000
min_value:495.1158870243611
time:216.28964233398438
360000
min_value:475.33477525261117
time:222.46929931640625
370000
min_value:456.08540089937287
time:228.61099243164062
380000
min_value:436.9525257670446
time:234.7601776123047
390000
min_value:418.4578092592707
time:240.90574645996094
400000
min_value:400.0067934428245
time:247.05592346191406
410000
min_value:381.8067933962772
time:253.2088623046875
420000
min_value:364.3234832834979
time:259.3692932128906
430000
min_value:347.12158284255634
time:265.53564453125
440000
min_value:330.32620030081614
time:271.70147705078125
450000
min_value:313.85738324507986
time:277.85137939453125
460000
min_value:297.36967310068206
time:283.9879455566406
470000
min_value:281.407734115
time:290.1353454589844
480000
min_value:266.0779230891242
time:296.2783203125
490000
min_value:251.3834743864001
time:302.6368103027344
500000
min_value:236.14856739354127
time:308.8088684082031
500000
fvalues:236.14350570859884
time_values:308.8088684082031
10000
min_value:1461.0306988103941
time:6.1536173820495605
20000
min_value:1421.308501443158
time:12.2554292678833
30000
min_value:1383.5207695734143
time:18.377086639404297
40000
min_value:1346.2758467407514
time:24.489885330200195
50000
min_value:1309.5248950352438
time:30.656648635864258
60000
min_value:1274.0631899351933
time:36.82315444946289
70000
min_value:1239.2990496350214
time:43.0007438659668
80000
min_value:1204.6628186197745
time:49.1583251953125
90000
min_value:1171.1334097930853
time:55.38539123535156
100000
min_value:1138.344399992686
time:61.59078598022461
110000
min_value:1105.7547109014754
time:67.79078674316406
120000
min_value:1074.491228288561
time:74.10484313964844
130000
min_value:1043.6126094000701
time:80.37667083740234
140000
min_value:1013.5869775749409
time:86.66960906982422
150000
min_value:983.2817443530231
time:92.93153381347656
160000
min_value:953.520497072482
time:99.17707824707031
170000
min_value:925.1619801584541
time:105.38941192626953
180000
min_value:896.3134830957611
time:111.63814544677734
190000
min_value:868.9245707023938
time:117.85842895507812
200000
min_value:842.278228493624
time:124.12206268310547
210000
min_value:815.6503741046803
time:130.3069305419922
220000
min_value:789.892623823849
time:136.46861267089844
230000
min_value:763.9481449529508
time:142.64599609375
240000
min_value:738.434786223446
time:148.81234741210938
250000
min_value:714.08838900554
time:154.9765167236328
260000
min_value:690.2833061228129
time:161.14141845703125
270000
min_value:666.1599614476945
time:167.30462646484375
280000
min_value:642.8389257716553
time:173.47140502929688
290000
min_value:620.3254464307284
time:179.634521484375
300000
min_value:598.455246720676
time:185.798583984375
310000
min_value:576.5603786979921
time:191.9679412841797
320000
min_value:555.5086563147032
time:198.18917846679688
330000
min_value:534.8530371886507
time:204.35794067382812
340000
min_value:513.6649379027041
time:210.51971435546875
350000
min_value:493.428622056371
time:216.6848602294922
360000
min_value:474.24039483926623
time:222.84913635253906
370000
min_value:454.9231013722575
time:229.02418518066406
380000
min_value:436.32982917873767
time:235.191650390625
390000
min_value:418.3333172421484
time:241.36026000976562
400000
min_value:399.8490839703838
time:247.5142364501953
410000
min_value:381.72491200611387
time:253.68165588378906
420000
min_value:364.020777122974
time:259.85406494140625
430000
min_value:347.0023366487186
time:266.13055419921875
440000
min_value:330.04025928955093
time:272.4190673828125
450000
min_value:313.63267804857287
time:278.7645568847656
460000
min_value:297.85112062251557
time:284.9569396972656
470000
min_value:281.87163347521954
time:291.2294616699219
480000
min_value:266.53743911291974
time:297.54193115234375
490000
min_value:251.58446498362923
time:303.7689514160156
500000
min_value:236.86798754646347
time:309.9409484863281
500000
fvalues:236.86298461119958
time_values:309.9409484863281
10000
min_value:1459.6106205227165
time:6.326611518859863
20000
min_value:1421.2460909714284
time:12.585314750671387
30000
min_value:1383.2751539822705
time:18.711334228515625
40000
min_value:1345.5924678236702
time:24.820219039916992
50000
min_value:1308.6596110536773
time:31.111766815185547
60000
min_value:1271.8412817939015
time:37.31562423706055
70000
min_value:1237.3823340875238
time:43.529640197753906
80000
min_value:1203.0750587074185
time:49.7015380859375
90000
min_value:1168.7478679648411
time:55.85141372680664
100000
min_value:1135.68544232483
time:62.00862121582031
110000
min_value:1103.0240052952945
time:68.26974487304688
120000
min_value:1071.8700152321403
time:74.44888305664062
130000
min_value:1041.0027580566411
time:80.68949127197266
140000
min_value:1010.2440813427972
time:86.87541961669922
150000
min_value:979.7890877348586
time:93.040283203125
160000
min_value:951.1455002219261
time:99.23138427734375
170000
min_value:922.379582733242
time:105.38887023925781
180000
min_value:894.644144904511
time:111.53302001953125
190000
min_value:867.7015264468141
time:117.6738510131836
200000
min_value:840.7631035194773
time:123.81414794921875
210000
min_value:814.4010814263826
time:129.96083068847656
220000
min_value:788.522939387949
time:136.1141815185547
230000
min_value:762.728479917976
time:142.2564239501953
240000
min_value:737.8801468728607
time:148.3922882080078
250000
min_value:713.0714169489875
time:154.54486083984375
260000
min_value:689.1041004988607
time:160.680908203125
270000
min_value:665.7123418633744
time:166.8260955810547
280000
min_value:642.8634111820805
time:172.98504638671875
290000
min_value:620.2499173103614
time:179.1403045654297
300000
min_value:598.3489783359535
time:185.31687927246094
310000
min_value:576.5132390237746
time:191.51742553710938
320000
min_value:555.0905761441528
time:197.787109375
330000
min_value:533.7584833409837
time:204.04115295410156
340000
min_value:513.0631335632768
time:210.18690490722656
350000
min_value:492.64039900469
time:216.33775329589844
360000
min_value:472.7623207794037
time:222.49745178222656
370000
min_value:453.40644015737206
time:228.65060424804688
380000
min_value:433.99013109260056
time:234.81956481933594
390000
min_value:415.2728738125714
time:240.9659423828125
400000
min_value:397.25725826569027
time:247.1132354736328
410000
min_value:379.6699700633067
time:253.269287109375
420000
min_value:362.1945969155156
time:259.463623046875
430000
min_value:345.2506304884214
time:265.6231994628906
440000
min_value:328.54933318322026
time:271.8190002441406
450000
min_value:311.9389006381308
time:277.9794921875
460000
min_value:295.8189826058872
time:284.13726806640625
470000
min_value:279.6047288286989
time:290.35943603515625
480000
min_value:263.88235054951
time:296.5337829589844
490000
min_value:249.08232831954467
time:302.6831970214844
500000
min_value:234.24565248964706
time:308.848388671875
500000
fvalues:234.24527197991745
time_values:308.848388671875
