./results/subspace-norm local/dim:1000000_ord:1_subspace:100_fused:False/proposed/lr:0.0001_reduced_dim:10_sample_size:1_mu:1e-08_step_schedule:constant
10000
fvalues:4.527575608012346e-06
time_values:22.090532779693604
./results/subspace-norm local/dim:1000000_ord:1_subspace:100_fused:False/proposed/lr:0.0001_reduced_dim:100_sample_size:1_mu:1e-08_step_schedule:constant
10000
fvalues:4.151068369307892e-05
time_values:91.30378460884094
./results/subspace-norm local/dim:1000000_ord:1_subspace:100_fused:False/proposed/lr:1e-05_reduced_dim:10_sample_size:1_mu:1e-08_step_schedule:constant
10000
fvalues:5.328369806604651e-06
time_values:18.268208980560303
./results/subspace-norm local/dim:1000000_ord:1_subspace:100_fused:False/proposed/lr:1e-05_reduced_dim:100_sample_size:1_mu:1e-08_step_schedule:constant
10000
fvalues:4.422244201363842e-06
time_values:91.25712585449219
./results/subspace-norm local/dim:1000000_ord:1_subspace:100_fused:False/proposed/lr:1e-06_reduced_dim:10_sample_size:1_mu:1e-08_step_schedule:constant
10000
fvalues:8.993037151571315e-05
time_values:18.27290439605713
./results/subspace-norm local/dim:1000000_ord:1_subspace:100_fused:False/proposed/lr:1e-06_reduced_dim:100_sample_size:1_mu:1e-08_step_schedule:constant
10000
fvalues:3.152745929899071e-06
time_values:91.29676675796509
./results/subspace-norm local/dim:1000000_ord:1_subspace:100_fused:False/proposed/lr:1e-07_reduced_dim:10_sample_size:1_mu:1e-08_step_schedule:constant
10000
fvalues:9.899224345694067e-05
time_values:18.159799337387085
./results/subspace-norm local/dim:1000000_ord:1_subspace:100_fused:False/proposed/lr:1e-07_reduced_dim:100_sample_size:1_mu:1e-08_step_schedule:constant
10000
fvalues:9.015169575427633e-05
time_values:91.22412610054016
./results/subspace-norm local/dim:1000000_ord:1_subspace:100_fused:False/proposed/lr:1e-08_reduced_dim:10_sample_size:1_mu:1e-08_step_schedule:constant
10000
fvalues:9.989804063768117e-05
time_values:18.188177585601807
./results/subspace-norm local/dim:1000000_ord:1_subspace:100_fused:False/proposed/lr:1e-08_reduced_dim:100_sample_size:1_mu:1e-08_step_schedule:constant
10000
fvalues:9.899937293706368e-05
time_values:91.25163197517395
