./results/regularized test/dim:1000000_ord:1_coef:1_fused:False/RGF/lr:0.1_sample_size:1_mu:1e-08_step_schedule:constant
5000
fvalues:1500000.0
time_values:8.599524021148682
./results/regularized test/dim:1000000_ord:1_coef:1_fused:False/RGF/lr:0.01_sample_size:1_mu:1e-08_step_schedule:constant
5000
fvalues:1500000.0
time_values:3.5359556674957275
./results/regularized test/dim:1000000_ord:1_coef:1_fused:False/RGF/lr:0.001_sample_size:1_mu:1e-08_step_schedule:constant
5000
fvalues:1500000.0
time_values:3.5257279872894287
./results/regularized test/dim:1000000_ord:1_coef:1_fused:False/RGF/lr:0.0001_sample_size:1_mu:1e-08_step_schedule:constant
5000
fvalues:1500000.0
time_values:3.547630786895752
./results/regularized test/dim:1000000_ord:1_coef:1_fused:False/RGF/lr:1e-05_sample_size:1_mu:1e-08_step_schedule:constant
5000
fvalues:1500000.0
time_values:3.56550669670105
