./results/regularized Quadratic/dim:1000_rank:500_property:convex_ord:1_coef:1e-06_fused:False/RGF/lr:0.001_sample_size:50_mu:1e-08_step_schedule:constant
100
min_value:26498957.4796718
time:6.183206558227539
200
min_value:26498957.4796718
time:8.583478927612305
300
min_value:26498957.4796718
time:10.969823837280273
400
min_value:26498957.4796718
time:13.34404182434082
500
min_value:26498957.4796718
time:15.699143409729004
500
fvalues:26498957.4796718
time_values:15.699143409729004
./results/regularized Quadratic/dim:1000_rank:500_property:convex_ord:1_coef:1e-06_fused:False/RGF/lr:0.0001_sample_size:50_mu:1e-08_step_schedule:constant
100
min_value:105130.12325698012
time:2.3785836696624756
200
min_value:7064.639370125541
time:4.707732200622559
300
min_value:975.5350944587944
time:7.050159454345703
400
min_value:374.3102296512239
time:9.402128219604492
500
min_value:295.8816481302645
time:11.753230094909668
500
fvalues:295.6341374846575
time_values:11.753230094909668
./results/regularized Quadratic/dim:1000_rank:500_property:convex_ord:1_coef:1e-06_fused:False/RGF/lr:1e-05_sample_size:50_mu:1e-08_step_schedule:constant
100
min_value:3019001.5526097696
time:2.3105335235595703
200
min_value:972305.3856123841
time:4.648144721984863
300
min_value:438433.8215677307
time:7.001821994781494
400
min_value:235822.6868352721
time:9.378110885620117
500
min_value:144177.8647888742
time:11.711634635925293
500
fvalues:143588.0870869971
time_values:11.711634635925293
