./results/subspace-norm/dim:1000000_ord:1_subspace:100_fused:False/RGF/lr:0.01_reduced_dim:10_sample_size:20_mu:1e-05_step_schedule:decreasing-half
10000
min_value:0.02422870571237229
time:65.5199089050293
20000
min_value:0.017017611914148714
time:130.8589596748352
30000
min_value:0.013671759531334565
time:196.0760247707367
40000
min_value:0.011256352580832742
time:261.47836232185364
50000
min_value:0.009892218139679677
time:326.75363302230835
60000
min_value:0.00922764002394716
time:392.09601068496704
70000
min_value:0.008158387283002836
time:457.5811800956726
80000
min_value:0.007636986702379246
time:522.8676652908325
90000
min_value:0.007529377029483314
time:588.3662574291229
100000
min_value:0.007294509245605017
time:653.7116143703461
110000
min_value:0.0068957991378203395
time:718.8346261978149
120000
min_value:0.006693774392950488
time:784.0818862915039
130000
min_value:0.006183779505789613
time:849.4567732810974
140000
min_value:0.006057708455475691
time:914.6142203807831
150000
min_value:0.005809744917285833
time:979.8426864147186
160000
min_value:0.005545504637066125
time:1045.2574265003204
170000
min_value:0.005473371522328844
time:1110.3406348228455
180000
min_value:0.0053094035997720565
time:1175.5368604660034
190000
min_value:0.00473935454430374
time:1240.8891298770905
200000
min_value:0.00473935454430374
time:1306.1193294525146
210000
min_value:0.004500239792513066
time:1371.2997591495514
220000
min_value:0.004500239792513066
time:1436.4907248020172
230000
min_value:0.004500239792513066
time:1501.695532798767
240000
min_value:0.004500239792513066
time:1566.871988773346
250000
min_value:0.004439238118997303
time:1632.0832676887512
260000
min_value:0.004439238118997303
time:1697.4325864315033
270000
min_value:0.004168385545191661
time:1762.6918234825134
280000
min_value:0.004168385545191661
time:1828.0151240825653
290000
min_value:0.0040182895027772135
time:1893.1719942092896
300000
min_value:0.0040182895027772135
time:1958.3104746341705
310000
min_value:0.003992418287191251
time:2023.5160419940948
320000
min_value:0.003715770284600429
time:2088.80002951622
330000
min_value:0.003715770284600429
time:2153.998412847519
340000
min_value:0.003715770284600429
time:2219.2011103630066
350000
min_value:0.003715770284600429
time:2284.4132494926453
360000
min_value:0.0036449814494486366
time:2349.7486488819122
370000
min_value:0.0036163078628012367
time:2415.0295429229736
380000
min_value:0.0036163078628012367
time:2480.232560634613
390000
min_value:0.0035847825299223034
time:2545.3298177719116
400000
min_value:0.00343952489643341
time:2610.4761967658997
410000
min_value:0.00343952489643341
time:2675.676596403122
420000
min_value:0.00343952489643341
time:2740.9358654022217
430000
min_value:0.003363784440694165
time:2806.103904724121
440000
min_value:0.0033621906353088777
time:2871.417994260788
450000
min_value:0.003263347488564485
time:2936.730217933655
460000
min_value:0.003263347488564485
time:3001.908199071884
470000
min_value:0.003154109525890957
time:3067.3803474903107
480000
min_value:0.003154109525890957
time:3132.696220636368
490000
min_value:0.003154109525890957
time:3197.951651573181
500000
min_value:0.003154109525890957
time:3263.3974556922913
510000
min_value:0.0031157258764468107
time:3328.8421280384064
520000
min_value:0.0030753996923169854
time:3394.252762556076
530000
min_value:0.0029513820727571057
time:3459.6946411132812
540000
min_value:0.00293756165078868
time:3525.038507461548
550000
min_value:0.00293756165078868
time:3590.416455745697
560000
min_value:0.002925829789160628
time:3655.898061275482
570000
min_value:0.002925829789160628
time:3721.2814245224
580000
min_value:0.002925829789160628
time:3786.710962295532
590000
min_value:0.002925829789160628
time:3852.3045411109924
600000
min_value:0.002925829789160628
time:3917.8026390075684
610000
min_value:0.002925829789160628
time:3983.0888080596924
620000
min_value:0.002925829789160628
time:4048.3257913589478
630000
min_value:0.002848738225226383
time:4113.409727811813
640000
min_value:0.002848738225226383
time:4178.53756403923
650000
min_value:0.002815237749312918
time:4243.661368846893
660000
min_value:0.0027573613554679344
time:4308.947573184967
670000
min_value:0.0027573613554679344
time:4374.15029001236
680000
min_value:0.0026756467879660794
time:4439.432620763779
690000
min_value:0.002633693941139318
time:4504.722039222717
700000
min_value:0.002633693941139318
time:4570.011169195175
710000
min_value:0.002633693941139318
time:4635.339973211288
720000
min_value:0.002633693941139318
time:4700.592899799347
730000
min_value:0.002633693941139318
time:4765.909932374954
740000
min_value:0.0026332009743551274
time:4831.2562935352325
750000
min_value:0.0025680858022117
time:4896.505335092545
760000
min_value:0.0025677968382214304
time:4961.724754810333
770000
min_value:0.0025314126418018285
time:5026.977291345596
780000
min_value:0.0025018682928015876
time:5092.061954975128
790000
min_value:0.0023194044397486253
time:5157.187963724136
800000
min_value:0.0023194044397486253
time:5222.253359556198
810000
min_value:0.0023194044397486253
time:5287.529701471329
820000
min_value:0.0023194044397486253
time:5352.6422708034515
830000
min_value:0.0023194044397486253
time:5417.822400808334
840000
min_value:0.0023194044397486253
time:5483.029260635376
850000
min_value:0.0023194044397486253
time:5548.1593105793
860000
min_value:0.0023194044397486253
time:5613.373198747635
870000
min_value:0.0023194044397486253
time:5678.526563644409
880000
min_value:0.0023194044397486253
time:5743.6692135334015
890000
min_value:0.0023194044397486253
time:5808.991840362549
900000
min_value:0.002299612921306908
time:5874.191745519638
910000
min_value:0.002299612921306908
time:5939.4744420051575
920000
min_value:0.002299612921306908
time:6004.792603969574
930000
min_value:0.002253595732070392
time:6069.918249845505
940000
min_value:0.002253595732070392
time:6135.175224065781
950000
min_value:0.002253595732070392
time:6200.286108970642
960000
min_value:0.002253595732070392
time:6265.4242424964905
970000
min_value:0.002253595732070392
time:6330.682718515396
980000
min_value:0.002253595732070392
time:6396.0140590667725
990000
min_value:0.002253595732070392
time:6461.330366849899
1000000
min_value:0.002253595732070392
time:6526.6033935546875
1000000
fvalues:0.002253595732070392
time_values:6526.6033935546875
./results/subspace-norm/dim:1000000_ord:1_subspace:100_fused:False/RGF/lr:0.01_reduced_dim:10_sample_size:20_mu:1e-08_step_schedule:decreasing-half
10000
min_value:0.025301652228837936
time:65.06242513656616
20000
min_value:0.016797481376531753
time:130.2165994644165
30000
min_value:0.013626761521897488
time:195.34712862968445
40000
min_value:0.011141982666930172
time:260.53739619255066
50000
min_value:0.010345764812445576
time:325.6903610229492
60000
min_value:0.009664333263816147
time:390.7753312587738
70000
min_value:0.008319723732555255
time:455.8887312412262
80000
min_value:0.008156729366381218
time:521.5461869239807
90000
min_value:0.007924316340153448
time:586.5840151309967
100000
min_value:0.0072614358674850995
time:651.6982655525208
110000
min_value:0.007054474877009025
time:716.8408238887787
120000
min_value:0.006586778704897706
time:781.9541609287262
130000
min_value:0.006201756793898041
time:847.0778777599335
140000
min_value:0.0058769707338192905
time:912.1970810890198
150000
min_value:0.005689978791590958
time:977.4346785545349
160000
min_value:0.005536939603644157
time:1043.1421902179718
170000
min_value:0.005345238140966798
time:1108.2037861347198
180000
min_value:0.005209134996286581
time:1173.3072292804718
190000
min_value:0.005209134996286581
time:1238.4488956928253
200000
min_value:0.005024426061767527
time:1303.773102760315
210000
min_value:0.004914292370828364
time:1369.158763408661
220000
min_value:0.00461690438390459
time:1434.4491393566132
230000
min_value:0.004513101100020387
time:1499.4843800067902
240000
min_value:0.004476782980228397
time:1565.176041841507
250000
min_value:0.0043523509984945315
time:1630.3903522491455
260000
min_value:0.0043523509984945315
time:1695.5380229949951
270000
min_value:0.004208439083609043
time:1760.6890201568604
280000
min_value:0.004090640298202409
time:1825.9674127101898
290000
min_value:0.004090640298202409
time:1891.159285068512
300000
min_value:0.004090640298202409
time:1956.3093781471252
310000
min_value:0.0040816644343635205
time:2021.4287674427032
320000
min_value:0.0038823528480186748
time:2087.184578895569
330000
min_value:0.0038807545918137735
time:2152.357271671295
340000
min_value:0.0038458910159787783
time:2217.479818582535
350000
min_value:0.0037536087339585904
time:2282.677326440811
360000
min_value:0.003650404568641101
time:2347.85289978981
370000
min_value:0.003650404568641101
time:2412.9652378559113
380000
min_value:0.0036433218189414014
time:2478.150963783264
390000
min_value:0.0034956991706552015
time:2543.2085037231445
400000
min_value:0.0033482550763828532
time:2608.8405272960663
410000
min_value:0.0033482550763828532
time:2673.9674201011658
420000
min_value:0.0033482550763828532
time:2739.138102531433
430000
min_value:0.0033102342280033866
time:2804.1768667697906
440000
min_value:0.0033102342280033866
time:2869.2728428840637
450000
min_value:0.0032251922603245184
time:2934.4078238010406
460000
min_value:0.0032251922603245184
time:2999.677989959717
470000
min_value:0.0032178554735178013
time:3064.9090752601624
480000
min_value:0.0031665109447201684
time:3130.7810373306274
490000
min_value:0.0031317396279245554
time:3195.89466547966
500000
min_value:0.0031317396279245554
time:3261.0742647647858
510000
min_value:0.003107470313029063
time:3326.2584002017975
520000
min_value:0.003107470313029063
time:3391.460047721863
530000
min_value:0.002907959392094
time:3456.6362447738647
540000
min_value:0.002907959392094
time:3521.7498013973236
550000
min_value:0.002907959392094
time:3586.938833475113
560000
min_value:0.002907959392094
time:3652.6649918556213
570000
min_value:0.002886623143455185
time:3717.855057001114
580000
min_value:0.002886623143455185
time:3783.045754432678
590000
min_value:0.002886623143455185
time:3848.1719613075256
600000
min_value:0.002886623143455185
time:3913.266626358032
610000
min_value:0.002886623143455185
time:3978.3809702396393
620000
min_value:0.002717603558211105
time:4043.477333545685
630000
min_value:0.002717603558211105
time:4108.649519920349
640000
min_value:0.002717603558211105
time:4174.400715112686
650000
min_value:0.002710185494399587
time:4239.526602983475
660000
min_value:0.0026842977186030898
time:4304.619216918945
670000
min_value:0.0026842977186030898
time:4369.750026464462
680000
min_value:0.0026842977186030898
time:4434.857089757919
690000
min_value:0.002675917741937017
time:4500.031657934189
700000
min_value:0.002675917741937017
time:4565.126891374588
710000
min_value:0.0025015147627074413
time:4630.28827381134
720000
min_value:0.0025015147627074413
time:4696.013094186783
730000
min_value:0.0025015147627074413
time:4761.210974693298
740000
min_value:0.0025015147627074413
time:4826.438044786453
750000
min_value:0.0025015147627074413
time:4891.587755918503
760000
min_value:0.0025015147627074413
time:4956.74035358429
770000
min_value:0.002443482180637401
time:5021.811575889587
780000
min_value:0.002443482180637401
time:5087.004894018173
790000
min_value:0.002443482180637401
time:5152.1420731544495
800000
min_value:0.002443482180637401
time:5217.983416795731
810000
min_value:0.002443482180637401
time:5283.091985702515
820000
min_value:0.002443482180637401
time:5348.299810171127
830000
min_value:0.00240227866348149
time:5413.395184516907
840000
min_value:0.00240227866348149
time:5478.529127120972
850000
min_value:0.00240227866348149
time:5543.661796569824
860000
min_value:0.00240227866348149
time:5608.95840883255
870000
min_value:0.0022963001390599934
time:5674.319944620132
880000
min_value:0.0022963001390599934
time:5740.120594739914
890000
min_value:0.0022963001390599934
time:5805.257461309433
900000
min_value:0.0022963001390599934
time:5870.463596582413
910000
min_value:0.0022753162202543173
time:5935.655276298523
920000
min_value:0.0022753162202543173
time:6000.847036123276
930000
min_value:0.0022753162202543173
time:6066.065323829651
940000
min_value:0.0022753162202543173
time:6131.202012062073
950000
min_value:0.0022753162202543173
time:6196.324325323105
960000
min_value:0.0022753162202543173
time:6261.970461845398
970000
min_value:0.002241251436506646
time:6327.18013548851
980000
min_value:0.002241251436506646
time:6392.346125364304
990000
min_value:0.002241251436506646
time:6457.412204742432
1000000
min_value:0.002192253297571319
time:6522.565178394318
1000000
fvalues:0.002192253297571319
time_values:6522.565178394318
