./results/regularized test/dim:1000_ord:1_coef:1_fused:False/proposed/lr:0.001_reduced_dim:10_sample_size:1_mu:1e-08_step_schedule:constant
10000
min_value:1133.1242672871676
time:11.721635818481445
20000
min_value:843.5798166185529
time:19.72976303100586
30000
min_value:597.2802963586178
time:27.779319763183594
40000
min_value:399.8092024749901
time:35.7931022644043
50000
min_value:236.75173941430384
time:43.96137237548828
60000
min_value:109.69365457326052
time:52.07698059082031
70000
min_value:36.19718784511409
time:60.18526077270508
80000
min_value:11.06367187887187
time:68.21945190429688
90000
min_value:6.139789452526068
time:76.25566864013672
100000
min_value:5.56054435517974
time:84.30152130126953
110000
min_value:5.56054435517974
time:92.36705780029297
120000
min_value:5.56054435517974
time:100.38369750976562
130000
min_value:5.56054435517974
time:108.45410919189453
140000
min_value:5.56054435517974
time:116.51187896728516
150000
min_value:5.56054435517974
time:124.57302856445312
160000
min_value:5.56054435517974
time:132.72518920898438
170000
min_value:5.56054435517974
time:140.78286743164062
180000
min_value:5.56054435517974
time:148.76670837402344
190000
min_value:5.56054435517974
time:156.76202392578125
200000
min_value:5.56054435517974
time:164.8366241455078
210000
min_value:5.492184609086533
time:172.96881103515625
220000
min_value:5.492184609086533
time:181.02206420898438
230000
min_value:5.492184609086533
time:189.011962890625
240000
min_value:5.492184609086533
time:197.04345703125
250000
min_value:5.492184609086533
time:205.0891571044922
260000
min_value:5.492184609086533
time:213.2218780517578
270000
min_value:5.492184609086533
time:221.296142578125
280000
min_value:5.492184609086533
time:229.37850952148438
290000
min_value:5.492184609086533
time:237.48330688476562
300000
min_value:5.492184609086533
time:245.58657836914062
310000
min_value:5.492184609086533
time:253.6391143798828
320000
min_value:5.492184609086533
time:261.72015380859375
330000
min_value:5.492184609086533
time:269.7633056640625
340000
min_value:5.492184609086533
time:277.870361328125
350000
min_value:5.492184609086533
time:285.9093322753906
360000
min_value:5.447079923319591
time:293.9835510253906
370000
min_value:5.447079923319591
time:302.1370849609375
380000
min_value:5.447079923319591
time:310.1470031738281
390000
min_value:5.447079923319591
time:318.1798095703125
400000
min_value:5.447079923319591
time:326.2460021972656
410000
min_value:5.447079923319591
time:334.37933349609375
420000
min_value:5.447079923319591
time:342.530517578125
430000
min_value:5.447079923319591
time:350.6767578125
440000
min_value:5.447079923319591
time:358.7784118652344
450000
min_value:5.447079923319591
time:366.9233703613281
460000
min_value:5.447079923319591
time:374.9488525390625
470000
min_value:5.447079923319591
time:383.0298156738281
480000
min_value:5.447079923319591
time:391.13848876953125
490000
min_value:5.447079923319591
time:399.1395568847656
500000
min_value:5.447079923319591
time:407.31243896484375
500000
fvalues:5.447079923319591
time_values:407.31243896484375
10000
min_value:1144.7724057925775
time:8.020648002624512
20000
min_value:851.9005943833704
time:15.99111270904541
30000
min_value:609.9612533443899
time:24.132827758789062
40000
min_value:411.6400056032087
time:32.08393096923828
50000
min_value:248.79165452178017
time:40.09645080566406
60000
min_value:121.7723419388573
time:48.03328323364258
70000
min_value:39.977675960785916
time:55.97297668457031
80000
min_value:11.699820281225984
time:63.97935485839844
90000
min_value:6.2103238078672245
time:71.9516372680664
100000
min_value:5.869787031252814
time:79.90950775146484
110000
min_value:5.471366586627758
time:87.94038391113281
120000
min_value:5.377817389893106
time:96.01178741455078
130000
min_value:5.377817389893106
time:104.33094024658203
140000
min_value:5.377817389893106
time:112.46546173095703
150000
min_value:5.377817389893106
time:120.55226135253906
160000
min_value:5.377817389893106
time:128.49537658691406
170000
min_value:5.377817389893106
time:136.5297393798828
180000
min_value:5.377817389893106
time:144.65977478027344
190000
min_value:5.377817389893106
time:152.6870880126953
200000
min_value:5.377817389893106
time:160.86843872070312
210000
min_value:5.377817389893106
time:168.9500732421875
220000
min_value:5.377817389893106
time:177.13436889648438
230000
min_value:5.377817389893106
time:185.40843200683594
240000
min_value:5.377817389893106
time:193.5743865966797
250000
min_value:5.377817389893106
time:201.60903930664062
260000
min_value:5.377817389893106
time:209.75392150878906
270000
min_value:5.377817389893106
time:217.77215576171875
280000
min_value:5.377817389893106
time:225.81918334960938
290000
min_value:5.377817389893106
time:233.94070434570312
300000
min_value:5.377817389893106
time:241.9452362060547
310000
min_value:5.377817389893106
time:250.0018310546875
320000
min_value:5.377817389893106
time:257.932373046875
330000
min_value:5.377817389893106
time:265.873291015625
340000
min_value:5.377817389893106
time:273.83355712890625
350000
min_value:5.377817389893106
time:281.8433532714844
360000
min_value:5.377817389893106
time:289.9342956542969
370000
min_value:5.377817389893106
time:298.009765625
380000
min_value:5.377817389893106
time:306.0940856933594
390000
min_value:5.377817389893106
time:314.04803466796875
400000
min_value:5.377817389893106
time:322.30035400390625
410000
min_value:5.377817389893106
time:330.37811279296875
420000
min_value:5.377817389893106
time:338.4306640625
430000
min_value:5.377817389893106
time:346.4320373535156
440000
min_value:5.377817389893106
time:354.4557189941406
450000
min_value:5.377817389893106
time:362.5359802246094
460000
min_value:5.377817389893106
time:370.5957946777344
470000
min_value:5.377817389893106
time:378.7347106933594
480000
min_value:5.377817389893106
time:386.8006286621094
490000
min_value:5.377817389893106
time:394.8546447753906
500000
min_value:5.377817389893106
time:403.01580810546875
500000
fvalues:5.377817389893106
time_values:403.01580810546875
10000
min_value:1142.415738570541
time:8.02056884765625
20000
min_value:851.3302036953708
time:16.266876220703125
30000
min_value:607.0160162552784
time:24.352649688720703
40000
min_value:410.154609806154
time:32.39241409301758
50000
min_value:243.89538849369228
time:40.43257522583008
60000
min_value:118.14827459744645
time:48.520263671875
70000
min_value:39.978338396388146
time:56.683021545410156
80000
min_value:10.83624722006866
time:64.93423461914062
90000
min_value:6.323402628388132
time:73.0552978515625
100000
min_value:5.776897766684329
time:81.10175323486328
110000
min_value:5.6942720846503265
time:89.18485260009766
120000
min_value:5.677615365028847
time:97.3173828125
130000
min_value:5.639371215225649
time:105.39015197753906
140000
min_value:5.639371215225649
time:113.45889282226562
150000
min_value:5.639371215225649
time:121.5933837890625
160000
min_value:5.639371215225649
time:129.73687744140625
170000
min_value:5.625665122950731
time:137.82376098632812
180000
min_value:5.582809017882562
time:146.053466796875
190000
min_value:5.582809017882562
time:154.0382537841797
200000
min_value:5.53334002045751
time:162.07180786132812
210000
min_value:5.53334002045751
time:170.17218017578125
220000
min_value:5.525964329178296
time:178.24862670898438
230000
min_value:5.525964329178296
time:186.4791259765625
240000
min_value:5.525964329178296
time:194.47341918945312
250000
min_value:5.525964329178296
time:202.46348571777344
260000
min_value:5.525964329178296
time:210.49032592773438
270000
min_value:5.525964329178296
time:218.4760284423828
280000
min_value:5.525964329178296
time:226.4566192626953
290000
min_value:5.525964329178296
time:234.43218994140625
300000
min_value:5.525964329178296
time:242.60818481445312
310000
min_value:5.525964329178296
time:250.64784240722656
320000
min_value:5.525964329178296
time:258.6497802734375
330000
min_value:5.525964329178296
time:266.61590576171875
340000
min_value:5.525964329178296
time:274.57861328125
350000
min_value:5.525964329178296
time:282.5625
360000
min_value:5.525964329178296
time:290.5323486328125
370000
min_value:5.525964329178296
time:298.5178527832031
380000
min_value:5.525964329178296
time:306.4986267089844
390000
min_value:5.525964329178296
time:314.489013671875
400000
min_value:5.525964329178296
time:322.47430419921875
410000
min_value:5.525964329178296
time:330.45892333984375
420000
min_value:5.525964329178296
time:338.4293212890625
430000
min_value:5.525964329178296
time:346.39910888671875
440000
min_value:5.525964329178296
time:354.390869140625
450000
min_value:5.525964329178296
time:362.38641357421875
460000
min_value:5.525964329178296
time:370.3521423339844
470000
min_value:5.525964329178296
time:378.31414794921875
480000
min_value:5.525964329178296
time:386.2833557128906
490000
min_value:5.525964329178296
time:394.2628479003906
500000
min_value:5.525964329178296
time:402.24310302734375
500000
fvalues:5.525964329178296
time_values:402.24310302734375
10000
min_value:1140.6960919724033
time:7.999643325805664
20000
min_value:846.6588383611111
time:15.908903121948242
30000
min_value:605.3097282965729
time:23.79769515991211
40000
min_value:409.95548080883003
time:31.691259384155273
50000
min_value:248.73170841510677
time:39.85695266723633
60000
min_value:120.66124243977013
time:47.81867218017578
70000
min_value:41.28051714182675
time:55.768924713134766
80000
min_value:12.34461581697373
time:63.72184371948242
90000
min_value:6.675978502886514
time:71.68492889404297
100000
min_value:5.921457005950597
time:79.64384460449219
110000
min_value:5.765141628987883
time:87.60186767578125
120000
min_value:5.545724017206137
time:95.56878662109375
130000
min_value:5.545724017206137
time:103.6165771484375
140000
min_value:5.545724017206137
time:111.62749481201172
150000
min_value:5.545724017206137
time:119.75727844238281
160000
min_value:5.545724017206137
time:127.85203552246094
170000
min_value:5.545724017206137
time:136.00045776367188
180000
min_value:5.545724017206137
time:144.0718231201172
190000
min_value:5.545724017206137
time:152.0788116455078
200000
min_value:5.545724017206137
time:160.14096069335938
210000
min_value:5.545724017206137
time:168.2099151611328
220000
min_value:5.51818457238479
time:176.2398681640625
230000
min_value:5.51818457238479
time:184.20083618164062
240000
min_value:5.51818457238479
time:192.17330932617188
250000
min_value:5.51818457238479
time:200.14637756347656
260000
min_value:5.51818457238479
time:208.11517333984375
270000
min_value:5.51818457238479
time:216.08187866210938
280000
min_value:5.51818457238479
time:224.03163146972656
290000
min_value:5.51818457238479
time:232.00189208984375
300000
min_value:5.51818457238479
time:239.9856719970703
310000
min_value:5.51818457238479
time:248.00540161132812
320000
min_value:5.507493972118983
time:255.9757080078125
330000
min_value:5.507493972118983
time:263.9257507324219
340000
min_value:5.507493972118983
time:271.88232421875
350000
min_value:5.507493972118983
time:279.8488464355469
360000
min_value:5.507493972118983
time:287.8155212402344
370000
min_value:5.507493972118983
time:295.77130126953125
380000
min_value:5.507493972118983
time:303.7317810058594
390000
min_value:5.507493972118983
time:311.7183837890625
400000
min_value:5.507493972118983
time:319.90313720703125
410000
min_value:5.507493972118983
time:328.0610046386719
420000
min_value:5.507493972118983
time:336.0927429199219
430000
min_value:5.507493972118983
time:344.2710876464844
440000
min_value:5.507493972118983
time:352.2867736816406
450000
min_value:5.507493972118983
time:360.3268127441406
460000
min_value:5.507493972118983
time:368.5416564941406
470000
min_value:5.507493972118983
time:376.54736328125
480000
min_value:5.507493972118983
time:384.5792541503906
490000
min_value:5.507493972118983
time:392.6478576660156
500000
min_value:5.507493972118983
time:400.6754455566406
500000
fvalues:5.507493972118983
time_values:400.6754455566406
10000
min_value:1144.6516390819047
time:8.011541366577148
20000
min_value:841.7016422599011
time:15.948877334594727
30000
min_value:599.2648847482039
time:23.98977279663086
40000
min_value:403.8724345294909
time:31.943124771118164
50000
min_value:245.14958571293053
time:40.022918701171875
60000
min_value:117.26840381155637
time:48.01741027832031
70000
min_value:37.29865539372476
time:56.0168571472168
80000
min_value:10.196289005753307
time:63.99602508544922
90000
min_value:6.104886198024065
time:71.96150970458984
100000
min_value:5.724583344145978
time:79.92485809326172
110000
min_value:5.675070848391787
time:87.89607238769531
120000
min_value:5.675070848391787
time:95.86045837402344
130000
min_value:5.675070848391787
time:103.81788635253906
140000
min_value:5.675070848391787
time:111.79817962646484
150000
min_value:5.649991979576103
time:119.7751693725586
160000
min_value:5.649991979576103
time:127.72493743896484
170000
min_value:5.318046667752386
time:135.7115478515625
180000
min_value:5.318046667752386
time:143.74655151367188
190000
min_value:5.318046667752386
time:151.83990478515625
200000
min_value:5.318046667752386
time:159.95382690429688
210000
min_value:5.318046667752386
time:167.93202209472656
220000
min_value:5.318046667752386
time:175.89466857910156
230000
min_value:5.318046667752386
time:183.88172912597656
240000
min_value:5.318046667752386
time:191.8582305908203
250000
min_value:5.318046667752386
time:199.81045532226562
260000
min_value:5.318046667752386
time:207.7905731201172
270000
min_value:5.318046667752386
time:215.81118774414062
280000
min_value:5.318046667752386
time:223.7823028564453
290000
min_value:5.318046667752386
time:231.81813049316406
300000
min_value:5.318046667752386
time:239.7808380126953
310000
min_value:5.318046667752386
time:247.82589721679688
320000
min_value:5.318046667752386
time:255.8128662109375
330000
min_value:5.318046667752386
time:263.8016357421875
340000
min_value:5.318046667752386
time:271.7789306640625
350000
min_value:5.318046667752386
time:279.6586608886719
360000
min_value:5.318046667752386
time:287.5494689941406
370000
min_value:5.318046667752386
time:295.4561767578125
380000
min_value:5.318046667752386
time:303.3874206542969
390000
min_value:5.318046667752386
time:311.38433837890625
400000
min_value:5.318046667752386
time:319.3501892089844
410000
min_value:5.318046667752386
time:327.31011962890625
420000
min_value:5.318046667752386
time:335.234375
430000
min_value:5.318046667752386
time:343.2234191894531
440000
min_value:5.318046667752386
time:351.11956787109375
450000
min_value:5.318046667752386
time:359.00262451171875
460000
min_value:5.318046667752386
time:366.9770202636719
470000
min_value:5.318046667752386
time:374.8948974609375
480000
min_value:5.318046667752386
time:382.86614990234375
490000
min_value:5.318046667752386
time:390.8342590332031
500000
min_value:5.318046667752386
time:398.9703369140625
500000
fvalues:5.318046667752386
time_values:398.9703369140625
10000
min_value:1138.059490652333
time:7.9564056396484375
20000
min_value:842.0652228464523
time:15.849788665771484
30000
min_value:596.8572921240393
time:23.836841583251953
40000
min_value:397.44791132332693
time:31.791324615478516
50000
min_value:235.83444187959583
time:39.804691314697266
60000
min_value:109.33853208130573
time:47.77522659301758
70000
min_value:34.66237400159514
time:55.721229553222656
80000
min_value:10.371362362145607
time:63.7226448059082
90000
min_value:6.369983481256589
time:71.64556121826172
100000
min_value:5.883839742843502
time:79.5966796875
110000
min_value:5.790652322877368
time:87.75141143798828
120000
min_value:5.765181941272452
time:95.59874725341797
130000
min_value:5.719000286836056
time:103.51783752441406
140000
min_value:5.719000286836056
time:111.48255920410156
150000
min_value:5.719000286836056
time:119.45506286621094
160000
min_value:5.719000286836056
time:127.3634033203125
170000
min_value:5.550340978286902
time:135.3058624267578
180000
min_value:5.550340978286902
time:143.17242431640625
190000
min_value:5.550340978286902
time:151.16026306152344
200000
min_value:5.550340978286902
time:159.0115203857422
210000
min_value:5.550340978286902
time:166.8758544921875
220000
min_value:5.550340978286902
time:174.76190185546875
230000
min_value:5.550340978286902
time:182.72930908203125
240000
min_value:5.550340978286902
time:190.6603546142578
250000
min_value:5.550340978286902
time:198.50762939453125
260000
min_value:5.550340978286902
time:206.36351013183594
270000
min_value:5.550340978286902
time:214.23822021484375
280000
min_value:5.550340978286902
time:222.11993408203125
290000
min_value:5.550340978286902
time:230.03802490234375
300000
min_value:5.550340978286902
time:238.12086486816406
310000
min_value:5.550340978286902
time:246.0915069580078
320000
min_value:5.550340978286902
time:253.95394897460938
330000
min_value:5.550340978286902
time:261.86700439453125
340000
min_value:5.550340978286902
time:269.7881164550781
350000
min_value:5.550340978286902
time:277.7357482910156
360000
min_value:5.550340978286902
time:285.6005859375
370000
min_value:5.550340978286902
time:293.5361328125
380000
min_value:5.545994922676069
time:301.51214599609375
390000
min_value:5.510744930053476
time:309.6925354003906
400000
min_value:5.510744930053476
time:317.7120056152344
410000
min_value:5.510744930053476
time:325.77154541015625
420000
min_value:5.510744930053476
time:333.7054443359375
430000
min_value:5.510744930053476
time:341.62518310546875
440000
min_value:5.510744930053476
time:349.61383056640625
450000
min_value:5.510744930053476
time:357.58685302734375
460000
min_value:5.510744930053476
time:365.4561767578125
470000
min_value:5.510744930053476
time:373.4011535644531
480000
min_value:5.510744930053476
time:381.332763671875
490000
min_value:5.510744930053476
time:389.34332275390625
500000
min_value:5.510744930053476
time:397.26239013671875
500000
fvalues:5.510744930053476
time_values:397.26239013671875
10000
min_value:1145.80250257158
time:7.963352680206299
20000
min_value:840.1232054215536
time:15.796805381774902
30000
min_value:594.2001626841941
time:23.676998138427734
40000
min_value:399.5837220770351
time:31.579748153686523
50000
min_value:240.625467742156
time:39.605018615722656
60000
min_value:115.4104136338755
time:47.557064056396484
70000
min_value:39.16785993195259
time:55.58179473876953
80000
min_value:11.406414535060371
time:63.43777847290039
90000
min_value:6.304257461482579
time:71.37681579589844
100000
min_value:5.9185114014221085
time:79.2920913696289
110000
min_value:5.765003428431231
time:87.28870391845703
120000
min_value:5.5953229293095905
time:95.4654769897461
130000
min_value:5.5953229293095905
time:103.68692016601562
140000
min_value:5.5653463570883055
time:111.82080841064453
150000
min_value:5.5653463570883055
time:119.78234100341797
160000
min_value:5.5653463570883055
time:127.7090835571289
170000
min_value:5.5653463570883055
time:135.60739135742188
180000
min_value:5.5653463570883055
time:143.59500122070312
190000
min_value:5.5653463570883055
time:151.51719665527344
200000
min_value:5.5230161510810545
time:159.5262451171875
210000
min_value:5.511760700661676
time:167.51589965820312
220000
min_value:5.511760700661676
time:175.5598907470703
230000
min_value:5.511760700661676
time:183.53172302246094
240000
min_value:5.511760700661676
time:191.52951049804688
250000
min_value:5.511760700661676
time:199.539306640625
260000
min_value:5.511760700661676
time:207.57220458984375
270000
min_value:5.511760700661676
time:215.87660217285156
280000
min_value:5.511760700661676
time:224.0767059326172
290000
min_value:5.511760700661676
time:232.12374877929688
300000
min_value:5.511760700661676
time:240.1910858154297
310000
min_value:5.511760700661676
time:248.4817657470703
320000
min_value:5.511760700661676
time:256.56146240234375
330000
min_value:5.511760700661676
time:264.6474304199219
340000
min_value:5.511760700661676
time:272.6423034667969
350000
min_value:5.511760700661676
time:280.80426025390625
360000
min_value:5.511760700661676
time:288.7658996582031
370000
min_value:5.511760700661676
time:296.7708435058594
380000
min_value:5.511760700661676
time:304.939453125
390000
min_value:5.511760700661676
time:313.0967102050781
400000
min_value:5.486028794362671
time:321.10174560546875
410000
min_value:5.486028794362671
time:329.1599426269531
420000
min_value:5.486028794362671
time:337.246337890625
430000
min_value:5.486028794362671
time:345.3690185546875
440000
min_value:5.486028794362671
time:353.4839782714844
450000
min_value:5.486028794362671
time:361.6009521484375
460000
min_value:5.486028794362671
time:369.718505859375
470000
min_value:5.486028794362671
time:377.763427734375
480000
min_value:5.486028794362671
time:385.8060302734375
490000
min_value:5.486028794362671
time:393.8624267578125
500000
min_value:5.486028794362671
time:401.9849548339844
500000
fvalues:5.486028794362671
time_values:401.9849548339844
10000
min_value:1132.4059292522827
time:8.006623268127441
20000
min_value:832.050717962569
time:16.10973358154297
30000
min_value:593.2839558250555
time:24.15557861328125
40000
min_value:395.2472115054374
time:32.25348663330078
50000
min_value:237.21862512789667
time:40.224021911621094
60000
min_value:110.28560244320158
time:48.242340087890625
70000
min_value:34.774750376633605
time:56.281436920166016
80000
min_value:9.534347286147959
time:64.24115753173828
90000
min_value:5.9372005551810565
time:72.19171142578125
100000
min_value:5.650851127046247
time:80.16527557373047
110000
min_value:5.650851127046247
time:88.10692596435547
120000
min_value:5.58231333871404
time:96.08668518066406
130000
min_value:5.541268891916868
time:104.13101196289062
140000
min_value:5.512722997380147
time:112.31423950195312
150000
min_value:5.512722997380147
time:120.34441375732422
160000
min_value:5.512722997380147
time:128.40187072753906
170000
min_value:5.512722997380147
time:136.651123046875
180000
min_value:5.512722997380147
time:144.60482788085938
190000
min_value:5.512722997380147
time:152.63818359375
200000
min_value:5.512722997380147
time:160.54385375976562
210000
min_value:5.512722997380147
time:168.49501037597656
220000
min_value:5.512722997380147
time:176.5174102783203
230000
min_value:5.512722997380147
time:184.4140167236328
240000
min_value:5.512722997380147
time:192.3410186767578
250000
min_value:5.512722997380147
time:200.26856994628906
260000
min_value:5.512722997380147
time:208.23373413085938
270000
min_value:5.512722997380147
time:216.1488494873047
280000
min_value:5.512722997380147
time:224.17813110351562
290000
min_value:5.512722997380147
time:232.17678833007812
300000
min_value:5.512722997380147
time:240.21063232421875
310000
min_value:5.512722997380147
time:248.27769470214844
320000
min_value:5.512722997380147
time:256.297119140625
330000
min_value:5.512722997380147
time:264.3695373535156
340000
min_value:5.512722997380147
time:272.421142578125
350000
min_value:5.512722997380147
time:280.4261779785156
360000
min_value:5.512722997380147
time:288.39874267578125
370000
min_value:5.512722997380147
time:296.3095703125
380000
min_value:5.512722997380147
time:304.0390625
390000
min_value:5.512722997380147
time:311.75732421875
400000
min_value:5.512722997380147
time:319.4228210449219
410000
min_value:5.512722997380147
time:327.1545715332031
420000
min_value:5.512722997380147
time:334.89422607421875
430000
min_value:5.512722997380147
time:342.6649169921875
440000
min_value:5.512722997380147
time:350.4491882324219
450000
min_value:5.512722997380147
time:358.148681640625
460000
min_value:5.512722997380147
time:365.8258056640625
470000
min_value:5.512722997380147
time:373.613525390625
480000
min_value:5.512722997380147
time:381.62371826171875
490000
min_value:5.512722997380147
time:389.67108154296875
500000
min_value:5.512722997380147
time:397.8800354003906
500000
fvalues:5.512722997380147
time_values:397.8800354003906
10000
min_value:1126.5815659952136
time:7.993285179138184
20000
min_value:829.7483209497173
time:16.026784896850586
30000
min_value:584.4793658005078
time:23.730337142944336
40000
min_value:392.8466636042045
time:31.388586044311523
50000
min_value:233.48555783888185
time:39.120079040527344
60000
min_value:107.69250693655218
time:46.800750732421875
70000
min_value:35.17103448518151
time:54.68506622314453
80000
min_value:11.4655239858248
time:62.53679275512695
90000
min_value:6.258987261372556
time:70.36162567138672
100000
min_value:5.56167238581568
time:78.10636138916016
110000
min_value:5.56167238581568
time:85.93956756591797
120000
min_value:5.56167238581568
time:93.60655975341797
130000
min_value:5.56167238581568
time:101.41524505615234
140000
min_value:5.56167238581568
time:109.32222747802734
150000
min_value:5.56167238581568
time:117.20014190673828
160000
min_value:5.56167238581568
time:125.05162811279297
170000
min_value:5.56167238581568
time:132.84483337402344
180000
min_value:5.56167238581568
time:140.8050537109375
190000
min_value:5.56167238581568
time:148.9573211669922
200000
min_value:5.56167238581568
time:157.03475952148438
210000
min_value:5.56167238581568
time:165.10772705078125
220000
min_value:5.56167238581568
time:173.2994842529297
230000
min_value:5.559011703883899
time:181.22357177734375
240000
min_value:5.5549441927794305
time:188.98992919921875
250000
min_value:5.5549441927794305
time:196.7449951171875
260000
min_value:5.5146684068421346
time:204.5351104736328
270000
min_value:5.5146684068421346
time:212.40834045410156
280000
min_value:5.5146684068421346
time:220.14474487304688
290000
min_value:5.5146684068421346
time:228.05502319335938
300000
min_value:5.5146684068421346
time:235.86880493164062
310000
min_value:5.5146684068421346
time:243.77427673339844
320000
min_value:5.5146684068421346
time:251.45582580566406
330000
min_value:5.5146684068421346
time:259.2041320800781
340000
min_value:5.5146684068421346
time:266.8824157714844
350000
min_value:5.5146684068421346
time:274.68719482421875
360000
min_value:5.5146684068421346
time:282.4660339355469
370000
min_value:5.5146684068421346
time:290.16009521484375
380000
min_value:5.5146684068421346
time:298.0083312988281
390000
min_value:5.5146684068421346
time:305.6465759277344
400000
min_value:5.5146684068421346
time:313.352294921875
410000
min_value:5.5146684068421346
time:321.07830810546875
420000
min_value:5.5146684068421346
time:328.8642578125
430000
min_value:5.5146684068421346
time:336.7235412597656
440000
min_value:5.5146684068421346
time:344.39727783203125
450000
min_value:5.5146684068421346
time:352.2250671386719
460000
min_value:5.5146684068421346
time:360.1070861816406
470000
min_value:5.5146684068421346
time:368.0928955078125
480000
min_value:5.5146684068421346
time:375.8968200683594
490000
min_value:5.5146684068421346
time:383.6376037597656
500000
min_value:5.5146684068421346
time:391.3498229980469
500000
fvalues:5.5146684068421346
time_values:391.3498229980469
10000
min_value:1142.7775330979584
time:7.836486339569092
20000
min_value:841.056651729176
time:15.715062141418457
30000
min_value:596.4982378676472
time:23.641630172729492
40000
min_value:401.1755797598857
time:31.295307159423828
50000
min_value:235.04451756142888
time:39.124629974365234
60000
min_value:111.34198696711991
time:47.256065368652344
70000
min_value:37.183233813225556
time:55.245887756347656
80000
min_value:10.780483899969974
time:63.034393310546875
90000
min_value:6.246762336718275
time:70.78790283203125
100000
min_value:5.5863647882382566
time:78.71018981933594
110000
min_value:5.5863647882382566
time:86.5958023071289
120000
min_value:5.531771305880911
time:94.4253158569336
130000
min_value:5.531771305880911
time:102.17388153076172
140000
min_value:5.531771305880911
time:110.01515197753906
150000
min_value:5.432445248464649
time:117.92170715332031
160000
min_value:5.432445248464649
time:125.94202423095703
170000
min_value:5.432445248464649
time:133.80517578125
180000
min_value:5.432445248464649
time:141.6256866455078
190000
min_value:5.432445248464649
time:149.3362579345703
200000
min_value:5.432445248464649
time:156.90577697753906
210000
min_value:5.432445248464649
time:164.50682067871094
220000
min_value:5.432445248464649
time:172.07301330566406
230000
min_value:5.432445248464649
time:179.70269775390625
240000
min_value:5.432445248464649
time:187.32875061035156
250000
min_value:5.432445248464649
time:195.19363403320312
260000
min_value:5.432445248464649
time:202.8932342529297
270000
min_value:5.432445248464649
time:210.80099487304688
280000
min_value:5.432445248464649
time:218.62203979492188
290000
min_value:5.432445248464649
time:226.4832000732422
300000
min_value:5.432445248464649
time:234.324462890625
310000
min_value:5.432445248464649
time:242.24107360839844
320000
min_value:5.432445248464649
time:250.0506591796875
330000
min_value:5.432445248464649
time:257.85614013671875
340000
min_value:5.432445248464649
time:265.80645751953125
350000
min_value:5.432445248464649
time:273.5184020996094
360000
min_value:5.432445248464649
time:281.1888427734375
370000
min_value:5.432445248464649
time:288.934326171875
380000
min_value:5.432445248464649
time:296.5976257324219
390000
min_value:5.432445248464649
time:304.3883972167969
400000
min_value:5.432445248464649
time:311.9397277832031
410000
min_value:5.432445248464649
time:319.4934387207031
420000
min_value:5.432445248464649
time:327.2998962402344
430000
min_value:5.432445248464649
time:335.0951843261719
440000
min_value:5.432445248464649
time:342.9881591796875
450000
min_value:5.432445248464649
time:351.0075988769531
460000
min_value:5.432445248464649
time:358.92535400390625
470000
min_value:5.432445248464649
time:366.518310546875
480000
min_value:5.432445248464649
time:374.06353759765625
490000
min_value:5.432445248464649
time:381.7513427734375
500000
min_value:5.432445248464649
time:389.519287109375
500000
fvalues:5.432445248464649
time_values:389.519287109375
