./results/subspace-norm/dim:1000000_ord:1_subspace:100_fused:False/proposed/lr:1000_reduced_dim:10_sample_size:10_mu:1e-08_step_schedule:decreasing-half
10000
min_value:0.08431527514802303
time:68.45057725906372
20000
min_value:0.058057215391065474
time:133.45048904418945
30000
min_value:0.04558556860740349
time:197.85603404045105
40000
min_value:0.04026639896526199
time:263.0792944431305
50000
min_value:0.0350416715099988
time:327.9134542942047
60000
min_value:0.030333188301180807
time:392.6127965450287
70000
min_value:0.02877662625393718
time:457.3458642959595
80000
min_value:0.027279273471776527
time:521.5787246227264
90000
min_value:0.027279273471776527
time:586.4125971794128
100000
min_value:0.024231673666424515
time:651.1812300682068
110000
min_value:0.024231673666424515
time:716.2663855552673
120000
min_value:0.023205593680793807
time:780.6980230808258
130000
min_value:0.02223393997024323
time:845.4258737564087
140000
min_value:0.021550121795247627
time:910.1751697063446
150000
min_value:0.021026328233780988
time:974.0839643478394
160000
min_value:0.019536005257281743
time:1038.0167803764343
170000
min_value:0.018305458705169142
time:1101.8408608436584
180000
min_value:0.018305458705169142
time:1165.235398054123
190000
min_value:0.017139304672247727
time:1228.6064548492432
200000
min_value:0.017139304672247727
time:1291.9862987995148
210000
min_value:0.016934643162609796
time:1356.7019565105438
220000
min_value:0.016294784851652255
time:1420.5991756916046
230000
min_value:0.016115785136106384
time:1484.8674144744873
240000
min_value:0.016115785136106384
time:1549.1138224601746
250000
min_value:0.015910958906379547
time:1613.8026275634766
260000
min_value:0.015910958906379547
time:1678.4431262016296
270000
min_value:0.015604741028383802
time:1742.5957250595093
280000
min_value:0.015237138176722708
time:1806.9995000362396
290000
min_value:0.015059760373494727
time:1871.4512860774994
300000
min_value:0.014449395518830096
time:1935.7817821502686
310000
min_value:0.014449395518830096
time:2000.9553694725037
320000
min_value:0.014407929236746879
time:2066.1909127235413
330000
min_value:0.014013175157845757
time:2131.0750296115875
340000
min_value:0.013419960193678422
time:2195.8037452697754
350000
min_value:0.013419960193678422
time:2260.733678340912
360000
min_value:0.013225301561723763
time:2324.7668302059174
370000
min_value:0.013083501001460579
time:2388.6578600406647
380000
min_value:0.012694814263200925
time:2453.612911462784
390000
min_value:0.012694814263200925
time:2518.5268235206604
400000
min_value:0.01110235012548548
time:2582.6650297641754
410000
min_value:0.01110235012548548
time:2646.643806219101
420000
min_value:0.01110235012548548
time:2712.175984621048
430000
min_value:0.01110235012548548
time:2777.7213752269745
440000
min_value:0.01110235012548548
time:2842.2766535282135
450000
min_value:0.01110235012548548
time:2906.461230993271
460000
min_value:0.01110235012548548
time:2970.6993219852448
470000
min_value:0.01110235012548548
time:3034.9835481643677
480000
min_value:0.01110235012548548
time:3099.341901779175
490000
min_value:0.01110235012548548
time:3163.581879377365
500000
min_value:0.011072246066832653
time:3227.973599433899
510000
min_value:0.010679809838585571
time:3292.213548183441
520000
min_value:0.010679809838585571
time:3356.5162110328674
530000
min_value:0.01061122780453929
time:3420.780377149582
540000
min_value:0.01061122780453929
time:3484.975213766098
550000
min_value:0.01061122780453929
time:3549.095598220825
560000
min_value:0.010435182619216637
time:3613.2122688293457
570000
min_value:0.010435182619216637
time:3677.1951055526733
580000
min_value:0.010435182619216637
time:3741.3718161582947
590000
min_value:0.010435182619216637
time:3805.665141105652
600000
min_value:0.00975640852462676
time:3869.793304204941
610000
min_value:0.00975640852462676
time:3934.0208814144135
620000
min_value:0.009619647004715579
time:3997.999897956848
630000
min_value:0.009573909065384835
time:4062.1380236148834
640000
min_value:0.009573909065384835
time:4126.262839794159
650000
min_value:0.009573909065384835
time:4190.379370927811
660000
min_value:0.009573909065384835
time:4254.461608886719
670000
min_value:0.009259275674595719
time:4318.562953233719
680000
min_value:0.009259275674595719
time:4382.863885641098
690000
min_value:0.009122069440990095
time:4447.091276168823
700000
min_value:0.009122069440990095
time:4511.237902879715
710000
min_value:0.009122069440990095
time:4575.154592514038
720000
min_value:0.009122069440990095
time:4639.315460205078
730000
min_value:0.008839660756649102
time:4703.459666490555
740000
min_value:0.008839660756649102
time:4767.637716770172
750000
min_value:0.008839660756649102
time:4831.806485176086
760000
min_value:0.008839660756649102
time:4895.962924480438
770000
min_value:0.008839660756649102
time:4960.193868637085
780000
min_value:0.008839660756649102
time:5024.376149654388
790000
min_value:0.008221922534627833
time:5088.573353528976
800000
min_value:0.008221922534627833
time:5152.707821369171
810000
min_value:0.008221922534627833
time:5216.59739613533
820000
min_value:0.008221922534627833
time:5280.460283041
830000
min_value:0.008221922534627833
time:5344.355965137482
840000
min_value:0.008221922534627833
time:5408.541861772537
850000
min_value:0.008221922534627833
time:5472.649396657944
860000
min_value:0.008188790092802803
time:5536.533904790878
870000
min_value:0.008188790092802803
time:5600.483393907547
880000
min_value:0.008188790092802803
time:5664.580714464188
890000
min_value:0.008188790092802803
time:5729.012388467789
900000
min_value:0.008188790092802803
time:5793.172451019287
910000
min_value:0.008188790092802803
time:5856.745732784271
920000
min_value:0.008188790092802803
time:5920.269837141037
930000
min_value:0.008188790092802803
time:5983.863097190857
940000
min_value:0.008178951772254153
time:6047.3064687252045
950000
min_value:0.008178951772254153
time:6110.836798429489
960000
min_value:0.008178951772254153
time:6174.421648740768
970000
min_value:0.008074278268138937
time:6237.928966760635
980000
min_value:0.007815072099138419
time:6301.605958938599
990000
min_value:0.007146537740277264
time:6365.107353925705
1000000
min_value:0.007146537740277264
time:6428.613087177277
1000000
fvalues:0.007146537740277264
time_values:6428.613087177277
