./results/subspace-norm local/dim:1000000_ord:1_subspace:100_fused:False/proposed/lr:1000_reduced_dim:10_sample_size:1_mu:1e-08_step_schedule:constant
10000
fvalues:9.999999974752427e-05
time_values:22.291471004486084
./results/subspace-norm local/dim:1000000_ord:1_subspace:100_fused:False/proposed/lr:1000_reduced_dim:100_sample_size:1_mu:1e-08_step_schedule:constant
10000
fvalues:9.999999974752427e-05
time_values:91.24760723114014
./results/subspace-norm local/dim:1000000_ord:1_subspace:100_fused:False/proposed/lr:100_reduced_dim:10_sample_size:1_mu:1e-08_step_schedule:constant
10000
fvalues:9.999999974752427e-05
time_values:18.36247944831848
./results/subspace-norm local/dim:1000000_ord:1_subspace:100_fused:False/proposed/lr:100_reduced_dim:100_sample_size:1_mu:1e-08_step_schedule:constant
10000
fvalues:9.999999974752427e-05
time_values:91.28261804580688
./results/subspace-norm local/dim:1000000_ord:1_subspace:100_fused:False/proposed/lr:10_reduced_dim:10_sample_size:1_mu:1e-08_step_schedule:constant
10000
fvalues:9.999999974752427e-05
time_values:18.254751682281494
./results/subspace-norm local/dim:1000000_ord:1_subspace:100_fused:False/proposed/lr:10_reduced_dim:100_sample_size:1_mu:1e-08_step_schedule:constant
10000
fvalues:9.999999974752427e-05
time_values:91.27635192871094
./results/subspace-norm local/dim:1000000_ord:1_subspace:100_fused:False/proposed/lr:1_reduced_dim:10_sample_size:1_mu:1e-08_step_schedule:constant
10000
fvalues:9.999999974752427e-05
time_values:18.276456356048584
./results/subspace-norm local/dim:1000000_ord:1_subspace:100_fused:False/proposed/lr:1_reduced_dim:100_sample_size:1_mu:1e-08_step_schedule:constant
10000
fvalues:9.999999974752427e-05
time_values:91.38768362998962
./results/subspace-norm local/dim:1000000_ord:1_subspace:100_fused:False/proposed/lr:0.1_reduced_dim:10_sample_size:1_mu:1e-08_step_schedule:constant
10000
fvalues:9.999999974752427e-05
time_values:18.407928943634033
./results/subspace-norm local/dim:1000000_ord:1_subspace:100_fused:False/proposed/lr:0.1_reduced_dim:100_sample_size:1_mu:1e-08_step_schedule:constant
10000
fvalues:9.999999974752427e-05
time_values:91.32833671569824
./results/subspace-norm local/dim:1000000_ord:1_subspace:100_fused:False/proposed/lr:0.01_reduced_dim:10_sample_size:1_mu:1e-08_step_schedule:constant
10000
fvalues:9.796773519108541e-05
time_values:18.310965538024902
./results/subspace-norm local/dim:1000000_ord:1_subspace:100_fused:False/proposed/lr:0.01_reduced_dim:100_sample_size:1_mu:1e-08_step_schedule:constant
10000
fvalues:9.999999974752427e-05
time_values:91.34574007987976
./results/subspace-norm local/dim:1000000_ord:1_subspace:100_fused:False/proposed/lr:0.001_reduced_dim:10_sample_size:1_mu:1e-08_step_schedule:constant
10000
fvalues:4.682054293607664e-05
time_values:18.242104291915894
./results/subspace-norm local/dim:1000000_ord:1_subspace:100_fused:False/proposed/lr:0.001_reduced_dim:100_sample_size:1_mu:1e-08_step_schedule:constant
10000
fvalues:9.763207616598007e-05
time_values:91.33453822135925
