./results/regularized test/dim:1000000_ord:1_coef:1_fused:False/proposed/lr:0.1_reduced_dim:10_sample_size:1_mu:1e-08_step_schedule:constant
10000
min_value:1484119.6861827788
time:24.283143281936646
20000
min_value:1468414.1609376688
time:44.379106521606445
30000
min_value:1453830.7548843257
time:64.36612319946289
40000
min_value:1441886.8524912624
time:84.61832785606384
50000
min_value:1432132.8850309672
time:104.83468127250671
60000
min_value:1424440.7330929036
time:125.16177034378052
70000
min_value:1418864.5509608702
time:145.40315103530884
80000
min_value:1414775.4428699205
time:165.7326397895813
90000
min_value:1411711.2622437621
time:185.9675624370575
100000
min_value:1409994.9716284932
time:206.30831813812256
110000
min_value:1409126.728093429
time:226.50843000411987
120000
min_value:1408644.0028361538
time:246.87531805038452
130000
min_value:1408644.0028361538
time:267.1025779247284
140000
min_value:1408644.0028361538
time:287.48765087127686
150000
min_value:1408644.0028361538
time:307.7198541164398
160000
min_value:1408644.0028361538
time:328.0822584629059
170000
min_value:1408644.0028361538
time:348.30553007125854
180000
min_value:1408644.0028361538
time:368.6269302368164
190000
min_value:1408644.0028361538
time:388.85272312164307
200000
min_value:1408644.0028361538
time:409.24206590652466
210000
min_value:1408644.0028361538
time:429.467720746994
220000
min_value:1408644.0028361538
time:449.86169624328613
230000
min_value:1408644.0028361538
time:470.0877368450165
240000
min_value:1408644.0028361538
time:490.0100145339966
250000
min_value:1408644.0028361538
time:509.9110748767853
260000
min_value:1408644.0028361538
time:529.8885273933411
270000
min_value:1408644.0028361538
time:549.8836755752563
280000
min_value:1408644.0028361538
time:569.7862467765808
290000
min_value:1408644.0028361538
time:589.7357964515686
300000
min_value:1408644.0028361538
time:609.6686961650848
310000
min_value:1408644.0028361538
time:629.6377000808716
320000
min_value:1408644.0028361538
time:649.5195415019989
330000
min_value:1408644.0028361538
time:669.5002501010895
340000
min_value:1408644.0028361538
time:689.4177062511444
350000
min_value:1408644.0028361538
time:709.3622479438782
360000
min_value:1408644.0028361538
time:729.2536911964417
370000
min_value:1408644.0028361538
time:749.2156953811646
380000
min_value:1408644.0028361538
time:769.1590869426727
390000
min_value:1408644.0028361538
time:789.1186873912811
400000
min_value:1408644.0028361538
time:809.0029933452606
410000
min_value:1408644.0028361538
time:828.9471962451935
420000
min_value:1408644.0028361538
time:848.8550367355347
430000
min_value:1408644.0028361538
time:868.847882270813
440000
min_value:1408644.0028361538
time:888.7688555717468
450000
min_value:1408644.0028361538
time:908.7473027706146
460000
min_value:1408644.0028361538
time:928.6651966571808
470000
min_value:1408644.0028361538
time:948.6795992851257
480000
min_value:1408644.0028361538
time:968.5503172874451
490000
min_value:1408644.0028361538
time:988.4969761371613
500000
min_value:1408644.0028361538
time:1008.3809497356415
510000
min_value:1408644.0028361538
time:1028.3918976783752
520000
min_value:1408644.0028361538
time:1048.3185410499573
530000
min_value:1408644.0028361538
time:1068.3270173072815
540000
min_value:1408644.0028361538
time:1088.2196114063263
550000
min_value:1408644.0028361538
time:1108.2042336463928
560000
min_value:1408644.0028361538
time:1128.128669500351
570000
min_value:1408644.0028361538
time:1148.0224709510803
580000
min_value:1408644.0028361538
time:1167.978270292282
590000
min_value:1408644.0028361538
time:1187.913785457611
600000
min_value:1408644.0028361538
time:1207.8946461677551
610000
min_value:1408644.0028361538
time:1227.816252231598
620000
min_value:1408644.0028361538
time:1247.7866322994232
630000
min_value:1408644.0028361538
time:1267.734323978424
640000
min_value:1408644.0028361538
time:1287.7038879394531
650000
min_value:1408644.0028361538
time:1307.5864233970642
660000
min_value:1408644.0028361538
time:1327.5200731754303
670000
min_value:1408644.0028361538
time:1347.4434118270874
680000
min_value:1408644.0028361538
time:1367.422366142273
690000
min_value:1408644.0028361538
time:1387.3698790073395
700000
min_value:1408644.0028361538
time:1407.3447244167328
710000
min_value:1408644.0028361538
time:1427.2700126171112
720000
min_value:1408644.0028361538
time:1447.2362048625946
730000
min_value:1408644.0028361538
time:1467.1315426826477
740000
min_value:1408644.0028361538
time:1486.978087425232
750000
min_value:1408644.0028361538
time:1506.8776304721832
760000
min_value:1408644.0028361538
time:1526.7752056121826
770000
min_value:1408644.0028361538
time:1546.6840600967407
780000
min_value:1408644.0028361538
time:1566.6402502059937
790000
min_value:1408644.0028361538
time:1586.6312510967255
800000
min_value:1408644.0028361538
time:1606.5805487632751
810000
min_value:1408644.0028361538
time:1626.51505112648
820000
min_value:1408644.0028361538
time:1646.400188446045
830000
min_value:1408644.0028361538
time:1666.381136894226
840000
min_value:1408644.0028361538
time:1686.3820338249207
850000
min_value:1408644.0028361538
time:1706.2567059993744
860000
min_value:1408644.0028361538
time:1726.1535563468933
870000
min_value:1408644.0028361538
time:1746.0899322032928
880000
min_value:1408644.0028361538
time:1765.9874877929688
890000
min_value:1408644.0028361538
time:1785.9964046478271
900000
min_value:1408644.0028361538
time:1805.8535380363464
910000
min_value:1408644.0028361538
time:1825.8143429756165
920000
min_value:1408644.0028361538
time:1845.713782787323
930000
min_value:1408644.0028361538
time:1865.705097436905
940000
min_value:1408644.0028361538
time:1885.6506447792053
950000
min_value:1408644.0028361538
time:1905.6571929454803
960000
min_value:1408644.0028361538
time:1925.5937535762787
970000
min_value:1408644.0028361538
time:1945.6100687980652
980000
min_value:1408644.0028361538
time:1965.5496001243591
990000
min_value:1408644.0028361538
time:1985.55614900589
1000000
min_value:1408644.0028361538
time:2005.483027935028
1010000
min_value:1408644.0028361538
time:2025.4580974578857
1020000
min_value:1408644.0028361538
time:2045.3744366168976
1030000
min_value:1408644.0028361538
time:2065.343487739563
1040000
min_value:1408644.0028361538
time:2085.1403822898865
1050000
min_value:1408644.0028361538
time:2105.1142008304596
1060000
min_value:1408644.0028361538
time:2125.077793121338
1070000
min_value:1408644.0028361538
time:2145.0722551345825
1080000
min_value:1408644.0028361538
time:2165.0086624622345
1090000
min_value:1408644.0028361538
time:2184.978901863098
1100000
min_value:1408644.0028361538
time:2204.903003692627
1110000
min_value:1408644.0028361538
time:2224.862996339798
1120000
min_value:1408644.0028361538
time:2244.8193237781525
1130000
min_value:1408644.0028361538
time:2264.782213449478
1140000
min_value:1408644.0028361538
time:2284.677269935608
1150000
min_value:1408644.0028361538
time:2304.6590054035187
1160000
min_value:1408644.0028361538
time:2324.6509709358215
1170000
min_value:1408644.0028361538
time:2344.572261095047
1180000
min_value:1408644.0028361538
time:2364.4851393699646
1190000
min_value:1408644.0028361538
time:2384.4459550380707
1200000
min_value:1408644.0028361538
time:2404.3831951618195
1210000
min_value:1408644.0028361538
time:2424.2856545448303
1220000
min_value:1408644.0028361538
time:2444.2484686374664
1230000
min_value:1408644.0028361538
time:2464.150365114212
1240000
min_value:1408644.0028361538
time:2484.1075654029846
1250000
min_value:1408644.0028361538
time:2503.972279071808
1260000
min_value:1408644.0028361538
time:2523.9623787403107
1270000
min_value:1408644.0028361538
time:2543.862761259079
1280000
min_value:1408644.0028361538
time:2563.8972277641296
1290000
min_value:1408644.0028361538
time:2583.811816215515
1300000
min_value:1408644.0028361538
time:2603.8362708091736
1310000
min_value:1408644.0028361538
time:2623.7571954727173
1320000
min_value:1408644.0028361538
time:2643.715089082718
1330000
min_value:1408644.0028361538
time:2663.5323078632355
1340000
min_value:1408644.0028361538
time:2683.545660495758
1350000
min_value:1408644.0028361538
time:2703.469841480255
1360000
min_value:1408644.0028361538
time:2723.4910764694214
1370000
min_value:1408644.0028361538
time:2743.3664672374725
1380000
min_value:1408644.0028361538
time:2763.355957508087
1390000
min_value:1408644.0028361538
time:2783.2248990535736
1400000
min_value:1408644.0028361538
time:2803.2005338668823
1410000
min_value:1408644.0028361538
time:2823.0929210186005
1420000
min_value:1408644.0028361538
time:2843.082487821579
1430000
min_value:1408644.0028361538
time:2862.9997956752777
1440000
min_value:1408644.0028361538
time:2883.016788959503
1450000
min_value:1408644.0028361538
time:2902.910222530365
1460000
min_value:1408644.0028361538
time:2922.8499093055725
1470000
min_value:1408644.0028361538
time:2942.70081782341
1480000
min_value:1408644.0028361538
time:2962.648959159851
1490000
min_value:1408644.0028361538
time:2982.5501000881195
1500000
min_value:1408644.0028361538
time:3002.444358110428
1510000
min_value:1408644.0028361538
time:3022.6503863334656
1520000
min_value:1408644.0028361538
time:3042.6515572071075
1530000
min_value:1408644.0028361538
time:3062.7230405807495
1540000
min_value:1408644.0028361538
time:3082.948796749115
1550000
min_value:1408644.0028361538
time:3103.2155725955963
1560000
min_value:1408644.0028361538
time:3123.4462649822235
1570000
min_value:1408644.0028361538
time:3143.6863157749176
1580000
min_value:1408644.0028361538
time:3163.9024379253387
1590000
min_value:1408644.0028361538
time:3184.151401758194
1600000
min_value:1408644.0028361538
time:3204.3931436538696
1610000
min_value:1408644.0028361538
time:3224.6700739860535
1620000
min_value:1408644.0028361538
time:3244.9067845344543
1630000
min_value:1408644.0028361538
time:3265.1583824157715
1640000
min_value:1408644.0028361538
time:3285.3825063705444
1650000
min_value:1408644.0028361538
time:3305.6227338314056
1660000
min_value:1408644.0028361538
time:3325.8501579761505
1670000
min_value:1408644.0028361538
time:3346.1078073978424
1680000
min_value:1408644.0028361538
time:3366.3519151210785
1690000
min_value:1408644.0028361538
time:3386.6077032089233
1700000
min_value:1408644.0028361538
time:3406.851809978485
1710000
min_value:1408644.0028361538
time:3427.13232922554
1720000
min_value:1408644.0028361538
time:3447.3590893745422
1730000
min_value:1408644.0028361538
time:3467.528371810913
1740000
min_value:1408644.0028361538
time:3487.324469089508
1750000
min_value:1408644.0028361538
time:3507.1753742694855
1760000
min_value:1408644.0028361538
time:3526.8624947071075
1770000
min_value:1408644.0028361538
time:3546.678878068924
1780000
min_value:1408644.0028361538
time:3566.4736580848694
1790000
min_value:1408644.0028361538
time:3586.281547307968
1800000
min_value:1408644.0028361538
time:3606.01944565773
1810000
min_value:1408644.0028361538
time:3625.7962861061096
1820000
min_value:1408644.0028361538
time:3645.625144004822
1830000
min_value:1408644.0028361538
time:3665.3942844867706
1840000
min_value:1408644.0028361538
time:3685.1683785915375
1850000
min_value:1408644.0028361538
time:3704.9241876602173
1860000
min_value:1408644.0028361538
time:3724.729156970978
1870000
min_value:1408644.0028361538
time:3744.333183288574
1880000
min_value:1408644.0028361538
time:3764.0620822906494
1890000
min_value:1408644.0028361538
time:3783.7265934944153
1900000
min_value:1408644.0028361538
time:3803.5258095264435
1910000
min_value:1408644.0028361538
time:3823.3042693138123
1920000
min_value:1408644.0028361538
time:3843.095173597336
1930000
min_value:1408644.0028361538
time:3862.797104358673
1940000
min_value:1408644.0028361538
time:3882.536259651184
1950000
min_value:1408644.0028361538
time:3902.30380320549
1960000
min_value:1408644.0028361538
time:3922.1683938503265
1970000
min_value:1408644.0028361538
time:3941.9040291309357
1980000
min_value:1408644.0028361538
time:3961.7178728580475
1990000
min_value:1408644.0028361538
time:3981.4820461273193
2000000
min_value:1408644.0028361538
time:4001.280156850815
2010000
min_value:1408644.0028361538
time:4021.102283477783
2020000
min_value:1408644.0028361538
time:4040.9378192424774
2030000
min_value:1408644.0028361538
time:4060.7186558246613
2040000
min_value:1408644.0028361538
time:4080.550092458725
2050000
min_value:1408644.0028361538
time:4100.355724096298
2060000
min_value:1408644.0028361538
time:4120.207412481308
2070000
min_value:1408644.0028361538
time:4139.989012956619
2080000
min_value:1408644.0028361538
time:4159.836787223816
2090000
min_value:1408644.0028361538
time:4179.599893808365
2100000
min_value:1408644.0028361538
time:4199.386214256287
2110000
min_value:1408644.0028361538
time:4219.186679124832
2120000
min_value:1408644.0028361538
time:4238.977114915848
2130000
min_value:1408644.0028361538
time:4258.81125164032
2140000
min_value:1408644.0028361538
time:4278.576910018921
2150000
min_value:1408644.0028361538
time:4298.440313100815
2160000
min_value:1408644.0028361538
time:4318.218844652176
2170000
min_value:1408644.0028361538
time:4338.033468008041
2180000
min_value:1408644.0028361538
time:4357.8236882686615
2190000
min_value:1408644.0028361538
time:4377.63985657692
2200000
min_value:1408644.0028361538
time:4397.428900003433
2210000
min_value:1408644.0028361538
time:4417.249695062637
2220000
min_value:1408644.0028361538
time:4436.92205452919
2230000
min_value:1408644.0028361538
time:4456.76417183876
2240000
min_value:1408644.0028361538
time:4476.588459253311
2250000
min_value:1408644.0028361538
time:4496.448576927185
2260000
min_value:1408644.0028361538
time:4516.254152536392
2270000
min_value:1408644.0028361538
time:4536.095254898071
2280000
min_value:1408644.0028361538
time:4555.828462123871
2290000
min_value:1408644.0028361538
time:4575.659549713135
2300000
min_value:1408644.0028361538
time:4595.440758705139
2310000
min_value:1408644.0028361538
time:4615.260421991348
2320000
min_value:1408644.0028361538
time:4634.997264385223
2330000
min_value:1408644.0028361538
time:4654.832841157913
2340000
min_value:1408644.0028361538
time:4674.560250043869
2350000
min_value:1408644.0028361538
time:4694.38512301445
2360000
min_value:1408644.0028361538
time:4714.108788013458
2370000
min_value:1408644.0028361538
time:4733.93955206871
2380000
min_value:1408644.0028361538
time:4753.708525419235
2390000
min_value:1408644.0028361538
time:4773.535673856735
2400000
min_value:1408644.0028361538
time:4793.304324626923
2410000
min_value:1408644.0028361538
time:4813.095295190811
2420000
min_value:1408644.0028361538
time:4832.89247751236
2430000
min_value:1408644.0028361538
time:4852.618828058243
2440000
min_value:1408644.0028361538
time:4872.393116474152
2450000
min_value:1408644.0028361538
time:4892.129240274429
2460000
min_value:1408644.0028361538
time:4911.958420276642
2470000
min_value:1408644.0028361538
time:4931.731138944626
2480000
min_value:1408644.0028361538
time:4951.573650360107
2490000
min_value:1408644.0028361538
time:4971.345955610275
2500000
min_value:1408644.0028361538
time:4991.10373711586
2510000
min_value:1408644.0028361538
time:5010.770500659943
2520000
min_value:1408644.0028361538
time:5030.572158336639
2530000
min_value:1408644.0028361538
time:5050.382736206055
2540000
min_value:1408644.0028361538
time:5070.1925530433655
2550000
min_value:1408644.0028361538
time:5089.973213434219
2560000
min_value:1408644.0028361538
time:5109.797037601471
2570000
min_value:1408644.0028361538
time:5129.565497875214
2580000
min_value:1408644.0028361538
time:5149.374801158905
2590000
min_value:1408644.0028361538
time:5169.191304922104
2600000
min_value:1408644.0028361538
time:5189.03559088707
2610000
min_value:1408644.0028361538
time:5208.800142765045
2620000
min_value:1408644.0028361538
time:5228.644209384918
2630000
min_value:1408644.0028361538
time:5248.418066978455
2640000
min_value:1408644.0028361538
time:5268.235528945923
2650000
min_value:1408644.0028361538
time:5287.966003417969
2660000
min_value:1408644.0028361538
time:5307.786752462387
2670000
min_value:1408644.0028361538
time:5327.536486625671
2680000
min_value:1408644.0028361538
time:5347.349680662155
2690000
min_value:1408644.0028361538
time:5367.156532764435
2700000
min_value:1408644.0028361538
time:5386.99699139595
2710000
min_value:1408644.0028361538
time:5406.802851676941
2720000
min_value:1408644.0028361538
time:5426.419983625412
2730000
min_value:1408644.0028361538
time:5446.1303379535675
2740000
min_value:1408644.0028361538
time:5465.887724161148
2750000
min_value:1408644.0028361538
time:5485.755066156387
2760000
min_value:1408644.0028361538
time:5505.547692060471
2770000
min_value:1408644.0028361538
time:5525.430218458176
2780000
min_value:1408644.0028361538
time:5545.232325553894
2790000
min_value:1408644.0028361538
time:5565.062443256378
2800000
min_value:1408644.0028361538
time:5584.862902402878
2810000
min_value:1408644.0028361538
time:5604.666283369064
2820000
min_value:1408644.0028361538
time:5624.426244974136
2830000
min_value:1408644.0028361538
time:5644.180500507355
2840000
min_value:1408644.0028361538
time:5663.96112036705
2850000
min_value:1408644.0028361538
time:5683.7782192230225
2860000
min_value:1408644.0028361538
time:5703.533837556839
2870000
min_value:1408644.0028361538
time:5723.329242229462
2880000
min_value:1408644.0028361538
time:5743.095102548599
2890000
min_value:1408644.0028361538
time:5762.899794101715
2900000
min_value:1408644.0028361538
time:5782.682445526123
2910000
min_value:1408644.0028361538
time:5802.512307405472
2920000
min_value:1408644.0028361538
time:5822.260579109192
2930000
min_value:1408644.0028361538
time:5842.120268583298
2940000
min_value:1408644.0028361538
time:5861.921173095703
2950000
min_value:1408644.0028361538
time:5881.738769054413
2960000
min_value:1408644.0028361538
time:5901.533574342728
2970000
min_value:1408644.0028361538
time:5921.340354681015
2980000
min_value:1408644.0028361538
time:5941.1206822395325
2990000
min_value:1408644.0028361538
time:5960.902914762497
3000000
min_value:1408644.0028361538
time:5980.640399456024
3010000
min_value:1408644.0028361538
time:6000.7217233181
3020000
min_value:1408644.0028361538
time:6020.683515548706
3030000
min_value:1408644.0028361538
time:6040.542434930801
3040000
min_value:1408644.0028361538
time:6060.733866453171
3050000
min_value:1408644.0028361538
time:6080.904851675034
3060000
min_value:1408644.0028361538
time:6101.154939651489
3070000
min_value:1408644.0028361538
time:6121.322818517685
3080000
min_value:1408644.0028361538
time:6141.561964035034
3090000
min_value:1408644.0028361538
time:6161.7285261154175
3100000
min_value:1408644.0028361538
time:6181.959619998932
3110000
min_value:1408644.0028361538
time:6202.129052639008
3120000
min_value:1408644.0028361538
time:6222.368988275528
3130000
min_value:1408644.0028361538
time:6242.54580116272
3140000
min_value:1408644.0028361538
time:6262.752331972122
3150000
min_value:1408644.0028361538
time:6282.9296860694885
3160000
min_value:1408644.0028361538
time:6303.187383413315
3170000
min_value:1408644.0028361538
time:6323.631748914719
3180000
min_value:1408644.0028361538
time:6344.252535581589
3190000
min_value:1408644.0028361538
time:6364.521573781967
3200000
min_value:1408644.0028361538
time:6384.897013664246
3210000
min_value:1408644.0028361538
time:6405.255268096924
3220000
min_value:1408644.0028361538
time:6425.521433591843
3230000
min_value:1408644.0028361538
time:6445.66068983078
3240000
min_value:1408644.0028361538
time:6465.291996240616
3250000
min_value:1408644.0028361538
time:6484.784074783325
3260000
min_value:1408644.0028361538
time:6504.487139940262
3270000
min_value:1408644.0028361538
time:6524.222343683243
3280000
min_value:1408644.0028361538
time:6543.961978197098
3290000
min_value:1408644.0028361538
time:6563.682380914688
3300000
min_value:1408644.0028361538
time:6583.309977769852
3310000
min_value:1408644.0028361538
time:6603.019100189209
3320000
min_value:1408644.0028361538
time:6622.664613485336
3330000
min_value:1408644.0028361538
time:6642.3562524318695
3340000
min_value:1408644.0028361538
time:6662.024040222168
3350000
min_value:1408644.0028361538
time:6681.745027065277
3360000
min_value:1408644.0028361538
time:6701.326539754868
3370000
min_value:1408644.0028361538
time:6721.056077241898
3380000
min_value:1408644.0028361538
time:6740.707782506943
3390000
min_value:1408644.0028361538
time:6760.393729686737
3400000
min_value:1408644.0028361538
time:6780.024023294449
3410000
min_value:1408644.0028361538
time:6799.624389886856
3420000
min_value:1408644.0028361538
time:6818.900911569595
3430000
min_value:1408644.0028361538
time:6838.227888584137
3440000
min_value:1408644.0028361538
time:6857.482731819153
3450000
min_value:1408644.0028361538
time:6876.731133699417
3460000
min_value:1408644.0028361538
time:6896.029533863068
3470000
min_value:1408644.0028361538
time:6915.310358047485
3480000
min_value:1408644.0028361538
time:6934.646035432816
3490000
min_value:1408644.0028361538
time:6953.985736608505
3500000
min_value:1408644.0028361538
time:6973.333894252777
3510000
min_value:1408644.0028361538
time:6992.646516799927
3520000
min_value:1408644.0028361538
time:7011.957250118256
3530000
min_value:1408644.0028361538
time:7031.28443813324
3540000
min_value:1408644.0028361538
time:7050.5644109249115
3550000
min_value:1408644.0028361538
time:7069.90357375145
3560000
min_value:1408644.0028361538
time:7089.19180727005
3570000
min_value:1408644.0028361538
time:7108.515259742737
3580000
min_value:1408644.0028361538
time:7127.830415725708
3590000
min_value:1408644.0028361538
time:7147.152459383011
3600000
min_value:1408644.0028361538
time:7166.46200799942
3610000
min_value:1408644.0028361538
time:7185.777526378632
3620000
min_value:1408644.0028361538
time:7205.12263417244
3630000
min_value:1408644.0028361538
time:7224.525175333023
3640000
min_value:1408644.0028361538
time:7243.933785200119
3650000
min_value:1408644.0028361538
time:7263.228858470917
3660000
min_value:1408644.0028361538
time:7282.5314791202545
3670000
min_value:1408644.0028361538
time:7301.854423284531
3680000
min_value:1408644.0028361538
time:7321.233859777451
3690000
min_value:1408644.0028361538
time:7340.58299779892
3700000
min_value:1408644.0028361538
time:7359.851215362549
3710000
min_value:1408644.0028361538
time:7379.20038151741
3720000
min_value:1408644.0028361538
time:7398.546809911728
3730000
min_value:1408644.0028361538
time:7417.881500959396
3740000
min_value:1408644.0028361538
time:7437.204263687134
3750000
min_value:1408644.0028361538
time:7456.598220348358
3760000
min_value:1408644.0028361538
time:7476.033707857132
3770000
min_value:1408644.0028361538
time:7495.36409330368
3780000
min_value:1408644.0028361538
time:7514.706325531006
3790000
min_value:1408644.0028361538
time:7534.052752256393
3800000
min_value:1408644.0028361538
time:7553.441725730896
3810000
min_value:1408644.0028361538
time:7572.761905431747
3820000
min_value:1408644.0028361538
time:7592.070383548737
3830000
min_value:1408644.0028361538
time:7611.339968681335
3840000
min_value:1408644.0028361538
time:7630.656685352325
3850000
min_value:1408644.0028361538
time:7649.905885457993
3860000
min_value:1408644.0028361538
time:7669.215869188309
3870000
min_value:1408644.0028361538
time:7688.409691095352
3880000
min_value:1408644.0028361538
time:7707.702123641968
3890000
min_value:1408644.0028361538
time:7727.049610614777
3900000
min_value:1408644.0028361538
time:7746.41777920723
3910000
min_value:1408644.0028361538
time:7765.742268323898
3920000
min_value:1408644.0028361538
time:7785.080632448196
3930000
min_value:1408644.0028361538
time:7804.285446166992
3940000
min_value:1408644.0028361538
time:7823.446442604065
3950000
min_value:1408644.0028361538
time:7842.7523312568665
3960000
min_value:1408644.0028361538
time:7862.0296993255615
3970000
min_value:1408644.0028361538
time:7881.359137058258
3980000
min_value:1408644.0028361538
time:7900.689523696899
3990000
min_value:1408644.0028361538
time:7920.049078941345
4000000
min_value:1408644.0028361538
time:7939.387107133865
4010000
min_value:1408644.0028361538
time:7958.713063716888
4020000
min_value:1408644.0028361538
time:7978.03586602211
4030000
min_value:1408644.0028361538
time:7997.355978488922
4040000
min_value:1408644.0028361538
time:8016.69012928009
4050000
min_value:1408644.0028361538
time:8036.06233048439
4060000
min_value:1408644.0028361538
time:8055.411988258362
4070000
min_value:1408644.0028361538
time:8074.724058389664
4080000
min_value:1408644.0028361538
time:8094.010585069656
4090000
min_value:1408644.0028361538
time:8113.302065372467
4100000
min_value:1408644.0028361538
time:8132.651839256287
4110000
min_value:1408644.0028361538
time:8152.012365579605
4120000
min_value:1408644.0028361538
time:8171.317419528961
4130000
min_value:1408644.0028361538
time:8190.607586622238
4140000
min_value:1408644.0028361538
time:8209.895052194595
4150000
min_value:1408644.0028361538
time:8229.072042226791
4160000
min_value:1408644.0028361538
time:8248.269387960434
4170000
min_value:1408644.0028361538
time:8267.458320140839
4180000
min_value:1408644.0028361538
time:8286.737686395645
4190000
min_value:1408644.0028361538
time:8306.05275297165
4200000
min_value:1408644.0028361538
time:8325.292402744293
4210000
min_value:1408644.0028361538
time:8344.647791147232
4220000
min_value:1408644.0028361538
time:8363.88556933403
4230000
min_value:1408644.0028361538
time:8383.181785821915
4240000
min_value:1408644.0028361538
time:8402.551815032959
4250000
min_value:1408644.0028361538
time:8421.780517816544
4260000
min_value:1408644.0028361538
time:8441.078660964966
4270000
min_value:1408644.0028361538
time:8460.362862586975
4280000
min_value:1408644.0028361538
time:8479.620956659317
4290000
min_value:1408644.0028361538
time:8498.962031841278
4300000
min_value:1408644.0028361538
time:8518.272035360336
4310000
min_value:1408644.0028361538
time:8537.572883605957
4320000
min_value:1408644.0028361538
time:8556.892147064209
4330000
min_value:1408644.0028361538
time:8576.252941846848
4340000
min_value:1408644.0028361538
time:8595.559247016907
4350000
min_value:1408644.0028361538
time:8614.91436290741
4360000
min_value:1408644.0028361538
time:8634.229086399078
4370000
min_value:1408644.0028361538
time:8653.55155324936
4380000
min_value:1408644.0028361538
time:8672.812896251678
4390000
min_value:1408644.0028361538
time:8692.073856115341
4400000
min_value:1408644.0028361538
time:8711.371842384338
4410000
min_value:1408644.0028361538
time:8730.7490940094
4420000
min_value:1408644.0028361538
time:8750.074600458145
4430000
min_value:1408644.0028361538
time:8769.372941732407
4440000
min_value:1408644.0028361538
time:8788.525318861008
4450000
min_value:1408644.0028361538
time:8807.712018013
4460000
min_value:1408644.0028361538
time:8826.940542459488
4470000
min_value:1408644.0028361538
time:8846.199427843094
4480000
min_value:1408644.0028361538
time:8865.48874759674
4490000
min_value:1408644.0028361538
time:8884.79819893837
4500000
min_value:1408644.0028361538
time:8904.084236621857
4510000
min_value:1408644.0028361538
time:8923.33773636818
4520000
min_value:1408644.0028361538
time:8942.675320148468
4530000
min_value:1408644.0028361538
time:8961.998947381973
4540000
min_value:1408644.0028361538
time:8981.34867811203
4550000
min_value:1408644.0028361538
time:9000.542137384415
4560000
min_value:1408644.0028361538
time:9020.269290447235
4570000
min_value:1408644.0028361538
time:9039.7572991848
4580000
min_value:1408644.0028361538
time:9059.33324098587
4590000
min_value:1408644.0028361538
time:9079.204335212708
4600000
min_value:1408644.0028361538
time:9099.20088505745
4610000
min_value:1408644.0028361538
time:9119.185831546783
4620000
min_value:1408644.0028361538
time:9139.171648025513
4630000
min_value:1408644.0028361538
time:9159.135227680206
4640000
min_value:1408644.0028361538
time:9179.132384300232
4650000
min_value:1408644.0028361538
time:9199.104260921478
4660000
min_value:1408644.0028361538
time:9219.066242933273
4670000
min_value:1408644.0028361538
time:9239.028910398483
4680000
min_value:1408644.0028361538
time:9258.991320371628
4690000
min_value:1408644.0028361538
time:9278.997142076492
4700000
min_value:1408644.0028361538
time:9298.994549274445
4710000
min_value:1408644.0028361538
time:9318.987640857697
4720000
min_value:1408644.0028361538
time:9338.960275173187
4730000
min_value:1408644.0028361538
time:9358.88774394989
4740000
min_value:1408644.0028361538
time:9378.862980127335
4750000
min_value:1408644.0028361538
time:9398.840067148209
4760000
min_value:1408644.0028361538
time:9418.775688171387
4770000
min_value:1408644.0028361538
time:9438.67229127884
4780000
min_value:1408644.0028361538
time:9458.607596874237
4790000
min_value:1408644.0028361538
time:9477.995754241943
4800000
min_value:1408644.0028361538
time:9497.263499259949
4810000
min_value:1408644.0028361538
time:9516.542636156082
4820000
min_value:1408644.0028361538
time:9535.799928188324
4830000
min_value:1408644.0028361538
time:9555.072635650635
4840000
min_value:1408644.0028361538
time:9574.380299329758
4850000
min_value:1408644.0028361538
time:9593.68943452835
4860000
min_value:1408644.0028361538
time:9613.005628585815
4870000
min_value:1408644.0028361538
time:9632.25602388382
4880000
min_value:1408644.0028361538
time:9651.582066774368
4890000
min_value:1408644.0028361538
time:9670.89694571495
4900000
min_value:1408644.0028361538
time:9690.224900007248
4910000
min_value:1408644.0028361538
time:9709.558511018753
4920000
min_value:1408644.0028361538
time:9728.886152029037
4930000
min_value:1408644.0028361538
time:9748.184334516525
4940000
min_value:1408644.0028361538
time:9767.481256961823
4950000
min_value:1408644.0028361538
time:9786.77718782425
4960000
min_value:1408644.0028361538
time:9806.045021772385
4970000
min_value:1408644.0028361538
time:9825.402730226517
4980000
min_value:1408644.0028361538
time:9844.676379919052
4990000
min_value:1408644.0028361538
time:9863.956729412079
5000000
min_value:1408644.0028361538
time:9883.287653207779
5000000
fvalues:1408644.0028361538
time_values:9883.287653207779
