./results/subspace-norm/dim:1000000_ord:1_subspace:100_fused:False/RGF/lr:0.1_sample_size:10_mu:1e-08_step_schedule:decreasing-half
10000
min_value:0.4365246147063361
time:34.19444274902344
20000
min_value:0.3163275626938718
time:68.35764145851135
30000
min_value:0.25400965622065935
time:102.69725751876831
40000
min_value:0.22723713695465297
time:137.0038619041443
50000
min_value:0.19783426456170944
time:171.0918219089508
60000
min_value:0.1763327293885149
time:205.0846529006958
70000
min_value:0.16649755195971752
time:239.059184551239
80000
min_value:0.15045393157913012
time:273.21609592437744
90000
min_value:0.1461162785019536
time:307.37558031082153
100000
min_value:0.13205444238999753
time:341.4836733341217
110000
min_value:0.12816919939676216
time:375.8962604999542
120000
min_value:0.12617451672630656
time:410.3069999217987
130000
min_value:0.1180695632873485
time:445.00915694236755
140000
min_value:0.10954375664660586
time:479.4151611328125
150000
min_value:0.10954375664660586
time:513.6360054016113
160000
min_value:0.10177419973176921
time:547.9879908561707
170000
min_value:0.10177419973176921
time:582.6872084140778
180000
min_value:0.10058328783840313
time:617.2814517021179
190000
min_value:0.09522579657527372
time:651.7750475406647
200000
min_value:0.09522579657527372
time:686.3219254016876
210000
min_value:0.09476705853665446
time:720.7994377613068
220000
min_value:0.0805632856599904
time:755.1822218894958
230000
min_value:0.0805632856599904
time:789.7228019237518
240000
min_value:0.0805632856599904
time:824.1066789627075
250000
min_value:0.0805632856599904
time:858.3490083217621
260000
min_value:0.08044104278721567
time:892.9431352615356
270000
min_value:0.07749622002869481
time:927.5168409347534
280000
min_value:0.07749622002869481
time:962.0415408611298
290000
min_value:0.07749622002869481
time:996.275675535202
300000
min_value:0.07735283709907918
time:1031.0251262187958
310000
min_value:0.07410717282012719
time:1065.5290484428406
320000
min_value:0.07100439186345625
time:1099.8541219234467
330000
min_value:0.07100439186345625
time:1134.42205119133
340000
min_value:0.07100439186345625
time:1168.9186990261078
350000
min_value:0.06952578861368319
time:1203.4978339672089
360000
min_value:0.0674586060820142
time:1237.9981825351715
370000
min_value:0.06643995991442106
time:1272.0999002456665
380000
min_value:0.06643995991442106
time:1306.2361731529236
390000
min_value:0.06643995991442106
time:1340.3827559947968
400000
min_value:0.06643995991442106
time:1374.4745905399323
410000
min_value:0.06643995991442106
time:1408.6533272266388
420000
min_value:0.06643995991442106
time:1442.6710789203644
430000
min_value:0.06543620338593295
time:1476.6146879196167
440000
min_value:0.06363161940955514
time:1510.6594650745392
450000
min_value:0.06289356093901682
time:1544.6108329296112
460000
min_value:0.061433473286964836
time:1578.521919965744
470000
min_value:0.061433473286964836
time:1612.4698345661163
480000
min_value:0.06042075988508967
time:1646.3734645843506
490000
min_value:0.06042075988508967
time:1681.072669506073
500000
min_value:0.06042075988508967
time:1715.3663334846497
510000
min_value:0.06005945696850292
time:1749.779437303543
520000
min_value:0.05858407543004164
time:1784.1759645938873
530000
min_value:0.054385480209073724
time:1818.5326080322266
540000
min_value:0.054385480209073724
time:1852.8419079780579
550000
min_value:0.054385480209073724
time:1887.199326992035
560000
min_value:0.054385480209073724
time:1921.638011932373
570000
min_value:0.054385480209073724
time:1956.171865940094
580000
min_value:0.054385480209073724
time:1990.680247783661
590000
min_value:0.054385480209073724
time:2025.096072435379
600000
min_value:0.052802817460404966
time:2059.4295525550842
610000
min_value:0.052802817460404966
time:2093.8404738903046
620000
min_value:0.052802817460404966
time:2128.294634103775
630000
min_value:0.051797015137927095
time:2162.656336784363
640000
min_value:0.050399127654823066
time:2197.0793118476868
650000
min_value:0.04977067261357009
time:2231.466356277466
660000
min_value:0.04977067261357009
time:2265.7882721424103
670000
min_value:0.04959987152288275
time:2300.2649652957916
680000
min_value:0.04935147467172887
time:2334.98139834404
690000
min_value:0.04935147467172887
time:2369.770692586899
700000
min_value:0.04935147467172887
time:2404.4473226070404
710000
min_value:0.04935147467172887
time:2438.7972853183746
720000
min_value:0.04935147467172887
time:2473.1946592330933
730000
min_value:0.049240900319127145
time:2507.4986131191254
740000
min_value:0.049240900319127145
time:2542.0883600711823
750000
min_value:0.04788290883296663
time:2576.7043676376343
760000
min_value:0.04723187834788324
time:2610.9861397743225
770000
min_value:0.04723187834788324
time:2645.1718101501465
780000
min_value:0.04723187834788324
time:2679.234283685684
790000
min_value:0.04723187834788324
time:2713.261905193329
800000
min_value:0.04474312374281723
time:2747.4068081378937
810000
min_value:0.04474312374281723
time:2782.0732967853546
820000
min_value:0.04474312374281723
time:2816.653842687607
830000
min_value:0.04474312374281723
time:2851.149922132492
840000
min_value:0.04474312374281723
time:2885.142595052719
850000
min_value:0.04474312374281723
time:2919.0642375946045
860000
min_value:0.04474312374281723
time:2953.1150872707367
870000
min_value:0.04474312374281723
time:2987.0173048973083
880000
min_value:0.0438608368230731
time:3021.54297375679
890000
min_value:0.043360447395802026
time:3056.5339176654816
900000
min_value:0.043360447395802026
time:3091.4923775196075
910000
min_value:0.04324103034619524
time:3126.286906003952
920000
min_value:0.04324103034619524
time:3160.688627243042
930000
min_value:0.04324103034619524
time:3194.8101246356964
940000
min_value:0.04324103034619524
time:3228.9500987529755
950000
min_value:0.04020044622113505
time:3263.0520119667053
960000
min_value:0.04020044622113505
time:3297.1690697669983
970000
min_value:0.04020044622113505
time:3331.3268785476685
980000
min_value:0.04020044622113505
time:3365.544524908066
990000
min_value:0.04020044622113505
time:3399.754048347473
1000000
min_value:0.04020044622113505
time:3434.046823501587
1000000
fvalues:0.04020044622113505
time_values:3434.046823501587
