./results/subspace-norm/dim:1000000_ord:1_subspace:100_fused:False/proposed/lr:10000_reduced_dim:10_sample_size:20_mu:1e-05_step_schedule:constant
10000
min_value:58.015806039924655
time:121.65781474113464
20000
min_value:57.918937597577475
time:240.27733659744263
30000
min_value:57.225105168247815
time:358.74314737319946
40000
min_value:57.225105168247815
time:476.90616488456726
50000
min_value:57.225105168247815
time:595.2205264568329
60000
min_value:57.225105168247815
time:713.6329720020294
70000
min_value:57.225105168247815
time:831.5707910060883
80000
min_value:57.225105168247815
time:949.727365732193
90000
min_value:57.225105168247815
time:1067.6330740451813
100000
min_value:56.88480466546391
time:1185.7474656105042
110000
min_value:56.88480466546391
time:1303.7503407001495
120000
min_value:56.88480466546391
time:1421.7870571613312
130000
min_value:56.88480466546391
time:1539.668926000595
140000
min_value:56.88480466546391
time:1657.5301351547241
150000
min_value:56.88480466546391
time:1775.4973320960999
160000
min_value:56.88480466546391
time:1893.4100387096405
170000
min_value:55.20947849928866
time:2011.2924797534943
180000
min_value:55.20947849928866
time:2129.130979537964
190000
min_value:55.20947849928866
time:2247.1854043006897
200000
min_value:55.20947849928866
time:2365.0895669460297
210000
min_value:55.20947849928866
time:2483.208104610443
220000
min_value:55.20947849928866
time:2601.1405377388
230000
min_value:55.20947849928866
time:2718.990007162094
240000
min_value:55.20947849928866
time:2836.917646884918
250000
min_value:55.20947849928866
time:2954.8703331947327
260000
min_value:55.20947849928866
time:3072.930724620819
270000
min_value:55.20947849928866
time:3191.114900112152
280000
min_value:55.20947849928866
time:3309.321257352829
290000
min_value:55.20947849928866
time:3427.81276845932
300000
min_value:55.20947849928866
time:3546.2015936374664
310000
min_value:55.20947849928866
time:3664.524425983429
320000
min_value:55.20947849928866
time:3782.8512358665466
330000
min_value:55.20947849928866
time:3901.2049267292023
340000
min_value:55.20947849928866
time:4019.819595336914
350000
min_value:55.20947849928866
time:4138.036152601242
360000
min_value:55.20947849928866
time:4255.821758747101
370000
min_value:55.20947849928866
time:4373.768321990967
380000
min_value:55.20947849928866
time:4491.788320064545
390000
min_value:55.20947849928866
time:4610.024177074432
400000
min_value:55.20947849928866
time:4728.278662443161
410000
min_value:55.20947849928866
time:4846.4793956279755
420000
min_value:55.20947849928866
time:4964.693376541138
430000
min_value:55.20947849928866
time:5082.697527170181
440000
min_value:55.20947849928866
time:5200.537435531616
450000
min_value:55.20947849928866
time:5318.338611364365
460000
min_value:55.20947849928866
time:5436.284275054932
470000
min_value:55.20947849928866
time:5554.178670406342
480000
min_value:55.20947849928866
time:5672.0368020534515
490000
min_value:55.20947849928866
time:5790.013196229935
500000
min_value:55.20947849928866
time:5908.048453330994
510000
min_value:55.20947849928866
time:6026.0507135391235
520000
min_value:55.20947849928866
time:6144.068343639374
530000
min_value:55.20947849928866
time:6262.0257267951965
540000
min_value:55.20947849928866
time:6379.776588916779
550000
min_value:55.20947849928866
time:6497.950409650803
560000
min_value:54.87673024170614
time:6616.014604330063
570000
min_value:54.87673024170614
time:6734.087114095688
580000
min_value:54.87673024170614
time:6851.991277933121
590000
min_value:54.87673024170614
time:6969.8562343120575
600000
min_value:54.87673024170614
time:7087.527071237564
610000
min_value:54.87673024170614
time:7205.203546762466
620000
min_value:54.87673024170614
time:7322.99206495285
630000
min_value:54.87673024170614
time:7440.785717964172
640000
min_value:54.87673024170614
time:7558.595437049866
650000
min_value:54.87673024170614
time:7676.440935611725
660000
min_value:54.87673024170614
time:7794.1314868927
670000
min_value:54.87673024170614
time:7912.192716121674
680000
min_value:54.87673024170614
time:8030.296195983887
690000
min_value:54.87673024170614
time:8148.106133937836
700000
min_value:54.87673024170614
time:8266.003910064697
710000
min_value:54.87673024170614
time:8383.880556821823
720000
min_value:54.87673024170614
time:8501.851103782654
730000
min_value:54.87673024170614
time:8619.658725500107
740000
min_value:54.87673024170614
time:8737.487165212631
750000
min_value:54.87673024170614
time:8855.401749134064
760000
min_value:54.87673024170614
time:8973.377111434937
770000
min_value:54.87673024170614
time:9091.161185026169
780000
min_value:54.87673024170614
time:9208.875371456146
790000
min_value:54.87673024170614
time:9326.725863695145
800000
min_value:54.87673024170614
time:9444.497506856918
810000
min_value:54.87673024170614
time:9562.296760082245
820000
min_value:54.87673024170614
time:9680.326514959335
830000
min_value:54.87673024170614
time:9798.351155281067
840000
min_value:54.87673024170614
time:9916.224337100983
850000
min_value:54.87673024170614
time:10034.09248304367
860000
min_value:54.87673024170614
time:10151.929588317871
870000
min_value:54.87673024170614
time:10269.769951343536
880000
min_value:54.87673024170614
time:10387.717682600021
890000
min_value:54.87673024170614
time:10505.53656244278
900000
min_value:54.87673024170614
time:10623.324458360672
910000
min_value:52.884269355191314
time:10741.105590343475
920000
min_value:52.884269355191314
time:10858.927248239517
930000
min_value:52.884269355191314
time:10976.598070144653
940000
min_value:52.884269355191314
time:11094.44914841652
950000
min_value:52.884269355191314
time:11212.328270673752
960000
min_value:52.884269355191314
time:11330.164682626724
970000
min_value:52.884269355191314
time:11448.11055970192
980000
min_value:52.884269355191314
time:11565.99110507965
990000
min_value:52.884269355191314
time:11683.746589660645
1000000
min_value:52.884269355191314
time:11801.53306221962
1000000
fvalues:52.884269355191314
time_values:11801.53306221962
./results/subspace-norm/dim:1000000_ord:1_subspace:100_fused:False/proposed/lr:10000_reduced_dim:10_sample_size:20_mu:1e-08_step_schedule:constant
10000
min_value:59.77621285286779
time:118.09453439712524
20000
min_value:59.209929088371425
time:236.07354354858398
30000
min_value:58.10522653335707
time:354.0257143974304
40000
min_value:58.03041766134045
time:472.3665883541107
50000
min_value:57.704912960558474
time:591.0867986679077
60000
min_value:57.704912960558474
time:708.9377744197845
70000
min_value:56.92282506822757
time:827.0295195579529
80000
min_value:56.92282506822757
time:945.1853137016296
90000
min_value:56.09144031975897
time:1063.1653151512146
100000
min_value:54.17393688481111
time:1181.6338448524475
110000
min_value:54.17393688481111
time:1299.515943288803
120000
min_value:54.17393688481111
time:1417.0468425750732
130000
min_value:54.17393688481111
time:1534.3134458065033
140000
min_value:54.17393688481111
time:1651.3845121860504
150000
min_value:54.17393688481111
time:1768.8245494365692
160000
min_value:54.17393688481111
time:1885.8055839538574
170000
min_value:54.17393688481111
time:2002.8980460166931
180000
min_value:54.17393688481111
time:2119.993640422821
190000
min_value:54.17393688481111
time:2237.486543893814
200000
min_value:54.17393688481111
time:2354.506272315979
210000
min_value:54.17393688481111
time:2471.3101897239685
220000
min_value:54.17393688481111
time:2587.0557470321655
230000
min_value:54.17393688481111
time:2703.073082447052
240000
min_value:54.17393688481111
time:2819.697055578232
250000
min_value:54.17393688481111
time:2935.479348897934
260000
min_value:54.17393688481111
time:3051.160304546356
270000
min_value:54.17393688481111
time:3167.0524141788483
280000
min_value:54.17393688481111
time:3283.0414633750916
290000
min_value:54.17393688481111
time:3399.668066740036
300000
min_value:54.17393688481111
time:3515.6236913204193
310000
min_value:54.17393688481111
time:3631.447226524353
320000
min_value:54.17393688481111
time:3747.420593738556
330000
min_value:54.17393688481111
time:3863.5908648967743
340000
min_value:54.17393688481111
time:3979.671724319458
350000
min_value:54.17393688481111
time:4095.642540216446
360000
min_value:54.17393688481111
time:4211.508906364441
370000
min_value:54.17393688481111
time:4327.329626321793
380000
min_value:54.17393688481111
time:4443.655615568161
390000
min_value:54.17393688481111
time:4559.543765544891
400000
min_value:54.17393688481111
time:4675.548097848892
410000
min_value:54.17393688481111
time:4791.485189199448
420000
min_value:54.17393688481111
time:4907.412787914276
430000
min_value:54.17393688481111
time:5024.066962480545
440000
min_value:54.17393688481111
time:5140.017404794693
450000
min_value:54.17393688481111
time:5255.952715396881
460000
min_value:54.17393688481111
time:5372.210066080093
470000
min_value:54.17393688481111
time:5488.396904468536
480000
min_value:54.17393688481111
time:5604.915307760239
490000
min_value:54.17393688481111
time:5720.839964389801
