./results/regularized test local/dim:1000000_ord:1_coef:1_fused:False/RGF/lr:1e-10_sample_size:1_mu:1e-08_step_schedule:decreasing
10000
min_value:0.9991881972931108
time:11.171298265457153
20000
min_value:0.9991195132983375
time:18.100847244262695
30000
min_value:0.9990785024264763
time:25.008644819259644
40000
min_value:0.9990494874167696
time:31.868274211883545
50000
min_value:0.9990275435405741
time:38.768229484558105
60000
min_value:0.999009628539361
time:45.64143228530884
70000
min_value:0.9989943463620454
time:52.515384912490845
80000
min_value:0.9989811828635076
time:59.38584589958191
90000
min_value:0.9989695390173878
time:66.31962180137634
100000
min_value:0.9989588862545392
time:73.12077379226685
110000
min_value:0.9989492663823172
time:79.98225164413452
120000
min_value:0.9989407829101649
time:86.8055214881897
130000
min_value:0.998932754752087
time:93.64405584335327
140000
min_value:0.998925337963338
time:100.51393723487854
150000
min_value:0.9989184712398808
time:107.40118050575256
160000
min_value:0.9989121160980667
time:114.27555799484253
170000
min_value:0.9989061096602558
time:121.14900183677673
180000
min_value:0.998900396814141
time:128.00194692611694
190000
min_value:0.9988949882895662
time:134.86334013938904
200000
min_value:0.9988900220241693
time:141.73678922653198
210000
min_value:0.9988851464360149
time:148.59946417808533
220000
min_value:0.9988805537003478
time:155.46811890602112
230000
min_value:0.998876118575412
time:162.3638858795166
240000
min_value:0.9988718818638256
time:169.26594638824463
250000
min_value:0.9988677114734115
time:176.13801908493042
260000
min_value:0.9988639184183348
time:183.01948404312134
270000
min_value:0.9988601803686407
time:189.79853224754333
280000
min_value:0.9988566161738689
time:196.6384792327881
290000
min_value:0.9988531473351355
time:203.55495166778564
300000
min_value:0.9988498065948023
time:210.48708057403564
310000
min_value:0.9988464607601181
time:217.40100979804993
320000
min_value:0.9988433581906923
time:224.30449199676514
330000
min_value:0.998840264651586
time:231.22155356407166
340000
min_value:0.9988372599097818
time:238.13029503822327
350000
min_value:0.998834283020917
time:245.04190516471863
360000
min_value:0.998831463432346
time:251.95368123054504
370000
min_value:0.9988287422273587
time:258.8528516292572
380000
min_value:0.9988260642594041
time:265.75421261787415
390000
min_value:0.9988234689187192
time:272.6817741394043
400000
min_value:0.9988210070668951
time:279.634272813797
410000
min_value:0.9988185499411765
time:286.5387010574341
420000
min_value:0.9988161585276019
time:293.42586970329285
430000
min_value:0.998813771427669
time:300.34722900390625
440000
min_value:0.9988115017026138
time:307.26064586639404
450000
min_value:0.9988092609105421
time:314.2234263420105
460000
min_value:0.9988070465382743
time:321.1966350078583
470000
min_value:0.9988049686027554
time:328.1674020290375
480000
min_value:0.9988028733871411
time:335.16799807548523
490000
min_value:0.9988008129020394
time:342.11461567878723
500000
min_value:0.9987987914016128
time:349.037624835968
510000
min_value:0.9987968200045924
time:356.0022165775299
520000
min_value:0.9987948370391492
time:362.934531211853
530000
min_value:0.9987929278103833
time:369.84811425209045
540000
min_value:0.9987910241782848
time:376.7070984840393
550000
min_value:0.9987892182173859
time:383.55002069473267
560000
min_value:0.9987874121296746
time:390.4928135871887
570000
min_value:0.9987856234178478
time:397.3979616165161
580000
min_value:0.9987838522692235
time:404.31555676460266
590000
min_value:0.9987821453499598
time:411.25482869148254
600000
min_value:0.9987804560170115
time:418.2342994213104
610000
min_value:0.9987788216574213
time:425.2155532836914
620000
min_value:0.9987771617567618
time:432.19272470474243
630000
min_value:0.9987755776055808
time:439.1452820301056
640000
min_value:0.9987739844759014
time:446.2188529968262
650000
min_value:0.9987723926668568
time:453.19649839401245
660000
min_value:0.9987708514308478
time:460.19626927375793
670000
min_value:0.9987692941112135
time:467.17368054389954
680000
min_value:0.998767822829086
time:474.09033584594727
690000
min_value:0.998766344277059
time:481.01033115386963
700000
min_value:0.9987648949860212
time:488.0539982318878
710000
min_value:0.9987634924324894
time:495.0557744503021
720000
min_value:0.9987620960264008
time:501.9865462779999
730000
min_value:0.9987606805341415
time:508.9787976741791
740000
min_value:0.9987592870491807
time:515.9305136203766
750000
min_value:0.998757947800212
time:522.9476611614227
760000
min_value:0.9987566311224055
time:529.9753973484039
770000
min_value:0.9987553123128007
time:537.0276539325714
780000
min_value:0.998754003424895
time:544.0208840370178
790000
min_value:0.9987526976956058
time:550.9766418933868
800000
min_value:0.9987514871868808
time:557.9526550769806
810000
min_value:0.9987502612323278
time:564.9947967529297
820000
min_value:0.9987490219325702
time:572.0224528312683
830000
min_value:0.9987478002149736
time:578.9968297481537
840000
min_value:0.9987466207313204
time:585.9560098648071
850000
min_value:0.9987454408369723
time:592.9433960914612
860000
min_value:0.9987442702414857
time:599.887699842453
870000
min_value:0.9987431011518687
time:606.8998258113861
880000
min_value:0.998741942540374
time:613.956273317337
890000
min_value:0.9987408027282049
time:620.9471907615662
900000
min_value:0.9987396636948668
time:627.8682880401611
910000
min_value:0.9987385658868914
time:634.8686118125916
920000
min_value:0.9987374780921855
time:641.923987865448
930000
min_value:0.9987363695991734
time:648.8984322547913
940000
min_value:0.9987353321536381
time:655.9497244358063
950000
min_value:0.9987342932122776
time:662.9147336483002
960000
min_value:0.9987332108003045
time:669.8159959316254
970000
min_value:0.9987321793504623
time:676.7855956554413
980000
min_value:0.9987311506990145
time:683.797833442688
990000
min_value:0.9987301522779739
time:690.8103890419006
1000000
min_value:0.9987291528123341
time:697.7532477378845
1000000
fvalues:0.9987291527462322
time_values:697.7532477378845
