./results/subspace-norm local/dim:1000000_ord:1_subspace:1000_fused:False/proposed/lr:10_reduced_dim:100_sample_size:1_mu:1e-08_step_schedule:constant
10000
fvalues:0.0009999999974752427
time_values:94.83707547187805
./results/subspace-norm local/dim:1000000_ord:1_subspace:1000_fused:False/proposed/lr:1_reduced_dim:100_sample_size:1_mu:1e-08_step_schedule:constant
10000
fvalues:0.0009999999974752427
time_values:91.16504788398743
./results/subspace-norm local/dim:1000000_ord:1_subspace:1000_fused:False/proposed/lr:0.1_reduced_dim:100_sample_size:1_mu:1e-08_step_schedule:constant
10000
fvalues:0.0009999999974752427
time_values:91.19037532806396
./results/subspace-norm local/dim:1000000_ord:1_subspace:1000_fused:False/proposed/lr:0.01_reduced_dim:100_sample_size:1_mu:1e-08_step_schedule:constant
10000
fvalues:0.0009999999974752427
time_values:91.1751856803894
./results/subspace-norm local/dim:1000000_ord:1_subspace:1000_fused:False/proposed/lr:0.001_reduced_dim:100_sample_size:1_mu:1e-08_step_schedule:constant
10000
fvalues:0.0009999999974752427
time_values:91.18933343887329
./results/subspace-norm local/dim:1000000_ord:1_subspace:1000_fused:False/proposed/lr:0.0001_reduced_dim:100_sample_size:1_mu:1e-08_step_schedule:constant
10000
fvalues:0.000982132916216335
time_values:91.26575589179993
./results/subspace-norm local/dim:1000000_ord:1_subspace:1000_fused:False/proposed/lr:1e-05_reduced_dim:100_sample_size:1_mu:1e-08_step_schedule:constant
10000
fvalues:0.0004974309024254443
time_values:91.22656726837158
./results/subspace-norm local/dim:1000000_ord:1_subspace:1000_fused:False/proposed/lr:1e-06_reduced_dim:100_sample_size:1_mu:1e-08_step_schedule:constant
10000
fvalues:0.00015119622827937623
time_values:91.20053553581238
./results/subspace-norm local/dim:1000000_ord:1_subspace:1000_fused:False/proposed/lr:1e-07_reduced_dim:100_sample_size:1_mu:1e-08_step_schedule:constant
10000
fvalues:0.0008960530648360857
time_values:91.22745656967163
./results/subspace-norm local/dim:1000000_ord:1_subspace:1000_fused:False/proposed/lr:1e-08_reduced_dim:100_sample_size:1_mu:1e-08_step_schedule:constant
10000
fvalues:0.0009897868372753962
time_values:91.22525334358215
