./results/subspace-norm/dim:1000000_ord:1_subspace:100_fused:False/RGF/lr:0.1_sample_size:20_mu:1e-05_step_schedule:decreasing-half
10000
min_value:0.24162220785906002
time:71.9713568687439
20000
min_value:0.1602981449822264
time:144.08036637306213
30000
min_value:0.1348236195867703
time:215.9378399848938
40000
min_value:0.11756564421177589
time:287.8317725658417
50000
min_value:0.10220104622842148
time:359.7568371295929
60000
min_value:0.09768211496100816
time:431.6650936603546
70000
min_value:0.08545378134502848
time:504.1743755340576
80000
min_value:0.07955872686030019
time:577.251894235611
90000
min_value:0.07621144018111459
time:651.2413401603699
100000
min_value:0.0754734295768618
time:725.2507746219635
110000
min_value:0.06875233474104
time:799.1101486682892
120000
min_value:0.06602084147464557
time:873.026533126831
130000
min_value:0.0646964845704001
time:946.9177947044373
140000
min_value:0.05577859578917313
time:1020.8909268379211
150000
min_value:0.05577859578917313
time:1094.632889509201
160000
min_value:0.05572909135158692
time:1168.7268283367157
170000
min_value:0.05506796035386487
time:1242.5496542453766
180000
min_value:0.05385518680301681
time:1316.1337900161743
190000
min_value:0.05149567156190159
time:1389.880705833435
200000
min_value:0.04881468891730899
time:1463.7325122356415
210000
min_value:0.04881468891730899
time:1537.3932037353516
220000
min_value:0.04881468891730899
time:1611.3425288200378
230000
min_value:0.047403136765227116
time:1684.9715864658356
240000
min_value:0.04568672940742932
time:1758.6163926124573
250000
min_value:0.0447424041737159
time:1832.4336094856262
260000
min_value:0.0447424041737159
time:1906.0202629566193
270000
min_value:0.042534857260905654
time:1979.611804008484
280000
min_value:0.04173457107917515
time:2053.254420518875
290000
min_value:0.04107498574060148
time:2126.9728307724
300000
min_value:0.04065822661657936
time:2200.5663368701935
310000
min_value:0.03870894083223243
time:2274.244579076767
320000
min_value:0.03859907529002138
time:2347.932512283325
330000
min_value:0.03778873284341401
time:2421.7304713726044
340000
min_value:0.03778873284341401
time:2495.3764176368713
350000
min_value:0.03761750035208359
time:2569.0134563446045
360000
min_value:0.035477163894463294
time:2642.673615694046
370000
min_value:0.035477163894463294
time:2716.487238883972
380000
min_value:0.035477163894463294
time:2790.1556186676025
390000
min_value:0.035477163894463294
time:2863.877121925354
400000
min_value:0.035477163894463294
time:2937.8017592430115
410000
min_value:0.032582558944388676
time:3011.6950657367706
420000
min_value:0.032582558944388676
time:3085.3305599689484
430000
min_value:0.032582558944388676
time:3158.9906957149506
440000
min_value:0.032582558944388676
time:3232.6452283859253
450000
min_value:0.032582558944388676
time:3306.430561065674
460000
min_value:0.032582558944388676
time:3380.1408627033234
470000
min_value:0.032582558944388676
time:3454.095053911209
480000
min_value:0.0312773618503658
time:3527.937653064728
490000
min_value:0.0312773618503658
time:3601.701775074005
500000
min_value:0.0312773618503658
time:3675.6915953159332
510000
min_value:0.0312773618503658
time:3749.6329452991486
520000
min_value:0.0312773618503658
time:3823.56579041481
530000
min_value:0.030824776856576464
time:3897.635036468506
540000
min_value:0.030824776856576464
time:3971.5569026470184
550000
min_value:0.02947450494414435
time:4045.5389981269836
560000
min_value:0.029263261579855794
time:4119.509912490845
570000
min_value:0.029263261579855794
time:4193.474317789078
580000
min_value:0.02841605499152846
time:4267.521155834198
590000
min_value:0.02841605499152846
time:4341.537617444992
600000
min_value:0.02841605499152846
time:4415.754791498184
610000
min_value:0.028095041204778598
time:4489.909599781036
620000
min_value:0.027535865614894545
time:4563.762606143951
630000
min_value:0.027535865614894545
time:4637.544617176056
640000
min_value:0.027535865614894545
time:4711.122523784637
650000
min_value:0.027535865614894545
time:4784.686792850494
660000
min_value:0.026979919925780534
time:4858.377698659897
670000
min_value:0.026700258759573048
time:4932.06613111496
680000
min_value:0.026390676693004163
time:5005.820751667023
690000
min_value:0.026390676693004163
time:5079.669524669647
700000
min_value:0.026068396565051957
time:5153.464572668076
710000
min_value:0.025619685254574878
time:5227.353251218796
720000
min_value:0.025619685254574878
time:5301.175072431564
730000
min_value:0.025619685254574878
time:5375.09213924408
740000
min_value:0.025619685254574878
time:5448.9529366493225
750000
min_value:0.02478344910954139
time:5522.675013065338
760000
min_value:0.02478344910954139
time:5596.443182468414
770000
min_value:0.02478344910954139
time:5670.064045190811
780000
min_value:0.02432607353705534
time:5743.688342094421
790000
min_value:0.02432607353705534
time:5817.302790403366
800000
min_value:0.02432607353705534
time:5891.076338768005
810000
min_value:0.02432607353705534
time:5964.6206266880035
820000
min_value:0.02432607353705534
time:6038.297335863113
830000
min_value:0.02409836027923173
time:6111.967780828476
840000
min_value:0.023304161500177605
time:6185.612308979034
850000
min_value:0.023304161500177605
time:6259.3403697013855
860000
min_value:0.023304161500177605
time:6332.894971847534
870000
min_value:0.023304161500177605
time:6406.651129245758
880000
min_value:0.023304161500177605
time:6480.383515357971
890000
min_value:0.023304161500177605
time:6554.26344704628
900000
min_value:0.02305917795426181
time:6628.02868437767
910000
min_value:0.02305917795426181
time:6701.708094596863
920000
min_value:0.02305567467026751
time:6775.350748300552
930000
min_value:0.021272802643729723
time:6848.954084634781
940000
min_value:0.021272802643729723
time:6922.794611215591
950000
min_value:0.021272802643729723
time:6996.7460787296295
960000
min_value:0.021272802643729723
time:7070.493964910507
970000
min_value:0.021272802643729723
time:7144.305875301361
980000
min_value:0.021272802643729723
time:7217.902578353882
990000
min_value:0.021272802643729723
time:7291.481999397278
1000000
min_value:0.021272802643729723
time:7365.055394649506
1000000
fvalues:0.021272802643729723
time_values:7365.055394649506
./results/subspace-norm/dim:1000000_ord:1_subspace:100_fused:False/RGF/lr:0.1_sample_size:20_mu:1e-08_step_schedule:decreasing-half
10000
min_value:0.23386897167101214
time:73.78069305419922
20000
min_value:0.17173787640624377
time:147.40977907180786
30000
min_value:0.1394251124400589
time:221.07454371452332
40000
min_value:0.1161882587772342
time:294.7238326072693
50000
min_value:0.10325043110276555
time:368.3889627456665
60000
min_value:0.09602061914307455
time:442.09744691848755
70000
min_value:0.08527356682782314
time:515.733639717102
80000
min_value:0.07993253379256048
time:590.0130212306976
90000
min_value:0.07706858753691062
time:663.7018649578094
100000
min_value:0.07061054648666915
time:737.437427520752
110000
min_value:0.06720875573088705
time:811.1171081066132
120000
min_value:0.06493509326021844
time:884.7643663883209
130000
min_value:0.06386513404130414
time:958.3928308486938
140000
min_value:0.05892569462849463
time:1032.437247991562
150000
min_value:0.0561253012811594
time:1106.4151780605316
160000
min_value:0.0561253012811594
time:1180.9755561351776
170000
min_value:0.05585157717677326
time:1254.5750048160553
180000
min_value:0.052281234768723026
time:1328.2589402198792
190000
min_value:0.05152642717825495
time:1402.034108877182
200000
min_value:0.05043100282452851
time:1475.7779359817505
210000
min_value:0.04853878046005097
time:1549.5488903522491
220000
min_value:0.04781012137604718
time:1623.4878878593445
230000
min_value:0.045410813259987796
time:1697.239738702774
240000
min_value:0.045410813259987796
time:1771.533852815628
250000
min_value:0.04480626432706883
time:1845.2445902824402
260000
min_value:0.04298772507165323
time:1919.0422670841217
270000
min_value:0.04298772507165323
time:1992.7552132606506
280000
min_value:0.041599175466535764
time:2066.583235502243
290000
min_value:0.041599175466535764
time:2140.31906580925
300000
min_value:0.04108545262312198
time:2214.0791964530945
310000
min_value:0.04108545262312198
time:2287.7389647960663
320000
min_value:0.03851417268545322
time:2362.082564353943
330000
min_value:0.03851417268545322
time:2435.7718517780304
340000
min_value:0.03794676341462211
time:2509.4528725147247
350000
min_value:0.03794676341462211
time:2583.158478975296
360000
min_value:0.03767806678867881
time:2656.8763411045074
370000
min_value:0.037552971077024266
time:2730.6427702903748
380000
min_value:0.03626167031068551
time:2804.496994495392
390000
min_value:0.03520542141767251
time:2878.4531993865967
400000
min_value:0.03520542141767251
time:2952.7456164360046
410000
min_value:0.03520542141767251
time:3026.4547317028046
420000
min_value:0.03286125697587853
time:3100.2284591197968
430000
min_value:0.03286125697587853
time:3173.926528453827
440000
min_value:0.03286125697587853
time:3247.7635049819946
450000
min_value:0.03286125697587853
time:3321.5286440849304
460000
min_value:0.03286125697587853
time:3395.2298381328583
470000
min_value:0.03065593304741497
time:3469.0650346279144
480000
min_value:0.03065593304741497
time:3543.396563768387
490000
min_value:0.03065593304741497
time:3617.072844028473
500000
min_value:0.03065593304741497
time:3690.731184244156
510000
min_value:0.03065593304741497
time:3764.4572818279266
520000
min_value:0.03065593304741497
time:3838.1621646881104
530000
min_value:0.03065593304741497
time:3911.8466227054596
540000
min_value:0.028963603153339627
time:3985.562839984894
550000
min_value:0.028963603153339627
time:4059.23056435585
560000
min_value:0.028963603153339627
time:4133.45801448822
570000
min_value:0.028963603153339627
time:4207.127739191055
580000
min_value:0.028443079981135967
time:4280.775261878967
590000
min_value:0.028443079981135967
time:4354.53065943718
600000
min_value:0.028443079981135967
time:4428.214911937714
610000
min_value:0.027326213508245812
time:4501.9391548633575
620000
min_value:0.027326213508245812
time:4575.680482149124
630000
min_value:0.027326213508245812
time:4649.418141126633
640000
min_value:0.027326213508245812
time:4723.670645952225
650000
min_value:0.026606672803075625
time:4797.368977069855
660000
min_value:0.026606672803075625
time:4871.161485671997
670000
min_value:0.026606672803075625
time:4944.895517110825
680000
min_value:0.026606672803075625
time:5018.580403327942
690000
min_value:0.026327391041583176
time:5092.327009677887
700000
min_value:0.026327391041583176
time:5165.913735151291
710000
min_value:0.026327391041583176
time:5239.551870346069
720000
min_value:0.025059565966168366
time:5313.861999511719
730000
min_value:0.025059565966168366
time:5387.734428167343
740000
min_value:0.025059565966168366
time:5461.683684825897
750000
min_value:0.025059565966168366
time:5535.403448820114
760000
min_value:0.025059565966168366
time:5609.169631242752
770000
min_value:0.025059565966168366
time:5682.878247499466
780000
min_value:0.02418350998085912
time:5756.614720821381
790000
min_value:0.02342897298565058
time:5830.46329498291
800000
min_value:0.02342897298565058
time:5904.803062677383
810000
min_value:0.02342897298565058
time:5978.4778163433075
820000
min_value:0.02342897298565058
time:6052.153573989868
830000
min_value:0.02342897298565058
time:6125.7893278598785
840000
min_value:0.02342897298565058
time:6199.46879196167
850000
min_value:0.02342897298565058
time:6273.19642829895
860000
min_value:0.02342897298565058
time:6346.344871759415
870000
min_value:0.02288228195719836
time:6419.631779670715
880000
min_value:0.02288228195719836
time:6493.2608070373535
890000
min_value:0.02288228195719836
time:6566.374153852463
900000
min_value:0.02288228195719836
time:6639.496424913406
910000
min_value:0.02288228195719836
time:6712.583906173706
920000
min_value:0.02288228195719836
time:6785.6220870018005
930000
min_value:0.02166368231258762
time:6858.798144102097
940000
min_value:0.02166368231258762
time:6931.998539447784
950000
min_value:0.02166368231258762
time:7005.224162817001
960000
min_value:0.02166368231258762
time:7078.8887729644775
970000
min_value:0.02166368231258762
time:7151.995252370834
980000
min_value:0.02166368231258762
time:7225.145513296127
990000
min_value:0.02166368231258762
time:7298.3182961940765
1000000
min_value:0.02166368231258762
time:7371.4004583358765
1000000
fvalues:0.02166368231258762
time_values:7371.4004583358765
