./results/subspace-norm/dim:1000000_ord:1_subspace:100_fused:False/proposed/lr:100_reduced_dim:10_sample_size:1_mu:1e-08_step_schedule:decreasing-half
10000
min_value:79.86143207554201
time:22.524118900299072
20000
min_value:71.6475850329549
time:41.105807065963745
30000
min_value:65.16487111528062
time:59.746718406677246
40000
min_value:59.73864399516253
time:78.3744592666626
50000
min_value:54.815816617474276
time:97.11020469665527
60000
min_value:50.628184117838806
time:115.8239996433258
70000
min_value:46.659296236563115
time:134.51369309425354
80000
min_value:42.93560702982049
time:153.12682557106018
90000
min_value:39.50654794773715
time:171.6463441848755
100000
min_value:36.27152936168615
time:190.2626438140869
110000
min_value:33.10129646254893
time:209.02013301849365
120000
min_value:30.197443797779645
time:227.6963176727295
130000
min_value:27.372794242990274
time:246.26403737068176
140000
min_value:24.5898278711372
time:264.77980852127075
150000
min_value:22.010462361311216
time:283.40100288391113
160000
min_value:19.421626582325683
time:302.0553021430969
170000
min_value:17.006348597749952
time:320.8344249725342
180000
min_value:14.626087334976226
time:339.53645157814026
190000
min_value:12.25530099190333
time:358.2517330646515
200000
min_value:10.012520282696613
time:377.0246956348419
210000
min_value:7.869929987713675
time:395.8195552825928
220000
min_value:5.8059090856446645
time:414.48872780799866
230000
min_value:4.06377106754482
time:433.15160036087036
240000
min_value:2.58346807521462
time:452.0659499168396
250000
min_value:1.372776277184521
time:470.7918310165405
260000
min_value:0.6250402656477447
time:489.53591322898865
270000
min_value:0.24185344266593367
time:508.31784105300903
280000
min_value:0.0744622069121803
time:526.8558540344238
290000
min_value:0.022360395678249316
time:545.1326501369476
300000
min_value:0.008678237087118802
time:563.4726998806
310000
min_value:0.008122632207615214
time:581.8445415496826
320000
min_value:0.008122632207615214
time:600.3800189495087
330000
min_value:0.008122632207615214
time:619.1677460670471
340000
min_value:0.00781994743360594
time:637.8233790397644
350000
min_value:0.007706782600804115
time:656.3895947933197
360000
min_value:0.007706782600804115
time:674.9693911075592
370000
min_value:0.007706782600804115
time:693.5748479366302
380000
min_value:0.007115766536746416
time:712.1393423080444
390000
min_value:0.007115766536746416
time:730.7253470420837
400000
min_value:0.007115766536746416
time:749.3453507423401
410000
min_value:0.007115766536746416
time:767.9090785980225
420000
min_value:0.007115766536746416
time:786.3783950805664
430000
min_value:0.007115766536746416
time:805.0009033679962
440000
min_value:0.007115766536746416
time:823.7177948951721
450000
min_value:0.006617753969811882
time:842.4159443378448
460000
min_value:0.006617753969811882
time:861.065182685852
470000
min_value:0.006617753969811882
time:879.7974574565887
480000
min_value:0.006419856483480887
time:898.5842788219452
490000
min_value:0.006419856483480887
time:917.3644332885742
500000
min_value:0.006339455186058078
time:936.1275410652161
510000
min_value:0.006339455186058078
time:954.7707970142365
520000
min_value:0.006339455186058078
time:973.4401798248291
530000
min_value:0.006339455186058078
time:992.192803144455
540000
min_value:0.006339455186058078
time:1010.8746204376221
550000
min_value:0.006123542714157813
time:1029.5228583812714
560000
min_value:0.006123542714157813
time:1048.1423614025116
570000
min_value:0.006123542714157813
time:1066.8184275627136
580000
min_value:0.005818051109278087
time:1085.4514145851135
590000
min_value:0.005818051109278087
time:1104.0925180912018
600000
min_value:0.005818051109278087
time:1122.749436378479
610000
min_value:0.005818051109278087
time:1141.6049101352692
620000
min_value:0.005818051109278087
time:1160.1943213939667
630000
min_value:0.005818051109278087
time:1178.7151095867157
640000
min_value:0.0057535594401039985
time:1197.228157043457
650000
min_value:0.005572510734642614
time:1215.8084244728088
660000
min_value:0.005572510734642614
time:1234.324934720993
670000
min_value:0.005572510734642614
time:1252.9734899997711
680000
min_value:0.005572510734642614
time:1271.7019205093384
690000
min_value:0.005572510734642614
time:1290.4987335205078
700000
min_value:0.005572510734642614
time:1309.0426278114319
710000
min_value:0.005572510734642614
time:1327.7851777076721
720000
min_value:0.005285180025014582
time:1346.46999502182
730000
min_value:0.0050144659636393064
time:1365.2581951618195
740000
min_value:0.0050144659636393064
time:1384.0680994987488
750000
min_value:0.0050144659636393064
time:1402.8084716796875
760000
min_value:0.0050144659636393064
time:1421.4393844604492
770000
min_value:0.0050144659636393064
time:1440.1244270801544
780000
min_value:0.004924958064226842
time:1458.7942769527435
790000
min_value:0.004924958064226842
time:1477.442523241043
800000
min_value:0.004924958064226842
time:1496.1636743545532
810000
min_value:0.004924958064226842
time:1514.8277006149292
820000
min_value:0.004924958064226842
time:1533.5043275356293
830000
min_value:0.004924958064226842
time:1552.0996918678284
840000
min_value:0.004924958064226842
time:1570.8099377155304
850000
min_value:0.004783495924627055
time:1589.5038795471191
860000
min_value:0.004783495924627055
time:1608.3348078727722
870000
min_value:0.004705857502027467
time:1626.934310913086
880000
min_value:0.004705857502027467
time:1645.4328730106354
890000
min_value:0.004692732941665443
time:1663.9143686294556
900000
min_value:0.004692732941665443
time:1682.4285724163055
910000
min_value:0.004692732941665443
time:1701.0991628170013
920000
min_value:0.00435372546135936
time:1719.6616578102112
930000
min_value:0.00435372546135936
time:1738.1505191326141
940000
min_value:0.00435372546135936
time:1756.6983432769775
950000
min_value:0.00435372546135936
time:1775.2644562721252
960000
min_value:0.00435372546135936
time:1793.718469619751
970000
min_value:0.00435372546135936
time:1812.2561933994293
980000
min_value:0.00435372546135936
time:1830.726152896881
990000
min_value:0.004244928177801688
time:1849.2887048721313
1000000
min_value:0.004244928177801688
time:1867.8337087631226
1000000
fvalues:0.004244928177801688
time_values:1867.8337087631226
