./results/subspace-norm/dim:1000000_ord:1_subspace:100_fused:False/RGF/lr:0.1_sample_size:1_mu:1e-08_step_schedule:constant
10000
min_value:100.0
time:5.828926086425781
10000
fvalues:100.0
time_values:5.828926086425781
./results/subspace-norm/dim:1000000_ord:1_subspace:100_fused:False/RGF/lr:0.01_sample_size:1_mu:1e-08_step_schedule:constant
10000
min_value:40.32930619026449
time:5.676513671875
10000
fvalues:40.32930619026449
time_values:5.676513671875
./results/subspace-norm/dim:1000000_ord:1_subspace:100_fused:False/RGF/lr:0.001_sample_size:1_mu:1e-08_step_schedule:constant
10000
min_value:4.0099358520354755
time:5.737147808074951
10000
fvalues:4.0099358520354755
time_values:5.737147808074951
./results/subspace-norm/dim:1000000_ord:1_subspace:100_fused:False/RGF/lr:0.0001_sample_size:1_mu:1e-08_step_schedule:constant
10000
min_value:4.523922706054504
time:5.725995779037476
10000
fvalues:4.523781426682861
time_values:5.725995779037476
./results/subspace-norm/dim:1000000_ord:1_subspace:100_fused:False/RGF/lr:1e-05_sample_size:1_mu:1e-08_step_schedule:constant
10000
min_value:90.16182736102658
time:5.68209981918335
10000
fvalues:90.16086737733849
time_values:5.68209981918335
