./results/subspace-norm/dim:1000000_ord:1_subspace:100_fused:False/RGF/lr:0.01_sample_size:10_mu:1e-08_step_schedule:decreasing-half
10000
min_value:0.04422124217785578
time:34.430994510650635
20000
min_value:0.031019715495946825
time:68.63930439949036
30000
min_value:0.024797525495576324
time:103.39138150215149
40000
min_value:0.022327043645493205
time:137.67003202438354
50000
min_value:0.01912050517110387
time:171.90789127349854
60000
min_value:0.01812889086391694
time:205.98108339309692
70000
min_value:0.016173812156259685
time:240.21128749847412
80000
min_value:0.015312963008383872
time:274.64279794692993
90000
min_value:0.014817124397853166
time:308.8703417778015
100000
min_value:0.013686807614185746
time:343.3474404811859
110000
min_value:0.012396960051678424
time:377.9667122364044
120000
min_value:0.012396960051678424
time:412.6687364578247
130000
min_value:0.012036436914085165
time:447.4607357978821
140000
min_value:0.01132682640614059
time:481.92788767814636
150000
min_value:0.01045032072702776
time:516.3514380455017
160000
min_value:0.01045032072702776
time:551.1316623687744
170000
min_value:0.010334992474657502
time:585.8700835704803
180000
min_value:0.010005767108123058
time:620.5204672813416
190000
min_value:0.009470573822518705
time:655.2796127796173
200000
min_value:0.009200779277325209
time:690.29470038414
210000
min_value:0.009200779277325209
time:724.816296339035
220000
min_value:0.008649237699639585
time:759.4550375938416
230000
min_value:0.008649237699639585
time:794.1245305538177
240000
min_value:0.008599961122980082
time:828.381872177124
250000
min_value:0.00821887316124301
time:863.05810713768
260000
min_value:0.00821887316124301
time:897.8055889606476
270000
min_value:0.008151855944999497
time:932.5107924938202
280000
min_value:0.00788485359003829
time:967.0793967247009
290000
min_value:0.007789753843245587
time:1001.7749633789062
300000
min_value:0.007687804780008141
time:1036.485446214676
310000
min_value:0.007454053330155234
time:1070.920753955841
320000
min_value:0.007454053330155234
time:1105.698669910431
330000
min_value:0.007288717425871009
time:1140.3430943489075
340000
min_value:0.007235587390933552
time:1175.0150487422943
350000
min_value:0.006927127732754331
time:1209.7807729244232
360000
min_value:0.0064142927102205415
time:1244.0117192268372
370000
min_value:0.0064142927102205415
time:1278.401286125183
380000
min_value:0.0064142927102205415
time:1312.708619594574
390000
min_value:0.00628274683563942
time:1347.014211177826
400000
min_value:0.00628274683563942
time:1381.3533091545105
410000
min_value:0.00628274683563942
time:1415.5829620361328
420000
min_value:0.00628274683563942
time:1449.7791764736176
430000
min_value:0.00628274683563942
time:1484.0361969470978
440000
min_value:0.006231792134790602
time:1518.2042117118835
450000
min_value:0.005978158278496832
time:1552.3549625873566
460000
min_value:0.005978158278496832
time:1586.4741291999817
470000
min_value:0.005978158278496832
time:1620.5103328227997
480000
min_value:0.005978158278496832
time:1655.151159286499
490000
min_value:0.005978158278496832
time:1689.8879318237305
500000
min_value:0.005940773209793847
time:1724.422609090805
510000
min_value:0.005881171975857599
time:1758.9238336086273
520000
min_value:0.005881171975857599
time:1793.3866257667542
530000
min_value:0.005881171975857599
time:1827.8431622982025
540000
min_value:0.005780527228167706
time:1862.3746840953827
550000
min_value:0.005668979420434162
time:1896.9388918876648
560000
min_value:0.005533671301251725
time:1931.6640400886536
570000
min_value:0.005386318156419023
time:1966.2817912101746
580000
min_value:0.005386318156419023
time:2000.8843207359314
590000
min_value:0.005386318156419023
time:2035.4272065162659
600000
min_value:0.005386318156419023
time:2069.9653990268707
610000
min_value:0.005386318156419023
time:2104.5490658283234
620000
min_value:0.005386318156419023
time:2139.0845625400543
630000
min_value:0.005386318156419023
time:2173.6222927570343
640000
min_value:0.005371978515301105
time:2208.205342769623
650000
min_value:0.005177619116263551
time:2242.641988515854
660000
min_value:0.004763050481789129
time:2277.206564426422
670000
min_value:0.004763050481789129
time:2312.098613023758
680000
min_value:0.004763050481789129
time:2346.9990656375885
690000
min_value:0.004763050481789129
time:2381.8470504283905
700000
min_value:0.004763050481789129
time:2416.3787631988525
710000
min_value:0.004763050481789129
time:2450.8969666957855
720000
min_value:0.004763050481789129
time:2485.367152929306
730000
min_value:0.004666664100929184
time:2520.0764763355255
740000
min_value:0.004633862311483786
time:2554.803704023361
750000
min_value:0.004633862311483786
time:2589.302155017853
760000
min_value:0.004633862311483786
time:2623.623356103897
770000
min_value:0.004633862311483786
time:2657.8786568641663
780000
min_value:0.004633862311483786
time:2692.074759721756
790000
min_value:0.004633862311483786
time:2726.335490465164
800000
min_value:0.004633862311483786
time:2761.1628637313843
810000
min_value:0.004633862311483786
time:2795.91210603714
820000
min_value:0.004385872502924841
time:2830.5519394874573
830000
min_value:0.004385872502924841
time:2864.727091550827
840000
min_value:0.004385872502924841
time:2898.8324234485626
850000
min_value:0.004385872502924841
time:2933.025537967682
860000
min_value:0.004385872502924841
time:2967.103668689728
870000
min_value:0.004385872502924841
time:3001.7233307361603
880000
min_value:0.004166435791036923
time:3036.8611924648285
890000
min_value:0.004166435791036923
time:3071.9884321689606
900000
min_value:0.004166435791036923
time:3106.9300701618195
910000
min_value:0.004166435791036923
time:3141.4782145023346
920000
min_value:0.004166435791036923
time:3175.7720835208893
930000
min_value:0.004166435791036923
time:3210.0807390213013
940000
min_value:0.004166435791036923
time:3244.341166973114
950000
min_value:0.004166435791036923
time:3278.622903585434
960000
min_value:0.004166435791036923
time:3312.94593167305
970000
min_value:0.004166435791036923
time:3347.3133766651154
980000
min_value:0.004120715527444866
time:3381.682272195816
990000
min_value:0.004120715527444866
time:3416.11865568161
1000000
min_value:0.004120715527444866
time:3450.3637800216675
1000000
fvalues:0.004120715527444866
time_values:3450.3637800216675
