./results/regularized test local/dim:1000000_ord:1_coef:1_fused:False/RGF/lr:0.1_sample_size:1_mu:1e-08_step_schedule:decreasing
10000
min_value:1.0000004974752401
time:13.715952157974243
20000
min_value:1.0000004974752401
time:20.617166996002197
30000
min_value:1.0000004974752401
time:27.48046565055847
40000
min_value:1.0000004974752401
time:34.33315324783325
50000
min_value:1.0000004974752401
time:41.19615864753723
50000
fvalues:1.0000004974752401
time_values:41.19615864753723
./results/regularized test local/dim:1000000_ord:1_coef:1_fused:False/RGF/lr:0.01_sample_size:1_mu:1e-08_step_schedule:decreasing
10000
min_value:1.0000004974752401
time:6.892885684967041
20000
min_value:1.0000004974752401
time:13.701338291168213
30000
min_value:1.0000004974752401
time:20.568668842315674
40000
min_value:1.0000004974752401
time:27.477622747421265
50000
min_value:1.0000004974752401
time:34.35426688194275
50000
fvalues:1.0000004974752401
time_values:34.35426688194275
./results/regularized test local/dim:1000000_ord:1_coef:1_fused:False/RGF/lr:0.001_sample_size:1_mu:1e-08_step_schedule:decreasing
10000
min_value:1.0000004974752401
time:6.973188638687134
20000
min_value:1.0000004974752401
time:13.854038715362549
30000
min_value:1.0000004974752401
time:20.722537517547607
40000
min_value:1.0000004974752401
time:27.56743550300598
50000
min_value:1.0000004974752401
time:34.43291640281677
50000
fvalues:1.0000004974752401
time_values:34.43291640281677
./results/regularized test local/dim:1000000_ord:1_coef:1_fused:False/RGF/lr:0.0001_sample_size:1_mu:1e-08_step_schedule:decreasing
10000
min_value:1.0000004974752401
time:6.872155666351318
20000
min_value:1.0000004974752401
time:13.85975694656372
30000
min_value:1.0000004974752401
time:20.77022075653076
40000
min_value:1.0000004974752401
time:27.643715858459473
50000
min_value:1.0000004974752401
time:34.54193997383118
50000
fvalues:1.0000004974752401
time_values:34.54193997383118
