./results/regularized test/dim:1000000_ord:1_coef:1_fused:False/RGF/lr:1e-06_sample_size:1_mu:1e-08_step_schedule:constant
10000
min_value:1480376.449736141
time:11.425573348999023
20000
min_value:1461206.3202515913
time:18.208284378051758
30000
min_value:1442289.600784674
time:24.98012614250183
40000
min_value:1424749.417975348
time:31.711622953414917
50000
min_value:1408375.9606444482
time:38.655717849731445
60000
min_value:1394149.3238224234
time:45.67614197731018
70000
min_value:1381716.017280575
time:52.69165849685669
80000
min_value:1370653.4538189368
time:59.72850823402405
90000
min_value:1361399.926187559
time:66.75121092796326
100000
min_value:1352885.329063272
time:73.79140877723694
110000
min_value:1345189.8863129034
time:80.8905189037323
120000
min_value:1338547.9709388851
time:87.95304989814758
130000
min_value:1332738.090280349
time:95.11613941192627
140000
min_value:1327624.3791215369
time:102.32518243789673
150000
min_value:1322866.636877906
time:109.46591758728027
160000
min_value:1318493.3795702085
time:116.53861165046692
170000
min_value:1314427.2973224714
time:123.52803421020508
180000
min_value:1310981.3800220578
time:130.5428569316864
190000
min_value:1307800.6254664396
time:137.56741189956665
200000
min_value:1304955.84543351
time:144.5704162120819
210000
min_value:1302204.850601869
time:151.38157892227173
220000
min_value:1299703.2334774612
time:158.24653387069702
230000
min_value:1297489.0449758442
time:165.17383766174316
240000
min_value:1295532.8125709912
time:171.9910101890564
250000
min_value:1293706.560741203
time:179.10999584197998
260000
min_value:1291998.6712074294
time:186.3440864086151
270000
min_value:1290450.675469215
time:193.43956589698792
280000
min_value:1288955.898372639
time:200.38112425804138
290000
min_value:1287573.5544468018
time:207.20898604393005
300000
min_value:1286292.1542579248
time:214.2570390701294
310000
min_value:1285130.0299977309
time:221.41726446151733
320000
min_value:1284092.4738731047
time:228.42632603645325
330000
min_value:1283191.7671451415
time:235.65915179252625
340000
min_value:1282338.6378546208
time:243.06750798225403
350000
min_value:1281452.3621153804
time:250.4665331840515
360000
min_value:1280702.9717355017
time:257.8786997795105
370000
min_value:1280035.7927064477
time:265.2663474082947
380000
min_value:1279434.4902525584
time:272.6941215991974
390000
min_value:1278872.5043816713
time:280.08863592147827
400000
min_value:1278315.675904375
time:287.5250287055969
410000
min_value:1277835.9961167716
time:294.92320919036865
420000
min_value:1277211.443380886
time:302.32719326019287
430000
min_value:1276653.3073429023
time:309.7031123638153
440000
min_value:1276231.425081749
time:317.11332154273987
450000
min_value:1275821.03494361
time:324.505243062973
460000
min_value:1275515.8859511404
time:331.9175434112549
470000
min_value:1275162.7063111304
time:339.3148593902588
480000
min_value:1274807.7052237976
time:346.71717286109924
490000
min_value:1274404.3530967066
time:354.09748005867004
500000
min_value:1274111.8536980292
time:361.50263833999634
510000
min_value:1273803.587406456
time:368.89139676094055
520000
min_value:1273501.7349041004
time:376.2952013015747
530000
min_value:1273226.210496542
time:383.67660903930664
540000
min_value:1272965.2759101507
time:391.0925552845001
550000
min_value:1272740.568005913
time:398.48709440231323
560000
min_value:1272497.9979629442
time:405.89913034439087
570000
min_value:1272323.6372091444
time:413.29580068588257
580000
min_value:1272159.8305259258
time:420.7087094783783
590000
min_value:1271977.4097464564
time:428.098379611969
600000
min_value:1271827.6766411525
time:435.50849437713623
610000
min_value:1271629.0102554641
time:442.89952421188354
620000
min_value:1271503.0096255585
time:450.3059301376343
630000
min_value:1271384.2961215172
time:457.7017002105713
640000
min_value:1271358.0701797106
time:465.116956949234
650000
min_value:1271268.5040921827
time:472.51726508140564
660000
min_value:1271248.7608425491
time:479.91750502586365
670000
min_value:1271125.6851232906
time:487.3142156600952
680000
min_value:1271013.0749353291
time:494.7066910266876
690000
min_value:1270895.665047454
time:502.12138748168945
700000
min_value:1270825.035119825
time:509.5115466117859
710000
min_value:1270746.939480276
time:516.9085907936096
720000
min_value:1270702.6253529107
time:524.2935955524445
730000
min_value:1270693.2184720673
time:531.6923027038574
740000
min_value:1270685.1769069694
time:539.0806114673615
750000
min_value:1270659.8304890776
time:546.4691641330719
760000
min_value:1270659.0955029242
time:553.8659210205078
770000
min_value:1270635.3871460385
time:561.2471649646759
780000
min_value:1270615.5703292536
time:568.6523785591125
790000
min_value:1270615.5703292536
time:576.0380809307098
800000
min_value:1270572.2705151285
time:583.4392206668854
810000
min_value:1270509.7646674835
time:590.8310132026672
820000
min_value:1270474.0490845991
time:598.2035980224609
830000
min_value:1270474.0490845991
time:605.6192173957825
840000
min_value:1270474.0490845991
time:613.0051975250244
850000
min_value:1270474.0490845991
time:620.4045271873474
860000
min_value:1270474.0490845991
time:627.7990217208862
870000
min_value:1270474.0490845991
time:634.9421684741974
880000
min_value:1270410.471404214
time:641.9405927658081
890000
min_value:1270316.641518722
time:649.0097188949585
900000
min_value:1270314.331046464
time:656.0838277339935
910000
min_value:1270314.331046464
time:663.2134125232697
920000
min_value:1270314.331046464
time:670.31818318367
930000
min_value:1270307.6397011965
time:677.4179277420044
940000
min_value:1270307.6397011965
time:684.4967629909515
950000
min_value:1270238.3067481518
time:691.5903472900391
960000
min_value:1270147.6351956837
time:698.6791899204254
970000
min_value:1270147.6351956837
time:705.775640964508
980000
min_value:1270147.6351956837
time:712.8746085166931
990000
min_value:1270138.8838982736
time:719.9680826663971
1000000
min_value:1270060.6462255279
time:727.0734534263611
1010000
min_value:1270060.6462255279
time:734.1688306331635
1020000
min_value:1270060.6462255279
time:741.2640795707703
1030000
min_value:1270060.6462255279
time:748.3549935817719
1040000
min_value:1270060.6462255279
time:755.4252815246582
1050000
min_value:1270060.6462255279
time:762.4960582256317
1060000
min_value:1270060.6462255279
time:769.5594301223755
1070000
min_value:1270060.6462255279
time:776.6084365844727
1080000
min_value:1270060.6462255279
time:783.7058553695679
1090000
min_value:1270060.6462255279
time:790.7812297344208
1100000
min_value:1270060.6462255279
time:797.8576703071594
1110000
min_value:1270060.6462255279
time:804.9286842346191
1120000
min_value:1270060.6462255279
time:811.9989485740662
1130000
min_value:1270060.6462255279
time:819.0978395938873
1140000
min_value:1270060.6462255279
time:826.1974663734436
1150000
min_value:1270060.6462255279
time:833.2991464138031
1160000
min_value:1270060.6462255279
time:840.3793320655823
1170000
min_value:1270060.6462255279
time:847.483293056488
1180000
min_value:1270060.6462255279
time:854.5768046379089
1190000
min_value:1270060.6462255279
time:861.6647627353668
1200000
min_value:1270060.6462255279
time:868.7656528949738
1210000
min_value:1270060.6462255279
time:875.8678267002106
1220000
min_value:1270060.6462255279
time:882.9428625106812
1230000
min_value:1270060.6462255279
time:890.0306658744812
1240000
min_value:1270060.6462255279
time:897.1292550563812
1250000
min_value:1270060.6462255279
time:904.2317588329315
1260000
min_value:1270060.6462255279
time:911.3312938213348
1270000
min_value:1270060.6462255279
time:918.4447240829468
1280000
min_value:1270060.6462255279
time:925.5481383800507
1290000
min_value:1270060.6462255279
time:932.6302764415741
1300000
min_value:1270060.6462255279
time:939.7021899223328
1310000
min_value:1270060.6462255279
time:946.790286064148
1320000
min_value:1270060.6462255279
time:953.8635325431824
1330000
min_value:1270060.6462255279
time:960.9431753158569
1340000
min_value:1270060.6462255279
time:968.0353469848633
1350000
min_value:1270060.6462255279
time:975.1214897632599
1360000
min_value:1270060.6462255279
time:982.214441537857
1370000
min_value:1270060.6462255279
time:989.2963185310364
1380000
min_value:1270060.6462255279
time:996.3833281993866
1390000
min_value:1270060.6462255279
time:1003.488095998764
1400000
min_value:1270060.6462255279
time:1010.588187456131
1410000
min_value:1270060.6462255279
time:1017.6840889453888
1420000
min_value:1270060.6462255279
time:1024.7701785564423
1430000
min_value:1270060.6462255279
time:1031.844324350357
1440000
min_value:1270060.6462255279
time:1038.8782806396484
1450000
min_value:1269962.4984585962
time:1045.948049068451
1460000
min_value:1269941.7531406796
time:1053.035132408142
1470000
min_value:1269941.7531406796
time:1060.1330399513245
1480000
min_value:1269904.9416747652
time:1067.2130258083344
1490000
min_value:1269866.8164109515
time:1074.289852142334
1500000
min_value:1269856.1111303784
time:1081.3811528682709
1510000
min_value:1269799.128650147
time:1088.4741876125336
1520000
min_value:1269799.128650147
time:1095.577861070633
1530000
min_value:1269799.128650147
time:1102.6690373420715
1540000
min_value:1269799.128650147
time:1109.7544240951538
1550000
min_value:1269799.128650147
time:1116.8340537548065
1560000
min_value:1269799.128650147
time:1123.924076795578
1570000
min_value:1269799.128650147
time:1130.989099264145
1580000
min_value:1269799.128650147
time:1138.0499784946442
1590000
min_value:1269799.128650147
time:1145.141393661499
1600000
min_value:1269799.128650147
time:1152.2043483257294
1610000
min_value:1269799.128650147
time:1159.2689967155457
1620000
min_value:1269799.128650147
time:1166.3545060157776
1630000
min_value:1269799.128650147
time:1173.4500420093536
1640000
min_value:1269799.128650147
time:1180.534453868866
1650000
min_value:1269799.128650147
time:1187.6295971870422
1660000
min_value:1269799.128650147
time:1194.7351095676422
1670000
min_value:1269711.6212991471
time:1201.834669828415
1680000
min_value:1269702.0340605665
time:1208.925260066986
1690000
min_value:1269702.0340605665
time:1216.0126926898956
1700000
min_value:1269702.0340605665
time:1223.104002714157
1710000
min_value:1269702.0340605665
time:1230.209685087204
1720000
min_value:1269702.0340605665
time:1237.3016993999481
1730000
min_value:1269702.0340605665
time:1244.386890411377
1740000
min_value:1269702.0340605665
time:1251.478043794632
1750000
min_value:1269702.0340605665
time:1258.5723149776459
1760000
min_value:1269702.0340605665
time:1265.6677949428558
1770000
min_value:1269702.0340605665
time:1272.7466723918915
1780000
min_value:1269702.0340605665
time:1279.8443474769592
1790000
min_value:1269702.0340605665
time:1286.9433298110962
1800000
min_value:1269702.0340605665
time:1294.0330607891083
1810000
min_value:1269702.0340605665
time:1301.1094379425049
1820000
min_value:1269702.0340605665
time:1308.192507982254
1830000
min_value:1269702.0340605665
time:1315.283127784729
1840000
min_value:1269702.0340605665
time:1322.399251461029
1850000
min_value:1269702.0340605665
time:1329.4795196056366
1860000
min_value:1269702.0340605665
time:1336.5506415367126
1870000
min_value:1269702.0340605665
time:1343.6237471103668
1880000
min_value:1269702.0340605665
time:1350.68150472641
1890000
min_value:1269702.0340605665
time:1357.7737340927124
1900000
min_value:1269702.0340605665
time:1364.8666779994965
1910000
min_value:1269702.0340605665
time:1371.961791753769
1920000
min_value:1269702.0340605665
time:1379.054922580719
1930000
min_value:1269702.0340605665
time:1386.1590785980225
1940000
min_value:1269606.8544482389
time:1393.23415017128
1950000
min_value:1269540.8752930746
time:1400.3363127708435
1960000
min_value:1269516.6084725892
time:1407.4301466941833
1970000
min_value:1269389.581911139
time:1414.5148639678955
1980000
min_value:1269314.0516404267
time:1421.5852313041687
1990000
min_value:1269271.33539128
time:1428.6404535770416
2000000
min_value:1269216.6003305241
time:1435.7030129432678
2010000
min_value:1269203.0343579901
time:1442.764522075653
2020000
min_value:1269203.0343579901
time:1449.836259841919
2030000
min_value:1269203.0343579901
time:1456.937599182129
2040000
min_value:1269203.0343579901
time:1464.0200757980347
2050000
min_value:1269165.3644797592
time:1471.0812227725983
2060000
min_value:1269165.3644797592
time:1478.159096479416
2070000
min_value:1269165.3644797592
time:1485.233024597168
2080000
min_value:1269165.3644797592
time:1492.3161475658417
2090000
min_value:1269165.3644797592
time:1499.4218027591705
2100000
min_value:1269152.616872483
time:1506.5206112861633
2110000
min_value:1269005.5385940229
time:1513.6225497722626
2120000
min_value:1268907.4967870172
time:1520.7099986076355
2130000
min_value:1268804.7513989715
time:1527.8040993213654
2140000
min_value:1268804.7513989715
time:1534.8710219860077
2150000
min_value:1268804.7513989715
time:1541.9004094600677
2160000
min_value:1268804.7513989715
time:1548.981368303299
2170000
min_value:1268799.4153435365
time:1556.0464298725128
2180000
min_value:1268698.2477140008
time:1563.107123374939
2190000
min_value:1268691.3338856904
time:1570.1766760349274
2200000
min_value:1268691.3338856904
time:1577.2520279884338
2210000
min_value:1268691.3338856904
time:1584.33820438385
2220000
min_value:1268691.3338856904
time:1591.4368734359741
2230000
min_value:1268691.3338856904
time:1598.5204622745514
2240000
min_value:1268691.3338856904
time:1605.6043348312378
2250000
min_value:1268691.3338856904
time:1612.6844573020935
2260000
min_value:1268690.8588246997
time:1619.7572305202484
2270000
min_value:1268690.4440838308
time:1626.8352472782135
2280000
min_value:1268627.5741477157
time:1633.8859522342682
2290000
min_value:1268627.5741477157
time:1640.95459318161
2300000
min_value:1268627.5741477157
time:1648.014361858368
2310000
min_value:1268604.9387771778
time:1655.0678572654724
2320000
min_value:1268604.9387771778
time:1662.1231956481934
2330000
min_value:1268604.9387771778
time:1669.1849701404572
2340000
min_value:1268604.9387771778
time:1676.2483184337616
2350000
min_value:1268604.9387771778
time:1683.3313300609589
2360000
min_value:1268604.9387771778
time:1690.4045197963715
2370000
min_value:1268604.9387771778
time:1697.4913141727448
2380000
min_value:1268604.9387771778
time:1704.5649988651276
2390000
min_value:1268604.9387771778
time:1711.5967605113983
2400000
min_value:1268604.9387771778
time:1718.6467351913452
2410000
min_value:1268604.9387771778
time:1725.713021993637
2420000
min_value:1268604.9387771778
time:1732.789624929428
2430000
min_value:1268604.9387771778
time:1739.8353593349457
2440000
min_value:1268604.9387771778
time:1746.8692018985748
2450000
min_value:1268604.9387771778
time:1753.9105122089386
2460000
min_value:1268604.9387771778
time:1760.9503600597382
2470000
min_value:1268604.9387771778
time:1767.9935793876648
2480000
min_value:1268604.9387771778
time:1774.9959750175476
2490000
min_value:1268604.9387771778
time:1782.05917096138
2500000
min_value:1268604.9387771778
time:1789.122187614441
2510000
min_value:1268604.9387771778
time:1796.2059633731842
2520000
min_value:1268604.9387771778
time:1803.2729728221893
2530000
min_value:1268604.9387771778
time:1810.3433241844177
2540000
min_value:1268604.9387771778
time:1817.3721268177032
2550000
min_value:1268604.9387771778
time:1824.3926372528076
2560000
min_value:1268604.9387771778
time:1831.427567243576
2570000
min_value:1268604.9387771778
time:1838.4519581794739
2580000
min_value:1268604.9387771778
time:1845.4967079162598
2590000
min_value:1268604.9387771778
time:1852.5320956707
2600000
min_value:1268604.9387771778
time:1859.5630147457123
2610000
min_value:1268604.9387771778
time:1866.5981812477112
2620000
min_value:1268604.9387771778
time:1873.6147637367249
2630000
min_value:1268604.9387771778
time:1880.6650221347809
2640000
min_value:1268604.9387771778
time:1887.7260885238647
2650000
min_value:1268604.9387771778
time:1894.8132464885712
2660000
min_value:1268604.9387771778
time:1901.889400959015
2670000
min_value:1268604.9387771778
time:1908.9447286128998
2680000
min_value:1268604.9387771778
time:1916.0150690078735
2690000
min_value:1268604.9387771778
time:1923.0795578956604
2700000
min_value:1268604.9387771778
time:1930.1435160636902
2710000
min_value:1268604.9387771778
time:1937.2040224075317
2720000
min_value:1268604.9387771778
time:1944.2619197368622
2730000
min_value:1268604.9387771778
time:1951.348727464676
2740000
min_value:1268577.9149182574
time:1958.4363012313843
2750000
min_value:1268561.6367036486
time:1965.4958748817444
2760000
min_value:1268513.3357770059
time:1972.521563053131
2770000
min_value:1268445.8399495143
time:1979.5588703155518
2780000
min_value:1268376.3220864814
time:1986.6422183513641
2790000
min_value:1268367.582121335
time:1993.7099363803864
2800000
min_value:1268367.582121335
time:2000.7961871623993
2810000
min_value:1268367.582121335
time:2007.9037215709686
2820000
min_value:1268358.143704379
time:2014.965704202652
2830000
min_value:1268358.143704379
time:2022.0330605506897
2840000
min_value:1268358.143704379
time:2029.1075444221497
2850000
min_value:1268350.8386736303
time:2036.179002046585
2860000
min_value:1268304.5583995504
time:2043.2675242424011
2870000
min_value:1268250.1334439607
time:2050.3602952957153
2880000
min_value:1268249.626967781
time:2057.448570251465
2890000
min_value:1268249.626967781
time:2064.536050081253
2900000
min_value:1268249.626967781
time:2071.6138832569122
2910000
min_value:1268249.626967781
time:2078.693042039871
2920000
min_value:1268249.626967781
time:2085.768883705139
2930000
min_value:1268249.626967781
time:2092.822735309601
2940000
min_value:1268241.7981728185
time:2099.85653924942
2950000
min_value:1268241.7981728185
time:2106.8985562324524
2960000
min_value:1268241.7981728185
time:2113.9725289344788
2970000
min_value:1268241.7981728185
time:2121.0370094776154
2980000
min_value:1268241.7981728185
time:2128.1032729148865
2990000
min_value:1268241.7981728185
time:2135.193796157837
3000000
min_value:1268241.7981728185
time:2142.2823581695557
3010000
min_value:1268241.7981728185
time:2149.357465982437
3020000
min_value:1268241.7981728185
time:2156.4520177841187
3030000
min_value:1268241.7981728185
time:2163.5255286693573
3040000
min_value:1268241.7981728185
time:2170.6094913482666
3050000
min_value:1268241.7981728185
time:2177.708995103836
3060000
min_value:1268241.7981728185
time:2184.803870677948
3070000
min_value:1268241.7981728185
time:2191.893893957138
3080000
min_value:1268241.7981728185
time:2198.980988264084
3090000
min_value:1268241.7981728185
time:2206.0508675575256
3100000
min_value:1268241.7981728185
time:2213.091161966324
3110000
min_value:1268241.7981728185
time:2220.1354851722717
3120000
min_value:1268241.7981728185
time:2227.195306777954
3130000
min_value:1268241.7981728185
time:2234.230250597
3140000
min_value:1268241.7981728185
time:2241.2663910388947
3150000
min_value:1268241.7981728185
time:2248.3142144680023
3160000
min_value:1268241.7981728185
time:2255.3630549907684
3170000
min_value:1268241.7981728185
time:2262.401758670807
3180000
min_value:1268241.7981728185
time:2269.480395793915
3190000
min_value:1268241.7981728185
time:2276.5632565021515
3200000
min_value:1268241.7981728185
time:2283.6337447166443
3210000
min_value:1268241.7981728185
time:2290.6651425361633
3220000
min_value:1268241.7981728185
time:2297.6884319782257
3230000
min_value:1268241.7981728185
time:2304.741052389145
3240000
min_value:1268241.7981728185
time:2311.7947623729706
3250000
min_value:1268241.7981728185
time:2318.8407275676727
3260000
min_value:1268241.7981728185
time:2325.869665622711
3270000
min_value:1268241.7981728185
time:2332.9230620861053
3280000
min_value:1268241.7981728185
time:2339.9854719638824
3290000
min_value:1268241.7981728185
time:2347.0333490371704
3300000
min_value:1268241.7981728185
time:2354.0795447826385
3310000
min_value:1268241.7981728185
time:2361.126825094223
3320000
min_value:1268241.7981728185
time:2368.181486606598
3330000
min_value:1268241.7981728185
time:2375.2416756153107
3340000
min_value:1268241.7981728185
time:2382.2962577342987
3350000
min_value:1268241.7981728185
time:2389.356521844864
3360000
min_value:1268241.7981728185
time:2396.42311167717
3370000
min_value:1268241.7981728185
time:2403.4951865673065
3380000
min_value:1268241.7981728185
time:2410.5720431804657
3390000
min_value:1268241.7981728185
time:2417.6428833007812
3400000
min_value:1268241.7981728185
time:2424.71071100235
3410000
min_value:1268241.7981728185
time:2431.7849102020264
3420000
min_value:1268241.7981728185
time:2438.8486013412476
3430000
min_value:1268241.7981728185
time:2445.911017894745
3440000
min_value:1268241.7981728185
time:2452.9647092819214
3450000
min_value:1268241.7981728185
time:2460.0229001045227
3460000
min_value:1268241.7981728185
time:2467.091171979904
3470000
min_value:1268241.7981728185
time:2474.1574103832245
3480000
min_value:1268241.7981728185
time:2481.2262201309204
3490000
min_value:1268241.7981728185
time:2488.286784172058
3500000
min_value:1268241.7981728185
time:2495.357241630554
3510000
min_value:1268241.7981728185
time:2502.416004180908
3520000
min_value:1268241.7981728185
time:2509.4734642505646
3530000
min_value:1268241.7981728185
time:2516.5131924152374
3540000
min_value:1268241.7981728185
time:2523.5586042404175
3550000
min_value:1268241.7981728185
time:2530.623932123184
3560000
min_value:1268241.7981728185
time:2537.697180747986
3570000
min_value:1268241.7981728185
time:2544.7661623954773
3580000
min_value:1268241.7981728185
time:2551.8458967208862
3590000
min_value:1268241.7981728185
time:2558.928880214691
3600000
min_value:1268241.7981728185
time:2566.0258746147156
3610000
min_value:1268241.7981728185
time:2573.1207571029663
3620000
min_value:1268241.7981728185
time:2580.2145454883575
3630000
min_value:1268241.7981728185
time:2587.3329572677612
3640000
min_value:1268241.7981728185
time:2594.4328701496124
3650000
min_value:1268241.7981728185
time:2601.519273042679
3660000
min_value:1268241.7981728185
time:2608.6211693286896
3670000
min_value:1268241.7981728185
time:2615.7261633872986
3680000
min_value:1268241.7981728185
time:2622.820320367813
3690000
min_value:1268241.7981728185
time:2629.910448551178
3700000
min_value:1268241.7981728185
time:2636.989450931549
3710000
min_value:1268241.7981728185
time:2644.0656793117523
3720000
min_value:1268241.7981728185
time:2651.146297931671
3730000
min_value:1268241.7981728185
time:2658.229224205017
3740000
min_value:1268241.7981728185
time:2665.321939945221
3750000
min_value:1268241.7981728185
time:2672.403732776642
3760000
min_value:1268241.7981728185
time:2679.506769657135
3770000
min_value:1268241.7981728185
time:2686.5728521347046
3780000
min_value:1268241.7981728185
time:2693.6744208335876
3790000
min_value:1268241.7981728185
time:2700.7614755630493
3800000
min_value:1268241.7981728185
time:2707.8538098335266
3810000
min_value:1268241.7981728185
time:2714.940294981003
3820000
min_value:1268241.7981728185
time:2722.044305086136
3830000
min_value:1268241.7981728185
time:2729.1447536945343
3840000
min_value:1268241.7981728185
time:2736.2429163455963
3850000
min_value:1268241.7981728185
time:2743.3460438251495
3860000
min_value:1268241.7981728185
time:2750.43989610672
3870000
min_value:1268241.7981728185
time:2757.5233476161957
3880000
min_value:1268241.7981728185
time:2764.608095884323
3890000
min_value:1268241.7981728185
time:2771.7109277248383
3900000
min_value:1268241.7981728185
time:2778.8057222366333
3910000
min_value:1268241.7981728185
time:2785.8929648399353
3920000
min_value:1268241.7981728185
time:2792.967473745346
3930000
min_value:1268241.7981728185
time:2800.0398976802826
3940000
min_value:1268241.7981728185
time:2807.1337349414825
3950000
min_value:1268241.7981728185
time:2814.2167613506317
3960000
min_value:1268241.7981728185
time:2821.2283051013947
3970000
min_value:1268241.7981728185
time:2828.3332793712616
3980000
min_value:1268241.7981728185
time:2835.422863960266
3990000
min_value:1268241.7981728185
time:2842.490426301956
4000000
min_value:1268241.7981728185
time:2849.5878489017487
4010000
min_value:1268241.7981728185
time:2856.6917974948883
4020000
min_value:1268241.7981728185
time:2863.778934240341
4030000
min_value:1268241.7981728185
time:2870.8732290267944
4040000
min_value:1268241.7981728185
time:2877.9584817886353
4050000
min_value:1268241.7981728185
time:2885.078339099884
4060000
min_value:1268241.7981728185
time:2892.1680715084076
4070000
min_value:1268241.7981728185
time:2899.256995201111
4080000
min_value:1268241.7981728185
time:2906.357354402542
4090000
min_value:1268241.7981728185
time:2913.4512155056
4100000
min_value:1268241.7981728185
time:2920.538101196289
4110000
min_value:1268209.3946767088
time:2927.61146569252
4120000
min_value:1268151.1238884488
time:2934.705387353897
4130000
min_value:1268101.022270688
time:2941.8155682086945
4140000
min_value:1268086.6858004797
time:2948.920290708542
4150000
min_value:1268028.861835224
time:2956.0081639289856
4160000
min_value:1268028.861835224
time:2963.119262933731
4170000
min_value:1268028.861835224
time:2970.226190805435
4180000
min_value:1268028.861835224
time:2977.307149171829
4190000
min_value:1268028.861835224
time:2984.3848361968994
4200000
min_value:1268028.861835224
time:2991.463184118271
4210000
min_value:1268028.861835224
time:2998.540442943573
4220000
min_value:1268028.861835224
time:3005.6217336654663
4230000
min_value:1268028.861835224
time:3012.702708721161
4240000
min_value:1268028.861835224
time:3019.7605686187744
4250000
min_value:1268028.861835224
time:3026.8348536491394
4260000
min_value:1268028.861835224
time:3033.919091463089
4270000
min_value:1268028.861835224
time:3041.0216665267944
4280000
min_value:1268028.861835224
time:3048.1218519210815
4290000
min_value:1268028.861835224
time:3055.1760818958282
4300000
min_value:1268028.861835224
time:3062.232914209366
4310000
min_value:1268028.861835224
time:3069.2834298610687
4320000
min_value:1268028.861835224
time:3076.376621246338
4330000
min_value:1268028.861835224
time:3083.4566934108734
4340000
min_value:1268028.861835224
time:3090.5012500286102
4350000
min_value:1268028.861835224
time:3097.57915186882
4360000
min_value:1268028.861835224
time:3104.6798791885376
4370000
min_value:1268028.861835224
time:3111.754070520401
4380000
min_value:1267987.6664753975
time:3118.808000802994
4390000
min_value:1267911.7119738506
time:3125.902235507965
4400000
min_value:1267832.5576558881
time:3132.9840409755707
4410000
min_value:1267781.975835018
time:3140.070375442505
4420000
min_value:1267781.975835018
time:3147.0148379802704
4430000
min_value:1267781.975835018
time:3154.032731771469
4440000
min_value:1267781.975835018
time:3161.0348522663116
4450000
min_value:1267781.975835018
time:3167.800721883774
4460000
min_value:1267781.975835018
time:3174.9057364463806
4470000
min_value:1267781.975835018
time:3182.1297702789307
4480000
min_value:1267781.975835018
time:3189.2586364746094
4490000
min_value:1267781.975835018
time:3196.194360733032
4500000
min_value:1267781.975835018
time:3203.01007938385
4510000
min_value:1267781.975835018
time:3210.1060514450073
4520000
min_value:1267781.975835018
time:3217.2972078323364
4530000
min_value:1267781.975835018
time:3224.3343410491943
4540000
min_value:1267781.975835018
time:3231.577054977417
4550000
min_value:1267781.975835018
time:3239.0031611919403
4560000
min_value:1267781.975835018
time:3246.4205980300903
4570000
min_value:1267781.975835018
time:3253.848813533783
4580000
min_value:1267781.975835018
time:3261.2498474121094
4590000
min_value:1267781.975835018
time:3268.6851539611816
4600000
min_value:1267781.975835018
time:3276.086040496826
4610000
min_value:1267781.975835018
time:3283.5108485221863
4620000
min_value:1267781.975835018
time:3290.914100408554
4630000
min_value:1267781.975835018
time:3298.336371421814
4640000
min_value:1267781.975835018
time:3305.7370913028717
4650000
min_value:1267781.975835018
time:3313.164581298828
4660000
min_value:1267781.975835018
time:3320.560739517212
4670000
min_value:1267781.975835018
time:3327.9795265197754
4680000
min_value:1267781.975835018
time:3335.3789010047913
4690000
min_value:1267781.975835018
time:3342.779313802719
4700000
min_value:1267781.975835018
time:3350.186514854431
4710000
min_value:1267781.975835018
time:3357.590856075287
4720000
min_value:1267781.975835018
time:3364.9868030548096
4730000
min_value:1267781.975835018
time:3372.3957595825195
4740000
min_value:1267781.975835018
time:3379.802565574646
4750000
min_value:1267781.975835018
time:3387.194969892502
4760000
min_value:1267781.975835018
time:3394.6040177345276
4770000
min_value:1267781.975835018
time:3402.028450489044
4780000
min_value:1267781.975835018
time:3409.4534075260162
4790000
min_value:1267781.975835018
time:3416.892375946045
4800000
min_value:1267781.975835018
time:3424.2908499240875
4810000
min_value:1267781.975835018
time:3431.7054822444916
4820000
min_value:1267781.975835018
time:3439.1384563446045
4830000
min_value:1267781.975835018
time:3446.56382894516
4840000
min_value:1267781.975835018
time:3453.920931816101
4850000
min_value:1267781.975835018
time:3461.2887387275696
4860000
min_value:1267781.975835018
time:3468.618857860565
4870000
min_value:1267781.975835018
time:3475.9771468639374
4880000
min_value:1267781.975835018
time:3483.3134133815765
4890000
min_value:1267781.975835018
time:3490.671326160431
4900000
min_value:1267781.975835018
time:3497.992082595825
4910000
min_value:1267781.975835018
time:3505.3265466690063
4920000
min_value:1267781.975835018
time:3512.684958219528
4930000
min_value:1267781.975835018
time:3520.0165972709656
4940000
min_value:1267781.975835018
time:3527.3711104393005
4950000
min_value:1267781.975835018
time:3534.725728034973
4960000
min_value:1267781.975835018
time:3542.082339525223
4970000
min_value:1267781.975835018
time:3549.4271252155304
4980000
min_value:1267781.975835018
time:3556.7575941085815
4990000
min_value:1267781.975835018
time:3564.1019999980927
5000000
min_value:1267781.975835018
time:3571.430374145508
5000000
fvalues:1267781.975835018
time_values:3571.430374145508
