./results/regularized test/dim:1000_ord:1_coef:1_fused:False/proposed/lr:1e-05_reduced_dim:100_sample_size:1_mu:1e-08_step_schedule:constant
10000
min_value:1460.2988276987578
time:12.285027503967285
20000
min_value:1420.8031612009772
time:20.609981536865234
30000
min_value:1382.8760982345063
time:28.804704666137695
40000
min_value:1346.1645359697463
time:37.21357727050781
50000
min_value:1309.3730031327627
time:45.46181869506836
60000
min_value:1272.7535227565527
time:53.659400939941406
70000
min_value:1237.3034541680408
time:62.030906677246094
80000
min_value:1202.2545810909246
time:70.33010864257812
90000
min_value:1168.5458444728788
time:78.68184661865234
100000
min_value:1135.493806491204
time:86.88513946533203
110000
min_value:1103.1890528871927
time:95.0738296508789
120000
min_value:1070.8427406632698
time:103.47808074951172
130000
min_value:1039.7358531170185
time:111.76014709472656
140000
min_value:1008.4600092079468
time:120.105224609375
150000
min_value:978.2054954614832
time:128.44903564453125
160000
min_value:948.7281692117916
time:136.7930145263672
170000
min_value:920.2760644550738
time:145.03555297851562
180000
min_value:891.0401906802728
time:153.28573608398438
190000
min_value:863.3514159872107
time:161.57371520996094
200000
min_value:836.4993818089085
time:169.88230895996094
210000
min_value:810.138472579715
time:178.09983825683594
220000
min_value:783.8003159128268
time:186.49169921875
230000
min_value:758.9095495471759
time:194.81700134277344
240000
min_value:733.8137470406793
time:203.08262634277344
250000
min_value:709.6593313853823
time:211.43263244628906
260000
min_value:686.309407417519
time:219.8565673828125
270000
min_value:662.2151354158636
time:228.21388244628906
280000
min_value:639.8656288481827
time:236.45291137695312
290000
min_value:617.3876641878502
time:244.74929809570312
300000
min_value:595.4836205589215
time:253.1068878173828
310000
min_value:573.6592583589448
time:261.4919128417969
320000
min_value:552.2317346360444
time:269.8822937011719
330000
min_value:530.9053591589868
time:278.2583923339844
340000
min_value:509.9429321058045
time:286.57952880859375
350000
min_value:489.5365083131178
time:294.98907470703125
360000
min_value:469.93265800967384
time:303.26458740234375
370000
min_value:450.9276532763794
time:311.6510314941406
380000
min_value:432.0850041254283
time:320.0108947753906
390000
min_value:413.35059160672284
time:328.3123474121094
400000
min_value:395.41675244515795
time:336.7360534667969
410000
min_value:377.7516770040687
time:345.1368103027344
420000
min_value:360.5526435847695
time:353.380126953125
430000
min_value:343.6326779765644
time:361.6887512207031
440000
min_value:327.16337767141533
time:369.8587341308594
450000
min_value:310.5564019009014
time:378.1622314453125
460000
min_value:294.11032743684746
time:386.4800109863281
470000
min_value:278.68782826370045
time:394.9109802246094
480000
min_value:263.0127165542175
time:403.1933288574219
490000
min_value:247.80943681498485
time:411.56732177734375
500000
min_value:232.96863767423278
time:419.9618835449219
500000
fvalues:232.9680303359514
time_values:419.9618835449219
10000
min_value:1460.5188551835759
time:8.407376289367676
20000
min_value:1421.0923641381564
time:16.81016731262207
30000
min_value:1383.0932379833207
time:25.203258514404297
40000
min_value:1344.5920638635826
time:33.52201461791992
50000
min_value:1308.0304686839859
time:41.7996826171875
60000
min_value:1271.5818744291623
time:50.05609893798828
70000
min_value:1236.9710320793026
time:58.46511459350586
80000
min_value:1202.4445845439577
time:66.8688735961914
90000
min_value:1168.7062841997836
time:75.2706527709961
100000
min_value:1135.5518924562662
time:83.64762878417969
110000
min_value:1102.5130802478907
time:91.95741271972656
120000
min_value:1070.6303688049575
time:100.15322875976562
130000
min_value:1039.5249874904043
time:108.43827819824219
140000
min_value:1008.8975782036612
time:116.6806869506836
150000
min_value:978.8060617546764
time:125.09400939941406
160000
min_value:949.8079669084615
time:133.454345703125
170000
min_value:920.9639214742726
time:141.6960906982422
180000
min_value:892.5566808471513
time:150.08352661132812
190000
min_value:864.6722889614855
time:158.47940063476562
200000
min_value:838.3337164112536
time:166.80364990234375
210000
min_value:811.5599265853757
time:175.08773803710938
220000
min_value:785.7315759679916
time:183.47608947753906
230000
min_value:760.4397146369995
time:191.84228515625
240000
min_value:735.2029019187097
time:200.17752075195312
250000
min_value:710.423430986854
time:208.587158203125
260000
min_value:686.4974829353575
time:216.92112731933594
270000
min_value:663.5244313881135
time:225.29867553710938
280000
min_value:640.3912505498374
time:233.59239196777344
290000
min_value:617.6998904078614
time:241.90313720703125
300000
min_value:595.8914655562514
time:250.12600708007812
310000
min_value:574.2773914455764
time:258.4370422363281
320000
min_value:552.7794566064689
time:266.9241027832031
330000
min_value:531.888945434303
time:275.3482666015625
340000
min_value:511.3841025461599
time:283.7644348144531
350000
min_value:491.10079379774174
time:292.1875
360000
min_value:471.4761963266874
time:300.56072998046875
370000
min_value:451.7982465447968
time:308.9260559082031
380000
min_value:432.860112629917
time:317.3078308105469
390000
min_value:414.76646161255064
time:325.6296691894531
400000
min_value:396.62868149922076
time:334.10870361328125
410000
min_value:378.81540446589406
time:342.47454833984375
420000
min_value:361.11805211887645
time:350.7542419433594
430000
min_value:343.71992623137663
time:359.1749267578125
440000
min_value:326.85772756341225
time:367.5872802734375
450000
min_value:310.49810474663326
time:375.9164733886719
460000
min_value:294.501318375711
time:384.2578430175781
470000
min_value:278.76479749903785
time:392.6550598144531
480000
min_value:263.4087582546987
time:401.0047607421875
490000
min_value:248.39923777601135
time:409.318603515625
500000
min_value:233.45160612685243
time:417.70574951171875
500000
fvalues:233.45000738284682
time_values:417.70574951171875
10000
min_value:1460.2586496112528
time:8.42001724243164
20000
min_value:1421.8514362730655
time:16.817304611206055
30000
min_value:1383.485662009124
time:25.13968849182129
40000
min_value:1346.8497806875107
time:33.268924713134766
50000
min_value:1310.6894064660196
time:41.6985969543457
60000
min_value:1274.7297422386468
time:49.9497184753418
70000
min_value:1240.0853262589717
time:58.28191375732422
80000
min_value:1206.1788109923614
time:66.5388412475586
90000
min_value:1172.5586034669896
time:74.85184478759766
100000
min_value:1139.7322169399138
time:83.05790710449219
110000
min_value:1106.5553419441976
time:91.4855728149414
120000
min_value:1075.1732906981508
time:99.95245361328125
130000
min_value:1044.4740485503921
time:108.36270141601562
140000
min_value:1014.1641666175572
time:116.7587661743164
150000
min_value:984.0321332800497
time:125.02177429199219
160000
min_value:955.22551167304
time:133.33518981933594
170000
min_value:926.1737181097385
time:141.6272430419922
180000
min_value:897.9643912885916
time:149.93814086914062
190000
min_value:870.9416755470407
time:158.21676635742188
200000
min_value:843.5497826649728
time:166.57127380371094
210000
min_value:817.1110744840496
time:175.20860290527344
220000
min_value:791.3354143408019
time:183.91064453125
230000
min_value:765.9684009529656
time:192.47203063964844
240000
min_value:740.3554761727858
time:200.84133911132812
250000
min_value:716.3442746310589
time:209.23037719726562
260000
min_value:692.282555120989
time:217.52734375
270000
min_value:668.9944059389105
time:225.8533172607422
280000
min_value:645.8567660856517
time:234.3213653564453
290000
min_value:623.2007136535524
time:242.89866638183594
300000
min_value:601.1950774391973
time:251.4351806640625
310000
min_value:578.9182386979003
time:259.88458251953125
320000
min_value:557.6578278534024
time:268.3910827636719
330000
min_value:536.3306804764142
time:276.9522399902344
340000
min_value:515.517936305825
time:285.4297180175781
350000
min_value:495.1086856976522
time:293.9884338378906
360000
min_value:475.5230643798616
time:302.5018615722656
370000
min_value:456.11798001858784
time:311.1309814453125
380000
min_value:437.3388253720205
time:319.8017272949219
390000
min_value:418.6016717027834
time:328.3018493652344
400000
min_value:400.3170613565115
time:336.8238830566406
410000
min_value:382.46671302911926
time:345.3700866699219
420000
min_value:364.8679011903772
time:353.86956787109375
430000
min_value:347.34481197782117
time:362.3411560058594
440000
min_value:330.52585770760095
time:370.82977294921875
450000
min_value:314.22834124005124
time:379.30511474609375
460000
min_value:298.1665068999994
time:387.87982177734375
470000
min_value:282.3472395594771
time:396.37835693359375
480000
min_value:267.1128380099462
time:404.9182434082031
490000
min_value:251.85911112942009
time:413.443359375
500000
min_value:237.33314644059078
time:421.95208740234375
500000
fvalues:237.33261371820936
time_values:421.95208740234375
10000
min_value:1461.36835921579
time:8.509052276611328
20000
min_value:1423.2081633233151
time:17.0258846282959
30000
min_value:1385.2204373809027
time:25.525117874145508
40000
min_value:1348.4505712865903
time:33.975399017333984
50000
min_value:1312.0873421489562
time:42.46434020996094
60000
min_value:1275.987484776405
time:50.936031341552734
70000
min_value:1241.0029236451846
time:59.542110443115234
80000
min_value:1206.735458489104
time:68.12420654296875
90000
min_value:1173.1210272355554
time:76.62992858886719
100000
min_value:1140.4661856314724
time:85.16465759277344
110000
min_value:1108.6136828698302
time:93.59014892578125
120000
min_value:1076.1072228555056
time:102.15747833251953
130000
min_value:1045.0390506073504
time:110.6279525756836
140000
min_value:1013.642138099739
time:119.17332458496094
150000
min_value:983.7328863680177
time:127.65388488769531
160000
min_value:954.1649708120906
time:136.10848999023438
170000
min_value:925.3066562480878
time:144.6204071044922
180000
min_value:896.8356741406723
time:153.19984436035156
190000
min_value:869.2895722729511
time:161.65916442871094
200000
min_value:842.440866351036
time:170.1855010986328
210000
min_value:814.892537539202
time:178.68177795410156
220000
min_value:788.9373289444857
time:187.2198486328125
230000
min_value:763.8666240801614
time:195.72579956054688
240000
min_value:738.827788922223
time:204.17591857910156
250000
min_value:714.082765335582
time:212.7398223876953
260000
min_value:690.0929175709553
time:221.29049682617188
270000
min_value:666.1492882783427
time:229.83074951171875
280000
min_value:642.9722775278606
time:238.42971801757812
290000
min_value:620.3403857875225
time:246.9495086669922
300000
min_value:598.2579160976459
time:255.46286010742188
310000
min_value:576.5266204809977
time:264.1692199707031
320000
min_value:554.9793095816335
time:272.67462158203125
330000
min_value:534.4931025881352
time:281.3682861328125
340000
min_value:514.578340124875
time:289.8926086425781
350000
min_value:494.7546565859794
time:298.4510803222656
360000
min_value:475.5010593865345
time:306.9620056152344
370000
min_value:456.3261292821679
time:315.503662109375
380000
min_value:437.10263720719394
time:324.1196594238281
390000
min_value:418.5177526065458
time:332.54632568359375
400000
min_value:400.4338997681921
time:340.8451843261719
410000
min_value:382.5135216602067
time:349.12115478515625
420000
min_value:365.04801215393286
time:357.4896240234375
430000
min_value:347.78021188297737
time:365.7953186035156
440000
min_value:331.0287667397535
time:374.1951599121094
450000
min_value:314.63445723990395
time:382.672119140625
460000
min_value:298.40154906998055
time:391.0074462890625
470000
min_value:282.74841707110744
time:399.55621337890625
480000
min_value:267.5611889424371
time:408.16693115234375
490000
min_value:252.61633334366215
time:416.6856384277344
500000
min_value:237.675302776281
time:425.1075439453125
500000
fvalues:237.67280409510238
time_values:425.1075439453125
10000
min_value:1460.6450228891074
time:8.272324562072754
20000
min_value:1422.4599406904335
time:16.590728759765625
30000
min_value:1383.9614661865298
time:25.00629997253418
40000
min_value:1346.0279676000189
time:33.50531768798828
50000
min_value:1309.5376311894051
time:42.03240966796875
60000
min_value:1273.8438044219633
time:50.54606628417969
70000
min_value:1238.082078218244
time:59.0926628112793
80000
min_value:1203.3169251538286
time:67.57589721679688
90000
min_value:1169.958320992603
time:76.11209106445312
100000
min_value:1137.434384335555
time:84.64896392822266
110000
min_value:1104.8026591094344
time:93.1421127319336
120000
min_value:1073.0278438047835
time:101.70359802246094
130000
min_value:1042.1718255731712
time:110.23648071289062
140000
min_value:1011.6072489467501
time:118.55789184570312
150000
min_value:980.9426346309442
time:126.88674926757812
160000
min_value:952.1579791270892
time:135.20199584960938
170000
min_value:923.7043593376545
time:143.509521484375
180000
min_value:895.2172530281448
time:151.98715209960938
190000
min_value:867.8600479948785
time:160.4729766845703
200000
min_value:840.624192914497
time:169.01919555664062
210000
min_value:813.5841332503612
time:177.4409942626953
220000
min_value:787.2789614079251
time:185.88230895996094
230000
min_value:761.4482327686678
time:194.4493865966797
240000
min_value:736.5357481575729
time:202.92520141601562
250000
min_value:711.6303127370315
time:211.4977264404297
260000
min_value:687.3831440036781
time:219.9338836669922
270000
min_value:664.0985039569025
time:228.3982696533203
280000
min_value:641.2991566053474
time:236.9595947265625
290000
min_value:618.4945721204253
time:245.56109619140625
300000
min_value:596.5087863521375
time:254.15869140625
310000
min_value:575.6108698235578
time:262.7499084472656
320000
min_value:554.0218615841864
time:271.21563720703125
330000
min_value:533.398112209089
time:279.75958251953125
340000
min_value:512.6368190992017
time:288.374755859375
350000
min_value:492.88370864801107
time:297.0134582519531
360000
min_value:473.25504682401186
time:305.53350830078125
370000
min_value:453.97285907395593
time:314.0102233886719
380000
min_value:435.4880102230777
time:322.5687561035156
390000
min_value:416.86954714292256
time:331.0086669921875
400000
min_value:398.83328058970363
time:339.50006103515625
410000
min_value:381.453954121789
time:347.99346923828125
420000
min_value:363.9500878073761
time:356.6038513183594
430000
min_value:346.92307583866057
time:365.1316833496094
440000
min_value:330.1823040163985
time:373.61846923828125
450000
min_value:313.8894648768384
time:382.0557556152344
460000
min_value:297.75239407141544
time:390.57305908203125
470000
min_value:282.27420628082126
time:399.09051513671875
480000
min_value:265.98764059058766
time:407.6268310546875
490000
min_value:250.925053404706
time:416.1473083496094
500000
min_value:236.26673868167836
time:424.7386779785156
500000
fvalues:236.2666534752976
time_values:424.7386779785156
10000
min_value:1460.3327346859069
time:8.50638198852539
20000
min_value:1422.5799038994928
time:17.0408878326416
30000
min_value:1385.4409131415582
time:25.513389587402344
40000
min_value:1347.365441044423
time:34.015628814697266
50000
min_value:1311.2153278610751
time:42.578529357910156
60000
min_value:1275.3126131451897
time:51.139583587646484
70000
min_value:1239.411376600313
time:59.742244720458984
80000
min_value:1204.8579186625304
time:68.2794418334961
90000
min_value:1171.2909801017856
time:76.79913330078125
100000
min_value:1138.5902063457347
time:85.3020248413086
110000
min_value:1106.3218371440273
time:93.86698913574219
120000
min_value:1074.1867178251907
time:102.50607299804688
130000
min_value:1043.286540285857
time:110.95458984375
140000
min_value:1012.4197370305742
time:119.30097961425781
150000
min_value:982.6529420506404
time:127.68849182128906
160000
min_value:953.1092033790794
time:136.3028106689453
170000
min_value:924.0910526347886
time:144.8677978515625
180000
min_value:895.4235897843772
time:153.47329711914062
190000
min_value:867.8966585850699
time:162.00828552246094
200000
min_value:840.9165432786717
time:170.5517120361328
210000
min_value:814.2667649978123
time:179.07508850097656
220000
min_value:788.6200472141738
time:187.57884216308594
230000
min_value:763.1496097593745
time:196.2113037109375
240000
min_value:738.3319101239374
time:204.76983642578125
250000
min_value:714.1711593053478
time:213.39381408691406
260000
min_value:689.7942978658614
time:221.90609741210938
270000
min_value:666.5626247090155
time:230.53668212890625
280000
min_value:642.8288243679771
time:239.08009338378906
290000
min_value:619.747707307847
time:247.6737060546875
300000
min_value:598.1440285915241
time:256.2183532714844
310000
min_value:576.9824164425027
time:264.7386779785156
320000
min_value:555.4997396789421
time:273.21026611328125
330000
min_value:534.1583046212556
time:281.50958251953125
340000
min_value:513.8942822531832
time:289.8038024902344
350000
min_value:494.1150854163035
time:298.1183166503906
360000
min_value:474.18716493556065
time:306.4426574707031
370000
min_value:455.03949296708527
time:314.7608947753906
380000
min_value:435.7395609441876
time:323.3348388671875
390000
min_value:417.365402504919
time:331.8305358886719
400000
min_value:399.07984225872576
time:340.4039306640625
410000
min_value:381.2035334453239
time:348.8984069824219
420000
min_value:364.0122541528658
time:357.4671630859375
430000
min_value:347.37688095929
time:365.9515075683594
440000
min_value:330.393786835895
time:374.5203857421875
450000
min_value:313.8811758333507
time:383.064697265625
460000
min_value:297.58544963980654
time:391.6353759765625
470000
min_value:281.82660975529024
time:400.1761474609375
480000
min_value:265.8486445691891
time:408.6573181152344
490000
min_value:250.49184436798888
time:417.288330078125
500000
min_value:235.83910551786727
time:425.9084777832031
500000
fvalues:235.83863360967968
time_values:425.9084777832031
10000
min_value:1460.7580489119446
time:8.543756484985352
20000
min_value:1421.5672584586873
time:17.053817749023438
30000
min_value:1383.5235447864561
time:25.50535011291504
40000
min_value:1346.1568441256481
time:34.012577056884766
50000
min_value:1308.8267734479477
time:42.57241439819336
60000
min_value:1272.9257056014478
time:51.14208221435547
70000
min_value:1237.573716739471
time:59.82051467895508
80000
min_value:1203.357317166326
time:68.47151184082031
90000
min_value:1169.976531770099
time:77.06383514404297
100000
min_value:1136.4545331164682
time:85.66339111328125
110000
min_value:1104.971951045783
time:94.2544174194336
120000
min_value:1073.5601660323775
time:102.82156372070312
130000
min_value:1042.8807583572534
time:111.42182922363281
140000
min_value:1012.4506811695238
time:119.9966812133789
150000
min_value:981.974021683804
time:128.5148162841797
160000
min_value:953.183686978036
time:136.9987030029297
170000
min_value:924.5811432044127
time:145.62783813476562
180000
min_value:896.3507123968968
time:154.2115936279297
190000
min_value:869.2259616388228
time:162.6640167236328
200000
min_value:842.667760197776
time:171.25711059570312
210000
min_value:816.0275979203083
time:179.7620391845703
220000
min_value:789.9770668782539
time:188.25875854492188
230000
min_value:765.0564917592251
time:196.7545166015625
240000
min_value:739.4949715903903
time:205.317138671875
250000
min_value:714.9548711986995
time:213.8682098388672
260000
min_value:690.8703572416929
time:222.43600463867188
270000
min_value:667.0309673127742
time:231.01353454589844
280000
min_value:643.4030533169225
time:239.50306701660156
290000
min_value:620.7149575547573
time:247.97210693359375
300000
min_value:598.5033929587955
time:256.527587890625
310000
min_value:576.6161117063278
time:265.0707702636719
320000
min_value:554.79778351863
time:273.6362609863281
330000
min_value:534.2102588483901
time:282.2320556640625
340000
min_value:513.3999845782687
time:290.7540588378906
350000
min_value:493.0700921092437
time:299.22723388671875
360000
min_value:473.71930797426137
time:307.7726745605469
370000
min_value:454.42047204920766
time:316.3310546875
380000
min_value:435.46675170723387
time:324.8888244628906
390000
min_value:416.9874344026475
time:333.41046142578125
400000
min_value:398.6539895908548
time:341.867919921875
410000
min_value:380.76225219359594
time:350.44610595703125
420000
min_value:363.5178228019254
time:359.0794372558594
430000
min_value:346.3253053348872
time:367.7222900390625
440000
min_value:329.46296522827197
time:376.3299865722656
450000
min_value:313.2772014258966
time:384.865234375
460000
min_value:297.0799987366715
time:393.4296569824219
470000
min_value:281.4704428914489
time:402.0139465332031
480000
min_value:265.8505325783761
time:410.56671142578125
490000
min_value:250.43430234247776
time:419.1015930175781
500000
min_value:235.75136027043172
time:427.6793212890625
500000
fvalues:235.75054079041277
time_values:427.6793212890625
10000
min_value:1460.9369814547667
time:8.506150245666504
20000
min_value:1422.3673076082935
time:17.015743255615234
30000
min_value:1383.5127213951957
time:25.610401153564453
40000
min_value:1345.4744149927126
time:34.12979507446289
50000
min_value:1309.163778057607
time:42.66633605957031
60000
min_value:1273.7963895864111
time:51.22589874267578
70000
min_value:1238.7093232284533
time:59.74639129638672
80000
min_value:1203.2464854778605
time:68.28623962402344
90000
min_value:1168.9138196130295
time:76.76493072509766
100000
min_value:1135.896044748711
time:85.32341766357422
110000
min_value:1103.5967383757616
time:93.9326400756836
120000
min_value:1070.9437647822601
time:102.39369201660156
130000
min_value:1039.851078153909
time:110.93610382080078
140000
min_value:1010.2330533739555
time:119.51856231689453
150000
min_value:979.643521310131
time:128.03297424316406
160000
min_value:950.6874952812577
time:136.61904907226562
170000
min_value:922.735202200972
time:145.10226440429688
180000
min_value:895.1742306714602
time:153.655029296875
190000
min_value:868.1837666146665
time:162.30189514160156
200000
min_value:841.1725329937447
time:170.7860870361328
210000
min_value:814.9924207340412
time:179.3829345703125
220000
min_value:788.12907631859
time:187.88319396972656
230000
min_value:763.1153674777155
time:196.46827697753906
240000
min_value:737.5680124039178
time:205.03741455078125
250000
min_value:712.7171509854965
time:213.50279235839844
260000
min_value:688.5906612364472
time:221.95941162109375
270000
min_value:665.6248693708925
time:230.49427795410156
280000
min_value:642.5136012334809
time:238.96363830566406
290000
min_value:620.0263671227328
time:247.5249481201172
300000
min_value:598.1908283882651
time:256.05767822265625
310000
min_value:576.3403666213039
time:264.598388671875
320000
min_value:554.407192512232
time:273.1618957519531
330000
min_value:533.6888638334702
time:281.7513732910156
340000
min_value:513.201820022376
time:290.33978271484375
350000
min_value:493.97223257952805
time:298.9316101074219
360000
min_value:474.34117665167605
time:307.53192138671875
370000
min_value:455.53056718808523
time:316.10986328125
380000
min_value:436.4171182946501
time:324.7221984863281
390000
min_value:417.43325636297493
time:333.29937744140625
400000
min_value:399.64592337363075
time:341.85125732421875
410000
min_value:381.8198738602397
time:350.3822326660156
420000
min_value:364.2990552363318
time:358.9869079589844
430000
min_value:346.8534692784083
time:367.5170593261719
440000
min_value:330.1572500568353
time:376.08514404296875
450000
min_value:313.81377042695715
time:384.6601867675781
460000
min_value:297.95079630549924
time:393.16009521484375
470000
min_value:281.98289162471076
time:401.70166015625
480000
min_value:266.5840392202244
time:410.2412109375
490000
min_value:251.53389566822804
time:418.7526550292969
500000
min_value:236.91763015818788
time:427.2826232910156
500000
fvalues:236.91672503090288
time_values:427.2826232910156
10000
min_value:1460.3618954698738
time:8.608567237854004
20000
min_value:1420.950928105404
time:17.167959213256836
30000
min_value:1382.794303935165
time:25.593032836914062
40000
min_value:1344.8901374966158
time:34.118263244628906
50000
min_value:1309.1627535348362
time:42.62648391723633
60000
min_value:1272.7441235647448
time:51.150611877441406
70000
min_value:1237.481242779471
time:59.70743179321289
80000
min_value:1202.7370362548727
time:68.24861145019531
90000
min_value:1169.6694963652278
time:76.77632141113281
100000
min_value:1136.3201524831156
time:85.45533752441406
110000
min_value:1104.049508088624
time:94.0300521850586
120000
min_value:1071.7028360919983
time:102.55353546142578
130000
min_value:1040.7191460296099
time:111.14662170410156
140000
min_value:1009.9847015443652
time:119.6653060913086
150000
min_value:980.409227534454
time:128.27386474609375
160000
min_value:950.7628563165101
time:136.8066864013672
170000
min_value:922.0464406639512
time:145.2997283935547
180000
min_value:893.7476915795977
time:153.85049438476562
190000
min_value:866.1843013944715
time:162.45199584960938
200000
min_value:839.2200325296769
time:171.1483612060547
210000
min_value:812.6177079609106
time:179.68316650390625
220000
min_value:787.076160947187
time:188.1964569091797
230000
min_value:761.5508175104083
time:196.69158935546875
240000
min_value:737.1242278085981
time:205.1964111328125
250000
min_value:713.2387178782394
time:213.68467712402344
260000
min_value:689.4330428354293
time:222.18191528320312
270000
min_value:665.6474950996248
time:230.70138549804688
280000
min_value:642.6237378430999
time:239.0616455078125
290000
min_value:619.6908021651273
time:247.40646362304688
300000
min_value:597.025964465285
time:255.83819580078125
310000
min_value:575.0501555388844
time:264.2933044433594
320000
min_value:554.3056032734919
time:272.7884826660156
330000
min_value:533.5887409274326
time:281.28338623046875
340000
min_value:513.4048376192102
time:289.7421569824219
350000
min_value:493.3688867773033
time:298.3432312011719
360000
min_value:473.63136973397627
time:306.90203857421875
370000
min_value:454.2673986607129
time:315.4226379394531
380000
min_value:435.3222005136507
time:323.9330139160156
390000
min_value:417.4523016984167
time:332.38824462890625
400000
min_value:399.12828424648745
time:340.89459228515625
410000
min_value:381.636409277709
time:349.4693908691406
420000
min_value:364.0522791206165
time:358.0342102050781
430000
min_value:347.1613874462163
time:366.5906982421875
440000
min_value:330.23000524116776
time:375.086669921875
450000
min_value:314.0176120687163
time:383.6199951171875
460000
min_value:298.33541800514917
time:392.1710205078125
470000
min_value:282.5748698751862
time:400.702392578125
480000
min_value:267.0325166420089
time:409.2771911621094
490000
min_value:252.25481164389566
time:417.80755615234375
500000
min_value:237.58871093840327
time:426.1996154785156
500000
fvalues:237.58808654179944
time_values:426.1996154785156
10000
min_value:1460.5578290076237
time:8.502463340759277
20000
min_value:1421.3374858048537
time:16.849035263061523
30000
min_value:1382.3477947217982
time:25.299055099487305
40000
min_value:1345.2492674618709
time:33.561927795410156
50000
min_value:1308.8461429941656
time:41.87647247314453
60000
min_value:1273.5650345994572
time:50.352378845214844
70000
min_value:1238.2009481169584
time:58.837581634521484
80000
min_value:1203.9334150948023
time:67.38822937011719
90000
min_value:1170.116962529235
time:75.85067749023438
100000
min_value:1136.6896117710548
time:84.5052719116211
110000
min_value:1103.943287718248
time:93.06005096435547
120000
min_value:1073.2530412868814
time:101.6373291015625
130000
min_value:1042.0026933020135
time:110.181884765625
140000
min_value:1011.0924676189984
time:118.48612213134766
150000
min_value:981.0938865662404
time:126.94692993164062
160000
min_value:951.7259271343133
time:135.18885803222656
170000
min_value:923.609783629166
time:143.47039794921875
180000
min_value:895.2576519410471
time:151.76039123535156
190000
min_value:867.8622697878781
time:160.01760864257812
200000
min_value:841.2466439314064
time:168.3340301513672
210000
min_value:814.7167694134189
time:176.72410583496094
220000
min_value:788.3885049147425
time:184.99703979492188
230000
min_value:762.5065724400479
time:193.2283172607422
240000
min_value:737.5889554728849
time:201.3291473388672
250000
min_value:712.7433235428559
time:209.48793029785156
260000
min_value:688.4093531800825
time:217.5869140625
270000
min_value:664.9013588774956
time:225.78468322753906
280000
min_value:642.1997063940032
time:233.82640075683594
290000
min_value:619.9624255530433
time:242.01185607910156
300000
min_value:597.6369084542266
time:250.24427795410156
310000
min_value:575.7675152958244
time:258.7045593261719
320000
min_value:554.1396781377134
time:267.0550231933594
330000
min_value:533.2122652095908
time:275.40240478515625
340000
min_value:512.3433236371164
time:283.74542236328125
350000
min_value:492.0227797293587
time:292.1612548828125
360000
min_value:472.5732134309127
time:300.5067138671875
370000
min_value:453.39863081818464
time:308.7250671386719
380000
min_value:434.459096068708
time:317.0151672363281
390000
min_value:416.16128045469526
time:325.3675842285156
400000
min_value:398.3200550634416
time:333.59552001953125
410000
min_value:380.7062778348353
time:341.8668518066406
420000
min_value:363.1745840674801
time:350.2106018066406
430000
min_value:345.7404305418782
time:358.5513610839844
440000
min_value:329.45100712487334
time:366.894287109375
450000
min_value:312.7200616536378
time:375.204345703125
460000
min_value:296.5631712055325
time:383.6107177734375
470000
min_value:280.8870934169265
time:392.1925964355469
480000
min_value:265.68203332652047
time:400.8818664550781
490000
min_value:250.08622941223354
time:409.46112060546875
500000
min_value:235.26334962160104
time:418.066650390625
500000
fvalues:235.26315749760354
time_values:418.066650390625
