./results/regularized Quadratic/dim:1000_rank:500_property:convex_ord:1_coef:1e-06_fused:False/proposed/lr:0.001_reduced_dim:100_sample_size:50_mu:1e-08_step_schedule:constant
10000
min_value:-544.4945008322364
time:154.84481811523438
20000
min_value:-1043.863810072607
time:306.27630615234375
30000
min_value:-1543.8394959190439
time:458.489501953125
40000
min_value:-2044.4096756258714
time:609.3707275390625
50000
min_value:-2542.895709349165
time:762.2315063476562
60000
min_value:-3045.0449183369
time:912.0839233398438
70000
min_value:-3545.3978065282417
time:1062.7073974609375
80000
min_value:-4044.865524427559
time:1213.0830078125
90000
min_value:-4545.747548258126
time:1362.9423828125
100000
min_value:-5049.6365215008445
time:1513.758544921875
110000
min_value:-5548.848997522905
time:1663.9345703125
120000
min_value:-6049.813696065531
time:1813.38916015625
130000
min_value:-6552.48928696369
time:1962.9111328125
140000
min_value:-7056.102679084027
time:2113.376220703125
150000
min_value:-7557.430979948847
time:2263.1181640625
160000
min_value:-8059.455134899792
time:2413.893798828125
170000
min_value:-8561.14351269193
time:2564.4541015625
180000
min_value:-9062.883362793624
time:2714.229248046875
190000
min_value:-9565.477440482486
time:2865.26904296875
200000
min_value:-10066.669047639098
time:3015.393310546875
210000
min_value:-10567.819372432312
time:3165.61669921875
220000
min_value:-11066.169505020918
time:3316.99365234375
230000
min_value:-11568.607174916922
time:3468.561279296875
240000
min_value:-12072.891130853692
time:3618.53369140625
250000
min_value:-12573.430023518662
time:3768.603759765625
260000
min_value:-13073.946632412777
time:3918.07373046875
270000
min_value:-13580.90490792345
time:4068.575927734375
280000
min_value:-14084.831442676075
time:4219.2265625
290000
min_value:-14586.764999599944
time:4369.3681640625
300000
min_value:-15089.652847006604
time:4519.37060546875
310000
min_value:-15588.48822029027
time:4669.00439453125
320000
min_value:-16090.423060471849
time:4819.26025390625
330000
min_value:-16586.97957300436
time:4969.22705078125
340000
min_value:-17089.5319913869
time:5118.75439453125
350000
min_value:-17591.58838718672
time:5268.46435546875
360000
min_value:-18091.6456732389
time:5418.45947265625
370000
min_value:-18593.84481374791
time:5569.2294921875
380000
min_value:-19097.951537896857
time:5719.45556640625
390000
min_value:-19597.339351356975
time:5868.81396484375
400000
min_value:-20100.937518307775
time:6020.89013671875
410000
min_value:-20603.28701220185
time:6170.5908203125
420000
min_value:-21103.933919513685
time:6321.51904296875
430000
min_value:-21607.248092744812
time:6470.8818359375
440000
min_value:-22108.010889721707
time:6621.7939453125
450000
min_value:-22611.308084388234
time:6772.3271484375
460000
min_value:-23112.818560711014
time:6922.173828125
470000
min_value:-23611.415098309193
time:7072.1396484375
480000
min_value:-24112.21918747477
time:7221.357421875
490000
min_value:-24613.523200183623
time:7372.09814453125
500000
min_value:-25116.207138028156
time:7522.2724609375
500000
fvalues:-25116.215350911378
time_values:7522.2724609375
10000
min_value:-422.74857782891803
time:150.46316528320312
20000
min_value:-922.5796164108076
time:300.8373718261719
30000
min_value:-1422.8390567822512
time:450.65594482421875
40000
min_value:-1925.311007158944
time:600.5029296875
50000
min_value:-2425.3940103670975
time:751.5736694335938
60000
min_value:-2928.6528314443053
time:901.69775390625
70000
min_value:-3430.588605831074
time:1052.0833740234375
80000
min_value:-3932.962823539968
time:1202.177734375
90000
min_value:-4430.096525079999
time:1352.28369140625
100000
min_value:-4932.9632245025505
time:1502.920166015625
110000
min_value:-5431.584626649767
time:1652.5374755859375
120000
min_value:-5929.56556298319
time:1803.577880859375
130000
min_value:-6428.719745766859
time:1954.6988525390625
140000
min_value:-6925.994011996089
time:2105.217529296875
150000
min_value:-7429.31025455876
time:2256.451904296875
160000
min_value:-7930.714881719928
time:2407.182373046875
170000
min_value:-8431.005285076382
time:2557.811279296875
180000
min_value:-8931.680990313009
time:2708.462158203125
190000
min_value:-9426.675954566326
time:2859.364501953125
200000
min_value:-9930.336898711084
time:3008.640625
210000
min_value:-10429.369136220008
time:3160.339111328125
220000
min_value:-10931.116892762151
time:3311.162841796875
230000
min_value:-11430.506964907547
time:3460.46826171875
240000
min_value:-11929.474474537337
time:3611.91162109375
250000
min_value:-12428.137993161465
time:3763.968017578125
260000
min_value:-12929.79936865734
time:3914.675048828125
270000
min_value:-13429.289446568746
time:4066.012451171875
280000
min_value:-13929.716218180925
time:4216.958984375
290000
min_value:-14428.59811207889
time:4367.9140625
300000
min_value:-14928.901838611375
time:4520.5732421875
310000
min_value:-15432.727684952883
time:4671.650390625
320000
min_value:-15934.69659820258
time:4821.9609375
330000
min_value:-16436.552537283707
time:4973.76025390625
340000
min_value:-16937.4390027325
time:5124.23828125
350000
min_value:-17438.97372062963
time:5275.4375
360000
min_value:-17942.585736491044
time:5425.154296875
370000
min_value:-18441.491175045194
time:5575.892578125
380000
min_value:-18944.266993662008
time:5724.9775390625
390000
min_value:-19446.96491795252
time:5876.0478515625
400000
min_value:-19949.451743987327
time:6026.7197265625
410000
min_value:-20449.482239618526
time:6178.23486328125
420000
min_value:-20951.42663494876
time:6328.7431640625
430000
min_value:-21454.910778993933
time:6480.17529296875
440000
min_value:-21954.319781902082
time:6630.5986328125
450000
min_value:-22455.34095901564
time:6781.01220703125
460000
min_value:-22956.1510667686
time:6933.115234375
470000
min_value:-23455.678202001305
time:7082.52978515625
480000
min_value:-23955.127724878774
time:7233.6015625
490000
min_value:-24455.888154703898
time:7383.296875
500000
min_value:-24960.29171430722
time:7532.6572265625
500000
fvalues:-24960.34971643279
time_values:7532.6572265625
10000
min_value:332.78925902520933
time:150.4300537109375
20000
min_value:-166.37265866011913
time:300.40625
30000
min_value:-673.1099754383915
time:448.43487548828125
40000
min_value:-1172.8338691190538
time:598.2191162109375
50000
min_value:-1673.6987185314547
time:746.7465209960938
60000
min_value:-2171.138635260208
time:895.7333984375
70000
min_value:-2671.6517078780785
time:1044.3814697265625
80000
min_value:-3171.697862480119
time:1193.822509765625
90000
min_value:-3668.966101814028
time:1344.1529541015625
100000
min_value:-4170.872243035112
time:1494.1309814453125
110000
min_value:-4671.089867613332
time:1642.5709228515625
120000
min_value:-5170.374613644107
time:1793.21240234375
130000
min_value:-5673.712266505941
time:1942.57666015625
140000
min_value:-6178.110175113565
time:2092.41455078125
150000
min_value:-6681.953602909196
time:2242.115478515625
160000
min_value:-7184.984730395239
time:2392.04052734375
170000
min_value:-7688.6640562885805
time:2541.148681640625
180000
min_value:-8187.278905604727
time:2691.585693359375
190000
min_value:-8684.358223763009
time:2840.284423828125
200000
min_value:-9191.199981862732
time:2989.099853515625
210000
min_value:-9689.661470351757
time:3137.751708984375
220000
min_value:-10193.633475108963
time:3285.751220703125
230000
min_value:-10696.756347471943
time:3434.858642578125
240000
min_value:-11198.37892260339
time:3581.925048828125
250000
min_value:-11698.213366694099
time:3729.757568359375
260000
min_value:-12199.84068981426
time:3878.9814453125
270000
min_value:-12701.786235659136
time:4029.74560546875
280000
min_value:-13204.227458291567
time:4181.28955078125
290000
min_value:-13705.8447110952
time:4332.091796875
300000
min_value:-14204.257671804364
time:4483.44873046875
310000
min_value:-14705.382593042257
time:4633.322265625
320000
min_value:-15208.968381888983
time:4784.853515625
330000
min_value:-15708.181797978441
time:4933.5625
340000
min_value:-16206.644262062679
time:5084.97412109375
350000
min_value:-16711.289764098143
time:5235.18359375
360000
min_value:-17215.068583944158
time:5386.458984375
370000
min_value:-17717.530515512106
time:5535.7744140625
380000
min_value:-18217.40389108886
time:5685.3330078125
390000
min_value:-18720.674730929808
time:5837.0400390625
400000
min_value:-19221.28746444288
time:5986.7294921875
410000
min_value:-19721.086273266443
time:6138.4287109375
420000
min_value:-20222.500467519654
time:6289.7431640625
430000
min_value:-20725.749830406254
time:6441.357421875
440000
min_value:-21227.922614195242
time:6591.7060546875
450000
min_value:-21729.912367141296
time:6744.08154296875
460000
min_value:-22232.36290972493
time:6896.7578125
470000
min_value:-22731.00383714085
time:7048.32470703125
480000
min_value:-23230.574370613253
time:7200.7724609375
490000
min_value:-23732.147964909833
time:7352.02783203125
500000
min_value:-24233.1715442762
time:7504.14404296875
500000
fvalues:-24233.23236773617
time_values:7504.14404296875
10000
min_value:-1132.3951017137433
time:151.74789428710938
20000
min_value:-1631.230089743707
time:304.7165222167969
30000
min_value:-2129.1526247553193
time:454.07757568359375
40000
min_value:-2629.144126851165
time:606.8458251953125
50000
min_value:-3129.5508468654452
time:757.37109375
60000
min_value:-3630.46173345018
time:909.157470703125
70000
min_value:-4130.261619299501
time:1061.1954345703125
80000
min_value:-4630.726884155345
time:1212.15185546875
90000
min_value:-5128.7417387819505
time:1363.4952392578125
100000
min_value:-5626.833444447614
time:1515.0626220703125
110000
min_value:-6126.421397540075
time:1665.256591796875
120000
min_value:-6624.544786305885
time:1817.407470703125
130000
min_value:-7125.2980501079255
time:1968.67041015625
140000
min_value:-7625.027685364003
time:2119.11328125
150000
min_value:-8126.081826673505
time:2270.6435546875
160000
min_value:-8625.098154946863
time:2423.8740234375
170000
min_value:-9127.279838720202
time:2575.758056640625
180000
min_value:-9628.623230399679
time:2727.78125
190000
min_value:-10131.65397109026
time:2877.64111328125
200000
min_value:-10636.899086678537
time:3027.111328125
210000
min_value:-11136.299167566136
time:3177.883544921875
220000
min_value:-11633.637205564919
time:3330.353515625
230000
min_value:-12135.408386743653
time:3483.52587890625
240000
min_value:-12635.957025727506
time:3634.154541015625
250000
min_value:-13142.176026411556
time:3785.607177734375
260000
min_value:-13643.76370953279
time:3936.6591796875
270000
min_value:-14144.342714385033
time:4088.393310546875
280000
min_value:-14642.552344448866
time:4239.58740234375
290000
min_value:-15142.777107981028
time:4388.67578125
300000
min_value:-15643.518300226275
time:4541.01220703125
310000
min_value:-16146.191883673357
time:4693.03125
320000
min_value:-16646.982493493815
time:4845.14013671875
330000
min_value:-17146.658628669586
time:4994.01904296875
340000
min_value:-17648.120313368257
time:5146.15380859375
350000
min_value:-18148.19470879628
time:5293.60107421875
360000
min_value:-18650.253099449605
time:5444.2275390625
370000
min_value:-19157.650001118083
time:5595.8955078125
380000
min_value:-19665.656289962426
time:5747.76513671875
390000
min_value:-20162.898361942025
time:5898.3564453125
400000
min_value:-20666.597991724517
time:6049.6748046875
410000
min_value:-21164.442885247816
time:6200.5556640625
420000
min_value:-21667.66209964398
time:6351.734375
430000
min_value:-22167.20016384931
time:6501.72705078125
440000
min_value:-22675.415950680974
time:6653.4267578125
450000
min_value:-23179.077966321183
time:6804.4228515625
460000
min_value:-23678.64817670662
time:6955.48876953125
470000
min_value:-24179.29127622092
time:7106.55419921875
480000
min_value:-24685.682845255997
time:7257.6943359375
490000
min_value:-25183.826006381532
time:7408.970703125
500000
min_value:-25683.608508277277
time:7558.75634765625
500000
fvalues:-25683.63661640772
time_values:7558.75634765625
10000
min_value:-460.0547000087402
time:149.94737243652344
20000
min_value:-959.6220491158762
time:301.428466796875
30000
min_value:-1465.0194315992906
time:452.4104309082031
40000
min_value:-1964.4118033133145
time:604.0144653320312
50000
min_value:-2466.800641588849
time:755.1857299804688
60000
min_value:-2966.350722512401
time:906.7811279296875
70000
min_value:-3465.9923077402013
time:1058.8555908203125
80000
min_value:-3964.836578023654
time:1210.0672607421875
90000
min_value:-4469.603674697175
time:1361.5765380859375
100000
min_value:-4968.891557626785
time:1514.116943359375
110000
min_value:-5470.6729288353345
time:1665.0950927734375
120000
min_value:-5970.355456673799
time:1817.8240966796875
130000
min_value:-6470.838084772779
time:1969.776611328125
140000
min_value:-6967.3990108897715
time:2121.677978515625
150000
min_value:-7471.388907202508
time:2273.327880859375
160000
min_value:-7969.964301659219
time:2426.048583984375
170000
min_value:-8469.138101955992
time:2578.685791015625
180000
min_value:-8970.8043034499
time:2730.851318359375
190000
min_value:-9468.583682390166
time:2884.872802734375
200000
min_value:-9969.104772274688
time:3035.6162109375
210000
min_value:-10472.990299688321
time:3187.0849609375
220000
min_value:-10972.122350808624
time:3338.191650390625
230000
min_value:-11472.050611554427
time:3491.450439453125
240000
min_value:-11974.559616349146
time:3644.21875
250000
min_value:-12476.812305529515
time:3795.73583984375
260000
min_value:-12978.546843809792
time:3946.802001953125
270000
min_value:-13477.810144582989
time:4098.93310546875
280000
min_value:-13979.552631789511
time:4250.375
290000
min_value:-14482.159617184983
time:4402.54345703125
300000
min_value:-14983.918206697743
time:4553.59716796875
310000
min_value:-15487.311301194712
time:4705.17041015625
320000
min_value:-15991.851474303505
time:4857.50048828125
330000
min_value:-16490.38666131316
time:5008.90283203125
340000
min_value:-16987.73904043154
time:5161.17578125
350000
min_value:-17489.98063456922
time:5313.681640625
360000
min_value:-17991.028498222284
time:5465.150390625
370000
min_value:-18488.055243034163
time:5615.98095703125
380000
min_value:-18990.602463411004
time:5767.865234375
390000
min_value:-19493.47033681082
time:5919.62939453125
400000
min_value:-19994.224063554466
time:6070.4462890625
410000
min_value:-20491.93169863761
time:6221.4765625
420000
min_value:-20992.348034046445
time:6371.7548828125
430000
min_value:-21495.328311715995
time:6517.1015625
440000
min_value:-21996.78760179478
time:6659.4033203125
450000
min_value:-22494.2635371946
time:6801.67578125
460000
min_value:-22995.413256654847
time:6943.9697265625
470000
min_value:-23494.609926705583
time:7086.36865234375
480000
min_value:-23994.324502430976
time:7228.61865234375
490000
min_value:-24502.32939225947
time:7371.12109375
500000
min_value:-25006.974033897004
time:7513.287109375
500000
fvalues:-25007.04051939137
time_values:7513.287109375
10000
min_value:-26.29130066847643
time:141.8370819091797
20000
min_value:-525.0799243798892
time:283.57977294921875
30000
min_value:-1024.939444285385
time:425.34259033203125
40000
min_value:-1525.3520666194445
time:567.262939453125
50000
min_value:-2025.796303611251
time:709.209716796875
60000
min_value:-2525.5312424477743
time:851.0985107421875
70000
min_value:-3023.669261752213
time:993.1207275390625
80000
min_value:-3524.869494983953
time:1135.1075439453125
90000
min_value:-4024.324253271799
time:1278.2618408203125
100000
min_value:-4525.534899547515
time:1421.184814453125
110000
min_value:-5026.052663792805
time:1563.3431396484375
120000
min_value:-5525.882498483324
time:1705.817626953125
130000
min_value:-6023.555534473302
time:1847.809814453125
140000
min_value:-6525.446280240822
time:1990.1322021484375
150000
min_value:-7025.142223342037
time:2132.321044921875
160000
min_value:-7524.748394097358
time:2274.34375
170000
min_value:-8021.770261860765
time:2416.465087890625
180000
min_value:-8524.634289338592
time:2560.3095703125
190000
min_value:-9021.957541902124
time:2702.402587890625
200000
min_value:-9521.36828405157
time:2844.726318359375
210000
min_value:-10018.360294704407
time:2986.8046875
220000
min_value:-10520.282185889539
time:3128.8544921875
230000
min_value:-11025.473055999304
time:3270.906982421875
240000
min_value:-11524.01752457038
time:3412.91845703125
250000
min_value:-12025.515422381302
time:3555.028076171875
260000
min_value:-12528.008545063873
time:3698.912109375
270000
min_value:-13032.371044980482
time:3841.638916015625
280000
min_value:-13536.84030147041
time:3983.761962890625
290000
min_value:-14035.198433923279
time:4125.80419921875
300000
min_value:-14537.005049813564
time:4267.8212890625
310000
min_value:-15037.569648338316
time:4409.7900390625
320000
min_value:-15537.668457211443
time:4552.12646484375
330000
min_value:-16039.09530087921
time:4694.12646484375
340000
min_value:-16543.525417025357
time:4836.14208984375
350000
min_value:-17046.320695112212
time:4978.0107421875
360000
min_value:-17542.996178591697
time:5119.8115234375
370000
min_value:-18045.900020210043
time:5261.515625
380000
min_value:-18546.61042917615
time:5403.61328125
390000
min_value:-19052.238474914513
time:5545.5791015625
400000
min_value:-19551.539463637477
time:5687.48486328125
410000
min_value:-20055.866986995352
time:5829.3857421875
420000
min_value:-20557.91424889236
time:5971.60693359375
430000
min_value:-21055.16526499162
time:6113.65625
440000
min_value:-21558.75991350687
time:6255.68896484375
450000
min_value:-22059.263942854184
time:6397.626953125
460000
min_value:-22559.73953144229
time:6539.4599609375
470000
min_value:-23060.209526353727
time:6681.53662109375
480000
min_value:-23565.552149445164
time:6823.56884765625
490000
min_value:-24067.850685459936
time:6965.61865234375
500000
min_value:-24569.959464416937
time:7107.60791015625
500000
fvalues:-24570.034180116032
time_values:7107.60791015625
10000
min_value:-577.0069692248854
time:142.7565155029297
20000
min_value:-1078.7834002529833
time:285.1141662597656
30000
min_value:-1581.5433388239808
time:427.5237731933594
40000
min_value:-2083.539584729103
time:569.8502197265625
50000
min_value:-2585.8407390398856
time:712.4588623046875
60000
min_value:-3084.8599143856222
time:854.935546875
70000
min_value:-3584.6895191636654
time:997.3479614257812
80000
min_value:-4087.2294680125533
time:1143.378662109375
90000
min_value:-4588.06863851837
time:1288.2042236328125
100000
min_value:-5093.164188052008
time:1430.572021484375
110000
min_value:-5595.202480027031
time:1572.8404541015625
120000
min_value:-6095.5677507430655
time:1714.9285888671875
130000
min_value:-6599.702732773335
time:1857.0987548828125
140000
min_value:-7104.092263507756
time:1999.9127197265625
150000
min_value:-7608.750004857906
time:2142.211181640625
160000
min_value:-8108.987713519541
time:2284.272705078125
170000
min_value:-8609.518164351573
time:2426.498779296875
180000
min_value:-9109.69466802345
time:2568.99365234375
190000
min_value:-9611.725772226942
time:2711.546875
200000
min_value:-10114.26650976105
time:2853.9287109375
210000
min_value:-10616.574203149667
time:2996.157958984375
220000
min_value:-11118.639447889567
time:3138.337890625
230000
min_value:-11621.958038860934
time:3280.561767578125
240000
min_value:-12122.412439033973
time:3422.73583984375
250000
min_value:-12621.147763545861
time:3565.13720703125
260000
min_value:-13119.330019676223
time:3708.586669921875
270000
min_value:-13622.513168904685
time:3851.61181640625
280000
min_value:-14121.81193748911
time:3993.82763671875
290000
min_value:-14623.776508496709
time:4136.91162109375
300000
min_value:-15126.732500596274
time:4290.22314453125
310000
min_value:-15628.129163058746
time:4440.23876953125
320000
min_value:-16129.988519661161
time:4587.9853515625
330000
min_value:-16634.181537566827
time:4736.78125
340000
min_value:-17133.798019282945
time:4883.57958984375
350000
min_value:-17628.647642336895
time:5030.7529296875
360000
min_value:-18130.693925494343
time:5179.09521484375
370000
min_value:-18635.353297355407
time:5329.55810546875
380000
min_value:-19139.243061063677
time:5477.990234375
390000
min_value:-19639.43513191366
time:5627.822265625
400000
min_value:-20142.777966630147
time:5781.63134765625
410000
min_value:-20647.397104329724
time:5939.97119140625
420000
min_value:-21147.682853133123
time:6094.1416015625
430000
min_value:-21649.818549946434
time:6242.32080078125
440000
min_value:-22152.202731136807
time:6390.20068359375
450000
min_value:-22654.981797216515
time:6537.9482421875
460000
min_value:-23156.493730953367
time:6684.91845703125
470000
min_value:-23658.68256876549
time:6835.21923828125
480000
min_value:-24163.043414119937
time:6984.5830078125
490000
min_value:-24669.052846931445
time:7135.62744140625
500000
min_value:-25173.239232864653
time:7290.07421875
500000
fvalues:-25173.239232864653
time_values:7290.07421875
10000
min_value:-540.3155083837315
time:154.42825317382812
20000
min_value:-1036.8996123327158
time:310.458251953125
30000
min_value:-1538.958762828402
time:464.9128112792969
40000
min_value:-2041.6109839932371
time:618.1410522460938
50000
min_value:-2544.9284236754643
time:772.55322265625
60000
min_value:-3045.2766116773914
time:926.0660400390625
70000
min_value:-3545.7599292630284
time:1079.1810302734375
80000
min_value:-4049.1046178051583
time:1228.974609375
90000
min_value:-4548.460339150312
time:1382.545654296875
100000
min_value:-5048.794520634848
time:1535.5494384765625
110000
min_value:-5548.7070070747495
time:1695.9642333984375
120000
min_value:-6047.76440606786
time:1854.8310546875
130000
min_value:-6546.0307241160135
time:2013.5133056640625
140000
min_value:-7051.173374262602
time:2162.701416015625
150000
min_value:-7554.088810873723
time:2312.3251953125
160000
min_value:-8054.808147164867
time:2478.319580078125
170000
min_value:-8559.793684513992
time:2628.43017578125
180000
min_value:-9067.094751456209
time:2774.486083984375
190000
min_value:-9568.493324191362
time:2922.853515625
200000
min_value:-10070.451616330829
time:3073.8115234375
210000
min_value:-10571.80269235698
time:3223.7734375
220000
min_value:-11070.630925094747
time:3374.814697265625
230000
min_value:-11573.467371844636
time:3528.666259765625
240000
min_value:-12073.00759196763
time:3680.111328125
250000
min_value:-12575.642243153612
time:3831.4794921875
260000
min_value:-13077.01663752081
time:3982.09521484375
270000
min_value:-13576.1456972179
time:4132.09375
280000
min_value:-14077.571723720464
time:4281.09765625
290000
min_value:-14579.975685793002
time:4430.7919921875
300000
min_value:-15087.014400126043
time:4577.234375
310000
min_value:-15589.281491164198
time:4723.888671875
320000
min_value:-16091.042214997971
time:4869.9541015625
330000
min_value:-16590.165668054815
time:5016.06787109375
340000
min_value:-17092.955498149302
time:5162.05615234375
350000
min_value:-17595.49381808877
time:5308.01953125
360000
min_value:-18098.140533927
time:5453.62744140625
370000
min_value:-18600.245815734663
time:5600.37939453125
380000
min_value:-19101.107824431343
time:5746.41943359375
390000
min_value:-19599.397770078864
time:5892.86767578125
400000
min_value:-20100.090127543932
time:6043.3740234375
410000
min_value:-20600.287655843385
time:6194.0185546875
420000
min_value:-21101.355547687064
time:6345.3349609375
430000
min_value:-21605.563658342933
time:6495.7509765625
440000
min_value:-22106.11527278688
time:6646.39111328125
450000
min_value:-22612.76114100751
time:6795.173828125
460000
min_value:-23109.79293935578
time:6950.91259765625
470000
min_value:-23606.060351018998
time:7102.6650390625
480000
min_value:-24104.958766260745
time:7249.39892578125
490000
min_value:-24607.399217682778
time:7399.044921875
500000
min_value:-25111.933245232853
time:7552.62548828125
500000
fvalues:-25111.933245232853
time_values:7552.62548828125
10000
min_value:-636.4973128588218
time:150.99244689941406
20000
min_value:-1134.5851508307367
time:299.55072021484375
30000
min_value:-1630.7585153685811
time:446.063720703125
40000
min_value:-2132.2520261956956
time:593.5567626953125
50000
min_value:-2632.8258017180424
time:740.8739013671875
60000
min_value:-3134.8612778772213
time:887.044677734375
70000
min_value:-3634.230843979909
time:1033.2255859375
80000
min_value:-4134.764071532682
time:1178.889892578125
90000
min_value:-4636.027240476515
time:1324.8001708984375
100000
min_value:-5137.7115681564355
time:1470.68994140625
110000
min_value:-5634.4435444590945
time:1616.462890625
120000
min_value:-6139.533950141691
time:1762.0887451171875
130000
min_value:-6642.830112915922
time:1907.7149658203125
140000
min_value:-7143.875435077071
time:2053.937744140625
150000
min_value:-7645.79183192652
time:2204.128662109375
160000
min_value:-8149.608170928092
time:2354.382568359375
170000
min_value:-8652.120216542393
time:2506.63720703125
180000
min_value:-9157.617768960894
time:2658.8115234375
190000
min_value:-9656.842360066023
time:2809.46337890625
200000
min_value:-10162.696405867366
time:2959.888671875
210000
min_value:-10665.356122058682
time:3108.816650390625
220000
min_value:-11166.795963613366
time:3259.237060546875
230000
min_value:-11666.047448269512
time:3410.294189453125
240000
min_value:-12168.969859611572
time:3562.2763671875
250000
min_value:-12675.227104092857
time:3712.33251953125
260000
min_value:-13177.785444191446
time:3859.962158203125
270000
min_value:-13677.057482750735
time:4009.611572265625
280000
min_value:-14180.775029689175
time:4163.64599609375
290000
min_value:-14682.265429880392
time:4318.2529296875
300000
min_value:-15184.636299964524
time:4468.37060546875
310000
min_value:-15683.62334900793
time:4618.7138671875
320000
min_value:-16189.098621917487
time:4765.64892578125
330000
min_value:-16690.512535413156
time:4913.77880859375
340000
min_value:-17191.090771137973
time:5059.5361328125
350000
min_value:-17691.959473682207
time:5205.408203125
360000
min_value:-18190.882281473925
time:5353.63818359375
370000
min_value:-18693.126075717668
time:5513.23876953125
380000
min_value:-19195.820411694975
time:5672.77880859375
390000
min_value:-19695.315260327494
time:5823.47119140625
400000
min_value:-20198.807393229352
time:5970.22021484375
410000
min_value:-20704.640288601346
time:6116.568359375
420000
min_value:-21205.704353579575
time:6262.271484375
430000
min_value:-21705.319602141422
time:6408.3427734375
440000
min_value:-22209.803162136886
time:6554.11474609375
450000
min_value:-22713.512089739488
time:6699.97216796875
460000
min_value:-23215.475268923477
time:6846.93603515625
470000
min_value:-23713.241537080237
time:6993.44287109375
480000
min_value:-24216.061655925183
time:7139.443359375
490000
min_value:-24710.845681588977
time:7286.33740234375
500000
min_value:-25213.159929387828
time:7432.1123046875
500000
fvalues:-25213.241296988446
time_values:7432.1123046875
10000
min_value:431.6859880712608
time:145.5020751953125
20000
min_value:-71.06136332102126
time:290.9555969238281
30000
min_value:-568.0227870957715
time:437.26055908203125
40000
min_value:-1068.4351523817184
time:583.2423706054688
50000
min_value:-1570.3185415479684
time:729.099853515625
60000
min_value:-2069.2679363026705
time:875.350830078125
70000
min_value:-2563.7088434746784
time:1020.3305053710938
80000
min_value:-3062.427120111478
time:1165.4207763671875
90000
min_value:-3566.8880215788026
time:1311.15576171875
100000
min_value:-4065.0392675638427
time:1456.75244140625
110000
min_value:-4568.400511126425
time:1602.211669921875
120000
min_value:-5066.681169843595
time:1748.5853271484375
130000
min_value:-5564.724192820403
time:1894.4063720703125
140000
min_value:-6069.184977281595
time:2040.4942626953125
150000
min_value:-6572.388072773332
time:2192.51416015625
160000
min_value:-7070.783507851889
time:2348.3291015625
170000
min_value:-7574.343197617302
time:2497.74365234375
180000
min_value:-8076.28183350846
time:2647.03564453125
190000
min_value:-8574.146766493963
time:2796.112548828125
200000
min_value:-9076.12843225897
time:2945.578857421875
210000
min_value:-9577.798128126831
time:3094.90380859375
220000
min_value:-10082.15066339089
time:3244.41015625
230000
min_value:-10586.444328102434
time:3394.4765625
240000
min_value:-11087.03807615981
time:3543.399169921875
250000
min_value:-11586.053126313784
time:3692.561279296875
260000
min_value:-12090.464101731415
time:3841.80322265625
270000
min_value:-12592.594192592256
time:3991.636474609375
280000
min_value:-13096.781566366433
time:4141.1064453125
290000
min_value:-13597.414391464967
time:4289.9658203125
300000
min_value:-14097.450917181915
time:4439.43115234375
310000
min_value:-14596.28691775624
time:4589.54052734375
320000
min_value:-15098.58966927116
time:4739.72216796875
330000
min_value:-15599.555514270163
time:4892.22216796875
340000
min_value:-16101.631494734454
time:5042.8125
350000
min_value:-16605.22668636729
time:5192.74658203125
360000
min_value:-17106.66210296778
time:5341.99658203125
370000
min_value:-17610.933984672844
time:5491.23779296875
380000
min_value:-18112.313283148935
time:5640.85888671875
390000
min_value:-18616.785153294833
time:5790.25341796875
400000
min_value:-19113.51227532014
time:5939.02978515625
410000
min_value:-19616.003097750694
time:6088.6064453125
420000
min_value:-20119.659031657266
time:6238.0361328125
430000
min_value:-20622.95540235106
time:6387.16796875
440000
min_value:-21124.60004246661
time:6536.7919921875
450000
min_value:-21627.18618021015
time:6686.2265625
460000
min_value:-22131.680774164237
time:6835.2353515625
470000
min_value:-22632.636952593595
time:6984.2783203125
480000
min_value:-23130.126183166463
time:7133.5478515625
490000
min_value:-23631.151291173657
time:7285.38623046875
500000
min_value:-24129.705592191003
time:7437.52587890625
500000
fvalues:-24129.72812394835
time_values:7437.52587890625
