./results/regularized test/dim:1000_ord:1_coef:1_fused:False/proposed/lr:0.001_reduced_dim:10_sample_size:1_mu:1e-08_step_schedule:constant
10000
min_value:1136.2185076568776
time:13.571035385131836
20000
min_value:843.3718582482385
time:22.958981037139893
30000
min_value:602.3585937887966
time:32.498849391937256
40000
min_value:402.6074151538355
time:41.935293674468994
50000
min_value:239.63927087368558
time:51.32760190963745
60000
min_value:114.16095054686879
time:60.71228742599487
70000
min_value:39.06749736925621
time:70.11081576347351
80000
min_value:11.332730035193315
time:79.41680765151978
90000
min_value:6.159368002208479
time:88.88930892944336
100000
min_value:5.72352846005238
time:98.36287355422974
110000
min_value:5.69320324101365
time:107.68422818183899
120000
min_value:5.69320324101365
time:117.0823404788971
130000
min_value:5.6558269535012435
time:126.53262138366699
140000
min_value:5.617550681894608
time:135.98206758499146
150000
min_value:5.528244177461712
time:145.44699454307556
160000
min_value:5.528244177461712
time:154.87956404685974
170000
min_value:5.528244177461712
time:164.26040077209473
180000
min_value:5.528244177461712
time:173.59406971931458
190000
min_value:5.528244177461712
time:183.00605511665344
200000
min_value:5.528244177461712
time:192.38302278518677
210000
min_value:5.528244177461712
time:201.91725945472717
220000
min_value:5.528244177461712
time:211.34385704994202
230000
min_value:5.528244177461712
time:220.82086372375488
240000
min_value:5.528244177461712
time:230.1757926940918
250000
min_value:5.528244177461712
time:239.54379296302795
260000
min_value:5.528244177461712
time:248.8916232585907
270000
min_value:5.528244177461712
time:258.19157552719116
280000
min_value:5.528244177461712
time:267.50663590431213
290000
min_value:5.528244177461712
time:276.8178358078003
300000
min_value:5.528244177461712
time:286.1689977645874
310000
min_value:5.528244177461712
time:295.65255641937256
320000
min_value:5.528244177461712
time:305.0771768093109
330000
min_value:5.50254108268743
time:314.4604196548462
340000
min_value:5.50254108268743
time:324.0703730583191
350000
min_value:5.50254108268743
time:333.3810420036316
360000
min_value:5.50254108268743
time:342.71412420272827
370000
min_value:5.50254108268743
time:351.9654233455658
380000
min_value:5.50254108268743
time:361.3430345058441
390000
min_value:5.50254108268743
time:370.60010266304016
400000
min_value:5.50254108268743
time:379.8507459163666
410000
min_value:5.50254108268743
time:389.115079164505
420000
min_value:5.50254108268743
time:398.4208471775055
430000
min_value:5.50254108268743
time:407.74473810195923
440000
min_value:5.50254108268743
time:417.07094645500183
450000
min_value:5.50254108268743
time:426.4679732322693
460000
min_value:5.50254108268743
time:435.8908660411835
470000
min_value:5.50254108268743
time:445.3011898994446
480000
min_value:5.50254108268743
time:454.732093334198
490000
min_value:5.50254108268743
time:464.0728385448456
500000
min_value:5.50254108268743
time:473.4265093803406
500000
fvalues:5.50254108268743
time_values:473.4265093803406
