./results/regularized Quadratic/dim:1000_rank:500_property:convex_ord:1_coef:1e-06_fused:False/proposed/lr:0.01_reduced_dim:100_sample_size:50_mu:1e-08_step_schedule:constant
500
min_value:26498957.4796718
time:11.171243667602539
500
fvalues:26498957.4796718
time_values:11.171243667602539
./results/regularized Quadratic/dim:1000_rank:500_property:convex_ord:1_coef:1e-06_fused:False/proposed/lr:0.001_reduced_dim:100_sample_size:50_mu:1e-08_step_schedule:constant
500
min_value:150.75698035060597
time:7.294443130493164
500
fvalues:147.80917841920427
time_values:7.294443130493164
./results/regularized Quadratic/dim:1000_rank:500_property:convex_ord:1_coef:1e-06_fused:False/proposed/lr:0.0001_reduced_dim:100_sample_size:50_mu:1e-08_step_schedule:constant
500
min_value:158115.84609599644
time:7.260956764221191
500
fvalues:157219.0722858923
time_values:7.260956764221191
