./results/regularized test/dim:1000_ord:1_coef:1_fused:False/proposed/lr:0.001_reduced_dim:100_sample_size:1_mu:1e-08_step_schedule:constant
10000
min_value:70.29148279023853
time:13.505752563476562
20000
min_value:52.371429527450296
time:21.864999771118164
30000
min_value:50.95746201173594
time:30.143049240112305
40000
min_value:50.95746201173594
time:38.48359298706055
50000
min_value:50.95746201173594
time:46.767669677734375
60000
min_value:50.915641766635105
time:55.07215881347656
70000
min_value:50.915641766635105
time:63.349605560302734
80000
min_value:50.915641766635105
time:71.70816040039062
90000
min_value:50.915641766635105
time:80.00630187988281
100000
min_value:49.61266475588296
time:88.30054473876953
110000
min_value:49.61266475588296
time:96.63585662841797
120000
min_value:49.61266475588296
time:104.94139862060547
130000
min_value:49.61266475588296
time:113.27010345458984
140000
min_value:49.61266475588296
time:121.58070373535156
150000
min_value:49.61266475588296
time:129.8590087890625
160000
min_value:49.61266475588296
time:138.18511962890625
170000
min_value:49.61266475588296
time:146.50367736816406
180000
min_value:49.61266475588296
time:154.82785034179688
190000
min_value:49.61266475588296
time:163.17642211914062
200000
min_value:49.61266475588296
time:171.51068115234375
210000
min_value:49.61266475588296
time:179.81336975097656
220000
min_value:49.61266475588296
time:188.1907958984375
230000
min_value:49.61266475588296
time:196.488037109375
240000
min_value:49.61266475588296
time:204.77516174316406
250000
min_value:49.61266475588296
time:213.1984405517578
260000
min_value:49.61266475588296
time:221.52261352539062
270000
min_value:49.61266475588296
time:229.90188598632812
280000
min_value:49.61266475588296
time:238.23086547851562
290000
min_value:49.61266475588296
time:246.58779907226562
300000
min_value:49.61266475588296
time:254.72314453125
310000
min_value:49.61266475588296
time:262.997314453125
320000
min_value:49.61266475588296
time:271.288818359375
330000
min_value:49.61266475588296
time:279.5690612792969
340000
min_value:49.61266475588296
time:287.82684326171875
350000
min_value:49.61266475588296
time:296.14892578125
360000
min_value:49.61266475588296
time:304.42864990234375
370000
min_value:49.61266475588296
time:312.750244140625
380000
min_value:49.61266475588296
time:321.17315673828125
390000
min_value:49.61266475588296
time:329.5755310058594
400000
min_value:49.61266475588296
time:338.0220947265625
410000
min_value:49.61266475588296
time:346.3904724121094
420000
min_value:49.61266475588296
time:354.8431091308594
430000
min_value:49.61266475588296
time:363.15972900390625
440000
min_value:49.61266475588296
time:371.5277099609375
450000
min_value:49.61266475588296
time:379.8461608886719
460000
min_value:49.61266475588296
time:388.3301696777344
470000
min_value:49.61266475588296
time:396.7781982421875
480000
min_value:49.61266475588296
time:405.1431579589844
490000
min_value:49.61266475588296
time:413.5314025878906
500000
min_value:49.61266475588296
time:421.8893127441406
500000
fvalues:49.61266475588296
time_values:421.8893127441406
10000
min_value:68.1196300243213
time:8.384967803955078
20000
min_value:51.939966865466225
time:16.75259780883789
30000
min_value:51.38476422554245
time:25.103107452392578
40000
min_value:51.38476422554245
time:33.44230270385742
50000
min_value:51.38476422554245
time:41.79120635986328
60000
min_value:51.38476422554245
time:50.194244384765625
70000
min_value:50.470529273488566
time:58.608402252197266
80000
min_value:50.470529273488566
time:67.06459045410156
90000
min_value:50.470529273488566
time:75.44586944580078
100000
min_value:50.470529273488566
time:83.90544891357422
110000
min_value:50.470529273488566
time:92.37525177001953
120000
min_value:50.470529273488566
time:100.79843139648438
130000
min_value:50.470529273488566
time:109.20995330810547
140000
min_value:50.470529273488566
time:117.59295654296875
150000
min_value:50.470529273488566
time:126.14611053466797
160000
min_value:50.470529273488566
time:134.5924530029297
170000
min_value:50.470529273488566
time:143.07383728027344
180000
min_value:50.470529273488566
time:151.45545959472656
190000
min_value:50.470529273488566
time:159.8961181640625
200000
min_value:50.470529273488566
time:168.39491271972656
210000
min_value:50.470529273488566
time:176.72109985351562
220000
min_value:50.470529273488566
time:185.09767150878906
230000
min_value:50.470529273488566
time:193.4521026611328
240000
min_value:50.470529273488566
time:201.89112854003906
250000
min_value:50.470529273488566
time:210.27066040039062
260000
min_value:50.470529273488566
time:218.65016174316406
270000
min_value:50.470529273488566
time:227.0996856689453
280000
min_value:50.470529273488566
time:235.4999237060547
290000
min_value:50.470529273488566
time:243.9576416015625
300000
min_value:50.470529273488566
time:252.29714965820312
310000
min_value:50.470529273488566
time:260.6998291015625
320000
min_value:50.470529273488566
time:269.0539855957031
330000
min_value:50.470529273488566
time:277.4317321777344
340000
min_value:50.470529273488566
time:285.8251953125
350000
min_value:50.470529273488566
time:294.2181396484375
360000
min_value:50.470529273488566
time:302.6196594238281
370000
min_value:50.470529273488566
time:310.9997863769531
380000
min_value:50.470529273488566
time:319.36822509765625
390000
min_value:50.470529273488566
time:327.74798583984375
400000
min_value:50.470529273488566
time:336.1944885253906
410000
min_value:50.470529273488566
time:344.5870056152344
420000
min_value:50.470529273488566
time:353.0189208984375
430000
min_value:50.470529273488566
time:361.4072570800781
440000
min_value:50.470529273488566
time:369.86358642578125
450000
min_value:50.470529273488566
time:378.2730712890625
460000
min_value:50.470529273488566
time:386.6348571777344
470000
min_value:50.470529273488566
time:395.0381164550781
480000
min_value:50.33990186117007
time:403.45330810546875
490000
min_value:50.33990186117007
time:411.8004150390625
500000
min_value:50.33990186117007
time:420.1719970703125
500000
fvalues:50.33990186117007
time_values:420.1719970703125
10000
min_value:67.63184176337329
time:8.334441184997559
20000
min_value:52.780854092569605
time:16.641000747680664
30000
min_value:52.218118378241655
time:25.03989601135254
40000
min_value:51.462924068860666
time:33.39640808105469
50000
min_value:51.462924068860666
time:41.738441467285156
60000
min_value:51.364850191820615
time:50.09727096557617
70000
min_value:51.364850191820615
time:58.499568939208984
80000
min_value:51.364850191820615
time:66.88418579101562
90000
min_value:50.79676200601391
time:75.22746276855469
100000
min_value:50.79676200601391
time:83.54904174804688
110000
min_value:50.79676200601391
time:91.86663055419922
120000
min_value:50.79676200601391
time:100.3283920288086
130000
min_value:50.79676200601391
time:108.74068450927734
140000
min_value:50.79676200601391
time:117.16480255126953
150000
min_value:50.79676200601391
time:125.54558563232422
160000
min_value:50.79676200601391
time:133.83154296875
170000
min_value:50.70033373333452
time:142.21864318847656
180000
min_value:50.70033373333452
time:150.5779571533203
190000
min_value:50.70033373333452
time:158.99124145507812
200000
min_value:50.70033373333452
time:167.35606384277344
210000
min_value:50.636052963621935
time:175.745361328125
220000
min_value:50.636052963621935
time:184.16969299316406
230000
min_value:50.636052963621935
time:192.64491271972656
240000
min_value:50.636052963621935
time:201.00949096679688
250000
min_value:50.636052963621935
time:209.36756896972656
260000
min_value:50.052621753631726
time:217.84434509277344
270000
min_value:50.052621753631726
time:226.2427215576172
280000
min_value:50.052621753631726
time:234.64755249023438
290000
min_value:50.052621753631726
time:243.0560302734375
300000
min_value:50.052621753631726
time:251.4645233154297
310000
min_value:50.052621753631726
time:259.8531494140625
320000
min_value:50.052621753631726
time:268.2513427734375
330000
min_value:50.052621753631726
time:276.5947265625
340000
min_value:50.052621753631726
time:285.0259704589844
350000
min_value:50.052621753631726
time:293.3784484863281
360000
min_value:50.052621753631726
time:301.8070983886719
370000
min_value:50.052621753631726
time:310.2530822753906
380000
min_value:50.052621753631726
time:318.6501159667969
390000
min_value:50.052621753631726
time:327.02069091796875
400000
min_value:50.052621753631726
time:335.3913879394531
410000
min_value:50.052621753631726
time:343.73931884765625
420000
min_value:50.052621753631726
time:352.0690612792969
430000
min_value:50.052621753631726
time:360.4859924316406
440000
min_value:50.052621753631726
time:368.8219299316406
450000
min_value:50.052621753631726
time:377.2493591308594
460000
min_value:50.052621753631726
time:385.7197570800781
470000
min_value:50.052621753631726
time:394.12432861328125
480000
min_value:50.052621753631726
time:402.4498291015625
490000
min_value:50.052621753631726
time:410.8091735839844
500000
min_value:50.052621753631726
time:419.2665710449219
500000
fvalues:50.052621753631726
time_values:419.2665710449219
10000
min_value:69.88421781261428
time:8.320840835571289
20000
min_value:51.80669820896539
time:16.7337589263916
30000
min_value:51.54033356097836
time:25.01830291748047
40000
min_value:51.54033356097836
time:33.38340759277344
50000
min_value:51.54033356097836
time:41.71871566772461
60000
min_value:51.54033356097836
time:50.11247253417969
70000
min_value:51.54033356097836
time:58.47478103637695
80000
min_value:51.54033356097836
time:66.92316436767578
90000
min_value:51.54033356097836
time:75.41597747802734
100000
min_value:51.54033356097836
time:83.7772445678711
110000
min_value:51.02618909583841
time:92.1562271118164
120000
min_value:51.02618909583841
time:100.52899169921875
130000
min_value:50.712379999380396
time:108.92306518554688
140000
min_value:50.712379999380396
time:117.33712768554688
150000
min_value:50.712379999380396
time:125.74020385742188
160000
min_value:50.712379999380396
time:134.1317596435547
170000
min_value:50.712379999380396
time:142.50051879882812
180000
min_value:50.712379999380396
time:150.8135528564453
190000
min_value:50.712379999380396
time:159.0821075439453
200000
min_value:50.712379999380396
time:167.32305908203125
210000
min_value:50.712379999380396
time:175.6053009033203
220000
min_value:50.712379999380396
time:183.89239501953125
230000
min_value:50.712379999380396
time:192.2899169921875
240000
min_value:50.712379999380396
time:200.67764282226562
250000
min_value:50.712379999380396
time:208.98739624023438
260000
min_value:50.52616652839287
time:217.41864013671875
270000
min_value:50.52616652839287
time:225.7965545654297
280000
min_value:50.52616652839287
time:234.1143341064453
290000
min_value:50.52616652839287
time:242.4957733154297
300000
min_value:50.52616652839287
time:250.9037628173828
310000
min_value:50.52616652839287
time:259.3137512207031
320000
min_value:50.52616652839287
time:267.7063293457031
330000
min_value:50.52616652839287
time:276.10125732421875
340000
min_value:50.52616652839287
time:284.4223327636719
350000
min_value:50.52616652839287
time:292.809326171875
360000
min_value:50.52616652839287
time:301.11602783203125
370000
min_value:50.52616652839287
time:309.3958740234375
380000
min_value:50.52616652839287
time:317.8590393066406
390000
min_value:50.32848964873328
time:326.19927978515625
400000
min_value:50.32848964873328
time:334.4840087890625
410000
min_value:50.32848964873328
time:342.912109375
420000
min_value:50.32848964873328
time:351.29345703125
430000
min_value:50.32848964873328
time:359.6572570800781
440000
min_value:50.32848964873328
time:367.9996337890625
450000
min_value:50.32848964873328
time:376.3778076171875
460000
min_value:50.32848964873328
time:384.70916748046875
470000
min_value:50.16488866160657
time:393.1051940917969
480000
min_value:50.16488866160657
time:401.38812255859375
490000
min_value:50.16488866160657
time:409.6731872558594
500000
min_value:50.16488866160657
time:417.9744873046875
500000
fvalues:50.16488866160657
time_values:417.9744873046875
10000
min_value:70.9595289829243
time:8.318985939025879
20000
min_value:52.791943728242664
time:16.70559310913086
30000
min_value:50.922297657230125
time:25.048683166503906
40000
min_value:50.80382391797183
time:33.401458740234375
50000
min_value:50.80382391797183
time:41.783145904541016
60000
min_value:50.80382391797183
time:50.12030029296875
70000
min_value:50.80382391797183
time:58.422027587890625
80000
min_value:50.80382391797183
time:66.74161529541016
90000
min_value:50.80382391797183
time:75.08283996582031
100000
min_value:50.80382391797183
time:83.46155548095703
110000
min_value:50.80382391797183
time:91.7616958618164
120000
min_value:50.80382391797183
time:100.1109619140625
130000
min_value:50.80382391797183
time:108.49600219726562
140000
min_value:50.80382391797183
time:116.8355712890625
150000
min_value:50.80382391797183
time:125.10144805908203
160000
min_value:50.80382391797183
time:133.3715362548828
170000
min_value:50.80382391797183
time:141.7549285888672
180000
min_value:50.80382391797183
time:150.09246826171875
190000
min_value:50.80382391797183
time:158.4296875
200000
min_value:50.80382391797183
time:166.76576232910156
210000
min_value:50.80382391797183
time:175.11325073242188
220000
min_value:50.80382391797183
time:183.45880126953125
230000
min_value:50.80382391797183
time:191.77032470703125
240000
min_value:50.80382391797183
time:200.07835388183594
250000
min_value:50.80382391797183
time:208.41275024414062
260000
min_value:50.80382391797183
time:216.80239868164062
270000
min_value:50.80382391797183
time:225.1273956298828
280000
min_value:50.80382391797183
time:233.49017333984375
290000
min_value:50.80382391797183
time:241.9095001220703
300000
min_value:50.80382391797183
time:250.30172729492188
310000
min_value:50.80382391797183
time:258.7566223144531
320000
min_value:50.80382391797183
time:267.0674743652344
330000
min_value:50.80382391797183
time:275.3992614746094
340000
min_value:50.80382391797183
time:283.7045593261719
350000
min_value:50.80382391797183
time:291.88494873046875
360000
min_value:50.80382391797183
time:300.0816345214844
370000
min_value:50.80382391797183
time:308.2547607421875
380000
min_value:50.80382391797183
time:316.5501403808594
390000
min_value:50.80382391797183
time:324.7475280761719
400000
min_value:50.80382391797183
time:333.0031433105469
410000
min_value:50.80382391797183
time:341.284912109375
420000
min_value:50.80382391797183
time:349.62762451171875
430000
min_value:50.80382391797183
time:358.00701904296875
440000
min_value:50.80382391797183
time:366.361328125
450000
min_value:50.80382391797183
time:374.74200439453125
460000
min_value:50.80382391797183
time:382.9117736816406
470000
min_value:50.80382391797183
time:391.103271484375
480000
min_value:50.80382391797183
time:399.3646240234375
490000
min_value:50.80382391797183
time:407.7639465332031
500000
min_value:50.51841700348804
time:416.1747131347656
500000
fvalues:50.51841700348804
time_values:416.1747131347656
10000
min_value:67.62163339250682
time:8.366710662841797
20000
min_value:52.129381016113946
time:16.72797203063965
30000
min_value:51.50169229219263
time:25.05377960205078
40000
min_value:51.50169229219263
time:33.405067443847656
50000
min_value:50.99974452153098
time:41.83195495605469
60000
min_value:50.99974452153098
time:50.206016540527344
70000
min_value:50.99974452153098
time:58.649986267089844
80000
min_value:50.99974452153098
time:67.01712036132812
90000
min_value:50.99974452153098
time:75.32719421386719
100000
min_value:50.99974452153098
time:83.45247650146484
110000
min_value:50.99974452153098
time:91.6102066040039
120000
min_value:50.99974452153098
time:99.77831268310547
130000
min_value:50.99974452153098
time:107.93807220458984
140000
min_value:50.99974452153098
time:116.21675109863281
150000
min_value:50.99974452153098
time:124.64521789550781
160000
min_value:50.99974452153098
time:133.21334838867188
170000
min_value:50.99974452153098
time:141.88345336914062
180000
min_value:50.99974452153098
time:150.47952270507812
190000
min_value:50.05461454148133
time:159.12063598632812
200000
min_value:50.05461454148133
time:167.77276611328125
210000
min_value:50.05461454148133
time:176.3539581298828
220000
min_value:50.05461454148133
time:184.76487731933594
230000
min_value:50.05461454148133
time:193.2165985107422
240000
min_value:50.05461454148133
time:201.8648681640625
250000
min_value:50.05461454148133
time:210.55419921875
260000
min_value:50.05461454148133
time:219.11904907226562
270000
min_value:50.05461454148133
time:227.77378845214844
280000
min_value:50.05461454148133
time:236.332763671875
290000
min_value:50.05461454148133
time:244.7447509765625
300000
min_value:50.05461454148133
time:253.08670043945312
310000
min_value:50.05461454148133
time:261.43310546875
320000
min_value:50.05461454148133
time:269.672607421875
330000
min_value:50.05461454148133
time:277.9573059082031
340000
min_value:50.05461454148133
time:286.1978759765625
350000
min_value:50.05461454148133
time:294.4641418457031
360000
min_value:50.05461454148133
time:302.74652099609375
370000
min_value:50.05461454148133
time:311.0260925292969
380000
min_value:50.05461454148133
time:319.36492919921875
390000
min_value:50.05461454148133
time:327.6661682128906
400000
min_value:50.05461454148133
time:335.7935791015625
410000
min_value:50.05461454148133
time:343.9231262207031
420000
min_value:50.05461454148133
time:352.04290771484375
430000
min_value:50.05461454148133
time:360.1822814941406
440000
min_value:50.05461454148133
time:368.3022766113281
450000
min_value:50.05461454148133
time:376.3780517578125
460000
min_value:50.05461454148133
time:384.5514221191406
470000
min_value:50.05461454148133
time:392.75445556640625
480000
min_value:50.05461454148133
time:400.8804931640625
490000
min_value:50.05461454148133
time:409.0302429199219
500000
min_value:50.05461454148133
time:417.23236083984375
500000
fvalues:50.05461454148133
time_values:417.23236083984375
10000
min_value:69.18653527667011
time:8.180994033813477
20000
min_value:51.72641031756391
time:16.289833068847656
30000
min_value:51.72641031756391
time:24.416284561157227
40000
min_value:51.72641031756391
time:32.5760612487793
50000
min_value:51.72641031756391
time:40.79806900024414
60000
min_value:51.68360728422782
time:48.916351318359375
70000
min_value:51.68360728422782
time:57.13514709472656
80000
min_value:51.68360728422782
time:65.30736541748047
90000
min_value:51.68360728422782
time:73.40516662597656
100000
min_value:51.45265781605768
time:81.48428344726562
110000
min_value:51.078805223225395
time:89.52529907226562
120000
min_value:51.078805223225395
time:97.48045349121094
130000
min_value:51.078805223225395
time:105.51042175292969
140000
min_value:51.078805223225395
time:113.64412689208984
150000
min_value:51.078805223225395
time:121.83390045166016
160000
min_value:51.078805223225395
time:130.03787231445312
170000
min_value:51.078805223225395
time:138.19888305664062
180000
min_value:51.078805223225395
time:146.36849975585938
190000
min_value:51.078805223225395
time:154.46035766601562
200000
min_value:51.078805223225395
time:162.56243896484375
210000
min_value:50.86751357359417
time:170.87281799316406
220000
min_value:50.86751357359417
time:179.1807098388672
230000
min_value:50.86751357359417
time:187.23696899414062
240000
min_value:50.86751357359417
time:195.3712158203125
250000
min_value:50.86751357359417
time:203.5478973388672
260000
min_value:50.86751357359417
time:211.76296997070312
270000
min_value:50.86751357359417
time:219.92898559570312
280000
min_value:50.86751357359417
time:228.1357879638672
290000
min_value:50.86751357359417
time:236.24160766601562
300000
min_value:50.86751357359417
time:244.3237762451172
310000
min_value:50.86751357359417
time:252.23013305664062
320000
min_value:50.86751357359417
time:260.1886291503906
330000
min_value:50.86751357359417
time:268.1771545410156
340000
min_value:50.86751357359417
time:276.09521484375
350000
min_value:50.86751357359417
time:284.0652160644531
360000
min_value:50.86751357359417
time:292.1492614746094
370000
min_value:50.71820598613143
time:300.3432922363281
380000
min_value:50.71820598613143
time:308.60858154296875
390000
min_value:50.71820598613143
time:316.83831787109375
400000
min_value:50.71820598613143
time:325.1053161621094
410000
min_value:50.71820598613143
time:333.2947692871094
420000
min_value:50.71820598613143
time:341.6551818847656
430000
min_value:50.71820598613143
time:350.06109619140625
440000
min_value:50.71820598613143
time:358.32208251953125
450000
min_value:50.71820598613143
time:366.57818603515625
460000
min_value:50.71820598613143
time:374.7177429199219
470000
min_value:50.71820598613143
time:382.75341796875
480000
min_value:50.71820598613143
time:390.95550537109375
490000
min_value:50.71820598613143
time:399.0900573730469
500000
min_value:50.71820598613143
time:407.1666259765625
500000
fvalues:50.71820598613143
time_values:407.1666259765625
10000
min_value:66.85240645579881
time:8.071889877319336
20000
min_value:52.24255950491357
time:16.063228607177734
30000
min_value:52.17731622795153
time:24.091947555541992
40000
min_value:51.35472143257677
time:32.07095718383789
50000
min_value:50.814789137624174
time:40.151954650878906
60000
min_value:50.814789137624174
time:48.268768310546875
70000
min_value:50.814789137624174
time:56.323787689208984
80000
min_value:50.814789137624174
time:64.43236541748047
90000
min_value:50.814789137624174
time:72.54118347167969
100000
min_value:50.814789137624174
time:80.56102752685547
110000
min_value:50.814789137624174
time:88.65087890625
120000
min_value:50.814789137624174
time:96.73501586914062
130000
min_value:50.814789137624174
time:104.72824096679688
140000
min_value:50.814789137624174
time:112.80607604980469
150000
min_value:50.814789137624174
time:120.85418701171875
160000
min_value:50.814789137624174
time:128.89349365234375
170000
min_value:50.814789137624174
time:136.8758087158203
180000
min_value:50.814789137624174
time:144.98362731933594
190000
min_value:50.814789137624174
time:152.99432373046875
200000
min_value:50.814789137624174
time:161.0974578857422
210000
min_value:50.814789137624174
time:169.2081298828125
220000
min_value:50.814789137624174
time:177.2721405029297
230000
min_value:50.814789137624174
time:185.1593780517578
240000
min_value:50.814789137624174
time:192.95925903320312
250000
min_value:50.814789137624174
time:200.82550048828125
260000
min_value:50.814789137624174
time:208.64476013183594
270000
min_value:50.814789137624174
time:216.5620574951172
280000
min_value:50.814789137624174
time:224.2440948486328
290000
min_value:50.814789137624174
time:232.14703369140625
300000
min_value:50.814789137624174
time:239.9927978515625
310000
min_value:50.814789137624174
time:247.95436096191406
320000
min_value:50.814789137624174
time:255.74331665039062
330000
min_value:50.814789137624174
time:263.4634094238281
340000
min_value:50.814789137624174
time:271.2958068847656
350000
min_value:50.814789137624174
time:279.1400146484375
360000
min_value:50.814789137624174
time:286.9593505859375
370000
min_value:50.814789137624174
time:294.77447509765625
380000
min_value:50.814789137624174
time:302.49798583984375
390000
min_value:50.33427135692994
time:310.36773681640625
400000
min_value:50.33427135692994
time:318.1212463378906
410000
min_value:50.225196487446794
time:325.88641357421875
420000
min_value:50.225196487446794
time:333.7374572753906
430000
min_value:50.225196487446794
time:341.51580810546875
440000
min_value:50.225196487446794
time:349.2561950683594
450000
min_value:50.225196487446794
time:357.08526611328125
460000
min_value:50.225196487446794
time:364.8215026855469
470000
min_value:50.225196487446794
time:372.5999755859375
480000
min_value:50.225196487446794
time:380.3935546875
490000
min_value:50.225196487446794
time:388.2634582519531
500000
min_value:50.225196487446794
time:396.1925354003906
500000
fvalues:50.225196487446794
time_values:396.1925354003906
10000
min_value:68.04424674882716
time:7.831869125366211
20000
min_value:52.464761552541056
time:15.541080474853516
30000
min_value:51.515035717306105
time:23.360530853271484
40000
min_value:51.515035717306105
time:31.152542114257812
50000
min_value:51.515035717306105
time:38.96966552734375
60000
min_value:49.87677409128385
time:46.690147399902344
70000
min_value:49.87677409128385
time:54.386600494384766
80000
min_value:49.87677409128385
time:62.194759368896484
90000
min_value:49.87677409128385
time:69.97734832763672
100000
min_value:49.87677409128385
time:77.75680541992188
110000
min_value:49.87677409128385
time:85.47056579589844
120000
min_value:49.87677409128385
time:93.2509994506836
130000
min_value:49.87677409128385
time:101.05413818359375
140000
min_value:49.87677409128385
time:108.76956176757812
150000
min_value:49.87677409128385
time:116.61067962646484
160000
min_value:49.87677409128385
time:124.41547393798828
170000
min_value:49.87677409128385
time:132.1301727294922
180000
min_value:49.87677409128385
time:139.98829650878906
190000
min_value:49.87677409128385
time:147.79855346679688
200000
min_value:49.87677409128385
time:155.59423828125
210000
min_value:49.87677409128385
time:163.3577423095703
220000
min_value:49.87677409128385
time:171.1741485595703
230000
min_value:49.87677409128385
time:178.98805236816406
240000
min_value:49.87677409128385
time:186.78750610351562
250000
min_value:49.87677409128385
time:194.594482421875
260000
min_value:49.87677409128385
time:202.3617401123047
270000
min_value:49.87677409128385
time:210.1981658935547
280000
min_value:49.74896443486491
time:217.935546875
290000
min_value:49.74896443486491
time:225.70870971679688
300000
min_value:49.74896443486491
time:233.46047973632812
310000
min_value:49.74896443486491
time:241.2292022705078
320000
min_value:49.74896443486491
time:248.9789276123047
330000
min_value:49.74896443486491
time:256.8253479003906
340000
min_value:49.74896443486491
time:264.6941833496094
350000
min_value:49.74896443486491
time:272.4983825683594
360000
min_value:49.74896443486491
time:280.326171875
370000
min_value:49.74896443486491
time:288.0713195800781
380000
min_value:49.74896443486491
time:295.8502197265625
390000
min_value:49.74896443486491
time:303.662353515625
400000
min_value:49.74896443486491
time:311.4604797363281
410000
min_value:49.74896443486491
time:319.2329406738281
420000
min_value:49.74896443486491
time:327.02862548828125
430000
min_value:49.74896443486491
time:334.8052978515625
440000
min_value:49.74896443486491
time:342.6764221191406
450000
min_value:49.74896443486491
time:350.4501953125
460000
min_value:49.74896443486491
time:358.2420349121094
470000
min_value:49.74896443486491
time:366.0009460449219
480000
min_value:49.74896443486491
time:373.77178955078125
490000
min_value:49.74896443486491
time:381.52093505859375
500000
min_value:49.74896443486491
time:389.2894592285156
500000
fvalues:49.74896443486491
time_values:389.2894592285156
10000
min_value:75.54225115764638
time:7.868546485900879
20000
min_value:51.551007461840285
time:15.574851989746094
30000
min_value:51.551007461840285
time:23.21754264831543
40000
min_value:51.551007461840285
time:30.837787628173828
50000
min_value:51.551007461840285
time:38.58790588378906
60000
min_value:51.551007461840285
time:46.387935638427734
70000
min_value:51.38789176808924
time:54.22776412963867
80000
min_value:50.93285707687834
time:62.06536102294922
90000
min_value:50.93285707687834
time:69.94060516357422
100000
min_value:50.93285707687834
time:77.78617858886719
110000
min_value:50.93285707687834
time:85.66680145263672
120000
min_value:50.78978307512551
time:93.63944244384766
130000
min_value:50.78978307512551
time:101.41301727294922
140000
min_value:50.78978307512551
time:109.38585662841797
150000
min_value:50.78978307512551
time:117.22014617919922
160000
min_value:50.78978307512551
time:125.0538101196289
170000
min_value:50.78978307512551
time:132.8201141357422
180000
min_value:50.78978307512551
time:140.67813110351562
190000
min_value:50.78978307512551
time:148.56057739257812
200000
min_value:50.78978307512551
time:156.4530792236328
210000
min_value:50.78978307512551
time:164.19439697265625
220000
min_value:50.78978307512551
time:171.9910430908203
230000
min_value:50.78978307512551
time:179.8665008544922
240000
min_value:50.78978307512551
time:187.6227264404297
250000
min_value:50.78978307512551
time:195.50909423828125
260000
min_value:50.78978307512551
time:203.34616088867188
270000
min_value:50.78978307512551
time:211.12625122070312
280000
min_value:50.78978307512551
time:218.8516082763672
290000
min_value:50.78978307512551
time:226.63478088378906
300000
min_value:50.78978307512551
time:234.52395629882812
310000
min_value:50.78978307512551
time:242.35411071777344
320000
min_value:50.78978307512551
time:250.20547485351562
330000
min_value:50.78978307512551
time:258.01409912109375
340000
min_value:50.78978307512551
time:265.81097412109375
350000
min_value:50.78978307512551
time:273.5393371582031
360000
min_value:50.78978307512551
time:281.2718505859375
370000
min_value:50.78978307512551
time:288.9832458496094
380000
min_value:50.78978307512551
time:296.6844787597656
390000
min_value:50.78978307512551
time:304.39764404296875
400000
min_value:50.47465467591639
time:312.0872802734375
410000
min_value:50.47465467591639
time:319.9495849609375
420000
min_value:50.47465467591639
time:327.7998046875
430000
min_value:50.47465467591639
time:335.544921875
440000
min_value:50.47465467591639
time:343.4044189453125
450000
min_value:50.47465467591639
time:351.2908630371094
460000
min_value:50.47465467591639
time:359.0865173339844
470000
min_value:50.253331721062224
time:366.9447326660156
480000
min_value:50.253331721062224
time:374.7262268066406
490000
min_value:50.253331721062224
time:382.5289001464844
500000
min_value:49.728743735478815
time:390.4151916503906
500000
fvalues:49.728743735478815
time_values:390.4151916503906
