./results/regularized Quadratic/dim:1000_rank:500_property:convex_ord:1_coef:1e-06_fused:False/RGF/lr:0.0001_sample_size:50_mu:1e-08_step_schedule:constant
10000
min_value:-791.8171022527439
time:241.6629180908203
20000
min_value:-1291.2986773658824
time:481.92913818359375
30000
min_value:-1790.2105426295566
time:721.5938720703125
40000
min_value:-2292.7540541867224
time:962.1972045898438
50000
min_value:-2794.1134701276505
time:1201.4642333984375
60000
min_value:-3294.439437678356
time:1440.2269287109375
70000
min_value:-3793.9390860145104
time:1678.7509765625
80000
min_value:-4294.500931426968
time:1916.2489013671875
90000
min_value:-4797.190328404598
time:2154.871337890625
100000
min_value:-5297.122531376581
time:2392.628662109375
110000
min_value:-5797.970712515029
time:2631.1328125
120000
min_value:-6301.270985222989
time:2868.833251953125
130000
min_value:-6803.12619881707
time:3107.54150390625
140000
min_value:-7304.670977726093
time:3345.707275390625
150000
min_value:-7807.099635210422
time:3586.00390625
160000
min_value:-8308.394878841353
time:3823.916259765625
170000
min_value:-8808.241371841657
time:4062.069091796875
180000
min_value:-9310.6850774902
time:4301.708984375
190000
min_value:-9809.685796150003
time:4539.34228515625
200000
min_value:-10313.237461472414
time:4777.55078125
210000
min_value:-10817.609807326287
time:5015.623046875
220000
min_value:-11319.601689863326
time:5253.20458984375
230000
min_value:-11824.358384689109
time:5491.35205078125
240000
min_value:-12323.693001560208
time:5729.8330078125
250000
min_value:-12827.521275391375
time:5968.49951171875
260000
min_value:-13327.95838146006
time:6207.55322265625
270000
min_value:-13831.67308941413
time:6445.587890625
280000
min_value:-14335.90419888763
time:6684.0126953125
290000
min_value:-14838.520276866373
time:6923.072265625
300000
min_value:-15337.254375374552
time:7160.9189453125
310000
min_value:-15839.02128320605
time:7399.353515625
320000
min_value:-16339.35688212249
time:7637.63623046875
330000
min_value:-16839.983927697984
time:7875.375
340000
min_value:-17341.39814801332
time:8113.3740234375
350000
min_value:-17842.7245167082
time:8351.716796875
360000
min_value:-18343.864935800786
time:8589.345703125
370000
min_value:-18846.355734385754
time:8828.150390625
380000
min_value:-19349.799571905067
time:9065.6669921875
390000
min_value:-19853.163744293834
time:9305.048828125
400000
min_value:-20354.917142444207
time:9544.0712890625
410000
min_value:-20857.61756482223
time:9783.1689453125
420000
min_value:-21358.828983379368
time:10022.021484375
430000
min_value:-21860.712689839893
time:10261.4560546875
440000
min_value:-22363.68401597256
time:10500.6396484375
450000
min_value:-22866.54670189552
time:10739.6962890625
460000
min_value:-23368.594916948565
time:10979.0654296875
470000
min_value:-23870.956627931228
time:11216.7626953125
480000
min_value:-24373.22267989349
time:11456.693359375
490000
min_value:-24874.75599425738
time:11695.37109375
500000
min_value:-25376.161999744025
time:11934.7822265625
500000
fvalues:-25376.197156090588
time_values:11934.7822265625
10000
min_value:-333.6576007807204
time:241.8829345703125
20000
min_value:-835.4778651874194
time:481.7183837890625
30000
min_value:-1336.6754438981136
time:721.648681640625
40000
min_value:-1837.092203519192
time:960.6219482421875
50000
min_value:-2338.971185480371
time:1200.062744140625
60000
min_value:-2838.7772288432648
time:1438.5362548828125
70000
min_value:-3337.780836161939
time:1677.7333984375
80000
min_value:-3838.432513803279
time:1917.92431640625
90000
min_value:-4340.059276356971
time:2158.83154296875
100000
min_value:-4840.79096906642
time:2396.95068359375
110000
min_value:-5341.405846021608
time:2636.735595703125
120000
min_value:-5841.795903238108
time:2876.34326171875
130000
min_value:-6343.232630171624
time:3115.344482421875
140000
min_value:-6843.169168136548
time:3353.27392578125
150000
min_value:-7345.293955872852
time:3593.086669921875
160000
min_value:-7844.380527972877
time:3831.546875
170000
min_value:-8346.718267184016
time:4070.579345703125
180000
min_value:-8847.352586596684
time:4309.6552734375
190000
min_value:-9349.68682311469
time:4549.43603515625
200000
min_value:-9852.514030715165
time:4789.7421875
210000
min_value:-10355.383587499462
time:5029.689453125
220000
min_value:-10855.078598546343
time:5267.90234375
230000
min_value:-11357.434653837287
time:5507.630859375
240000
min_value:-11858.492849664723
time:5748.0283203125
250000
min_value:-12358.507304000708
time:5987.36279296875
260000
min_value:-12861.751243991312
time:6226.40966796875
270000
min_value:-13361.973907975329
time:6464.22705078125
280000
min_value:-13863.717181248732
time:6701.99951171875
290000
min_value:-14364.863769945245
time:6939.42431640625
300000
min_value:-14864.918218691942
time:7177.09423828125
310000
min_value:-15369.392723302852
time:7418.0419921875
320000
min_value:-15869.444487159553
time:7660.3125
330000
min_value:-16373.330992108165
time:7900.59716796875
340000
min_value:-16873.977991625794
time:8141.70556640625
350000
min_value:-17376.006082078635
time:8384.5009765625
360000
min_value:-17876.977884190004
time:8627.095703125
370000
min_value:-18379.013794090377
time:8869.2177734375
380000
min_value:-18880.068134922876
time:9110.8603515625
390000
min_value:-19381.094265911077
time:9353.9990234375
400000
min_value:-19882.588938168334
time:9596.50390625
410000
min_value:-20381.490680702398
time:9838.65625
420000
min_value:-20882.073025321442
time:10083.3056640625
430000
min_value:-21381.821266190997
time:10328.541015625
440000
min_value:-21882.56707343992
time:10572.685546875
450000
min_value:-22380.160341187766
time:10817.5224609375
460000
min_value:-22883.37261606737
time:11063.44921875
470000
min_value:-23384.45325683845
time:11307.2373046875
480000
min_value:-23883.58109828983
time:11549.6484375
490000
min_value:-24385.163800181606
time:11792.1474609375
500000
min_value:-24888.89566723829
time:12031.4580078125
500000
fvalues:-24888.940244896257
time_values:12031.4580078125
10000
min_value:-862.8785294540525
time:241.29074096679688
20000
min_value:-1365.7227631395622
time:482.5192565917969
30000
min_value:-1866.3918527670553
time:722.2366943359375
40000
min_value:-2368.9446270735566
time:963.9346923828125
50000
min_value:-2870.0500625438485
time:1204.8526611328125
60000
min_value:-3372.594008086011
time:1447.639892578125
70000
min_value:-3872.9604554183206
time:1686.618408203125
80000
min_value:-4375.011694621471
time:1925.0355224609375
90000
min_value:-4877.372223542953
time:2168.624267578125
100000
min_value:-5377.321343414467
time:2408.495361328125
110000
min_value:-5878.80052317848
time:2649.39501953125
120000
min_value:-6380.326488313701
time:2889.03076171875
130000
min_value:-6882.554656826545
time:3129.25439453125
140000
min_value:-7382.057846500882
time:3370.54541015625
150000
min_value:-7884.24297213771
time:3614.267822265625
160000
min_value:-8386.133914280048
time:3853.6611328125
170000
min_value:-8890.07152410565
time:4092.591796875
180000
min_value:-9391.229404278984
time:4332.34228515625
190000
min_value:-9894.022455580825
time:4573.8291015625
200000
min_value:-10395.281870902438
time:4813.1982421875
210000
min_value:-10894.821801634642
time:5053.0810546875
220000
min_value:-11395.88474062366
time:5292.8115234375
230000
min_value:-11896.615585070434
time:5532.90234375
240000
min_value:-12397.900654952311
time:5772.625
250000
min_value:-12898.790789233037
time:6012.52197265625
260000
min_value:-13399.425084138094
time:6251.724609375
270000
min_value:-13898.848572815521
time:6489.92529296875
280000
min_value:-14400.330884640827
time:6728.64111328125
290000
min_value:-14903.324860482247
time:6967.61181640625
300000
min_value:-15406.302312438995
time:7207.52587890625
310000
min_value:-15908.051182246032
time:7447.708984375
320000
min_value:-16409.491880302237
time:7687.08740234375
330000
min_value:-16911.972351326465
time:7926.46142578125
340000
min_value:-17413.757399795868
time:8168.13232421875
350000
min_value:-17914.445349474372
time:8409.10546875
360000
min_value:-18417.016236651078
time:8648.8173828125
370000
min_value:-18915.703275989432
time:8889.236328125
380000
min_value:-19416.59100057467
time:9130.828125
390000
min_value:-19921.599181961574
time:9372.1142578125
400000
min_value:-20423.167533187807
time:9610.765625
410000
min_value:-20924.003867453386
time:9850.7099609375
420000
min_value:-21424.98150494471
time:10092.9365234375
430000
min_value:-21927.31380703337
time:10332.564453125
440000
min_value:-22429.842122086204
time:10571.1015625
450000
min_value:-22928.79309409957
time:10811.6708984375
460000
min_value:-23430.07086416532
time:11052.7177734375
470000
min_value:-23932.04751358115
time:11291.5986328125
480000
min_value:-24433.32977325099
time:11531.6455078125
490000
min_value:-24933.865848337024
time:11771.8662109375
500000
min_value:-25437.069528835025
time:12012.0625
500000
fvalues:-25437.111939310755
time_values:12012.0625
10000
min_value:-646.6986110913906
time:238.8642578125
20000
min_value:-1147.095483007649
time:479.1714782714844
30000
min_value:-1644.6677480397805
time:717.4729614257812
40000
min_value:-2146.55102996321
time:946.8179931640625
50000
min_value:-2647.7644196603865
time:1175.809814453125
60000
min_value:-3147.4757812965463
time:1405.3907470703125
70000
min_value:-3647.5559829591393
time:1634.36865234375
80000
min_value:-4147.6618693184855
time:1863.2022705078125
90000
min_value:-4647.836633494751
time:2092.14453125
100000
min_value:-5147.561701977906
time:2321.024658203125
110000
min_value:-5646.486342195147
time:2549.88916015625
120000
min_value:-6147.582312620248
time:2778.7490234375
130000
min_value:-6648.689505110776
time:3007.768798828125
140000
min_value:-7150.110795744086
time:3236.714599609375
150000
min_value:-7652.594485578518
time:3465.871826171875
160000
min_value:-8156.80704587945
time:3694.7861328125
170000
min_value:-8656.75948136454
time:3923.739501953125
180000
min_value:-9156.764445963874
time:4152.6591796875
190000
min_value:-9656.389178999032
time:4381.58251953125
200000
min_value:-10159.271126386826
time:4610.48974609375
210000
min_value:-10660.95410856358
time:4839.43408203125
220000
min_value:-11163.745959414762
time:5068.328125
230000
min_value:-11665.146592307396
time:5297.26318359375
240000
min_value:-12165.732343445603
time:5526.19580078125
250000
min_value:-12669.017846641165
time:5755.14501953125
260000
min_value:-13169.389016219407
time:5984.76416015625
270000
min_value:-13670.919986424942
time:6214.13916015625
280000
min_value:-14171.56242382207
time:6443.05029296875
290000
min_value:-14672.953130891909
time:6672.08203125
300000
min_value:-15174.295873440742
time:6901.05517578125
310000
min_value:-15677.55985210403
time:7129.9501953125
320000
min_value:-16180.283175229308
time:7358.83544921875
330000
min_value:-16682.407129603056
time:7587.82568359375
340000
min_value:-17183.78536216147
time:7816.83056640625
350000
min_value:-17684.244001520747
time:8045.74169921875
360000
min_value:-18185.32105726955
time:8274.6318359375
370000
min_value:-18685.12077507106
time:8503.470703125
380000
min_value:-19187.34837665488
time:8732.451171875
390000
min_value:-19689.51391932138
time:8961.41015625
400000
min_value:-20190.987649688534
time:9190.34765625
410000
min_value:-20693.719942194668
time:9419.34375
420000
min_value:-21195.138344275794
time:9648.2490234375
430000
min_value:-21694.658326127326
time:9877.169921875
440000
min_value:-22196.664659561116
time:10106.24609375
450000
min_value:-22697.443342673625
time:10335.2822265625
460000
min_value:-23200.210822111036
time:10564.177734375
470000
min_value:-23704.11498188404
time:10793.1552734375
480000
min_value:-24208.334960558717
time:11022.033203125
490000
min_value:-24708.98256862131
time:11250.9306640625
500000
min_value:-25211.22856928801
time:11479.8642578125
500000
fvalues:-25211.27678701631
time_values:11479.8642578125
10000
min_value:-438.8545600770855
time:229.14703369140625
20000
min_value:-937.6899180617968
time:458.3133850097656
30000
min_value:-1436.7706942578927
time:687.5735473632812
40000
min_value:-1936.4235116844468
time:916.6721801757812
50000
min_value:-2438.854458121682
time:1145.8245849609375
60000
min_value:-2939.3438881916018
time:1375.138671875
70000
min_value:-3440.080999087629
time:1607.800048828125
80000
min_value:-3940.2007456472575
time:1847.4930419921875
90000
min_value:-4442.196533849208
time:2085.675048828125
100000
min_value:-4943.812501687612
time:2322.98779296875
110000
min_value:-5447.020087466842
time:2559.31787109375
120000
min_value:-5947.493301964402
time:2800.441162109375
130000
min_value:-6448.215947339581
time:3039.822509765625
140000
min_value:-6949.249849351655
time:3290.117431640625
150000
min_value:-7453.620034478613
time:3539.169921875
160000
min_value:-7955.592838292846
time:3777.1640625
170000
min_value:-8456.13691256321
time:4014.947998046875
180000
min_value:-8958.984171239395
time:4253.22265625
190000
min_value:-9461.466155996484
time:4493.07470703125
200000
min_value:-9962.930643180189
time:4739.52783203125
210000
min_value:-10463.189307829889
time:4988.41845703125
220000
min_value:-10963.374532469841
time:5234.42041015625
230000
min_value:-11464.351706517851
time:5481.33837890625
240000
min_value:-11967.387117232807
time:5730.693359375
250000
min_value:-12466.96748936456
time:5971.484375
260000
min_value:-12969.2590680319
time:6216.98046875
270000
min_value:-13472.923252704753
time:6469.7451171875
280000
min_value:-13976.385628135806
time:6725.10009765625
290000
min_value:-14480.099624409402
time:6964.21240234375
300000
min_value:-14984.06538804141
time:7225.32275390625
310000
min_value:-15485.356176392546
time:7463.1259765625
320000
min_value:-15987.824201990148
time:7701.97314453125
330000
min_value:-16491.54484884392
time:7941.888671875
340000
min_value:-16989.437596677104
time:8184.7998046875
350000
min_value:-17491.175807986823
time:8429.357421875
360000
min_value:-17994.240666819707
time:8669.875
370000
min_value:-18495.426590054376
time:8910.333984375
380000
min_value:-19000.12159405067
time:9150.66796875
390000
min_value:-19503.751008057967
time:9386.4287109375
400000
min_value:-20005.496756619996
time:9621.9365234375
410000
min_value:-20507.10327300184
time:9857.4677734375
420000
min_value:-21011.330159085966
time:10092.34375
430000
min_value:-21515.77053893353
time:10327.6220703125
440000
min_value:-22018.50549274452
time:10562.849609375
450000
min_value:-22519.689963841265
time:10803.244140625
460000
min_value:-23021.4470314523
time:11046.8466796875
470000
min_value:-23522.568043966363
time:11288.4482421875
480000
min_value:-24023.750499667465
time:11530.2041015625
490000
min_value:-24524.9638029662
time:11776.91015625
500000
min_value:-25027.04973031425
time:12014.841796875
500000
fvalues:-25027.085196938853
time_values:12014.841796875
10000
min_value:-311.5460867168662
time:243.34304809570312
20000
min_value:-811.1305090344272
time:484.9703674316406
30000
min_value:-1310.4454757795122
time:719.9696044921875
40000
min_value:-1811.927649594809
time:959.5963134765625
50000
min_value:-2315.006244012912
time:1193.760986328125
60000
min_value:-2817.196787015199
time:1428.13720703125
70000
min_value:-3318.473918154329
time:1661.65185546875
80000
min_value:-3819.4894470185936
time:1895.455322265625
90000
min_value:-4321.5963853184885
time:2129.326416015625
100000
min_value:-4821.819856662205
time:2364.8544921875
110000
min_value:-5321.872805609162
time:2605.734619140625
120000
min_value:-5823.389575673617
time:2848.116455078125
130000
min_value:-6323.233058178271
time:3089.9052734375
140000
min_value:-6823.697264223562
time:3330.899169921875
150000
min_value:-7325.159462294999
time:3571.99169921875
160000
min_value:-7829.119390778721
time:3812.6611328125
170000
min_value:-8330.423539969735
time:4053.026123046875
180000
min_value:-8831.546826289828
time:4292.81787109375
190000
min_value:-9332.623778529049
time:4538.5927734375
200000
min_value:-9833.260562818616
time:4780.32275390625
210000
min_value:-10333.577387762662
time:5017.869140625
220000
min_value:-10835.224372298795
time:5255.2158203125
230000
min_value:-11336.967974744734
time:5490.78857421875
240000
min_value:-11837.630103943404
time:5736.529296875
250000
min_value:-12337.550383335734
time:5987.79052734375
260000
min_value:-12839.88314003252
time:6223.14794921875
270000
min_value:-13340.636052679389
time:6457.423828125
280000
min_value:-13839.726308447289
time:6691.9560546875
290000
min_value:-14339.989904496118
time:6926.9345703125
300000
min_value:-14841.112527141353
time:7160.94091796875
310000
min_value:-15343.222680524326
time:7395.73193359375
320000
min_value:-15843.33345764295
time:7630.04052734375
330000
min_value:-16346.081117562646
time:7864.47314453125
340000
min_value:-16848.46475547944
time:8098.43212890625
350000
min_value:-17349.117664448935
time:8332.7412109375
360000
min_value:-17851.035198115835
time:8566.8701171875
370000
min_value:-18350.9258180239
time:8800.2607421875
380000
min_value:-18853.00575317387
time:9033.5390625
390000
min_value:-19355.007194629645
time:9266.68359375
400000
min_value:-19856.455219434254
time:9500.5732421875
410000
min_value:-20361.259684873028
time:9734.990234375
420000
min_value:-20862.27494973595
time:9984.5009765625
430000
min_value:-21364.99703117585
time:10220.2587890625
440000
min_value:-21867.5348669571
time:10455.6923828125
450000
min_value:-22368.581240087522
time:10691.6787109375
460000
min_value:-22869.207431281287
time:10927.75390625
470000
min_value:-23371.218847805896
time:11164.3671875
480000
min_value:-23871.885988870585
time:11399.4296875
490000
min_value:-24373.680338495695
time:11635.7802734375
500000
min_value:-24876.602242306613
time:11871.921875
500000
fvalues:-24876.659539102682
time_values:11871.921875
10000
min_value:-364.67769342857275
time:236.84881591796875
20000
min_value:-865.3932899062195
time:473.7098388671875
30000
min_value:-1366.1135861394935
time:715.4252319335938
40000
min_value:-1865.013343425339
time:951.7816772460938
50000
min_value:-2367.9712183061893
time:1186.7589111328125
60000
min_value:-2869.1846885894392
time:1422.6121826171875
70000
min_value:-3368.3304767185987
time:1658.32177734375
80000
min_value:-3868.6785051153847
time:1894.1126708984375
90000
min_value:-4371.444452393565
time:2130.420654296875
100000
min_value:-4872.267927199113
time:2366.784912109375
110000
min_value:-5373.532623099621
time:2603.03076171875
120000
min_value:-5877.201066258728
time:2838.598876953125
130000
min_value:-6381.020415614922
time:3075.68212890625
140000
min_value:-6883.094004319761
time:3325.739501953125
150000
min_value:-7384.30720764074
time:3568.08837890625
160000
min_value:-7885.548074647336
time:3811.760009765625
170000
min_value:-8385.2951845033
time:4054.29052734375
180000
min_value:-8886.825117954853
time:4296.259765625
190000
min_value:-9388.59488729194
time:4538.56787109375
200000
min_value:-9892.147825065324
time:4780.8095703125
210000
min_value:-10394.697116893809
time:5023.2294921875
220000
min_value:-10895.524978780844
time:5265.22900390625
230000
min_value:-11396.040615724392
time:5507.60107421875
240000
min_value:-11898.298432678916
time:5750.22314453125
250000
min_value:-12400.855049939933
time:5993.95361328125
260000
min_value:-12902.3416295205
time:6236.03564453125
270000
min_value:-13403.005027672589
time:6477.66259765625
280000
min_value:-13903.31131897133
time:6718.84716796875
290000
min_value:-14404.498202012195
time:6961.1630859375
300000
min_value:-14906.09503564972
time:7204.171875
310000
min_value:-15406.665431602612
time:7445.41943359375
320000
min_value:-15908.920804657688
time:7687.66259765625
330000
min_value:-16409.867194485243
time:7928.8623046875
340000
min_value:-16913.51784478894
time:8170.56298828125
350000
min_value:-17414.3950736608
time:8411.85546875
360000
min_value:-17916.989113812095
time:8653.51953125
370000
min_value:-18417.271635865894
time:8895.5830078125
380000
min_value:-18921.318281451066
time:9136.3828125
390000
min_value:-19421.63993215079
time:9378.337890625
400000
min_value:-19923.82198686412
time:9620.08984375
410000
min_value:-20425.324707178002
time:9861.763671875
420000
min_value:-20925.984034992165
time:10103.880859375
430000
min_value:-21426.398754523907
time:10345.0791015625
440000
min_value:-21926.602605598855
time:10586.9453125
450000
min_value:-22427.494509427626
time:10827.578125
460000
min_value:-22930.425489786117
time:11069.728515625
470000
min_value:-23433.629127391217
time:11310.21484375
480000
min_value:-23935.900276118995
time:11549.630859375
490000
min_value:-24438.37413030403
time:11788.9912109375
500000
min_value:-24941.305878871855
time:12028.701171875
500000
fvalues:-24941.360457486888
time_values:12028.701171875
10000
min_value:-490.34367508786227
time:239.46849060058594
20000
min_value:-991.0114770165821
time:478.765380859375
30000
min_value:-1490.8216111813065
time:718.6173095703125
40000
min_value:-1990.7869974261273
time:958.4361572265625
50000
min_value:-2490.2479119157547
time:1198.2957763671875
60000
min_value:-2991.9829085405413
time:1437.583251953125
70000
min_value:-3491.534469859382
time:1675.853759765625
80000
min_value:-3991.1389866824975
time:1914.637939453125
90000
min_value:-4491.451223757719
time:2153.557861328125
100000
min_value:-4992.380592774712
time:2392.64111328125
110000
min_value:-5493.86011070014
time:2631.5400390625
120000
min_value:-5993.1930982289605
time:2871.107177734375
130000
min_value:-6496.315942160614
time:3110.165771484375
140000
min_value:-6997.524332768888
time:3347.582763671875
150000
min_value:-7496.682263786929
time:3585.947998046875
160000
min_value:-7995.9500806004135
time:3823.816650390625
170000
min_value:-8496.910387761018
time:4063.038330078125
180000
min_value:-8999.24044703866
time:4302.5146484375
190000
min_value:-9499.457556763884
time:4541.45458984375
200000
min_value:-10000.126616195901
time:4779.1328125
210000
min_value:-10503.162860509197
time:5017.77490234375
220000
min_value:-11004.068387647525
time:5257.1796875
230000
min_value:-11503.029419419841
time:5495.8935546875
240000
min_value:-12006.859620587798
time:5735.53271484375
250000
min_value:-12507.632004205348
time:6004.12841796875
260000
min_value:-13010.088429772832
time:6272.59326171875
270000
min_value:-13509.718076228119
time:6545.44384765625
280000
min_value:-14011.684959322482
time:6819.6435546875
290000
min_value:-14514.555549202114
time:7093.90625
300000
min_value:-15014.78220650981
time:7367.71630859375
310000
min_value:-15518.228357624155
time:7639.5615234375
320000
min_value:-16020.216996953335
time:7913.1337890625
330000
min_value:-16522.165132088387
time:8186.75390625
340000
min_value:-17023.750815189018
time:8442.3720703125
350000
min_value:-17526.351798405325
time:8681.951171875
360000
min_value:-18029.291235390516
time:8920.6044921875
370000
min_value:-18532.676374324663
time:9160.5048828125
380000
min_value:-19033.46861441431
time:9400.0400390625
390000
min_value:-19535.875446665803
time:9637.3505859375
400000
min_value:-20038.075339012536
time:9875.9375
410000
min_value:-20539.880455109964
time:10113.9306640625
420000
min_value:-21042.04332580023
time:10351.8212890625
430000
min_value:-21544.92853808354
time:10589.4130859375
440000
min_value:-22045.876806614546
time:10826.259765625
450000
min_value:-22547.23848768951
time:11064.5576171875
460000
min_value:-23049.927226869633
time:11301.818359375
470000
min_value:-23550.84580466547
time:11539.703125
480000
min_value:-24053.237962149877
time:11778.12890625
490000
min_value:-24557.162411938545
time:12016.8828125
500000
min_value:-25059.30684028167
time:12254.052734375
500000
fvalues:-25059.349938806667
time_values:12254.052734375
10000
min_value:-471.1069222046892
time:237.9300079345703
20000
min_value:-973.3208178775186
time:476.4718322753906
30000
min_value:-1473.196350501466
time:715.9910278320312
40000
min_value:-1973.7863502030893
time:955.1466064453125
50000
min_value:-2475.1331417385422
time:1194.474853515625
60000
min_value:-2978.147025983765
time:1432.9669189453125
70000
min_value:-3478.255766756637
time:1672.631591796875
80000
min_value:-3980.7729457171336
time:1911.5126953125
90000
min_value:-4482.768830940379
time:2154.205810546875
100000
min_value:-4982.929788947734
time:2394.169921875
110000
min_value:-5482.301164838933
time:2638.34375
120000
min_value:-5982.829154304997
time:2887.17578125
130000
min_value:-6483.597704158255
time:3132.53271484375
140000
min_value:-6983.985247663864
time:3376.1787109375
150000
min_value:-7486.60698883244
time:3618.19482421875
160000
min_value:-7986.72983971498
time:3861.26806640625
170000
min_value:-8487.335007487725
time:4102.67578125
180000
min_value:-8987.044463617873
time:4344.30810546875
190000
min_value:-9489.449014953074
time:4589.40234375
200000
min_value:-9991.115889386154
time:4848.85986328125
210000
min_value:-10491.253566346031
time:5087.40380859375
220000
min_value:-10994.631093749427
time:5328.81494140625
230000
min_value:-11494.74782748024
time:5567.927734375
240000
min_value:-11997.410124265161
time:5807.171875
250000
min_value:-12497.197351686775
time:6055.2041015625
260000
min_value:-12998.8333567886
time:6302.1083984375
270000
min_value:-13499.819499324778
time:6546.3056640625
280000
min_value:-14002.114931515493
time:6788.2275390625
290000
min_value:-14505.100947808507
time:7039.3056640625
300000
min_value:-15007.106135950828
time:7283.4375
310000
min_value:-15508.975237128301
time:7546.20458984375
320000
min_value:-16013.11669743759
time:7820.64599609375
330000
min_value:-16514.419873074326
time:8096.224609375
340000
min_value:-17017.13389995675
time:8372.408203125
350000
min_value:-17519.407340329937
time:8638.7646484375
360000
min_value:-18019.648946330253
time:8880.0458984375
370000
min_value:-18522.98900386041
time:9121.8525390625
380000
min_value:-19024.12792978061
time:9371.228515625
390000
min_value:-19526.68211166627
time:9617.25390625
400000
min_value:-20029.019518901274
time:9860.2314453125
410000
min_value:-20532.25583467921
time:10102.08984375
420000
min_value:-21031.90555458125
time:10342.4873046875
430000
min_value:-21533.182944003584
time:10583.9853515625
440000
min_value:-22035.449697772354
time:10826.1181640625
450000
min_value:-22537.942986843434
time:11067.3466796875
460000
min_value:-23038.199042349857
time:11308.482421875
470000
min_value:-23540.07467361923
time:11549.771484375
480000
min_value:-24042.868715398978
time:11790.3193359375
490000
min_value:-24542.91870242176
time:12031.5185546875
500000
min_value:-25045.13633110102
time:12272.4287109375
500000
fvalues:-25045.178340850594
time_values:12272.4287109375
10000
min_value:-541.9006665564827
time:250.29505920410156
20000
min_value:-1045.1039350370213
time:502.1036071777344
30000
min_value:-1546.0322816860328
time:771.3114013671875
40000
min_value:-2045.9894876170047
time:1020.4037475585938
50000
min_value:-2547.4198489222167
time:1262.011474609375
60000
min_value:-3049.1171924864952
time:1502.1624755859375
70000
min_value:-3548.189767564544
time:1742.3568115234375
80000
min_value:-4049.0986372398393
time:1984.7838134765625
90000
min_value:-4550.22002095581
time:2228.0234375
100000
min_value:-5055.129337410813
time:2469.107177734375
110000
min_value:-5554.628903736269
time:2710.181884765625
120000
min_value:-6056.001688696433
time:2948.93505859375
130000
min_value:-6556.826466732745
time:3190.368896484375
140000
min_value:-7056.294915905579
time:3439.720458984375
150000
min_value:-7558.31455480052
time:3685.35986328125
160000
min_value:-8058.347770578639
time:3926.627197265625
170000
min_value:-8558.851727174177
time:4166.6943359375
180000
min_value:-9059.8788852452
time:4406.76416015625
190000
min_value:-9562.607906651823
time:4645.97412109375
200000
min_value:-10063.25847283317
time:4886.06494140625
210000
min_value:-10563.660974527775
time:5126.29443359375
220000
min_value:-11065.820879594025
time:5366.88720703125
230000
min_value:-11566.3188539304
time:5607.86083984375
240000
min_value:-12069.931414371671
time:5848.9306640625
250000
min_value:-12571.683153789152
time:6089.84765625
260000
min_value:-13073.542643395373
time:6331.4462890625
270000
min_value:-13576.897599246677
time:6580.74658203125
280000
min_value:-14078.107213284331
time:6825.38916015625
290000
min_value:-14577.768261002699
time:7066.76220703125
300000
min_value:-15079.185927743347
time:7308.71875
310000
min_value:-15581.298455108905
time:7550.421875
320000
min_value:-16084.193194006217
time:7790.541015625
330000
min_value:-16586.090533014776
time:8031.79296875
340000
min_value:-17086.604941660567
time:8273.5029296875
350000
min_value:-17589.29742788446
time:8515.6044921875
360000
min_value:-18090.790663069787
time:8756.4384765625
370000
min_value:-18594.951451430516
time:8997.005859375
380000
min_value:-19098.143608256643
time:9236.8740234375
390000
min_value:-19597.581690744497
time:9476.9365234375
400000
min_value:-20097.350528233117
time:9726.080078125
410000
min_value:-20599.18696648812
time:9972.109375
420000
min_value:-21101.078774189104
time:10214.2568359375
430000
min_value:-21603.235447649276
time:10455.5087890625
440000
min_value:-22106.566647501473
time:10697.3798828125
450000
min_value:-22608.722303204137
time:10937.029296875
460000
min_value:-23110.75728764716
time:11177.984375
470000
min_value:-23614.43762821807
time:11418.998046875
480000
min_value:-24118.089468437458
time:11661.1826171875
490000
min_value:-24619.977841278647
time:11903.3798828125
500000
min_value:-25122.49711612428
time:12145.00390625
500000
fvalues:-25122.54064899801
time_values:12145.00390625
