./results/subspace-norm/dim:1000000_ord:1_subspace:100_fused:False/proposed/lr:10000_reduced_dim:10_sample_size:20_mu:1e-05_step_schedule:decreasing-half
10000
min_value:0.6223932579600565
time:121.30171513557434
20000
min_value:0.43852097446347726
time:238.3377342224121
30000
min_value:0.35274939686695894
time:355.3233585357666
40000
min_value:0.2970849765573187
time:472.43748807907104
50000
min_value:0.2795356523593169
time:589.4228916168213
60000
min_value:0.25352078138881984
time:706.2168228626251
70000
min_value:0.24208438780971658
time:822.904061794281
80000
min_value:0.21769804847600815
time:939.7012557983398
90000
min_value:0.21013918594111622
time:1056.5940811634064
100000
min_value:0.19295412568014564
time:1173.2005727291107
110000
min_value:0.17256812097232904
time:1289.979975938797
120000
min_value:0.16309775750749544
time:1406.6440649032593
130000
min_value:0.16309775750749544
time:1523.2544667720795
140000
min_value:0.15631662201632052
time:1639.8394668102264
150000
min_value:0.1502136928474292
time:1756.5350046157837
160000
min_value:0.14756496564846833
time:1873.2775461673737
170000
min_value:0.14223755101500213
time:1989.839668750763
180000
min_value:0.14223755101500213
time:2106.529253721237
190000
min_value:0.1394398403575564
time:2223.1345064640045
200000
min_value:0.13434073105374503
time:2339.8728153705597
210000
min_value:0.1326934315112331
time:2456.802629470825
220000
min_value:0.12887614937542408
time:2573.363116979599
230000
min_value:0.12597974419421426
time:2689.96848988533
240000
min_value:0.12597974419421426
time:2806.6164844036102
250000
min_value:0.12299396241628618
time:2923.3881471157074
260000
min_value:0.11696693807235287
time:3040.0621707439423
270000
min_value:0.11244561218958597
time:3157.040200948715
280000
min_value:0.10892953935416815
time:3274.02521276474
290000
min_value:0.1047442229749369
time:3391.1783146858215
300000
min_value:0.1047442229749369
time:3508.28324174881
310000
min_value:0.1047442229749369
time:3625.3555669784546
320000
min_value:0.1047442229749369
time:3742.406913280487
330000
min_value:0.096543819212285
time:3859.52756857872
340000
min_value:0.096543819212285
time:3976.6084156036377
350000
min_value:0.096543819212285
time:4093.290990829468
360000
min_value:0.096543819212285
time:4209.804579496384
370000
min_value:0.096543819212285
time:4326.484237909317
380000
min_value:0.096543819212285
time:4443.23707151413
390000
min_value:0.096543819212285
time:4560.129422187805
400000
min_value:0.09566558636179932
time:4676.8910574913025
410000
min_value:0.08824797452767216
time:4793.694599151611
420000
min_value:0.08824797452767216
time:4910.557862281799
430000
min_value:0.08824797452767216
time:5027.194596529007
440000
min_value:0.08674471486571478
time:5143.609201908112
450000
min_value:0.08311958868645505
time:5260.113115787506
460000
min_value:0.08311958868645505
time:5376.687523126602
470000
min_value:0.08244122942547465
time:5493.355496406555
480000
min_value:0.08244122942547465
time:5609.922414779663
490000
min_value:0.08244122942547465
time:5726.53370475769
500000
min_value:0.08244122942547465
time:5843.332357883453
510000
min_value:0.08244122942547465
time:5960.063115358353
520000
min_value:0.08244122942547465
time:6076.763359546661
530000
min_value:0.0801067805127118
time:6193.40855383873
540000
min_value:0.0801067805127118
time:6309.876745700836
550000
min_value:0.0801067805127118
time:6426.778861522675
560000
min_value:0.07862772843372896
time:6543.582203626633
570000
min_value:0.07858120337510405
time:6660.195512533188
580000
min_value:0.07744496969006032
time:6776.817353725433
590000
min_value:0.07744496969006032
time:6893.406236410141
600000
min_value:0.07744496969006032
time:7009.822716474533
610000
min_value:0.07549797455375679
time:7126.152746915817
620000
min_value:0.07330229431095309
time:7242.717671632767
630000
min_value:0.07330229431095309
time:7359.18249797821
640000
min_value:0.07330229431095309
time:7475.74090385437
650000
min_value:0.07330229431095309
time:7592.275954961777
660000
min_value:0.07330229431095309
time:7708.771983861923
670000
min_value:0.07276517102768483
time:7825.392623662949
680000
min_value:0.07276517102768483
time:7942.355082511902
690000
min_value:0.07060769176805437
time:8058.8860466480255
700000
min_value:0.07032375238956615
time:8175.48308801651
710000
min_value:0.06955987728600961
time:8292.082389593124
720000
min_value:0.06858508580787623
time:8408.786745548248
730000
min_value:0.067053191473517
time:8525.30817270279
740000
min_value:0.067053191473517
time:8641.905771017075
750000
min_value:0.067053191473517
time:8758.504727363586
760000
min_value:0.0656777803823767
time:8875.187408924103
770000
min_value:0.0656777803823767
time:8991.745670557022
780000
min_value:0.06499021587075332
time:9108.249099493027
790000
min_value:0.06499021587075332
time:9224.754548311234
800000
min_value:0.06499021587075332
time:9341.268211126328
810000
min_value:0.06499021587075332
time:9457.700003147125
820000
min_value:0.06499021587075332
time:9574.417766571045
830000
min_value:0.06499021587075332
time:9691.20404791832
840000
min_value:0.06499021587075332
time:9807.810914993286
850000
min_value:0.062166968467941564
time:9924.42596912384
860000
min_value:0.062166968467941564
time:10041.004361867905
870000
min_value:0.062166968467941564
time:10157.529176950455
880000
min_value:0.062166968467941564
time:10274.222039222717
890000
min_value:0.062166968467941564
time:10390.850133180618
900000
min_value:0.062166968467941564
time:10507.286346912384
910000
min_value:0.06188525440858444
time:10623.75890493393
920000
min_value:0.06072263044368799
time:10740.373960494995
930000
min_value:0.05764052029133404
time:10856.811967849731
940000
min_value:0.05764052029133404
time:10973.354457139969
950000
min_value:0.05764052029133404
time:11089.924522638321
960000
min_value:0.05764052029133404
time:11206.575274944305
970000
min_value:0.05764052029133404
time:11323.186733722687
980000
min_value:0.05764052029133404
time:11439.829732656479
990000
min_value:0.05764052029133404
time:11556.368992567062
1000000
min_value:0.05764052029133404
time:11672.904885053635
1000000
fvalues:0.05764052029133404
time_values:11672.904885053635
./results/subspace-norm/dim:1000000_ord:1_subspace:100_fused:False/proposed/lr:10000_reduced_dim:10_sample_size:20_mu:1e-08_step_schedule:decreasing-half
10000
min_value:0.6265749556916493
time:116.77107119560242
20000
min_value:0.44972246652090797
time:233.1840636730194
30000
min_value:0.3606303600268454
time:349.61920857429504
40000
min_value:0.3049346713895088
time:466.3055992126465
50000
min_value:0.27365617249230173
time:583.2736718654633
60000
min_value:0.23970793752390362
time:700.5222573280334
70000
min_value:0.23159283430384306
time:817.1802220344543
80000
min_value:0.21211552037467146
time:933.7463300228119
90000
min_value:0.20619404900814978
time:1050.3424263000488
100000
min_value:0.19069450945283206
time:1166.981294631958
110000
min_value:0.17864695873573969
time:1284.1944205760956
120000
min_value:0.16677401308499673
time:1400.7985258102417
130000
min_value:0.16677401308499673
time:1516.673469543457
140000
min_value:0.16306879862276297
time:1632.1376700401306
150000
min_value:0.15367464031550568
time:1747.7738871574402
160000
min_value:0.1483625399768388
time:1863.4167428016663
170000
min_value:0.1483625399768388
time:1979.60080909729
180000
min_value:0.14496082095570678
time:2095.369160413742
190000
min_value:0.1319797098842515
time:2210.8561000823975
200000
min_value:0.1319797098842515
time:2326.407820701599
210000
min_value:0.13192536180607264
time:2442.0907220840454
220000
min_value:0.12299198524629296
time:2557.796267747879
230000
min_value:0.12299198524629296
time:2672.1196331977844
240000
min_value:0.12299198524629296
time:2786.6392743587494
250000
min_value:0.11648159329549403
time:2901.1203474998474
260000
min_value:0.11643169320324646
time:3015.5444803237915
270000
min_value:0.11618660423021995
time:3130.2903616428375
280000
min_value:0.11138588777547026
time:3244.800241947174
290000
min_value:0.11138588777547026
time:3359.2200379371643
300000
min_value:0.10963574453250917
time:3473.73038315773
310000
min_value:0.10691480164196882
time:3588.234206199646
320000
min_value:0.10691480164196882
time:3702.519659280777
330000
min_value:0.10586621471258725
time:3817.505508184433
340000
min_value:0.09973903370760204
time:3932.1547441482544
350000
min_value:0.09973903370760204
time:4046.342392683029
360000
min_value:0.09559319971658753
time:4160.7226457595825
370000
min_value:0.09559319971658753
time:4275.186677694321
380000
min_value:0.09559319971658753
time:4390.024974107742
390000
min_value:0.09559319971658753
time:4504.443459749222
400000
min_value:0.09264229664256168
time:4619.019413232803
410000
min_value:0.09184406643107394
time:4733.518460273743
420000
min_value:0.089285765048639
time:4847.9467396736145
430000
min_value:0.089285765048639
time:4962.412173032761
440000
min_value:0.08857627562241357
time:5077.499220609665
450000
min_value:0.08642503508350921
time:5192.039356470108
460000
min_value:0.08642503508350921
time:5306.450415611267
470000
min_value:0.08372740215237437
time:5421.183992624283
480000
min_value:0.08372740215237437
time:5535.814810752869
490000
min_value:0.08372740215237437
time:5650.997248411179
500000
min_value:0.0826988792869942
time:5765.564809799194
