./results/subspace-norm/dim:1000000_ord:1_subspace:100_fused:False/proposed/lr:100000_reduced_dim:10_sample_size:20_mu:1e-05_step_schedule:constant
10000
min_value:100.0
time:119.42995953559875
10000
fvalues:100.0
time_values:119.42995953559875
./results/subspace-norm/dim:1000000_ord:1_subspace:100_fused:False/proposed/lr:100000_reduced_dim:10_sample_size:20_mu:1e-08_step_schedule:constant
10000
min_value:100.0
time:114.89408445358276
10000
fvalues:100.0
time_values:114.89408445358276
./results/subspace-norm/dim:1000000_ord:1_subspace:100_fused:False/proposed/lr:10000_reduced_dim:10_sample_size:20_mu:1e-05_step_schedule:constant
10000
min_value:62.34826277604378
time:115.16244554519653
10000
fvalues:62.34826277604378
time_values:115.16244554519653
./results/subspace-norm/dim:1000000_ord:1_subspace:100_fused:False/proposed/lr:10000_reduced_dim:10_sample_size:20_mu:1e-08_step_schedule:constant
10000
min_value:57.8990443580558
time:115.8153440952301
10000
fvalues:57.8990443580558
time_values:115.8153440952301
./results/subspace-norm/dim:1000000_ord:1_subspace:100_fused:False/proposed/lr:1000_reduced_dim:10_sample_size:20_mu:1e-05_step_schedule:constant
10000
min_value:6.03388438874247
time:117.64864373207092
10000
fvalues:6.03388438874247
time_values:117.64864373207092
./results/subspace-norm/dim:1000000_ord:1_subspace:100_fused:False/proposed/lr:1000_reduced_dim:10_sample_size:20_mu:1e-08_step_schedule:constant
10000
min_value:5.900001627698936
time:117.11493253707886
10000
fvalues:5.900001627698936
time_values:117.11493253707886
