./results/regularized test local/dim:1000000_ord:1_coef:1_fused:False/proposed/lr:1e-05_reduced_dim:10_sample_size:1_mu:1e-08_step_schedule:decreasing-half
10000
min_value:0.9813867624416077
time:24.148640871047974
20000
min_value:0.9735407048865853
time:44.47756814956665
30000
min_value:0.9674683440875962
time:64.76687669754028
40000
min_value:0.9624736834080138
time:85.0764513015747
50000
min_value:0.9578699816836098
time:105.30793380737305
60000
min_value:0.9537346156838656
time:125.58417248725891
70000
min_value:0.9499067715962946
time:145.75655674934387
80000
min_value:0.9463700446760817
time:166.05163025856018
90000
min_value:0.9431395285178426
time:186.2256464958191
100000
min_value:0.9400340397355561
time:206.5139298439026
110000
min_value:0.9370868370308338
time:226.8169801235199
120000
min_value:0.9342931098749352
time:247.07345294952393
130000
min_value:0.9315718823349514
time:267.3565671443939
140000
min_value:0.9289678889541014
time:287.647807598114
150000
min_value:0.9264421265390719
time:307.93263936042786
160000
min_value:0.9239948202073677
time:328.2309012413025
170000
min_value:0.9216199286574882
time:348.46725606918335
180000
min_value:0.9193523119321657
time:368.6358766555786
190000
min_value:0.9170789001676899
time:388.8533673286438
200000
min_value:0.9148847371099753
time:409.01065015792847
210000
min_value:0.9127689876792572
time:429.25823283195496
220000
min_value:0.9107315159505031
time:449.4134991168976
230000
min_value:0.9087449785616454
time:469.72323298454285
240000
min_value:0.9067246223575859
time:489.93754482269287
250000
min_value:0.9047582753078403
time:510.1749475002289
260000
min_value:0.9028890628877283
time:530.2833156585693
270000
min_value:0.9010048434073172
time:550.5285077095032
280000
min_value:0.899134649472805
time:570.6954820156097
290000
min_value:0.8973590060709783
time:590.9513394832611
300000
min_value:0.8956517612855945
time:611.2639734745026
310000
min_value:0.8939440675784148
time:631.5642743110657
320000
min_value:0.8922610429817766
time:651.7609045505524
330000
min_value:0.8905680923970325
time:672.0518901348114
340000
min_value:0.8889634936587043
time:692.2179849147797
350000
min_value:0.8873128132720376
time:712.4826233386993
360000
min_value:0.8857171282298149
time:732.6693201065063
370000
min_value:0.8841730740236826
time:752.944836139679
380000
min_value:0.8826141851866242
time:773.2335617542267
390000
min_value:0.8810786564934486
time:793.5606164932251
400000
min_value:0.8795469462912695
time:813.8181049823761
410000
min_value:0.8780484431138893
time:834.1556115150452
420000
min_value:0.8765785813221647
time:854.4225101470947
430000
min_value:0.8751118426756109
time:874.7347316741943
440000
min_value:0.8736592491679577
time:895.015604019165
450000
min_value:0.8722356200367923
time:915.308187007904
460000
min_value:0.8708076933735763
time:935.5268697738647
470000
min_value:0.8693996396393492
time:955.848833322525
480000
min_value:0.8679932306514272
time:976.1460356712341
490000
min_value:0.8666159685907419
time:996.4623417854309
500000
min_value:0.8652614747795411
time:1016.7637922763824
510000
min_value:0.863903324674414
time:1037.098460674286
520000
min_value:0.8625316323917777
time:1057.3963973522186
530000
min_value:0.861196409972889
time:1077.632845878601
540000
min_value:0.8598763129760484
time:1097.9292016029358
550000
min_value:0.858604096647334
time:1118.3803770542145
560000
min_value:0.8572969573505894
time:1138.7178285121918
570000
min_value:0.8560381048087763
time:1158.982221364975
580000
min_value:0.854785444146828
time:1179.3105781078339
590000
min_value:0.8535475920559525
time:1199.554897069931
600000
min_value:0.8523195546001122
time:1219.9132673740387
610000
min_value:0.8510817741797732
time:1240.1669771671295
620000
min_value:0.8498623512499406
time:1260.4625165462494
630000
min_value:0.8486570081955492
time:1280.773518562317
640000
min_value:0.8474446648126521
time:1301.0997087955475
650000
min_value:0.8462508356663391
time:1321.3495423793793
660000
min_value:0.8450831312792576
time:1341.652779340744
670000
min_value:0.8439234352543744
time:1361.920408964157
680000
min_value:0.8427606980086783
time:1382.2279789447784
690000
min_value:0.8416184205699465
time:1402.4753966331482
700000
min_value:0.8405080827288605
time:1422.7503638267517
710000
min_value:0.8393838186608726
time:1442.8205924034119
720000
min_value:0.8382593307790567
time:1463.0267972946167
730000
min_value:0.837149282744425
time:1483.1485221385956
740000
min_value:0.8360303413180339
time:1503.4606630802155
750000
min_value:0.8349218851855335
time:1523.7204267978668
760000
min_value:0.8338654195338001
time:1543.9998242855072
770000
min_value:0.8327791563364961
time:1564.2540271282196
780000
min_value:0.8316925065582642
time:1584.5215890407562
790000
min_value:0.8306128208892475
time:1604.7682490348816
800000
min_value:0.8295688124383461
time:1625.1182615756989
810000
min_value:0.8285209540138793
time:1645.330106496811
820000
min_value:0.8274558258295723
time:1665.5372972488403
830000
min_value:0.8264036302387067
time:1685.631917476654
840000
min_value:0.8253781649926654
time:1705.6713511943817
850000
min_value:0.82433838649215
time:1725.7504632472992
860000
min_value:0.8232835208151512
time:1745.860934972763
870000
min_value:0.8222705569540663
time:1765.9712011814117
880000
min_value:0.8212579492824016
time:1786.0795402526855
890000
min_value:0.8202259306026565
time:1806.1712210178375
900000
min_value:0.8192183527749995
time:1826.306755065918
910000
min_value:0.8182412635539714
time:1846.3792877197266
920000
min_value:0.8172666536258509
time:1866.4911334514618
930000
min_value:0.8162687338165834
time:1886.596800327301
940000
min_value:0.8153174966495582
time:1906.6681997776031
950000
min_value:0.8143458688791664
time:1926.7739317417145
960000
min_value:0.8133754631343976
time:1946.8436977863312
970000
min_value:0.8124122115623879
time:1966.8279161453247
980000
min_value:0.8114441810312675
time:1986.8171529769897
990000
min_value:0.8105200326330668
time:2006.8136706352234
1000000
min_value:0.8095899754099753
time:2026.92160820961
1000000
fvalues:0.8095899637442558
time_values:2026.92160820961
