./results/subspace-norm/dim:1000000_ord:1_subspace:100_fused:False/RGF/lr:0.1_sample_size:10_mu:1e-08_step_schedule:decreasing
10000
min_value:16.433117927791578
time:33.67179822921753
20000
min_value:13.804698195972174
time:67.20281505584717
30000
min_value:12.344790934361729
time:100.72657442092896
40000
min_value:11.335125145225355
time:134.26539421081543
50000
min_value:10.544246201101444
time:167.8341188430786
60000
min_value:9.925380538471607
time:201.388245344162
70000
min_value:9.432572590089181
time:234.97015142440796
80000
min_value:9.023309317627653
time:268.4511549472809
90000
min_value:8.668661068658151
time:301.9864568710327
100000
min_value:8.35175079876957
time:335.5711257457733
110000
min_value:8.07342779689843
time:369.10354018211365
120000
min_value:7.821131464048889
time:402.69323992729187
130000
min_value:7.589780084925188
time:436.19995498657227
140000
min_value:7.376438283058973
time:469.6690104007721
150000
min_value:7.17618753554441
time:503.2403938770294
160000
min_value:6.988884654404682
time:536.9221940040588
170000
min_value:6.813982692079531
time:570.5927181243896
180000
min_value:6.653272297375787
time:604.2173991203308
190000
min_value:6.504068179235721
time:637.7977504730225
200000
min_value:6.368408271515518
time:671.4248759746552
210000
min_value:6.242604683426695
time:705.0032641887665
220000
min_value:6.121199105203691
time:738.595787525177
230000
min_value:6.006210133926819
time:772.2313668727875
240000
min_value:5.89564642186181
time:805.8000206947327
250000
min_value:5.7910208977458515
time:839.4219200611115
260000
min_value:5.6981326783815796
time:872.9201662540436
270000
min_value:5.611622301636084
time:906.526200056076
280000
min_value:5.531383210120591
time:940.1466562747955
290000
min_value:5.454815141269163
time:973.7214820384979
300000
min_value:5.381583957346203
time:1007.3183443546295
310000
min_value:5.311734825156365
time:1040.8011503219604
320000
min_value:5.245941523327069
time:1074.3867771625519
330000
min_value:5.184587499012248
time:1108.0036716461182
340000
min_value:5.124495714490138
time:1141.5741863250732
350000
min_value:5.066671026955967
time:1175.1840176582336
360000
min_value:5.010237125829148
time:1208.747832775116
370000
min_value:4.954581290697609
time:1242.215372800827
380000
min_value:4.900600462740588
time:1275.8650879859924
390000
min_value:4.847956617947098
time:1309.4244639873505
400000
min_value:4.797928063364504
time:1342.9667389392853
410000
min_value:4.749129601575582
time:1376.464242696762
420000
min_value:4.7004968889373835
time:1409.9514272212982
430000
min_value:4.653671436592592
time:1443.605096578598
440000
min_value:4.606948507364997
time:1477.1831028461456
450000
min_value:4.561243895989655
time:1510.6360199451447
460000
min_value:4.5168613868312635
time:1544.1752200126648
470000
min_value:4.473842747307663
time:1577.8122808933258
480000
min_value:4.433718730542466
time:1611.3958928585052
490000
min_value:4.394922453520991
time:1644.9465119838715
500000
min_value:4.356929443980464
time:1678.394686460495
510000
min_value:4.319190420866649
time:1711.9174971580505
520000
min_value:4.282429856577932
time:1745.5028343200684
530000
min_value:4.2463244159582425
time:1779.0041451454163
540000
min_value:4.212910048242977
time:1812.5331869125366
550000
min_value:4.17977955522608
time:1846.1372981071472
560000
min_value:4.147357889342358
time:1879.7167854309082
570000
min_value:4.115750195654569
time:1913.3375120162964
580000
min_value:4.0842179425474585
time:1946.8978326320648
590000
min_value:4.053415236862991
time:1980.3791716098785
600000
min_value:4.023187222146999
time:2013.9838843345642
610000
min_value:3.993719953538018
time:2047.5192794799805
620000
min_value:3.96475379681932
time:2081.047653913498
630000
min_value:3.9372356889042948
time:2114.5966448783875
640000
min_value:3.9102955586351884
time:2148.1226210594177
650000
min_value:3.8846468383064554
time:2181.6595969200134
660000
min_value:3.860503306206531
time:2215.168111562729
670000
min_value:3.836289192627679
time:2248.7543654441833
680000
min_value:3.812770578910908
time:2282.430330514908
690000
min_value:3.7893892429331117
time:2316.114693880081
700000
min_value:3.7663958785296554
time:2349.815341949463
710000
min_value:3.7437104529130507
time:2383.401886701584
720000
min_value:3.721588127478772
time:2417.0004391670227
730000
min_value:3.699554449991875
time:2450.608211040497
740000
min_value:3.6779366462039684
time:2484.204831838608
750000
min_value:3.6561236161012136
time:2517.842131614685
760000
min_value:3.6350136274066784
time:2551.452692747116
770000
min_value:3.6138536615828136
time:2585.1226530075073
780000
min_value:3.59343414767523
time:2618.7209510803223
790000
min_value:3.5727849225362918
time:2652.2656996250153
800000
min_value:3.5527420355589756
time:2685.8797895908356
810000
min_value:3.5329781508395692
time:2719.539575815201
820000
min_value:3.514387926762983
time:2753.08797454834
830000
min_value:3.4961245805014256
time:2786.7290885448456
840000
min_value:3.4783895335216792
time:2820.39612364769
850000
min_value:3.4608623191792294
time:2854.009122133255
860000
min_value:3.4431605461715176
time:2887.513790845871
870000
min_value:3.425993675796734
time:2921.142966270447
880000
min_value:3.4089322972247347
time:2954.780422925949
890000
min_value:3.392022871518969
time:2988.427199602127
900000
min_value:3.375439670848437
time:3022.1287207603455
910000
min_value:3.358725794051201
time:3055.7702260017395
920000
min_value:3.3424718908063884
time:3089.4348578453064
930000
min_value:3.3261897309181014
time:3122.9683237075806
940000
min_value:3.3101786366712385
time:3156.4911739826202
950000
min_value:3.294507849482681
time:3190.1237275600433
960000
min_value:3.2787747994642307
time:3223.718291759491
970000
min_value:3.262862555375155
time:3257.361651659012
980000
min_value:3.2473191062681273
time:3290.921118736267
990000
min_value:3.2320195122621938
time:3324.5215141773224
1000000
min_value:3.216989074231879
time:3358.021108865738
1000000
fvalues:3.2169825130426393
time_values:3358.021108865738
./results/subspace-norm/dim:1000000_ord:1_subspace:100_fused:False/RGF/lr:0.01_sample_size:10_mu:1e-08_step_schedule:decreasing
10000
min_value:90.40213669343116
time:33.51402831077576
20000
min_value:89.71280643863132
time:67.08551526069641
30000
min_value:89.30254283846405
time:100.59853482246399
40000
min_value:89.01632217298041
time:134.15848183631897
50000
min_value:88.79531742674172
time:167.7182595729828
60000
min_value:88.61352376124658
time:201.24778032302856
70000
min_value:88.46017727549773
time:234.74875354766846
80000
min_value:88.32650833418408
time:268.24450969696045
90000
min_value:88.2092773055835
time:301.8127739429474
100000
min_value:88.10449290896699
time:335.36469650268555
110000
min_value:88.00873869228698
time:369.03321504592896
120000
min_value:87.9215134854177
time:402.65160965919495
130000
min_value:87.8408812630267
time:436.2306561470032
140000
min_value:87.76664301212938
time:469.90297961235046
150000
min_value:87.69804944154576
time:504.1971700191498
160000
min_value:87.63353865778114
time:537.8028910160065
170000
min_value:87.57297894909489
time:571.3693444728851
180000
min_value:87.515894701081
time:604.9736104011536
190000
min_value:87.46192419637799
time:638.6586515903473
200000
min_value:87.41054203315981
time:672.2507588863373
210000
min_value:87.36179368531701
time:705.9313681125641
220000
min_value:87.3150583025994
time:739.6074829101562
230000
min_value:87.27076786265671
time:773.2554268836975
240000
min_value:87.22835941028647
time:806.976389169693
250000
min_value:87.18753056184133
time:840.6085212230682
260000
min_value:87.14809536794064
time:874.2511389255524
270000
min_value:87.11063400877974
time:907.979784488678
280000
min_value:87.07444626871177
time:941.5741188526154
290000
min_value:87.03939637282436
time:975.8535289764404
300000
min_value:87.00570443358879
time:1009.3305013179779
310000
min_value:86.97296232064966
time:1042.6629736423492
320000
min_value:86.94125487613385
time:1076.0943892002106
330000
min_value:86.91041228746998
time:1109.705298423767
340000
min_value:86.88063390194124
time:1143.1126899719238
350000
min_value:86.85157088133968
time:1176.6798841953278
360000
min_value:86.82349375195177
time:1210.3693509101868
370000
min_value:86.79627733952505
time:1243.9313261508942
380000
min_value:86.76962684734569
time:1277.517910003662
390000
min_value:86.74383666285685
time:1311.1057171821594
400000
min_value:86.7185149227096
time:1344.7792038917542
410000
min_value:86.69375843825898
time:1378.2871887683868
420000
min_value:86.66960809716356
time:1411.8477249145508
430000
min_value:86.6462478750333
time:1445.383309841156
440000
min_value:86.62323148836137
time:1479.6637587547302
450000
min_value:86.60076936971234
time:1513.175176858902
460000
min_value:86.5789763989557
time:1546.6765444278717
470000
min_value:86.55751991438777
time:1580.2809813022614
480000
min_value:86.53651336819506
time:1613.9871690273285
490000
min_value:86.5159327190998
time:1647.6010253429413
500000
min_value:86.4957515463245
time:1681.2296438217163
510000
min_value:86.47590067839933
time:1714.8407652378082
520000
min_value:86.45646977664596
time:1748.5151009559631
530000
min_value:86.43737780499936
time:1782.0363657474518
540000
min_value:86.41864356333122
time:1815.7092609405518
550000
min_value:86.40040498766528
time:1849.3001191616058
560000
min_value:86.38248630895642
time:1882.941633939743
570000
min_value:86.36489409399624
time:1916.5595712661743
580000
min_value:86.34756472583594
time:1950.8130218982697
590000
min_value:86.33057669996514
time:1984.486673116684
600000
min_value:86.31391576913677
time:2018.0510001182556
610000
min_value:86.29726317035627
time:2051.6132020950317
620000
min_value:86.2808908884281
time:2085.1720933914185
630000
min_value:86.26493512880624
time:2118.809254169464
640000
min_value:86.24913374256599
time:2152.379613876343
650000
min_value:86.23372521854563
time:2186.030123233795
660000
min_value:86.21857397864588
time:2219.679815530777
670000
min_value:86.2035265343075
time:2253.316274881363
680000
min_value:86.18880046713866
time:2286.919204711914
690000
min_value:86.17426090372149
time:2320.5106134414673
700000
min_value:86.15991312607338
time:2354.1729509830475
710000
min_value:86.14569090299264
time:2387.757090330124
720000
min_value:86.13171896953267
time:2422.0447204113007
730000
min_value:86.11803008322127
time:2455.743126630783
740000
min_value:86.10448414708749
time:2489.280127763748
750000
min_value:86.09105618964611
time:2522.9374911785126
760000
min_value:86.07770490844834
time:2556.5618557929993
770000
min_value:86.06454508847688
time:2590.2490587234497
780000
min_value:86.0516072140192
time:2623.93479847908
790000
min_value:86.03886953220555
time:2657.586249113083
800000
min_value:86.0262808136661
time:2691.3133993148804
810000
min_value:86.01391345019347
time:2725.0248713493347
820000
min_value:86.00177095294048
time:2758.6890342235565
830000
min_value:85.98961733634363
time:2792.3821983337402
840000
min_value:85.97769644655457
time:2826.0768115520477
850000
min_value:85.96582160722032
time:2859.702517747879
860000
min_value:85.95417353249886
time:2893.428772211075
870000
min_value:85.94263479736024
time:2927.741203069687
880000
min_value:85.93112801642548
time:2961.3659751415253
890000
min_value:85.91990417439013
time:2994.9702711105347
900000
min_value:85.90871885781127
time:3028.660685300827
910000
min_value:85.89760337990265
time:3062.3308198451996
920000
min_value:85.88670162742014
time:3095.9524595737457
930000
min_value:85.87595615236684
time:3129.570004224777
940000
min_value:85.86525970723312
time:3163.2045271396637
950000
min_value:85.85461034321776
time:3196.7792892456055
960000
min_value:85.8441863408751
time:3230.3841605186462
970000
min_value:85.83376474598288
time:3263.9101774692535
980000
min_value:85.82355947400114
time:3297.464578151703
990000
min_value:85.81334949565041
time:3331.028659105301
1000000
min_value:85.80327987888987
time:3364.6190333366394
1000000
fvalues:85.80327819265192
time_values:3364.6190333366394
./results/subspace-norm/dim:1000000_ord:1_subspace:100_fused:False/RGF/lr:0.001_sample_size:10_mu:1e-08_step_schedule:decreasing
10000
min_value:98.92214840803538
time:33.50593113899231
20000
min_value:98.85346395258007
time:67.0163471698761
30000
min_value:98.81303062895986
time:100.66228008270264
40000
min_value:98.78435764176399
time:134.44329166412354
50000
min_value:98.76199070739892
time:168.0748748779297
60000
min_value:98.74388567680053
time:201.68780660629272
70000
min_value:98.72849656344553
time:235.3674657344818
80000
min_value:98.71505675087033
time:268.884957075119
90000
min_value:98.70331836633184
time:302.52967596054077
100000
min_value:98.69285252524952
time:336.10661363601685
110000
min_value:98.68336343242551
time:369.690390586853
120000
min_value:98.67468423650152
time:403.3146221637726
130000
min_value:98.66668999679409
time:436.9897737503052
140000
min_value:98.65927172061204
time:470.5537257194519
150000
min_value:98.65237879902402
time:504.75301718711853
160000
min_value:98.64592211490434
time:538.4399905204773
170000
min_value:98.63979432727959
time:572.2016003131866
180000
min_value:98.63404711805892
time:605.861047744751
190000
min_value:98.62864859210174
time:639.5069193840027
200000
min_value:98.62351564695524
time:673.1510443687439
210000
min_value:98.61864292419546
time:706.7500646114349
220000
min_value:98.61401042465027
time:740.3800940513611
230000
min_value:98.60955459005214
time:774.1133720874786
240000
min_value:98.60531588553636
time:807.7100954055786
250000
min_value:98.60126090963979
time:841.2800989151001
260000
min_value:98.59732922307595
time:874.8861780166626
270000
min_value:98.59354094519753
time:908.6479001045227
280000
min_value:98.58988705283836
time:942.4453647136688
290000
min_value:98.58636418542109
time:976.7066850662231
300000
min_value:98.5829756732112
time:1010.343141078949
310000
min_value:98.57970600185709
time:1044.1480360031128
320000
min_value:98.5765334232486
time:1077.766466140747
330000
min_value:98.57347529958193
time:1111.4638502597809
340000
min_value:98.57048775574361
time:1145.0987949371338
350000
min_value:98.56760985895625
time:1178.7762444019318
360000
min_value:98.56480344476066
time:1212.4420833587646
370000
min_value:98.56203740871806
time:1246.0350091457367
380000
min_value:98.55938856839663
time:1279.709347486496
390000
min_value:98.55679639391245
time:1313.3369545936584
400000
min_value:98.5542410113815
time:1347.083072423935
410000
min_value:98.55177674195568
time:1380.712926864624
420000
min_value:98.5493690365039
time:1414.3814342021942
430000
min_value:98.54699768733059
time:1448.0097386837006
440000
min_value:98.54470036562142
time:1482.3834853172302
450000
min_value:98.54246196840342
time:1515.9235563278198
460000
min_value:98.54028541864103
time:1549.552077293396
470000
min_value:98.53813488380237
time:1583.2683522701263
480000
min_value:98.53601752878109
time:1616.9621386528015
490000
min_value:98.53396860331492
time:1650.7193593978882
500000
min_value:98.53194949163102
time:1684.323802947998
510000
min_value:98.52995621399587
time:1718.030811548233
520000
min_value:98.52800864451021
time:1751.6554720401764
530000
min_value:98.52609822516858
time:1785.367022037506
540000
min_value:98.52422405885319
time:1819.0308482646942
550000
min_value:98.5223801795173
time:1852.769250869751
560000
min_value:98.52058926979794
time:1886.3815615177155
570000
min_value:98.51880709775622
time:1920.110123872757
580000
min_value:98.51707032357902
time:1954.4301619529724
590000
min_value:98.51536044306732
time:1988.187549829483
600000
min_value:98.51367461482552
time:2021.9203526973724
610000
min_value:98.51202307734381
time:2055.503330230713
620000
min_value:98.5104016165545
time:2089.349558353424
630000
min_value:98.5087969621768
time:2123.0318825244904
640000
min_value:98.50722109769976
time:2156.852489709854
650000
min_value:98.50567324158692
time:2190.6647918224335
660000
min_value:98.5041404800422
time:2224.612724542618
670000
min_value:98.50262995244043
time:2258.390191078186
680000
min_value:98.50114360606037
time:2292.126652956009
690000
min_value:98.49968276627544
time:2325.9721744060516
700000
min_value:98.49824764749631
time:2359.7711243629456
710000
min_value:98.49682247726128
time:2394.0334877967834
720000
min_value:98.49541453206893
time:2428.871107339859
730000
min_value:98.49403743195299
time:2463.0081148147583
740000
min_value:98.49267528183148
time:2496.72123336792
750000
min_value:98.4913317369383
time:2531.02897977829
760000
min_value:98.49001229036091
time:2565.2391078472137
770000
min_value:98.48871325574983
time:2599.30042052269
780000
min_value:98.48741513874964
time:2633.4534442424774
790000
min_value:98.48613559758658
time:2667.5930404663086
800000
min_value:98.48487049982455
time:2701.7927780151367
810000
min_value:98.48362510596435
time:2736.0055985450745
820000
min_value:98.48240075800794
time:2770.1613533496857
830000
min_value:98.48119531592975
time:2804.409797668457
840000
min_value:98.47998814155036
time:2838.6135845184326
850000
min_value:98.47880850588697
time:2872.8407135009766
860000
min_value:98.4776324782763
time:2906.9811701774597
870000
min_value:98.4764865202649
time:2941.828010559082
880000
min_value:98.475350421647
time:2975.9625959396362
890000
min_value:98.47421178091243
time:3010.3934943675995
900000
min_value:98.47310118124665
time:3044.509171962738
910000
min_value:98.47199728089726
time:3078.657564640045
920000
min_value:98.47091129540927
time:3112.7641203403473
930000
min_value:98.46982684459238
time:3146.9130432605743
940000
min_value:98.46875111356044
time:3181.141613960266
950000
min_value:98.46768917024397
time:3215.237534761429
960000
min_value:98.46663651299734
time:3249.350839138031
970000
min_value:98.46559719224544
time:3283.5432200431824
980000
min_value:98.46456581751671
time:3317.6097736358643
990000
min_value:98.4635406616899
time:3351.6105444431305
1000000
min_value:98.4625412646077
time:3385.6967248916626
1000000
fvalues:98.46254120211881
time_values:3385.6967248916626
