./results/subspace-norm/dim:1000000_ord:1_subspace:100_fused:False/proposed/lr:1000_reduced_dim:10_sample_size:20_mu:1e-05_step_schedule:constant
10000
min_value:6.02991883961635
time:119.21198105812073
20000
min_value:5.908339082527354
time:234.28065872192383
30000
min_value:5.873230969272981
time:349.2684750556946
40000
min_value:5.873230969272981
time:464.21824049949646
50000
min_value:5.873230969272981
time:579.3015434741974
60000
min_value:5.826371538874265
time:694.1113011837006
70000
min_value:5.826371538874265
time:809.2671248912811
80000
min_value:5.826371538874265
time:924.486330986023
90000
min_value:5.46232553423772
time:1040.1313812732697
100000
min_value:5.46232553423772
time:1156.1735208034515
110000
min_value:5.46232553423772
time:1271.8279960155487
120000
min_value:5.46232553423772
time:1387.4949016571045
130000
min_value:5.46232553423772
time:1503.2190704345703
140000
min_value:5.46232553423772
time:1618.8899397850037
150000
min_value:5.46232553423772
time:1734.691492319107
160000
min_value:5.46232553423772
time:1850.3643019199371
170000
min_value:5.46232553423772
time:1966.0042300224304
180000
min_value:5.46232553423772
time:2081.662132024765
190000
min_value:5.46232553423772
time:2197.4484992027283
200000
min_value:5.46232553423772
time:2313.013517856598
210000
min_value:5.46232553423772
time:2428.885615825653
220000
min_value:5.46232553423772
time:2545.3194415569305
230000
min_value:5.46232553423772
time:2662.091496706009
240000
min_value:5.46232553423772
time:2778.749521970749
250000
min_value:5.45199841433195
time:2895.559648513794
260000
min_value:5.45199841433195
time:3012.0405712127686
270000
min_value:5.45199841433195
time:3128.702394723892
280000
min_value:5.357044256120832
time:3244.9811940193176
290000
min_value:5.357044256120832
time:3361.443669319153
300000
min_value:5.357044256120832
time:3477.553577899933
310000
min_value:5.357044256120832
time:3593.9508912563324
320000
min_value:5.357044256120832
time:3710.416525363922
330000
min_value:5.357044256120832
time:3826.737757205963
340000
min_value:5.357044256120832
time:3943.4040122032166
350000
min_value:5.357044256120832
time:4059.648031949997
360000
min_value:5.357044256120832
time:4175.825429677963
370000
min_value:5.357044256120832
time:4292.219003677368
380000
min_value:5.357044256120832
time:4408.85488152504
390000
min_value:5.357044256120832
time:4525.04114151001
400000
min_value:5.357044256120832
time:4641.146359443665
410000
min_value:5.328069384838401
time:4757.400455951691
420000
min_value:5.328069384838401
time:4873.655264377594
430000
min_value:5.328069384838401
time:4989.85350561142
440000
min_value:5.328069384838401
time:5106.569747686386
450000
min_value:5.328069384838401
time:5223.072997331619
460000
min_value:5.328069384838401
time:5339.5263235569
470000
min_value:5.328069384838401
time:5456.00683927536
480000
min_value:5.328069384838401
time:5572.425971508026
490000
min_value:5.328069384838401
time:5688.830505847931
500000
min_value:5.328069384838401
time:5805.2772307395935
510000
min_value:5.328069384838401
time:5921.885350227356
520000
min_value:5.328069384838401
time:6038.059892654419
530000
min_value:5.328069384838401
time:6154.492326259613
540000
min_value:5.328069384838401
time:6271.001987695694
550000
min_value:5.328069384838401
time:6387.503103256226
560000
min_value:5.328069384838401
time:6503.92800450325
570000
min_value:5.328069384838401
time:6620.112437725067
580000
min_value:5.328069384838401
time:6736.622728586197
590000
min_value:5.328069384838401
time:6853.0802965164185
600000
min_value:5.328069384838401
time:6969.526328802109
610000
min_value:5.328069384838401
time:7086.1052215099335
620000
min_value:5.328069384838401
time:7202.674622058868
630000
min_value:5.328069384838401
time:7319.288362026215
640000
min_value:5.328069384838401
time:7435.8227643966675
650000
min_value:5.328069384838401
time:7552.334408998489
660000
min_value:5.328069384838401
time:7668.884089231491
670000
min_value:5.328069384838401
time:7785.389736652374
680000
min_value:5.328069384838401
time:7901.451361179352
690000
min_value:5.328069384838401
time:8017.753947734833
700000
min_value:5.328069384838401
time:8134.093353033066
710000
min_value:5.328069384838401
time:8250.673575401306
720000
min_value:5.328069384838401
time:8367.35502409935
730000
min_value:5.328069384838401
time:8483.860533714294
740000
min_value:5.328069384838401
time:8600.323046684265
750000
min_value:5.328069384838401
time:8716.956444501877
760000
min_value:5.328069384838401
time:8833.476284980774
770000
min_value:5.328069384838401
time:8949.954561710358
780000
min_value:5.328069384838401
time:9066.405976295471
790000
min_value:5.328069384838401
time:9182.878350496292
800000
min_value:5.328069384838401
time:9299.35140156746
810000
min_value:5.328069384838401
time:9415.82525920868
820000
min_value:5.328069384838401
time:9532.344453334808
830000
min_value:5.328069384838401
time:9648.9123442173
840000
min_value:5.328069384838401
time:9764.284414291382
850000
min_value:5.328069384838401
time:9879.927367687225
860000
min_value:5.328069384838401
time:9995.524467229843
870000
min_value:5.328069384838401
time:10111.2623898983
880000
min_value:5.328069384838401
time:10226.943351507187
890000
min_value:5.328069384838401
time:10342.829631328583
900000
min_value:5.328069384838401
time:10458.704733848572
910000
min_value:5.328069384838401
time:10574.533371210098
920000
min_value:5.328069384838401
time:10690.406559944153
930000
min_value:5.328069384838401
time:10805.669414520264
940000
min_value:5.328069384838401
time:10920.906508922577
950000
min_value:5.328069384838401
time:11036.21810746193
960000
min_value:5.328069384838401
time:11151.543165683746
970000
min_value:5.328069384838401
time:11267.041502952576
980000
min_value:5.328069384838401
time:11382.332078456879
990000
min_value:5.328069384838401
time:11497.770820379257
1000000
min_value:5.328069384838401
time:11613.20086979866
1000000
fvalues:5.328069384838401
time_values:11613.20086979866
./results/subspace-norm/dim:1000000_ord:1_subspace:100_fused:False/proposed/lr:1000_reduced_dim:10_sample_size:20_mu:1e-08_step_schedule:constant
10000
min_value:5.929695541200305
time:115.58513593673706
20000
min_value:5.745901780896788
time:230.87545657157898
30000
min_value:5.745901780896788
time:346.2529673576355
40000
min_value:5.745901780896788
time:461.646431684494
50000
min_value:5.745901780896788
time:577.0213556289673
60000
min_value:5.657023279656923
time:692.9711968898773
70000
min_value:5.657023279656923
time:808.447979927063
80000
min_value:5.657023279656923
time:923.9613494873047
90000
min_value:5.657023279656923
time:1039.481709241867
100000
min_value:5.657023279656923
time:1155.1030983924866
110000
min_value:5.657023279656923
time:1271.3794701099396
120000
min_value:5.657023279656923
time:1386.8673520088196
130000
min_value:5.657023279656923
time:1502.4081659317017
140000
min_value:5.657023279656923
time:1617.8769869804382
150000
min_value:5.657023279656923
time:1733.3756384849548
160000
min_value:5.657023279656923
time:1849.5799565315247
170000
min_value:5.657023279656923
time:1965.067050933838
180000
min_value:5.657023279656923
time:2080.5177612304688
190000
min_value:5.308869419298511
time:2196.0603444576263
200000
min_value:5.308869419298511
time:2311.510519504547
210000
min_value:5.308869419298511
time:2427.1928522586823
220000
min_value:5.308869419298511
time:2543.372256755829
230000
min_value:5.308869419298511
time:2658.413425683975
240000
min_value:5.308869419298511
time:2773.1635813713074
250000
min_value:5.308869419298511
time:2887.9905343055725
260000
min_value:5.308869419298511
time:3002.5855660438538
270000
min_value:5.308869419298511
time:3118.241457223892
280000
min_value:5.308869419298511
time:3233.113767385483
290000
min_value:5.308869419298511
time:3348.068053007126
300000
min_value:5.308869419298511
time:3462.859625339508
310000
min_value:5.308869419298511
time:3577.778396129608
320000
min_value:5.308869419298511
time:3693.231009721756
330000
min_value:5.308869419298511
time:3808.2601583004
340000
min_value:5.308869419298511
time:3922.99351477623
350000
min_value:5.308869419298511
time:4037.797274827957
360000
min_value:5.308869419298511
time:4152.5220952034
370000
min_value:5.308869419298511
time:4267.364703416824
380000
min_value:5.308869419298511
time:4382.987624168396
390000
min_value:5.308869419298511
time:4497.792716264725
400000
min_value:5.308869419298511
time:4612.621992588043
410000
min_value:5.308869419298511
time:4727.616669178009
420000
min_value:5.308869419298511
time:4842.562701463699
430000
min_value:5.308869419298511
time:4958.088470458984
440000
min_value:5.308869419298511
time:5072.949892759323
450000
min_value:5.308869419298511
time:5187.84131360054
460000
min_value:5.308869419298511
time:5302.6942546367645
470000
min_value:5.308869419298511
time:5417.787760734558
480000
min_value:5.308869419298511
time:5533.194415807724
490000
min_value:5.308869419298511
time:5647.865424156189
500000
min_value:5.308869419298511
time:5762.705724954605
510000
min_value:5.308869419298511
time:5877.497907876968
