./results/subspace-norm/dim:1000000_ord:1_subspace:100_fused:False/proposed/lr:100_reduced_dim:10_sample_size:10_mu:1e-08_step_schedule:decreasing-half
10000
min_value:79.9815602934882
time:68.54359483718872
20000
min_value:71.76350800120542
time:133.5082070827484
30000
min_value:65.4207420437378
time:198.17539477348328
40000
min_value:60.03599829544545
time:263.36608123779297
50000
min_value:55.31354912166343
time:328.37885427474976
60000
min_value:51.079345190710015
time:393.25269079208374
70000
min_value:47.13557719294231
time:458.33315992355347
80000
min_value:43.46900383469078
time:522.9245326519012
90000
min_value:40.09597803980148
time:587.9878873825073
100000
min_value:36.88016541119134
time:652.8873722553253
110000
min_value:33.78703760124931
time:717.8920016288757
120000
min_value:30.849772301050667
time:782.7766931056976
130000
min_value:28.020340642450932
time:847.809844493866
140000
min_value:25.275353582725284
time:912.3422675132751
150000
min_value:22.673640451134318
time:976.6770038604736
160000
min_value:20.111598728636963
time:1040.9523038864136
170000
min_value:17.63719487020911
time:1105.0709209442139
180000
min_value:15.242686867532395
time:1169.2056365013123
190000
min_value:12.929303273843244
time:1233.0846779346466
200000
min_value:10.67319107968628
time:1297.098360300064
210000
min_value:8.457699636904156
time:1362.2376170158386
220000
min_value:6.284977303974402
time:1427.0261089801788
230000
min_value:4.199269839492937
time:1491.652369260788
240000
min_value:2.195253978208832
time:1556.3618705272675
250000
min_value:0.7439617416432531
time:1621.36767578125
260000
min_value:0.13970236374467315
time:1686.2721598148346
270000
min_value:0.005736077070369983
time:1751.0715560913086
280000
min_value:0.001547253669061137
time:1815.8333895206451
290000
min_value:0.0014737656912181484
time:1880.611358165741
300000
min_value:0.0014737656912181484
time:1945.4574706554413
310000
min_value:0.0013633539253003267
time:2010.8536796569824
320000
min_value:0.0013633539253003267
time:2075.855062007904
330000
min_value:0.0013633539253003267
time:2140.465662956238
340000
min_value:0.0013633539253003267
time:2205.491286277771
350000
min_value:0.0013633539253003267
time:2270.095135450363
360000
min_value:0.001328513694270013
time:2334.301488876343
370000
min_value:0.001328513694270013
time:2398.595354795456
380000
min_value:0.001293742591026843
time:2463.597123861313
390000
min_value:0.0012749074081310078
time:2528.0899679660797
400000
min_value:0.0012411265917811332
time:2592.1596081256866
410000
min_value:0.0011592581934474996
time:2656.3184859752655
420000
min_value:0.0011592581934474996
time:2722.0227959156036
430000
min_value:0.0011592581934474996
time:2787.292704105377
440000
min_value:0.0011592581934474996
time:2851.707222700119
450000
min_value:0.0011592581934474996
time:2915.875405550003
460000
min_value:0.0011480511029197378
time:2980.122001886368
470000
min_value:0.0011480511029197378
time:3044.531532764435
480000
min_value:0.001134718664533793
time:3108.894525527954
490000
min_value:0.001134718664533793
time:3172.496277809143
500000
min_value:0.001111144512441062
time:3235.8840849399567
510000
min_value:0.0010811060797163994
time:3299.3496828079224
520000
min_value:0.0010566804366612336
time:3362.907893896103
530000
min_value:0.0010566804366612336
time:3426.35059094429
540000
min_value:0.0010566804366612336
time:3489.58753490448
550000
min_value:0.0010566804366612336
time:3553.146003484726
560000
min_value:0.0010566804366612336
time:3616.59073638916
570000
min_value:0.001013234505093431
time:3680.0376658439636
580000
min_value:0.0009893465164004004
time:3743.5313968658447
590000
min_value:0.0009893465164004004
time:3807.2072143554688
600000
min_value:0.00098430386046607
time:3870.74853348732
610000
min_value:0.0009805357177672938
time:3934.4913942813873
620000
min_value:0.0009805357177672938
time:3997.8158082962036
630000
min_value:0.0009805357177672938
time:4061.44877576828
640000
min_value:0.0009746007467717308
time:4124.788772106171
650000
min_value:0.0009596298148040445
time:4188.463896751404
660000
min_value:0.0009596298148040445
time:4251.882685661316
670000
min_value:0.0009079274471435237
time:4315.269890785217
680000
min_value:0.0009079274471435237
time:4378.57396030426
690000
min_value:0.0009079274471435237
time:4442.0281393527985
700000
min_value:0.0009079274471435237
time:4505.542987585068
710000
min_value:0.0009079274471435237
time:4568.875732660294
720000
min_value:0.0009040115268074497
time:4632.324646234512
730000
min_value:0.0008693201024977549
time:4695.533966779709
740000
min_value:0.0008693201024977549
time:4759.126651763916
750000
min_value:0.0008568060642307618
time:4822.833918809891
760000
min_value:0.000836384497109402
time:4886.48974609375
770000
min_value:0.000836384497109402
time:4950.302779436111
780000
min_value:0.000836384497109402
time:5014.057194709778
790000
min_value:0.000836384497109402
time:5077.8266406059265
800000
min_value:0.0008315605358245116
time:5141.266196966171
810000
min_value:0.0008315605358245116
time:5204.734248638153
820000
min_value:0.0008315605358245116
time:5268.105972290039
830000
min_value:0.0008315605358245116
time:5331.651609659195
840000
min_value:0.0008315605358245116
time:5395.3881096839905
850000
min_value:0.0008315605358245116
time:5458.85168337822
860000
min_value:0.0008315605358245116
time:5522.431038379669
870000
min_value:0.0008315605358245116
time:5585.985869646072
880000
min_value:0.000796890119353382
time:5649.537596464157
890000
min_value:0.000796890119353382
time:5713.106512069702
900000
min_value:0.000796890119353382
time:5776.88184762001
910000
min_value:0.000796890119353382
time:5840.2786338329315
920000
min_value:0.000796890119353382
time:5903.757260799408
930000
min_value:0.0007916264043867159
time:5967.098250865936
940000
min_value:0.0007916264043867159
time:6030.1489453315735
950000
min_value:0.0007916264043867159
time:6093.237277746201
960000
min_value:0.0007916264043867159
time:6156.294480085373
970000
min_value:0.0007524512513192312
time:6219.565768957138
980000
min_value:0.0007524512513192312
time:6282.983415365219
990000
min_value:0.0007524512513192312
time:6346.477292299271
1000000
min_value:0.0007413050931950653
time:6409.862249612808
1000000
fvalues:0.0007413050931950653
time_values:6409.862249612808
