./results/subspace-norm/dim:1000000_ord:1_subspace:100_fused:False/proposed/lr:1000_reduced_dim:10_sample_size:20_mu:1e-05_step_schedule:decreasing-half
10000
min_value:0.06493158985228047
time:118.28403210639954
20000
min_value:0.04411972326555715
time:232.11441206932068
30000
min_value:0.03763075379545495
time:345.97010374069214
40000
min_value:0.032131026386559694
time:459.87454056739807
50000
min_value:0.026742097306301497
time:573.8123114109039
60000
min_value:0.023440409499666817
time:687.487886428833
70000
min_value:0.023052039477790397
time:801.6417601108551
80000
min_value:0.02113700043102041
time:915.9894530773163
90000
min_value:0.019601391930299434
time:1030.89754986763
100000
min_value:0.016691166118586506
time:1145.4515159130096
110000
min_value:0.016691166118586506
time:1259.984055519104
120000
min_value:0.016691166118586506
time:1374.67427277565
130000
min_value:0.015694935449102415
time:1489.248153924942
140000
min_value:0.015694935449102415
time:1603.8639016151428
150000
min_value:0.015694935449102415
time:1718.484876871109
160000
min_value:0.014268907232416549
time:1833.0314445495605
170000
min_value:0.014268907232416549
time:1947.5541486740112
180000
min_value:0.014268907232416549
time:2062.285325050354
190000
min_value:0.013897447722896458
time:2176.7792444229126
200000
min_value:0.013897447722896458
time:2291.2572660446167
210000
min_value:0.013047127327709483
time:2406.3356459140778
220000
min_value:0.012449875412401461
time:2521.6404876708984
230000
min_value:0.012262410955344367
time:2637.2727525234222
240000
min_value:0.012262410955344367
time:2752.995455265045
250000
min_value:0.011842384500019829
time:2868.3501482009888
260000
min_value:0.011842384500019829
time:2983.8210031986237
270000
min_value:0.011426265958552343
time:3099.276343345642
280000
min_value:0.011306218230450435
time:3214.516968727112
290000
min_value:0.011019301105630843
time:3329.748226881027
300000
min_value:0.010826399457222007
time:3444.852413415909
310000
min_value:0.010826399457222007
time:3560.102519750595
320000
min_value:0.010081740032215522
time:3675.362858772278
330000
min_value:0.010017621801495812
time:3790.5536999702454
340000
min_value:0.010017621801495812
time:3906.0436120033264
350000
min_value:0.009186052986261933
time:4021.118682384491
360000
min_value:0.009186052986261933
time:4136.121028423309
370000
min_value:0.009186052986261933
time:4251.356379985809
380000
min_value:0.009186052986261933
time:4366.857084274292
390000
min_value:0.008993645586832778
time:4481.916762113571
400000
min_value:0.008993645586832778
time:4596.859458684921
410000
min_value:0.008993645586832778
time:4712.003230571747
420000
min_value:0.008993645586832778
time:4827.129926204681
430000
min_value:0.008993645586832778
time:4942.277761936188
440000
min_value:0.008913039691932042
time:5057.761247873306
450000
min_value:0.008913039691932042
time:5173.158749580383
460000
min_value:0.008708632183875926
time:5288.456664800644
470000
min_value:0.008015981268509432
time:5403.846410751343
480000
min_value:0.008015981268509432
time:5519.146391153336
490000
min_value:0.008015981268509432
time:5634.459529399872
500000
min_value:0.008015981268509432
time:5749.78062415123
510000
min_value:0.008015981268509432
time:5865.212483167648
520000
min_value:0.008015981268509432
time:5980.250734567642
530000
min_value:0.008015981268509432
time:6095.516209602356
540000
min_value:0.008015981268509432
time:6210.899436473846
550000
min_value:0.008002785597285435
time:6326.250780344009
560000
min_value:0.007705668969390329
time:6441.56502699852
570000
min_value:0.007705668969390329
time:6556.547268152237
580000
min_value:0.007705668969390329
time:6671.880951166153
590000
min_value:0.007705668969390329
time:6787.244771242142
600000
min_value:0.0074968291824094
time:6902.594218015671
610000
min_value:0.007275780796723332
time:7017.982570886612
620000
min_value:0.007275780796723332
time:7133.390294790268
630000
min_value:0.007275780796723332
time:7248.800439834595
640000
min_value:0.006972849705224281
time:7364.240147590637
650000
min_value:0.006972849705224281
time:7479.561732530594
660000
min_value:0.006972849705224281
time:7594.97411608696
670000
min_value:0.006972849705224281
time:7710.330457448959
680000
min_value:0.006792170025919421
time:7825.346742153168
690000
min_value:0.006792170025919421
time:7940.367476463318
700000
min_value:0.006792170025919421
time:8055.544162511826
710000
min_value:0.006792170025919421
time:8170.958624362946
720000
min_value:0.006792170025919421
time:8286.428663015366
730000
min_value:0.006792170025919421
time:8401.795622110367
740000
min_value:0.006792170025919421
time:8517.059426307678
750000
min_value:0.006792170025919421
time:8632.53545331955
760000
min_value:0.006792170025919421
time:8747.895758152008
770000
min_value:0.006792170025919421
time:8863.200967550278
780000
min_value:0.006621076172458879
time:8978.562873125076
790000
min_value:0.006469437253908314
time:9093.995258808136
800000
min_value:0.006469437253908314
time:9209.283301591873
810000
min_value:0.006426468420725251
time:9324.635195016861
820000
min_value:0.006426468420725251
time:9440.053711891174
830000
min_value:0.006426468420725251
time:9555.445116519928
840000
min_value:0.006426468420725251
time:9670.177723169327
850000
min_value:0.006426468420725251
time:9784.716789484024
860000
min_value:0.006426468420725251
time:9899.259353160858
870000
min_value:0.006426468420725251
time:10013.890677452087
880000
min_value:0.006005927075171478
time:10128.505225896835
890000
min_value:0.006005927075171478
time:10243.388395309448
900000
min_value:0.006005927075171478
time:10358.161133527756
910000
min_value:0.006005927075171478
time:10472.8942964077
920000
min_value:0.006005927075171478
time:10587.655788898468
930000
min_value:0.005883657014953618
time:10702.013237476349
940000
min_value:0.005883657014953618
time:10816.18379664421
950000
min_value:0.005883657014953618
time:10930.331543684006
960000
min_value:0.005883657014953618
time:11044.548401117325
970000
min_value:0.005883657014953618
time:11158.92296242714
980000
min_value:0.0056746111972364646
time:11273.209626197815
990000
min_value:0.0056746111972364646
time:11387.463297128677
1000000
min_value:0.0056746111972364646
time:11501.879737854004
1000000
fvalues:0.0056746111972364646
time_values:11501.879737854004
./results/subspace-norm/dim:1000000_ord:1_subspace:100_fused:False/proposed/lr:1000_reduced_dim:10_sample_size:20_mu:1e-08_step_schedule:decreasing-half
10000
min_value:0.06601410827058495
time:114.66501784324646
20000
min_value:0.04412206103328476
time:228.68512296676636
30000
min_value:0.03550652280921013
time:342.92913031578064
40000
min_value:0.030250171582989982
time:457.13636803627014
50000
min_value:0.027240331920663316
time:571.4610311985016
60000
min_value:0.025478126430005042
time:686.1376142501831
70000
min_value:0.021591219141949714
time:800.4828383922577
80000
min_value:0.019323523813668524
time:914.7383508682251
90000
min_value:0.019323523813668524
time:1029.1801979541779
100000
min_value:0.01905660664914844
time:1143.4602851867676
110000
min_value:0.018361942942273397
time:1258.5373268127441
120000
min_value:0.017065791337037887
time:1373.1366050243378
130000
min_value:0.01693174321539135
time:1487.4220714569092
140000
min_value:0.016109953931536275
time:1601.8301947116852
150000
min_value:0.01602208782870919
time:1716.195912361145
160000
min_value:0.014792977528826972
time:1830.6402502059937
170000
min_value:0.014792977528826972
time:1945.7510056495667
180000
min_value:0.013581145939611886
time:2059.988717317581
190000
min_value:0.013491646171356519
time:2174.4465761184692
200000
min_value:0.013480312407239979
time:2288.7573142051697
210000
min_value:0.013017732547514503
time:2403.2214193344116
220000
min_value:0.012443661439882507
time:2518.2656569480896
230000
min_value:0.012443661439882507
time:2632.63636469841
240000
min_value:0.012139884344205322
time:2746.3013021945953
250000
min_value:0.012050606520128168
time:2860.0364484786987
260000
min_value:0.0118954124604969
time:2973.7008628845215
270000
min_value:0.01153421909468955
time:3087.91016292572
280000
min_value:0.01133492462810831
time:3201.9097485542297
290000
min_value:0.011295675057610897
time:3315.7792439460754
300000
min_value:0.011242426730405406
time:3429.534533262253
310000
min_value:0.010475042385615571
time:3543.4618740081787
320000
min_value:0.010353430412304151
time:3657.2809739112854
330000
min_value:0.010353430412304151
time:3771.6927931308746
340000
min_value:0.010206254607840241
time:3885.6037578582764
350000
min_value:0.01012203523205119
time:3999.246438741684
360000
min_value:0.01012203523205119
time:4112.955820322037
370000
min_value:0.01012203523205119
time:4226.627592563629
380000
min_value:0.00993656180100952
time:4340.984933137894
390000
min_value:0.00993656180100952
time:4454.9252643585205
400000
min_value:0.009309386990624294
time:4568.649973392487
410000
min_value:0.009168912267914163
time:4682.428916454315
420000
min_value:0.008763685139247652
time:4796.279283285141
430000
min_value:0.008763685139247652
time:4910.184177875519
440000
min_value:0.008763685139247652
time:5024.574151754379
450000
min_value:0.008763685139247652
time:5138.213363409042
460000
min_value:0.008710982012109188
time:5252.080092430115
470000
min_value:0.007631487027159621
time:5365.767814397812
480000
min_value:0.007631487027159621
time:5479.866926908493
490000
min_value:0.007631487027159621
time:5594.122260093689
500000
min_value:0.007631487027159621
time:5707.681391000748
510000
min_value:0.007631487027159621
time:5821.414120197296
520000
min_value:0.007631487027159621
time:5935.0100111961365
