./results/subspace-norm/dim:1000000_ord:1_subspace:100_fused:False/RGF/lr:1_sample_size:20_mu:1e-05_step_schedule:constant
1000
fvalues:100.0
time_values:7.2070722579956055
./results/subspace-norm/dim:1000000_ord:1_subspace:100_fused:False/RGF/lr:1_sample_size:20_mu:1e-06_step_schedule:constant
1000
fvalues:100.0
time_values:7.181131362915039
./results/subspace-norm/dim:1000000_ord:1_subspace:100_fused:False/RGF/lr:1_sample_size:20_mu:1e-07_step_schedule:constant
1000
fvalues:100.0
time_values:7.146495819091797
./results/subspace-norm/dim:1000000_ord:1_subspace:100_fused:False/RGF/lr:1_sample_size:20_mu:1e-08_step_schedule:constant
1000
fvalues:100.0
time_values:7.149223804473877
./results/subspace-norm/dim:1000000_ord:1_subspace:100_fused:False/RGF/lr:0.1_sample_size:20_mu:1e-05_step_schedule:constant
1000
fvalues:22.949334949400843
time_values:7.134782075881958
./results/subspace-norm/dim:1000000_ord:1_subspace:100_fused:False/RGF/lr:0.1_sample_size:20_mu:1e-06_step_schedule:constant
1000
fvalues:23.14479909550482
time_values:7.137705564498901
./results/subspace-norm/dim:1000000_ord:1_subspace:100_fused:False/RGF/lr:0.1_sample_size:20_mu:1e-07_step_schedule:constant
1000
fvalues:22.575588724009897
time_values:7.164686441421509
./results/subspace-norm/dim:1000000_ord:1_subspace:100_fused:False/RGF/lr:0.1_sample_size:20_mu:1e-08_step_schedule:constant
1000
fvalues:22.85492463092804
time_values:7.143589496612549
./results/subspace-norm/dim:1000000_ord:1_subspace:100_fused:False/RGF/lr:0.01_sample_size:20_mu:1e-05_step_schedule:constant
1000
fvalues:2.4318517603330303
time_values:7.16853928565979
./results/subspace-norm/dim:1000000_ord:1_subspace:100_fused:False/RGF/lr:0.01_sample_size:20_mu:1e-06_step_schedule:constant
1000
fvalues:2.3962296965758534
time_values:7.140225410461426
./results/subspace-norm/dim:1000000_ord:1_subspace:100_fused:False/RGF/lr:0.01_sample_size:20_mu:1e-07_step_schedule:constant
1000
fvalues:2.402715144897625
time_values:7.140951156616211
./results/subspace-norm/dim:1000000_ord:1_subspace:100_fused:False/RGF/lr:0.01_sample_size:20_mu:1e-08_step_schedule:constant
1000
fvalues:2.301254569453003
time_values:7.139841794967651
./results/subspace-norm/dim:1000000_ord:1_subspace:100_fused:False/RGF/lr:0.001_sample_size:20_mu:1e-05_step_schedule:constant
1000
fvalues:2.9044887518696068
time_values:7.1708409786224365
./results/subspace-norm/dim:1000000_ord:1_subspace:100_fused:False/RGF/lr:0.001_sample_size:20_mu:1e-06_step_schedule:constant
1000
fvalues:3.558906758798693
time_values:7.151463747024536
./results/subspace-norm/dim:1000000_ord:1_subspace:100_fused:False/RGF/lr:0.001_sample_size:20_mu:1e-07_step_schedule:constant
1000
fvalues:2.70758316228594
time_values:7.173234224319458
./results/subspace-norm/dim:1000000_ord:1_subspace:100_fused:False/RGF/lr:0.001_sample_size:20_mu:1e-08_step_schedule:constant
1000
fvalues:2.279876517669197
time_values:7.1779608726501465
