./results/regularized test local/dim:1000000_ord:1_coef:1_fused:False/RGF/lr:1e-09_sample_size:1_mu:1e-08_step_schedule:decreasing
10000
min_value:1.0000004974752401
time:10.485613346099854
20000
min_value:1.0000004974752401
time:17.295620918273926
30000
min_value:1.0000004974752401
time:24.10283088684082
40000
min_value:1.0000004974752401
time:30.92908525466919
50000
min_value:1.0000004974752401
time:37.71655631065369
60000
min_value:1.0000004974752401
time:44.62262153625488
70000
min_value:1.0000004974752401
time:51.53642463684082
80000
min_value:1.0000004974752401
time:58.41953134536743
90000
min_value:1.0000004974752401
time:65.25588011741638
100000
min_value:1.0000004974752401
time:72.0914855003357
100000
fvalues:1.0000004974752401
time_values:72.0914855003357
./results/regularized test local/dim:1000000_ord:1_coef:1_fused:False/RGF/lr:1e-10_sample_size:1_mu:1e-08_step_schedule:decreasing
10000
min_value:0.9990849470198229
time:6.844561338424683
20000
min_value:0.9990162805393552
time:13.748509645462036
30000
min_value:0.9989747401498403
time:20.603201389312744
40000
min_value:0.9989459702365463
time:27.399908304214478
50000
min_value:0.998923961488461
time:34.26533627510071
60000
min_value:0.998905625098234
time:41.113200664520264
70000
min_value:0.9988898874772376
time:48.01978516578674
80000
min_value:0.9988766950127625
time:54.961193323135376
90000
min_value:0.9988650782577855
time:61.87118077278137
100000
min_value:0.9988545947285348
time:68.70421528816223
100000
fvalues:0.9988545931349854
time_values:68.70421528816223
./results/regularized test local/dim:1000000_ord:1_coef:1_fused:False/RGF/lr:1e-11_sample_size:1_mu:1e-08_step_schedule:decreasing
10000
min_value:0.9999091855792575
time:6.849585294723511
20000
min_value:0.9999021843160185
time:13.659923553466797
30000
min_value:0.9998982363586627
time:20.550967931747437
40000
min_value:0.999895357869586
time:27.46579360961914
50000
min_value:0.9998931109726839
time:34.296189308166504
60000
min_value:0.9998912913468605
time:41.159799098968506
70000
min_value:0.9998897608954721
time:47.99802255630493
80000
min_value:0.9998884438842983
time:54.82805418968201
90000
min_value:0.9998872515261065
time:61.744322299957275
100000
min_value:0.9998862017727005
time:68.58065795898438
100000
fvalues:0.9998862017546358
time_values:68.58065795898438
./results/regularized test local/dim:1000000_ord:1_coef:1_fused:False/RGF/lr:1e-12_sample_size:1_mu:1e-08_step_schedule:decreasing
10000
min_value:0.9999918955622418
time:6.782387971878052
20000
min_value:0.9999912144040531
time:13.64548373222351
30000
min_value:0.9999908089514864
time:20.446914196014404
40000
min_value:0.9999905237389973
time:27.297893285751343
50000
min_value:0.9999903027893857
time:34.227758169174194
60000
min_value:0.999990119064167
time:41.04654240608215
70000
min_value:0.9999899658788451
time:47.86130690574646
80000
min_value:0.9999898268711312
time:54.66403651237488
90000
min_value:0.99998970980712
time:61.47581720352173
100000
min_value:0.9999896050405165
time:68.38603329658508
100000
fvalues:0.9999896050280529
time_values:68.38603329658508
