./results/subspace-norm/dim:1000000_ord:1_subspace:100_fused:False/RGF/lr:0.001_reduced_dim:10_sample_size:20_mu:1e-05_step_schedule:decreasing-half
10000
min_value:80.16189370277975
time:66.11333560943604
20000
min_value:71.84197427622354
time:132.15626430511475
30000
min_value:65.45753905503273
time:198.52685499191284
40000
min_value:60.10507485834965
time:264.59736156463623
50000
min_value:55.37006934125307
time:330.75175976753235
60000
min_value:51.08991403014144
time:396.85505843162537
70000
min_value:47.18098632174732
time:462.92789816856384
80000
min_value:43.520491619410805
time:529.1145985126495
90000
min_value:40.09947432087628
time:595.2327280044556
100000
min_value:36.863491568037546
time:661.3496978282928
110000
min_value:33.76543792736516
time:727.422712802887
120000
min_value:30.822659026361272
time:793.5974822044373
130000
min_value:27.99878933821924
time:859.7243099212646
140000
min_value:25.28516557466012
time:925.8718693256378
150000
min_value:22.648139314732397
time:991.9785175323486
160000
min_value:20.11100866465115
time:1058.0802419185638
170000
min_value:17.645234450021697
time:1124.2014417648315
180000
min_value:15.264561470511566
time:1190.3834655284882
190000
min_value:12.94046871933651
time:1256.538346529007
200000
min_value:10.672497828235205
time:1322.6481258869171
210000
min_value:8.454163647347128
time:1388.741528749466
220000
min_value:6.287797952529149
time:1454.7934792041779
230000
min_value:4.188599847663893
time:1521.0942482948303
240000
min_value:2.122241490026652
time:1587.5329463481903
250000
min_value:0.43351511700251333
time:1653.9240810871124
260000
min_value:0.01282275661743668
time:1720.4705729484558
270000
min_value:0.0006714352114597019
time:1786.998152256012
280000
min_value:0.0006714352114597019
time:1853.5269815921783
290000
min_value:0.0006714352114597019
time:1920.2461421489716
300000
min_value:0.0006542636692695282
time:1986.7647097110748
310000
min_value:0.0006542636692695282
time:2053.1203877925873
320000
min_value:0.0006542636692695282
time:2119.6909182071686
330000
min_value:0.0006508804701769454
time:2186.2504045963287
340000
min_value:0.0006456707446607508
time:2252.8454151153564
350000
min_value:0.0006456707446607508
time:2319.2456555366516
360000
min_value:0.0006456707446607508
time:2385.8810863494873
370000
min_value:0.0005929525169472737
time:2452.2910454273224
380000
min_value:0.0005929525169472737
time:2518.638461828232
390000
min_value:0.0005929525169472737
time:2585.0390162467957
400000
min_value:0.0005929525169472737
time:2651.5039246082306
410000
min_value:0.0005929525169472737
time:2717.9407374858856
420000
min_value:0.0005929525169472737
time:2784.383586883545
430000
min_value:0.0005929525169472737
time:2850.921135902405
440000
min_value:0.0005904252065500176
time:2917.3855106830597
450000
min_value:0.0005692010645630755
time:2983.822075843811
460000
min_value:0.0005692010645630755
time:3050.5177989006042
470000
min_value:0.0005692010645630755
time:3116.8806936740875
480000
min_value:0.0005692010645630755
time:3183.2726380825043
490000
min_value:0.0005692010645630755
time:3249.547876596451
500000
min_value:0.0005692010645630755
time:3316.0502853393555
510000
min_value:0.0005692010645630755
time:3382.4688999652863
520000
min_value:0.0005692010645630755
time:3449.114601612091
530000
min_value:0.0005692010645630755
time:3515.650689125061
540000
min_value:0.0005692010645630755
time:3582.021933078766
550000
min_value:0.0005624115577661208
time:3648.3272428512573
560000
min_value:0.0005624115577661208
time:3714.711259365082
570000
min_value:0.0005624115577661208
time:3781.0440380573273
580000
min_value:0.0005624115577661208
time:3847.457593679428
590000
min_value:0.0005624115577661208
time:3913.8476147651672
600000
min_value:0.0005624115577661208
time:3980.213196516037
610000
min_value:0.0005624115577661208
time:4046.6081182956696
620000
min_value:0.0005624115577661208
time:4113.174041986465
630000
min_value:0.0005337554099820902
time:4179.743813991547
640000
min_value:0.0005337554099820902
time:4246.275193691254
650000
min_value:0.0005337554099820902
time:4312.798417568207
660000
min_value:0.0005337554099820902
time:4379.2905440330505
670000
min_value:0.0005337554099820902
time:4445.815561056137
680000
min_value:0.0005337554099820902
time:4512.357383966446
690000
min_value:0.0005337554099820902
time:4578.840753078461
700000
min_value:0.0005337554099820902
time:4645.358872652054
710000
min_value:0.0005337554099820902
time:4711.808332681656
720000
min_value:0.0005322141506738012
time:4778.322731971741
730000
min_value:0.0005273986362664147
time:4844.852051258087
740000
min_value:0.000499098430685603
time:4911.335015535355
750000
min_value:0.000499098430685603
time:4977.884649038315
760000
min_value:0.000499098430685603
time:5044.28288269043
770000
min_value:0.000499098430685603
time:5110.616160869598
780000
min_value:0.000499098430685603
time:5177.027580022812
790000
min_value:0.000499098430685603
time:5243.478515148163
800000
min_value:0.000499098430685603
time:5310.030748605728
810000
min_value:0.000499098430685603
time:5376.488939285278
820000
min_value:0.000499098430685603
time:5443.005871772766
830000
min_value:0.000499098430685603
time:5509.408823013306
840000
min_value:0.000499098430685603
time:5575.841604709625
850000
min_value:0.000499098430685603
time:5642.192005872726
860000
min_value:0.000499098430685603
time:5708.502956628799
870000
min_value:0.000499098430685603
time:5775.032101869583
880000
min_value:0.000499098430685603
time:5841.5315771102905
890000
min_value:0.0004985270860329196
time:5908.054692745209
900000
min_value:0.0004985270860329196
time:5974.527040719986
910000
min_value:0.0004985270860329196
time:6041.052064657211
920000
min_value:0.0004985270860329196
time:6107.534839630127
930000
min_value:0.0004967262689714446
time:6174.128196716309
940000
min_value:0.0004967262689714446
time:6240.6508095264435
950000
min_value:0.0004967262689714446
time:6307.200963973999
960000
min_value:0.0004967262689714446
time:6373.708230495453
970000
min_value:0.0004945827504936065
time:6440.243782997131
980000
min_value:0.0004942955526646729
time:6506.79169011116
990000
min_value:0.0004942955526646729
time:6573.288430929184
1000000
min_value:0.0004942955526646729
time:6639.812979221344
1000000
fvalues:0.0004942955526646729
time_values:6639.812979221344
./results/subspace-norm/dim:1000000_ord:1_subspace:100_fused:False/RGF/lr:0.001_reduced_dim:10_sample_size:20_mu:1e-08_step_schedule:decreasing-half
10000
min_value:80.09467473374636
time:66.53405976295471
20000
min_value:71.81265994965506
time:133.06705474853516
30000
min_value:65.44814130702622
time:199.60748529434204
40000
min_value:60.09610460998312
time:266.02140855789185
50000
min_value:55.368298155779435
time:332.32448649406433
60000
min_value:51.09221334825612
time:398.5912301540375
70000
min_value:47.18584900936824
time:465.0772247314453
80000
min_value:43.53792558668688
time:532.0924837589264
90000
min_value:40.078943981875994
time:598.660261631012
100000
min_value:36.85314345325525
time:665.1661014556885
110000
min_value:33.74881574734492
time:731.717036485672
120000
min_value:30.790035732150564
time:798.3697938919067
130000
min_value:27.96058093669589
time:864.9520816802979
140000
min_value:25.2429008427721
time:931.4051377773285
150000
min_value:22.60297517453526
time:998.0001492500305
160000
min_value:20.06219652262613
time:1065.1359736919403
170000
min_value:17.60440522436259
time:1131.69952917099
180000
min_value:15.209355187345345
time:1198.1640827655792
190000
min_value:12.895565255244497
time:1264.7228491306305
200000
min_value:10.633308480450667
time:1331.2384238243103
210000
min_value:8.422726390364817
time:1397.7464482784271
220000
min_value:6.263443009058814
time:1464.2350454330444
230000
min_value:4.165859365026279
time:1530.790192604065
240000
min_value:2.094117769897844
time:1597.8692553043365
250000
min_value:0.40280651170828274
time:1664.3328256607056
260000
min_value:0.0090391944416984
time:1730.8483905792236
270000
min_value:0.00044323102926453333
time:1797.387865781784
280000
min_value:0.0004337710224611139
time:1863.8627252578735
290000
min_value:0.0004175720423580877
time:1930.4401426315308
300000
min_value:0.00041741245572880103
time:1996.9683437347412
310000
min_value:0.0003998582545712871
time:2063.5486273765564
320000
min_value:0.0003998582545712871
time:2130.5334401130676
330000
min_value:0.0003955115106755471
time:2196.255551099777
340000
min_value:0.0003955115106755471
time:2262.1317660808563
350000
min_value:0.00037059753368326454
time:2327.98459815979
360000
min_value:0.00037059753368326454
time:2393.8541400432587
370000
min_value:0.00036038592501097815
time:2459.7217030525208
380000
min_value:0.00036038592501097815
time:2525.6235020160675
390000
min_value:0.0003583738565474913
time:2591.5022523403168
400000
min_value:0.0003583738565474913
time:2657.9773042201996
410000
min_value:0.000350295278203083
time:2723.9556908607483
420000
min_value:0.0003467479604904783
time:2789.8632895946503
430000
min_value:0.0003381127373657506
time:2855.8244898319244
440000
min_value:0.0003381127373657506
time:2921.701236486435
450000
min_value:0.0003267915088473487
time:2987.6066377162933
460000
min_value:0.0003136688587519513
time:3053.4637558460236
470000
min_value:0.0003136688587519513
time:3119.3727598190308
480000
min_value:0.0003136688587519513
time:3185.75261759758
490000
min_value:0.0003008079576010996
time:3251.689546585083
500000
min_value:0.0003008079576010996
time:3317.6181337833405
510000
min_value:0.0003008079576010996
time:3383.5293929576874
520000
min_value:0.0003008079576010996
time:3449.408616542816
530000
min_value:0.0003008079576010996
time:3515.3889062404633
540000
min_value:0.0003008079576010996
time:3581.3894040584564
550000
min_value:0.00029839430554089223
time:3647.441279888153
560000
min_value:0.0002878172357726346
time:3714.054890871048
570000
min_value:0.0002878172357726346
time:3779.958594083786
580000
min_value:0.0002878172357726346
time:3845.8710606098175
590000
min_value:0.0002878172357726346
time:3911.812153339386
600000
min_value:0.0002878172357726346
time:3977.7664380073547
610000
min_value:0.0002878172357726346
time:4043.725135564804
620000
min_value:0.0002772576913458893
time:4109.711307525635
630000
min_value:0.0002772576913458893
time:4175.610665559769
640000
min_value:0.0002768355607029674
time:4242.03377366066
650000
min_value:0.0002768355607029674
time:4307.9594650268555
660000
min_value:0.00026022771065802887
time:4373.815490722656
670000
min_value:0.00026022771065802887
time:4439.702316761017
680000
min_value:0.00026022771065802887
time:4505.560760974884
690000
min_value:0.00026022771065802887
time:4571.497757911682
700000
min_value:0.00026022771065802887
time:4637.3669810295105
710000
min_value:0.00025930151497493707
time:4703.145341396332
720000
min_value:0.00025311894397331904
time:4769.539674758911
730000
min_value:0.0002468796342385581
time:4835.55841088295
740000
min_value:0.0002468796342385581
time:4901.425700187683
750000
min_value:0.0002468796342385581
time:4967.425295829773
760000
min_value:0.0002468796342385581
time:5033.386754512787
770000
min_value:0.0002468796342385581
time:5099.253469705582
780000
min_value:0.0002430655584791156
time:5165.055510520935
790000
min_value:0.0002430655584791156
time:5231.0503969192505
800000
min_value:0.0002430655584791156
time:5297.563808441162
810000
min_value:0.00024259307912978694
time:5363.606069087982
820000
min_value:0.00024163940710570078
time:5429.634087085724
830000
min_value:0.00023309000031754325
time:5495.539899349213
840000
min_value:0.00023309000031754325
time:5561.638246536255
850000
min_value:0.00023309000031754325
time:5627.589267253876
860000
min_value:0.00023309000031754325
time:5693.535019159317
870000
min_value:0.00023212406497390994
time:5759.493983030319
880000
min_value:0.00023212406497390994
time:5826.06915307045
890000
min_value:0.00022898373879834665
time:5892.082392215729
900000
min_value:0.00022898373879834665
time:5958.075803279877
910000
min_value:0.00022123896819841972
time:6023.95049238205
920000
min_value:0.00022123896819841972
time:6089.852890014648
930000
min_value:0.00022123896819841972
time:6155.80383682251
940000
min_value:0.00022123896819841972
time:6221.7773995399475
950000
min_value:0.00021974960106188544
time:6287.680375337601
960000
min_value:0.00021974960106188544
time:6354.139031887054
970000
min_value:0.00021974960106188544
time:6420.135036468506
980000
min_value:0.00021974960106188544
time:6486.129697561264
990000
min_value:0.00021974960106188544
time:6552.213538408279
1000000
min_value:0.00021536269797347245
time:6618.203218698502
1000000
fvalues:0.00021536269797347245
time_values:6618.203218698502
