./results/subspace-norm local/dim:1000000_ord:1_subspace:100_fused:False/RGF/lr:0.0001_sample_size:1_mu:1e-08_step_schedule:constant
10000
min_value:9.999999974752427e-05
time:5.4627509117126465
10000
fvalues:9.999999974752427e-05
time_values:5.4627509117126465
./results/subspace-norm local/dim:1000000_ord:1_subspace:100_fused:False/RGF/lr:1e-05_sample_size:1_mu:1e-08_step_schedule:constant
10000
min_value:9.999999974752427e-05
time:5.4599902629852295
10000
fvalues:9.999999974752427e-05
time_values:5.4599902629852295
./results/subspace-norm local/dim:1000000_ord:1_subspace:100_fused:False/RGF/lr:1e-06_sample_size:1_mu:1e-08_step_schedule:constant
10000
min_value:9.999999974752427e-05
time:5.437969923019409
10000
fvalues:9.999999974752427e-05
time_values:5.437969923019409
