./results/subspace-norm/dim:1000000_ord:1_subspace:100_fused:False/proposed/lr:0.1_reduced_dim:10_sample_size:1_mu:1e-08_step_schedule:constant
1000
fvalues:99.89660572975197
time_values:7.162273406982422
./results/subspace-norm/dim:1000000_ord:1_subspace:100_fused:False/proposed/lr:0.01_reduced_dim:10_sample_size:1_mu:1e-08_step_schedule:constant
1000
fvalues:99.98946664332863
time_values:1.8782825469970703
./results/subspace-norm/dim:1000000_ord:1_subspace:100_fused:False/proposed/lr:0.001_reduced_dim:10_sample_size:1_mu:1e-08_step_schedule:constant
1000
fvalues:99.99906662814354
time_values:1.8864846229553223
./results/subspace-norm/dim:1000000_ord:1_subspace:100_fused:False/proposed/lr:0.0001_reduced_dim:10_sample_size:1_mu:1e-08_step_schedule:constant
1000
fvalues:99.99990043077653
time_values:1.8902547359466553
./results/subspace-norm/dim:1000000_ord:1_subspace:100_fused:False/proposed/lr:1e-05_reduced_dim:10_sample_size:1_mu:1e-08_step_schedule:constant
1000
fvalues:99.99999006251483
time_values:1.8909645080566406
