./results/regularized test/dim:1000000_ord:1_coef:1_fused:False/RGF/lr:1e-07_sample_size:1_mu:1e-08_step_schedule:constant
10000
min_value:1496229.5763655747
time:11.83431363105774
20000
min_value:1492449.8637074223
time:18.820807695388794
30000
min_value:1488629.1191589492
time:25.791974306106567
40000
min_value:1484936.057384363
time:32.76475739479065
50000
min_value:1481068.140675487
time:39.76805019378662
60000
min_value:1477287.5890185058
time:46.770259141922
70000
min_value:1473499.9004519219
time:53.76441216468811
80000
min_value:1469732.9167229612
time:60.76536178588867
90000
min_value:1466017.9586149962
time:67.76084995269775
100000
min_value:1462314.8814754104
time:74.75047087669373
110000
min_value:1458570.0412296455
time:81.75062108039856
120000
min_value:1454847.95322218
time:88.74323320388794
130000
min_value:1451064.6285112174
time:95.71649408340454
140000
min_value:1447387.8162393593
time:102.6729531288147
150000
min_value:1443682.8366246496
time:109.65807175636292
160000
min_value:1440018.1075515593
time:116.65368795394897
170000
min_value:1436297.710806365
time:123.65255928039551
180000
min_value:1432629.7446840426
time:130.64730548858643
190000
min_value:1428961.9558052528
time:137.6554319858551
200000
min_value:1425229.122351673
time:144.65284419059753
210000
min_value:1421527.570621501
time:151.65408396720886
220000
min_value:1417815.9711758278
time:158.6381540298462
230000
min_value:1414172.039166206
time:165.59241271018982
240000
min_value:1410576.4860975607
time:172.33157467842102
250000
min_value:1406918.3491360778
time:178.9543800354004
260000
min_value:1403308.5446320563
time:185.55955004692078
270000
min_value:1399688.7236761241
time:192.2268841266632
280000
min_value:1396079.2355500306
time:198.90910482406616
290000
min_value:1392547.7677221864
time:205.590886592865
300000
min_value:1388957.9938010194
time:212.28886580467224
310000
min_value:1385374.8758495653
time:218.92512917518616
320000
min_value:1381808.7291289545
time:225.57890725135803
330000
min_value:1378254.4332369815
time:232.28352236747742
340000
min_value:1374644.034029137
time:238.9204671382904
350000
min_value:1371030.370740734
time:245.56460523605347
360000
min_value:1367482.7949191288
time:252.24184584617615
370000
min_value:1364023.621899328
time:258.90310859680176
380000
min_value:1360439.5504706672
time:265.5645456314087
390000
min_value:1357008.1169124246
time:272.26723742485046
400000
min_value:1353583.0853198613
time:278.91763377189636
410000
min_value:1350058.5003303257
time:285.5675096511841
420000
min_value:1346526.253696102
time:292.2914888858795
430000
min_value:1342947.9311071679
time:299.0221207141876
440000
min_value:1339413.8108409753
time:305.72374844551086
450000
min_value:1335919.8384582908
time:312.4322986602783
460000
min_value:1332434.7499617958
time:319.1384119987488
470000
min_value:1328998.0035763124
time:325.8418686389923
480000
min_value:1325579.146616792
time:332.6083130836487
490000
min_value:1322088.108590208
time:339.3003444671631
500000
min_value:1318688.178474999
time:346.0156452655792
500000
fvalues:1318688.1597323148
time_values:346.0156452655792
./results/regularized test/dim:1000000_ord:1_coef:1_fused:False/RGF/lr:1e-08_sample_size:1_mu:1e-08_step_schedule:constant
10000
min_value:1499595.8580102292
time:6.748867034912109
20000
min_value:1499194.3610534435
time:13.440990447998047
30000
min_value:1498795.3871655697
time:20.16655135154724
40000
min_value:1498390.2139381154
time:26.929540157318115
50000
min_value:1497986.4932778482
time:33.661317348480225
60000
min_value:1497589.7286083342
time:40.42406225204468
70000
min_value:1497189.948237903
time:47.145177364349365
80000
min_value:1496796.5214152772
time:53.87557864189148
90000
min_value:1496400.1888185618
time:60.640058517456055
100000
min_value:1496000.4935470598
time:67.37886381149292
110000
min_value:1495596.4661112067
time:74.13966107368469
120000
min_value:1495211.519784077
time:80.89930939674377
130000
min_value:1494810.1549762154
time:87.65292716026306
140000
min_value:1494407.0210638081
time:94.3727650642395
150000
min_value:1494011.6097527342
time:101.1495463848114
160000
min_value:1493623.539716674
time:107.8364417552948
170000
min_value:1493219.9505245858
time:114.57814526557922
180000
min_value:1492812.012975852
time:121.32781744003296
190000
min_value:1492408.3722935151
time:128.06809210777283
200000
min_value:1492007.5057484468
time:134.7748086452484
210000
min_value:1491612.3141807956
time:141.53048706054688
220000
min_value:1491212.2863307013
time:148.2307198047638
230000
min_value:1490820.9575620233
time:155.1912326812744
240000
min_value:1490411.3456372165
time:161.95625376701355
250000
min_value:1490017.5432462508
time:168.67635202407837
260000
min_value:1489614.6211036441
time:175.45030903816223
270000
min_value:1489222.2190566359
time:182.20250940322876
280000
min_value:1488822.263752122
time:188.9352490901947
290000
min_value:1488430.2329186862
time:195.6889669895172
300000
min_value:1488032.5745426486
time:202.41443538665771
310000
min_value:1487635.855798343
time:209.11079335212708
320000
min_value:1487242.4249385844
time:215.9091281890869
330000
min_value:1486844.313046389
time:222.62225127220154
340000
min_value:1486454.4831266832
time:229.3888394832611
350000
min_value:1486063.1132997852
time:236.17000699043274
360000
min_value:1485670.301449618
time:242.88889575004578
370000
min_value:1485268.9437288828
time:249.63518619537354
380000
min_value:1484880.5612790692
time:256.3804349899292
390000
min_value:1484487.2489156516
time:263.1042101383209
400000
min_value:1484102.6306701014
time:269.8344326019287
410000
min_value:1483706.3754810551
time:276.59213280677795
420000
min_value:1483303.5684589236
time:283.3595230579376
430000
min_value:1482899.7742920057
time:290.13113141059875
440000
min_value:1482509.474707254
time:296.8557171821594
450000
min_value:1482112.2140084489
time:303.68451499938965
460000
min_value:1481720.9684707788
time:310.2959158420563
470000
min_value:1481332.9268184043
time:317.0088551044464
480000
min_value:1480940.4089511088
time:323.7506580352783
490000
min_value:1480554.6132111442
time:330.4792306423187
500000
min_value:1480155.2439182673
time:337.22357082366943
500000
fvalues:1480155.1315820771
time_values:337.22357082366943
./results/regularized test/dim:1000000_ord:1_coef:1_fused:False/RGF/lr:1e-09_sample_size:1_mu:1e-08_step_schedule:constant
10000
min_value:1499959.775748646
time:6.745741367340088
20000
min_value:1499920.081672127
time:13.487599849700928
30000
min_value:1499879.3812596388
time:20.231106758117676
40000
min_value:1499838.677775073
time:26.932705402374268
50000
min_value:1499797.7334697824
time:33.65055441856384
60000
min_value:1499757.8812206106
time:40.42677140235901
70000
min_value:1499717.1843635626
time:47.154327630996704
80000
min_value:1499677.2029881815
time:53.966591119766235
90000
min_value:1499637.619085428
time:60.705185651779175
100000
min_value:1499597.8772875746
time:67.43360233306885
110000
min_value:1499557.454265996
time:74.21089458465576
120000
min_value:1499517.8536988944
time:80.93150734901428
130000
min_value:1499478.98188344
time:87.65357112884521
140000
min_value:1499438.509576298
time:94.42844796180725
150000
min_value:1499398.1771349406
time:101.15870833396912
160000
min_value:1499359.113852518
time:107.88488745689392
170000
min_value:1499317.1470465525
time:114.66287994384766
180000
min_value:1499278.2561453895
time:121.41167855262756
190000
min_value:1499240.2973735118
time:128.16022992134094
200000
min_value:1499200.7021284772
time:134.9183633327484
210000
min_value:1499161.1590638314
time:141.69529724121094
220000
min_value:1499120.8801430776
time:148.43797039985657
230000
min_value:1499081.5929319288
time:155.1844766139984
240000
min_value:1499041.3392518645
time:161.91707015037537
250000
min_value:1499002.0049688027
time:168.66591954231262
260000
min_value:1498962.1381299703
time:175.71664237976074
270000
min_value:1498921.936843236
time:182.48494052886963
280000
min_value:1498882.621322833
time:189.2188744544983
290000
min_value:1498844.331460714
time:195.99396872520447
300000
min_value:1498804.9247700972
time:202.7240731716156
310000
min_value:1498766.0035710563
time:209.4384424686432
320000
min_value:1498725.8496656301
time:216.182758808136
330000
min_value:1498685.8735416834
time:222.77992749214172
340000
min_value:1498645.4341317858
time:229.41608715057373
350000
min_value:1498605.18535448
time:236.1349596977234
360000
min_value:1498565.3845637122
time:242.87697100639343
370000
min_value:1498524.1884595044
time:249.5962905883789
380000
min_value:1498484.1634955315
time:256.3420627117157
390000
min_value:1498443.6557840724
time:263.1020655632019
400000
min_value:1498403.7623009433
time:269.88154911994934
410000
min_value:1498363.8021039697
time:276.61597323417664
420000
min_value:1498323.1446245806
time:283.33474469184875
430000
min_value:1498282.0343175866
time:290.1180167198181
440000
min_value:1498241.3798819338
time:296.81338691711426
450000
min_value:1498202.0941433925
time:303.53723764419556
460000
min_value:1498162.9279071845
time:310.27408146858215
470000
min_value:1498123.32339859
time:316.9711666107178
480000
min_value:1498084.5728504632
time:323.6640603542328
490000
min_value:1498044.8727682924
time:330.3655962944031
500000
min_value:1498005.3600130794
time:336.9854760169983
500000
fvalues:1498005.3495193762
time_values:336.9854760169983
