./results/regularized test/dim:1000000_ord:1_coef:1_fused:False/proposed/lr:0.01_reduced_dim:10_sample_size:1_mu:1e-08_step_schedule:constant
10000
min_value:1496187.7928181987
time:27.148443698883057
20000
min_value:1492470.4218870685
time:49.37244462966919
30000
min_value:1488614.860914282
time:71.57651543617249
40000
min_value:1484881.7448981649
time:93.77742958068848
50000
min_value:1481220.731814818
time:115.97768068313599
60000
min_value:1477471.3110678166
time:138.13468265533447
70000
min_value:1473685.5782781956
time:160.32569313049316
80000
min_value:1469982.7069349429
time:182.52427530288696
90000
min_value:1466329.2160663872
time:204.19751071929932
100000
min_value:1462606.8919556993
time:225.40039658546448
110000
min_value:1459066.3609315306
time:246.63991165161133
120000
min_value:1455345.8856147653
time:267.8805124759674
130000
min_value:1451722.2934807437
time:289.08682203292847
140000
min_value:1448006.3551713263
time:310.3296797275543
150000
min_value:1444355.2261856447
time:331.67804765701294
160000
min_value:1440572.1366005123
time:353.00910925865173
170000
min_value:1436995.214852532
time:374.4101548194885
180000
min_value:1433350.367397373
time:395.7711024284363
190000
min_value:1429798.7909133537
time:417.2292368412018
200000
min_value:1426184.893326341
time:438.63040471076965
210000
min_value:1422532.7678550626
time:460.03836727142334
220000
min_value:1418866.452766084
time:481.3992989063263
230000
min_value:1415133.2819049582
time:502.758752822876
240000
min_value:1411519.3724505336
time:524.0999047756195
250000
min_value:1408019.8328812253
time:545.4704716205597
260000
min_value:1404536.9685583548
time:566.9078872203827
270000
min_value:1400863.7588859047
time:588.2657971382141
280000
min_value:1397360.6946089016
time:609.7206692695618
290000
min_value:1393798.4267014498
time:631.0990977287292
300000
min_value:1390131.5462001264
time:652.4454519748688
310000
min_value:1386566.8100358408
time:673.8840281963348
320000
min_value:1382958.8961946755
time:695.0548005104065
330000
min_value:1379443.682521906
time:716.4460229873657
340000
min_value:1375886.4908280836
time:737.8943116664886
350000
min_value:1372396.3107149377
time:759.2896115779877
360000
min_value:1368882.9676866871
time:780.7242350578308
370000
min_value:1365322.3318930946
time:802.1206700801849
380000
min_value:1361782.5678205958
time:823.5336239337921
390000
min_value:1358305.0818982713
time:844.932030916214
400000
min_value:1354909.9241003
time:866.3720142841339
410000
min_value:1351556.1168914775
time:887.7463884353638
420000
min_value:1348078.2194343805
time:909.2130122184753
430000
min_value:1344657.2076354437
time:930.6181695461273
440000
min_value:1341184.6262620096
time:951.7974829673767
450000
min_value:1337745.872524751
time:973.1686549186707
460000
min_value:1334378.4784991683
time:994.5585904121399
470000
min_value:1330894.3048448863
time:1015.9300484657288
480000
min_value:1327481.4589555438
time:1037.3032114505768
490000
min_value:1324049.4718116682
time:1058.5434691905975
500000
min_value:1320716.2699197633
time:1079.710793018341
500000
fvalues:1320716.1535678834
time_values:1079.710793018341
./results/regularized test/dim:1000000_ord:1_coef:1_fused:False/proposed/lr:0.01_reduced_dim:100_sample_size:1_mu:1e-08_step_schedule:constant
10000
min_value:1480809.2143639626
time:94.0911557674408
20000
min_value:1461847.1519951285
time:188.1883888244629
30000
min_value:1443183.5505840348
time:282.24032187461853
40000
min_value:1425764.6828056327
time:376.3423402309418
50000
min_value:1410237.630757326
time:470.40798807144165
60000
min_value:1396882.389532981
time:564.4333786964417
70000
min_value:1385363.1274227465
time:658.3516535758972
80000
min_value:1375297.9966997355
time:752.45246052742
90000
min_value:1366436.850567773
time:846.5077426433563
100000
min_value:1358506.031165463
time:940.5716023445129
110000
min_value:1351586.9697188511
time:1034.6087656021118
120000
min_value:1345737.3907128402
time:1128.6252715587616
130000
min_value:1340636.041339506
time:1222.6177983283997
140000
min_value:1335948.032343586
time:1316.6313002109528
150000
min_value:1331749.7801938034
time:1410.9301388263702
160000
min_value:1328103.3976449205
time:1504.9678354263306
170000
min_value:1324776.0493470468
time:1598.9884264469147
180000
min_value:1322098.397125759
time:1693.252878189087
190000
min_value:1319433.339173517
time:1788.4357328414917
200000
min_value:1316980.3136463575
time:1883.7351682186127
210000
min_value:1314905.1601546048
time:1978.9939036369324
220000
min_value:1313023.7968536108
time:2074.3160421848297
230000
min_value:1311308.7366771752
time:2168.720073699951
240000
min_value:1309676.3688594734
time:2262.7651052474976
250000
min_value:1308522.2117882804
time:2356.8547055721283
260000
min_value:1307287.5028400004
time:2450.925463914871
270000
min_value:1306160.3739067342
time:2544.9778349399567
280000
min_value:1305136.6438303455
time:2639.1831908226013
290000
min_value:1304290.2864839989
time:2734.586630344391
300000
min_value:1303662.767730785
time:2829.8379406929016
310000
min_value:1302940.483416941
time:2925.088497400284
320000
min_value:1302447.9180143995
time:3020.363094806671
330000
min_value:1301843.6624813254
time:3114.943412065506
340000
min_value:1301422.6043008184
time:3209.331376552582
350000
min_value:1301070.0083750016
time:3303.5345916748047
360000
min_value:1300892.161503581
time:3397.736626625061
370000
min_value:1300799.8048148865
time:3491.969354391098
380000
min_value:1300704.942559118
time:3586.1570587158203
390000
min_value:1300441.7526462746
time:3680.3551054000854
400000
min_value:1300235.0552805355
time:3774.5653314590454
410000
min_value:1300123.3886178161
time:3868.7441897392273
420000
min_value:1299840.4008085881
time:3962.9127674102783
430000
min_value:1299808.8816651525
time:4057.350837945938
440000
min_value:1299808.8816651525
time:4151.510084152222
450000
min_value:1299808.8816651525
time:4245.679294586182
460000
min_value:1299808.8816651525
time:4339.817474126816
470000
min_value:1299808.8816651525
time:4433.956000804901
480000
min_value:1299808.8816651525
time:4528.147305250168
490000
min_value:1299808.8816651525
time:4622.33983373642
500000
min_value:1299808.8816651525
time:4716.487919092178
500000
fvalues:1299808.8816651525
time_values:4716.487919092178
./results/regularized test/dim:1000000_ord:1_coef:1_fused:False/proposed/lr:0.001_reduced_dim:10_sample_size:1_mu:1e-08_step_schedule:constant
10000
min_value:1499611.9907165992
time:21.26701068878174
20000
min_value:1499218.3031035205
time:42.543166399002075
30000
min_value:1498818.4082757868
time:63.77239227294922
40000
min_value:1498430.933895031
time:85.06765699386597
50000
min_value:1498030.505278464
time:106.37031555175781
60000
min_value:1497619.1997757005
time:127.69959473609924
70000
min_value:1497221.301424648
time:149.0063395500183
80000
min_value:1496831.2867715324
time:170.3084065914154
90000
min_value:1496452.5355013025
time:191.60388088226318
100000
min_value:1496050.549122688
time:212.9052050113678
110000
min_value:1495643.2467385335
time:234.259996175766
120000
min_value:1495244.0746015706
time:255.55793499946594
130000
min_value:1494844.2820729963
time:276.89984822273254
140000
min_value:1494443.767890925
time:298.1768870353699
150000
min_value:1494045.9022189765
time:319.83093905448914
160000
min_value:1493647.195731808
time:341.2094087600708
170000
min_value:1493251.007293161
time:362.5240092277527
180000
min_value:1492858.2721389874
time:383.77222084999084
190000
min_value:1492462.7009028213
time:405.0317165851593
200000
min_value:1492072.055717195
time:426.36239886283875
210000
min_value:1491668.0082630783
time:447.66869473457336
220000
min_value:1491262.2503878202
time:469.03826999664307
230000
min_value:1490874.7055042027
time:490.35456013679504
240000
min_value:1490489.360786593
time:511.6698796749115
250000
min_value:1490091.7087072656
time:532.9809718132019
260000
min_value:1489686.4826996636
time:554.2680850028992
270000
min_value:1489289.3759659405
time:575.5811767578125
280000
min_value:1488895.9328660825
time:596.8279836177826
290000
min_value:1488492.5130563434
time:618.4082667827606
300000
min_value:1488102.1340863868
time:639.7154953479767
310000
min_value:1487712.8352410176
time:661.0244374275208
320000
min_value:1487307.8675301503
time:682.2186563014984
330000
min_value:1486918.7736259545
time:703.2363810539246
340000
min_value:1486517.9003190172
time:724.2752432823181
350000
min_value:1486122.5291350828
time:745.4545366764069
360000
min_value:1485722.369876416
time:766.8216471672058
370000
min_value:1485331.5762466816
time:788.1343920230865
380000
min_value:1484940.2827173963
time:809.5119698047638
390000
min_value:1484542.0962876691
time:830.8197419643402
400000
min_value:1484159.290310074
time:852.1501052379608
410000
min_value:1483764.8940633605
time:873.3977696895599
420000
min_value:1483364.8797060917
time:894.7065556049347
430000
min_value:1482974.8868617597
time:916.3110404014587
440000
min_value:1482597.04783762
time:937.5780701637268
450000
min_value:1482207.1419663676
time:958.8329555988312
460000
min_value:1481815.592394837
time:980.0884773731232
470000
min_value:1481420.3529915619
time:1001.3196275234222
480000
min_value:1481032.2295144068
time:1022.544230222702
490000
min_value:1480632.6928115343
time:1043.833925485611
500000
min_value:1480244.5043616612
time:1065.1079788208008
500000
fvalues:1480244.4809334965
time_values:1065.1079788208008
./results/regularized test/dim:1000000_ord:1_coef:1_fused:False/proposed/lr:0.001_reduced_dim:100_sample_size:1_mu:1e-08_step_schedule:constant
10000
min_value:1496171.3370142265
time:94.12214493751526
20000
min_value:1492399.633498156
time:188.2743318080902
30000
min_value:1488600.0141419955
time:282.38929557800293
40000
min_value:1484858.0164639493
time:376.53576946258545
50000
min_value:1481091.0164557057
time:470.7782084941864
60000
min_value:1477298.744158166
time:565.4309349060059
70000
min_value:1473528.0050335191
time:660.6825923919678
80000
min_value:1469760.5864923361
time:755.900559425354
90000
min_value:1466003.3755968206
time:851.1538383960724
100000
min_value:1462292.2710803885
time:946.2127876281738
110000
min_value:1458529.6266793897
time:1040.4522724151611
120000
min_value:1454734.7273972426
time:1135.0703864097595
130000
min_value:1450991.6162159687
time:1229.9459364414215
140000
min_value:1447388.7712594294
time:1324.6502594947815
150000
min_value:1443701.5170572884
time:1419.5440459251404
160000
min_value:1439982.121746804
time:1514.2174122333527
170000
min_value:1436284.9531724765
time:1608.836260318756
180000
min_value:1432636.6054185932
time:1703.494107723236
190000
min_value:1428952.093965413
time:1798.1382327079773
200000
min_value:1425202.4642530847
time:1892.7778160572052
210000
min_value:1421558.064227376
time:1987.4246723651886
220000
min_value:1417868.047279338
time:2082.0130598545074
230000
min_value:1414256.405961703
time:2176.6651968955994
240000
min_value:1410603.307702784
time:2271.249762058258
250000
min_value:1407015.6156020614
time:2365.9256675243378
260000
min_value:1403415.6937318575
time:2460.5337948799133
270000
min_value:1399756.109655755
time:2555.221253156662
280000
min_value:1396189.0750332973
time:2649.8673434257507
290000
min_value:1392539.7255323865
time:2744.859232187271
300000
min_value:1388995.1425058495
time:2839.4681317806244
310000
min_value:1385459.23062145
time:2934.167483329773
320000
min_value:1381916.7566676089
time:3028.78023481369
330000
min_value:1378355.5652806745
time:3123.4890608787537
340000
min_value:1374861.8013336107
time:3218.1131064891815
350000
min_value:1371325.2238178835
time:3312.8077862262726
360000
min_value:1367800.796724007
time:3407.442245721817
370000
min_value:1364327.0419628199
time:3502.0954365730286
380000
min_value:1360794.8780592065
time:3596.7003955841064
390000
min_value:1357282.0275448693
time:3691.3939974308014
400000
min_value:1353828.1055574596
time:3786.0155975818634
410000
min_value:1350262.384237029
time:3880.745139360428
420000
min_value:1346704.34736963
time:3975.4383368492126
430000
min_value:1343218.6867556334
time:4070.52192234993
440000
min_value:1339775.3272286414
time:4165.179936170578
450000
min_value:1336308.9558931782
time:4259.947957992554
460000
min_value:1332813.28853391
time:4354.579651117325
470000
min_value:1329333.9376997808
time:4449.294516086578
480000
min_value:1325856.807530588
time:4543.948522806168
490000
min_value:1322373.6789514245
time:4638.705838918686
500000
min_value:1318960.440837923
time:4733.466566801071
500000
fvalues:1318960.346076623
time_values:4733.466566801071
./results/regularized test/dim:1000000_ord:1_coef:1_fused:False/proposed/lr:0.0001_reduced_dim:10_sample_size:1_mu:1e-08_step_schedule:constant
10000
min_value:1499960.0115511017
time:21.885277271270752
20000
min_value:1499920.6543189827
time:44.12450408935547
30000
min_value:1499880.4981032868
time:66.32002806663513
40000
min_value:1499839.9326091812
time:88.61582708358765
50000
min_value:1499800.0064192556
time:110.86532139778137
60000
min_value:1499760.2626504325
time:133.173978805542
70000
min_value:1499720.0997275987
time:155.49982523918152
80000
min_value:1499680.8189253393
time:177.73625946044922
90000
min_value:1499639.6859030817
time:200.04616975784302
100000
min_value:1499599.0661819756
time:222.25470638275146
110000
min_value:1499559.3078369978
time:244.58151412010193
120000
min_value:1499520.1013188942
time:266.83378887176514
130000
min_value:1499479.7129503496
time:289.1676664352417
140000
min_value:1499440.9416289146
time:311.504518032074
150000
min_value:1499401.668809103
time:334.06784749031067
160000
min_value:1499361.1263897293
time:356.4115126132965
170000
min_value:1499321.1785377292
time:378.6885118484497
180000
min_value:1499281.4413873823
time:401.10951948165894
190000
min_value:1499241.8555152311
time:423.38650488853455
200000
min_value:1499202.7056560032
time:444.98811197280884
210000
min_value:1499162.492545044
time:466.5479109287262
220000
min_value:1499122.4673990225
time:488.24920201301575
230000
min_value:1499082.946384513
time:509.96754574775696
240000
min_value:1499041.5912979594
time:531.5943920612335
250000
min_value:1499002.09650768
time:553.3705923557281
260000
min_value:1498962.659261131
time:575.0583438873291
270000
min_value:1498922.7767717245
time:596.8053815364838
280000
min_value:1498883.0502677807
time:618.5801575183868
290000
min_value:1498843.4422543282
time:640.2261493206024
300000
min_value:1498802.6749570393
time:661.9385504722595
310000
min_value:1498762.0134001088
time:683.6630153656006
320000
min_value:1498721.4114289097
time:705.4231278896332
330000
min_value:1498681.2074560593
time:727.4681806564331
340000
min_value:1498640.9343560655
time:749.1061007976532
350000
min_value:1498601.2362393443
time:770.8611891269684
360000
min_value:1498561.352192301
time:792.5355315208435
370000
min_value:1498521.6970042998
time:814.3377780914307
380000
min_value:1498481.1114562326
time:836.0278928279877
390000
min_value:1498441.7538877008
time:857.7426116466522
400000
min_value:1498402.820516499
time:879.4258432388306
410000
min_value:1498361.73151362
time:900.919757604599
420000
min_value:1498322.4499618036
time:922.6071264743805
430000
min_value:1498282.040766282
time:944.2749633789062
440000
min_value:1498242.9609879178
time:965.9776232242584
450000
min_value:1498204.0733046662
time:987.5962951183319
460000
min_value:1498163.766342987
time:1009.2596797943115
470000
min_value:1498125.0950190853
time:1031.0932803153992
480000
min_value:1498085.3935432467
time:1052.6721847057343
490000
min_value:1498045.1593373576
time:1074.4460179805756
500000
min_value:1498004.8978708931
time:1096.0820138454437
500000
fvalues:1498004.8878236278
time_values:1096.0820138454437
./results/regularized test/dim:1000000_ord:1_coef:1_fused:False/proposed/lr:0.0001_reduced_dim:100_sample_size:1_mu:1e-08_step_schedule:constant
10000
min_value:1499593.0051910484
time:94.66144013404846
20000
min_value:1499198.4289675578
time:189.41622161865234
30000
min_value:1498802.521605766
time:284.07349395751953
40000
min_value:1498402.8274442449
time:378.71551871299744
50000
min_value:1498000.078969132
time:473.30573749542236
60000
min_value:1497598.104449483
time:568.0726945400238
70000
min_value:1497201.1798692404
time:662.695529460907
80000
min_value:1496807.5848285404
time:757.4050281047821
90000
min_value:1496411.7558335536
time:852.0592226982117
100000
min_value:1496008.8714697016
time:946.8154335021973
110000
min_value:1495619.1323084133
time:1041.4671375751495
120000
min_value:1495208.9105586144
time:1136.2203776836395
130000
min_value:1494806.5084562418
time:1230.8667125701904
140000
min_value:1494414.3216880495
time:1325.5881776809692
150000
min_value:1494013.03672066
time:1420.5231018066406
160000
min_value:1493618.8722585673
time:1515.2621500492096
170000
min_value:1493229.4321668376
time:1609.8941161632538
180000
min_value:1492835.2817808907
time:1704.5783593654633
190000
min_value:1492439.7533657684
time:1799.1918890476227
200000
min_value:1492038.2321643988
time:1893.9301509857178
210000
min_value:1491640.1612582742
time:1988.479103565216
220000
min_value:1491245.029561744
time:2082.603681564331
230000
min_value:1490843.7422026251
time:2176.715919494629
240000
min_value:1490434.816784716
time:2270.8433821201324
250000
min_value:1490042.9739254927
time:2364.9607269763947
260000
min_value:1489645.609390038
time:2459.1207292079926
270000
min_value:1489252.4294978105
time:2553.2295875549316
280000
min_value:1488851.8602797382
time:2647.351930618286
290000
min_value:1488463.1132341651
time:2741.708076238632
300000
min_value:1488065.262179728
time:2835.8533823490143
310000
min_value:1487676.3660396961
time:2930.003434896469
320000
min_value:1487280.7378352992
time:3024.1248095035553
330000
min_value:1486892.4400572916
time:3118.299183368683
340000
min_value:1486497.146575943
time:3213.0606076717377
350000
min_value:1486107.9093082598
time:3308.3321895599365
360000
min_value:1485716.4682368864
time:3403.6036610603333
370000
min_value:1485319.9014820475
time:3498.870174407959
380000
min_value:1484931.9543712188
time:3593.839787721634
390000
min_value:1484537.2685239369
time:3687.916640520096
400000
min_value:1484132.4270316488
time:3782.073216676712
410000
min_value:1483743.7368365792
time:3876.236582994461
420000
min_value:1483352.0325721412
time:3970.389529943466
430000
min_value:1482951.890395475
time:4064.8340673446655
440000
min_value:1482557.6594458262
time:4158.987831115723
450000
min_value:1482174.7448201156
time:4253.149141073227
460000
min_value:1481777.365310182
time:4347.263843297958
470000
min_value:1481382.0504295132
time:4441.363155603409
480000
min_value:1480989.6875349628
time:4535.418907403946
490000
min_value:1480590.76732323
time:4629.58952498436
500000
min_value:1480193.843335485
time:4723.741793870926
500000
fvalues:1480193.8175898292
time_values:4723.741793870926
./results/regularized test/dim:1000000_ord:1_coef:1_fused:False/proposed/lr:1e-05_reduced_dim:10_sample_size:1_mu:1e-08_step_schedule:constant
10000
min_value:1499996.0241972827
time:21.287917852401733
20000
min_value:1499991.9090709235
time:42.534547567367554
30000
min_value:1499987.968329282
time:63.7386314868927
40000
min_value:1499984.0558963981
time:84.980947971344
50000
min_value:1499980.0770390355
time:106.24672293663025
60000
min_value:1499976.1276460262
time:127.50631213188171
70000
min_value:1499972.1257877669
time:148.8044466972351
80000
min_value:1499968.1523362224
time:170.02881002426147
90000
min_value:1499964.1703826506
time:191.34339785575867
100000
min_value:1499960.173322313
time:212.55605149269104
110000
min_value:1499956.1094764448
time:233.82350993156433
120000
min_value:1499952.1910499595
time:255.09630060195923
130000
min_value:1499948.1814576122
time:276.3920359611511
140000
min_value:1499944.3209741684
time:297.6926918029785
150000
min_value:1499940.185271237
time:319.30956196784973
160000
min_value:1499936.1658939172
time:340.57221126556396
170000
min_value:1499932.2460760353
time:361.86537075042725
180000
min_value:1499928.2526850635
time:383.1500942707062
190000
min_value:1499924.2505607302
time:404.4231929779053
200000
min_value:1499920.267328029
time:425.6859219074249
210000
min_value:1499916.3427530322
time:446.9600975513458
220000
min_value:1499912.3891562163
time:468.2841033935547
230000
min_value:1499908.374363495
time:489.4323410987854
240000
min_value:1499904.3322749778
time:510.4905936717987
250000
min_value:1499900.3041275437
time:531.672033071518
260000
min_value:1499896.3643096024
time:552.9519798755646
270000
min_value:1499892.3481460996
time:574.2540998458862
280000
min_value:1499888.26089179
time:595.473313331604
290000
min_value:1499884.258352719
time:617.0699923038483
300000
min_value:1499880.1750578498
time:638.4094452857971
310000
min_value:1499876.1255852678
time:659.6785268783569
320000
min_value:1499872.217605635
time:681.0610573291779
330000
min_value:1499868.1615191386
time:702.376177072525
340000
min_value:1499864.2144860502
time:723.6404983997345
350000
min_value:1499860.1602460844
time:744.9348485469818
360000
min_value:1499856.150680219
time:766.2217862606049
370000
min_value:1499852.151613493
time:787.4689214229584
380000
min_value:1499848.1450054043
time:808.7301661968231
390000
min_value:1499844.0660830499
time:830.0418009757996
400000
min_value:1499840.1731557855
time:851.3494939804077
410000
min_value:1499836.2490821893
time:872.6777110099792
420000
min_value:1499832.3811579186
time:893.9239075183868
430000
min_value:1499828.4231053987
time:915.3940496444702
440000
min_value:1499824.364022579
time:936.6262059211731
450000
min_value:1499820.254909229
time:957.9257481098175
460000
min_value:1499816.2801932767
time:979.1786737442017
470000
min_value:1499812.2512035614
time:1000.4803392887115
480000
min_value:1499808.2284855514
time:1021.7270395755768
490000
min_value:1499804.246406392
time:1042.9645228385925
500000
min_value:1499800.2205002718
time:1064.307988166809
500000
fvalues:1499800.220500155
time_values:1064.307988166809
./results/regularized test/dim:1000000_ord:1_coef:1_fused:False/proposed/lr:1e-05_reduced_dim:100_sample_size:1_mu:1e-08_step_schedule:constant
10000
min_value:1499959.5292442176
time:94.19713139533997
20000
min_value:1499919.9994761404
time:188.35694360733032
30000
min_value:1499880.096916328
time:282.53649044036865
40000
min_value:1499840.067578623
time:376.7168114185333
50000
min_value:1499800.1127724156
time:470.84827184677124
60000
min_value:1499759.8356732342
time:564.976731300354
70000
min_value:1499719.4597806444
time:659.1330025196075
80000
min_value:1499678.594626978
time:753.2288117408752
90000
min_value:1499638.8378627924
time:847.3483607769012
100000
min_value:1499598.490099802
time:941.4342503547668
110000
min_value:1499558.0415110239
time:1035.5570330619812
120000
min_value:1499518.2468991708
time:1129.6834104061127
130000
min_value:1499478.6956961285
time:1223.7673213481903
140000
min_value:1499438.374545613
time:1317.8743472099304
150000
min_value:1499398.4569731401
time:1412.2676630020142
160000
min_value:1499358.6631686764
time:1506.4240550994873
170000
min_value:1499319.700850064
time:1600.7533509731293
180000
min_value:1499279.53531108
time:1695.9008121490479
190000
min_value:1499239.5269158317
time:1791.1789751052856
200000
min_value:1499200.4731009419
time:1886.452802181244
210000
min_value:1499161.9915499247
time:1981.7184834480286
220000
min_value:1499121.3251384953
time:2076.17049741745
230000
min_value:1499080.554565315
time:2170.311150789261
240000
min_value:1499040.6474381865
time:2264.461468219757
250000
min_value:1499001.0235910604
time:2358.602614879608
260000
min_value:1498960.8090757525
time:2452.745462656021
270000
min_value:1498921.3260444123
time:2546.8921778202057
280000
min_value:1498881.4716882133
time:2640.949819803238
290000
min_value:1498841.4004989793
time:2735.322876930237
300000
min_value:1498801.9482943397
time:2829.418954372406
310000
min_value:1498761.4969057543
time:2923.6062059402466
320000
min_value:1498720.70248962
time:3017.8017213344574
330000
min_value:1498680.553476192
time:3111.931504011154
340000
min_value:1498639.9342866114
time:3206.05975317955
350000
min_value:1498599.9475845154
time:3300.176409006119
360000
min_value:1498559.5743498863
time:3394.3085281848907
370000
min_value:1498519.8757748902
time:3488.4012756347656
380000
min_value:1498478.7068968653
time:3582.5148746967316
390000
min_value:1498439.531123117
time:3676.6666808128357
400000
min_value:1498400.6800586241
time:3770.774195432663
410000
min_value:1498360.57162396
time:3864.883924484253
420000
min_value:1498321.220457672
time:3959.010842561722
430000
min_value:1498281.5196080813
time:4053.419791698456
440000
min_value:1498242.607869019
time:4147.532421112061
450000
min_value:1498202.6261037798
time:4241.6600432395935
460000
min_value:1498163.0115080166
time:4335.792385339737
470000
min_value:1498123.3146069318
time:4429.854826211929
480000
min_value:1498083.8188863245
time:4523.9757335186005
490000
min_value:1498043.6925736754
time:4618.122677326202
500000
min_value:1498003.652937104
time:4712.572679519653
500000
fvalues:1498003.6526148478
time_values:4712.572679519653
