./results/regularized test local/dim:1000000_ord:1_coef:1_fused:False/RGF/lr:1e-11_sample_size:1_mu:1e-08_step_schedule:constant
10000
min_value:0.9859379580052783
time:10.662423133850098
20000
min_value:0.9859379580052783
time:17.443970203399658
30000
min_value:0.9859379580052783
time:24.382555723190308
40000
min_value:0.9859379580052783
time:31.09600853919983
50000
min_value:0.9859379580052783
time:37.85178184509277
60000
min_value:0.9859379580052783
time:44.587275981903076
70000
min_value:0.9859379580052783
time:51.364773988723755
80000
min_value:0.9859379580052783
time:58.176448583602905
90000
min_value:0.9859379580052783
time:64.9371268749237
100000
min_value:0.9859379580052783
time:71.68566656112671
110000
min_value:0.9859379580052783
time:78.44494390487671
120000
min_value:0.9859379580052783
time:85.23701405525208
130000
min_value:0.9859379580052783
time:91.99749565124512
140000
min_value:0.9859379580052783
time:98.78674864768982
150000
min_value:0.9859379580052783
time:105.6845314502716
160000
min_value:0.9859379580052783
time:112.57304739952087
170000
min_value:0.9859379580052783
time:119.42987132072449
180000
min_value:0.9859379580052783
time:126.27785325050354
190000
min_value:0.9859379580052783
time:133.07829689979553
200000
min_value:0.9859379580052783
time:139.87284135818481
210000
min_value:0.9859379580052783
time:146.74568843841553
220000
min_value:0.9859379580052783
time:153.58240580558777
230000
min_value:0.9859379580052783
time:160.36999011039734
240000
min_value:0.9859379580052783
time:167.10817289352417
250000
min_value:0.9859379580052783
time:173.91419124603271
260000
min_value:0.9859379580052783
time:180.70048213005066
270000
min_value:0.9859379580052783
time:187.4615159034729
280000
min_value:0.9859379580052783
time:194.22228288650513
290000
min_value:0.9859379580052783
time:201.02119755744934
300000
min_value:0.9859379580052783
time:207.8663854598999
310000
min_value:0.9859379580052783
time:214.72424602508545
320000
min_value:0.9859379580052783
time:221.59888792037964
330000
min_value:0.9859379580052783
time:228.41444611549377
340000
min_value:0.9859379580052783
time:235.24954843521118
350000
min_value:0.9859379580052783
time:242.08782148361206
360000
min_value:0.9859379580052783
time:248.92402458190918
370000
min_value:0.9859379580052783
time:255.7618477344513
380000
min_value:0.9859379580052783
time:262.6184582710266
390000
min_value:0.9859379580052783
time:269.4971213340759
400000
min_value:0.9859379580052783
time:276.30970788002014
410000
min_value:0.9859379580052783
time:283.15486216545105
420000
min_value:0.9859379580052783
time:290.03459548950195
430000
min_value:0.9859379580052783
time:296.8728938102722
440000
min_value:0.9859379580052783
time:303.7016477584839
450000
min_value:0.9859379580052783
time:310.55541038513184
460000
min_value:0.9859379580052783
time:317.415629863739
470000
min_value:0.9859379580052783
time:324.25316286087036
480000
min_value:0.9859379580052783
time:331.1114547252655
490000
min_value:0.9859379580052783
time:337.9859833717346
500000
min_value:0.9859379580052783
time:344.84238624572754
500000
fvalues:0.9859379580052783
time_values:344.84238624572754
