./results/regularized test/dim:1000_ord:1_coef:1_fused:False/RGF/lr:0.0001_reduced_dim:100_sample_size:1_mu:1e-08_step_schedule:constant
10000
min_value:70.35207011365439
time:10.464086532592773
20000
min_value:51.70224355580013
time:16.778026580810547
30000
min_value:51.1853050516827
time:22.98678207397461
40000
min_value:51.1853050516827
time:29.16985511779785
50000
min_value:51.1853050516827
time:35.42817306518555
60000
min_value:51.1853050516827
time:41.68425369262695
70000
min_value:50.12641793128534
time:47.941871643066406
80000
min_value:49.7172994456829
time:54.16700744628906
90000
min_value:49.7172994456829
time:60.35218048095703
100000
min_value:49.7172994456829
time:66.55992126464844
110000
min_value:49.7172994456829
time:72.73628997802734
120000
min_value:49.7172994456829
time:78.9646224975586
130000
min_value:49.7172994456829
time:85.20315551757812
140000
min_value:49.7172994456829
time:91.48514556884766
150000
min_value:49.7172994456829
time:97.64844512939453
160000
min_value:49.7172994456829
time:103.85852813720703
170000
min_value:49.7172994456829
time:110.1076431274414
180000
min_value:49.7172994456829
time:116.31108856201172
190000
min_value:49.7172994456829
time:122.53572845458984
200000
min_value:49.7172994456829
time:128.7672119140625
210000
min_value:49.7172994456829
time:134.97976684570312
220000
min_value:49.7172994456829
time:141.21371459960938
230000
min_value:49.7172994456829
time:147.41458129882812
240000
min_value:49.7172994456829
time:153.640869140625
250000
min_value:49.7172994456829
time:159.8535614013672
260000
min_value:49.7172994456829
time:166.08493041992188
270000
min_value:49.7172994456829
time:172.34979248046875
280000
min_value:49.7172994456829
time:178.58921813964844
290000
min_value:49.7172994456829
time:184.84820556640625
300000
min_value:49.7172994456829
time:191.046875
310000
min_value:49.7172994456829
time:197.27366638183594
320000
min_value:49.7172994456829
time:203.55812072753906
330000
min_value:49.7172994456829
time:209.78076171875
340000
min_value:49.7172994456829
time:215.9508819580078
350000
min_value:49.7172994456829
time:222.25576782226562
360000
min_value:49.7172994456829
time:228.53762817382812
370000
min_value:49.463006647017814
time:234.7801513671875
380000
min_value:49.463006647017814
time:241.0463104248047
390000
min_value:49.463006647017814
time:247.32769775390625
400000
min_value:49.463006647017814
time:253.5457763671875
410000
min_value:49.463006647017814
time:259.793701171875
420000
min_value:49.463006647017814
time:265.9412536621094
430000
min_value:49.463006647017814
time:272.0624084472656
440000
min_value:49.463006647017814
time:278.2364196777344
450000
min_value:49.463006647017814
time:284.41192626953125
460000
min_value:49.463006647017814
time:290.64422607421875
470000
min_value:49.35821414064438
time:296.7979431152344
480000
min_value:49.35821414064438
time:302.93341064453125
490000
min_value:49.35821414064438
time:309.14007568359375
500000
min_value:49.35821414064438
time:315.3355712890625
500000
fvalues:49.35821414064438
time_values:315.3355712890625
10000
min_value:70.31825578775153
time:6.1432600021362305
20000
min_value:51.20103817378794
time:12.278768539428711
30000
min_value:51.004404456730164
time:18.482728958129883
40000
min_value:50.0227877442143
time:24.702503204345703
50000
min_value:50.0227877442143
time:30.980327606201172
60000
min_value:50.0227877442143
time:37.23564147949219
70000
min_value:50.0227877442143
time:43.49525833129883
80000
min_value:50.0227877442143
time:49.7468147277832
90000
min_value:50.0227877442143
time:56.003849029541016
100000
min_value:50.0227877442143
time:62.185176849365234
110000
min_value:50.0227877442143
time:68.37686920166016
120000
min_value:50.0227877442143
time:74.59811401367188
130000
min_value:50.0227877442143
time:80.79633331298828
140000
min_value:50.0227877442143
time:87.09426879882812
150000
min_value:50.0227877442143
time:93.37934875488281
160000
min_value:50.0227877442143
time:99.6474838256836
170000
min_value:50.0227877442143
time:105.85195922851562
180000
min_value:50.0227877442143
time:112.11966705322266
190000
min_value:50.0227877442143
time:118.33612060546875
200000
min_value:50.0227877442143
time:124.50218963623047
210000
min_value:50.0227877442143
time:130.75648498535156
220000
min_value:50.0227877442143
time:137.00819396972656
230000
min_value:50.0227877442143
time:143.2648468017578
240000
min_value:50.0227877442143
time:149.44915771484375
250000
min_value:50.0227877442143
time:155.6742706298828
260000
min_value:50.0227877442143
time:161.87538146972656
270000
min_value:50.0227877442143
time:168.09556579589844
280000
min_value:50.0227877442143
time:174.36239624023438
290000
min_value:50.0227877442143
time:180.5895233154297
300000
min_value:50.0227877442143
time:186.85972595214844
310000
min_value:50.0227877442143
time:193.08335876464844
320000
min_value:50.0227877442143
time:199.34617614746094
330000
min_value:50.0227877442143
time:205.61154174804688
340000
min_value:50.0227877442143
time:211.9173126220703
350000
min_value:50.0227877442143
time:218.1942138671875
360000
min_value:50.0227877442143
time:224.4329071044922
370000
min_value:50.0227877442143
time:230.67137145996094
380000
min_value:50.0227877442143
time:236.89816284179688
390000
min_value:49.5495603268992
time:243.1771240234375
400000
min_value:49.5495603268992
time:249.53794860839844
410000
min_value:49.5495603268992
time:255.7845001220703
420000
min_value:49.5495603268992
time:262.0759582519531
430000
min_value:49.5495603268992
time:268.35418701171875
440000
min_value:49.5495603268992
time:274.5653381347656
450000
min_value:49.5495603268992
time:280.8625793457031
460000
min_value:49.5495603268992
time:287.2044982910156
470000
min_value:49.5495603268992
time:293.39404296875
480000
min_value:49.5495603268992
time:299.59521484375
490000
min_value:49.5495603268992
time:305.8290710449219
500000
min_value:49.5495603268992
time:312.0033264160156
500000
fvalues:49.5495603268992
time_values:312.0033264160156
10000
min_value:71.27078796720063
time:6.2501020431518555
20000
min_value:51.47068910793413
time:12.448328018188477
30000
min_value:50.17190585510447
time:18.613048553466797
40000
min_value:50.17190585510447
time:24.7767276763916
50000
min_value:50.16225058190829
time:31.053014755249023
60000
min_value:50.16225058190829
time:37.283451080322266
70000
min_value:50.01876812800538
time:43.53603744506836
80000
min_value:50.01876812800538
time:49.76368713378906
90000
min_value:50.01876812800538
time:56.018863677978516
100000
min_value:50.01876812800538
time:62.222049713134766
110000
min_value:50.01876812800538
time:68.47574615478516
120000
min_value:48.41532373569771
time:74.70574951171875
130000
min_value:48.41532373569771
time:80.88140106201172
140000
min_value:48.41532373569771
time:87.10437774658203
150000
min_value:48.41532373569771
time:93.3517074584961
160000
min_value:48.41532373569771
time:99.57067108154297
170000
min_value:48.41532373569771
time:105.81107330322266
180000
min_value:48.41532373569771
time:112.04121398925781
190000
min_value:48.41532373569771
time:118.26516723632812
200000
min_value:48.41532373569771
time:124.51251220703125
210000
min_value:48.41532373569771
time:130.6580352783203
220000
min_value:48.41532373569771
time:136.89952087402344
230000
min_value:48.41532373569771
time:143.15228271484375
240000
min_value:48.41532373569771
time:149.36795043945312
250000
min_value:48.41532373569771
time:155.6225128173828
260000
min_value:48.41532373569771
time:161.8727569580078
270000
min_value:48.41532373569771
time:168.1088409423828
280000
min_value:48.41532373569771
time:174.32733154296875
290000
min_value:48.41532373569771
time:180.5999755859375
300000
min_value:48.41532373569771
time:186.86224365234375
310000
min_value:48.41532373569771
time:193.1025848388672
320000
min_value:48.41532373569771
time:199.29498291015625
330000
min_value:48.41532373569771
time:205.52952575683594
340000
min_value:48.41532373569771
time:211.799560546875
350000
min_value:48.41532373569771
time:218.00347900390625
360000
min_value:48.41532373569771
time:224.21444702148438
370000
min_value:48.41532373569771
time:230.4060821533203
380000
min_value:48.41532373569771
time:236.58172607421875
390000
min_value:48.41532373569771
time:242.79444885253906
400000
min_value:48.41532373569771
time:249.05311584472656
410000
min_value:48.41532373569771
time:255.30955505371094
420000
min_value:48.41532373569771
time:261.563232421875
430000
min_value:48.41532373569771
time:267.7475280761719
440000
min_value:48.41532373569771
time:273.97705078125
450000
min_value:48.41532373569771
time:280.1839294433594
460000
min_value:48.41532373569771
time:286.4246826171875
470000
min_value:48.41532373569771
time:292.6579284667969
480000
min_value:48.41532373569771
time:298.9040222167969
490000
min_value:48.41532373569771
time:305.0931701660156
500000
min_value:48.41532373569771
time:311.3067626953125
500000
fvalues:48.41532373569771
time_values:311.3067626953125
10000
min_value:63.096436057260405
time:6.164849281311035
20000
min_value:50.71083393482876
time:12.342582702636719
30000
min_value:50.71083393482876
time:18.60273551940918
40000
min_value:50.52187837642333
time:24.851558685302734
50000
min_value:50.141346625195595
time:31.061931610107422
60000
min_value:50.141346625195595
time:37.382530212402344
70000
min_value:50.141346625195595
time:43.6044807434082
80000
min_value:50.141346625195595
time:49.774070739746094
90000
min_value:50.141346625195595
time:55.98685073852539
100000
min_value:50.141346625195595
time:62.245059967041016
110000
min_value:50.141346625195595
time:68.47771453857422
120000
min_value:50.141346625195595
time:74.72559356689453
130000
min_value:50.141346625195595
time:81.00244140625
140000
min_value:50.141346625195595
time:87.20348358154297
150000
min_value:50.141346625195595
time:93.45643615722656
160000
min_value:50.141346625195595
time:99.70512390136719
170000
min_value:50.141346625195595
time:105.9942855834961
180000
min_value:50.141346625195595
time:112.31539916992188
190000
min_value:50.07622793043656
time:118.53864288330078
200000
min_value:50.07622793043656
time:124.8044662475586
210000
min_value:50.07622793043656
time:131.06275939941406
220000
min_value:50.07622793043656
time:137.3466033935547
230000
min_value:50.07622793043656
time:143.6072540283203
240000
min_value:50.04387383154663
time:149.86248779296875
250000
min_value:50.04387383154663
time:156.1337127685547
260000
min_value:50.04387383154663
time:162.41964721679688
270000
min_value:50.04387383154663
time:168.68605041503906
280000
min_value:50.04387383154663
time:174.88290405273438
290000
min_value:50.04387383154663
time:181.14405822753906
300000
min_value:50.04387383154663
time:187.3983917236328
310000
min_value:50.04387383154663
time:193.6060028076172
320000
min_value:50.04387383154663
time:199.9059295654297
330000
min_value:50.04387383154663
time:206.12664794921875
340000
min_value:50.04387383154663
time:212.35382080078125
350000
min_value:50.04387383154663
time:218.64051818847656
360000
min_value:50.04387383154663
time:224.9524688720703
370000
min_value:50.04387383154663
time:231.18545532226562
380000
min_value:50.04387383154663
time:237.43650817871094
390000
min_value:50.04387383154663
time:243.6949005126953
400000
min_value:50.04387383154663
time:249.89047241210938
410000
min_value:50.04387383154663
time:256.1586608886719
420000
min_value:49.663659529014474
time:262.3878479003906
430000
min_value:49.663659529014474
time:268.59710693359375
440000
min_value:49.663659529014474
time:274.8841857910156
450000
min_value:49.34173458439699
time:281.1117858886719
460000
min_value:49.34173458439699
time:287.31097412109375
470000
min_value:49.34173458439699
time:293.593994140625
480000
min_value:49.34173458439699
time:299.8773498535156
490000
min_value:49.34173458439699
time:306.1519470214844
500000
min_value:49.34173458439699
time:312.43109130859375
500000
fvalues:49.34173458439699
time_values:312.43109130859375
10000
min_value:65.42582921958017
time:6.203446388244629
20000
min_value:50.76952924275295
time:12.391305923461914
30000
min_value:50.47244930910057
time:18.54834747314453
40000
min_value:50.47244930910057
time:24.811967849731445
50000
min_value:50.47244930910057
time:30.986642837524414
60000
min_value:50.47244930910057
time:37.215538024902344
70000
min_value:50.47244930910057
time:43.510379791259766
80000
min_value:50.47244930910057
time:49.697601318359375
90000
min_value:50.47244930910057
time:55.923377990722656
100000
min_value:50.47244930910057
time:62.19045639038086
110000
min_value:50.47244930910057
time:68.36804962158203
120000
min_value:50.47244930910057
time:74.61148071289062
130000
min_value:49.35759499904892
time:80.81895446777344
140000
min_value:49.35759499904892
time:87.07174682617188
150000
min_value:49.35759499904892
time:93.37184143066406
160000
min_value:49.35759499904892
time:99.68203735351562
170000
min_value:49.35759499904892
time:105.93832397460938
180000
min_value:49.35759499904892
time:112.18414306640625
190000
min_value:49.35759499904892
time:118.40042114257812
200000
min_value:49.35759499904892
time:124.65086364746094
210000
min_value:49.35759499904892
time:130.85968017578125
220000
min_value:49.35759499904892
time:137.12892150878906
230000
min_value:49.35759499904892
time:143.40858459472656
240000
min_value:49.35759499904892
time:149.65032958984375
250000
min_value:49.35759499904892
time:155.8376007080078
260000
min_value:49.35759499904892
time:162.112548828125
270000
min_value:49.35759499904892
time:168.35337829589844
280000
min_value:49.35759499904892
time:174.56494140625
290000
min_value:49.35759499904892
time:180.69757080078125
300000
min_value:49.35759499904892
time:186.81643676757812
310000
min_value:49.35759499904892
time:192.94866943359375
320000
min_value:49.35759499904892
time:199.12686157226562
330000
min_value:49.35759499904892
time:205.2873992919922
340000
min_value:49.35759499904892
time:211.45724487304688
350000
min_value:49.35759499904892
time:217.7164306640625
360000
min_value:49.35759499904892
time:223.94473266601562
370000
min_value:49.35759499904892
time:230.1751708984375
380000
min_value:49.35759499904892
time:236.34512329101562
390000
min_value:49.35759499904892
time:242.64215087890625
400000
min_value:49.35759499904892
time:248.9183349609375
410000
min_value:49.35759499904892
time:255.134033203125
420000
min_value:49.35759499904892
time:261.3227233886719
430000
min_value:49.35759499904892
time:267.5906982421875
440000
min_value:49.35759499904892
time:273.863037109375
450000
min_value:49.35759499904892
time:280.1421813964844
460000
min_value:49.35759499904892
time:286.390869140625
470000
min_value:49.35759499904892
time:292.65435791015625
480000
min_value:49.35759499904892
time:298.9200439453125
490000
min_value:49.35759499904892
time:305.1377258300781
500000
min_value:49.35759499904892
time:311.3342590332031
500000
fvalues:49.35759499904892
time_values:311.3342590332031
10000
min_value:68.87247994991367
time:6.252833366394043
20000
min_value:51.986849703117144
time:12.406232833862305
30000
min_value:51.1356724115281
time:18.503196716308594
40000
min_value:50.92305857285291
time:24.681270599365234
50000
min_value:50.46880799031712
time:30.985729217529297
60000
min_value:50.46880799031712
time:37.23500442504883
70000
min_value:50.46880799031712
time:43.404563903808594
80000
min_value:50.46880799031712
time:49.60719299316406
90000
min_value:50.020018712396265
time:55.90861511230469
100000
min_value:49.879369181853626
time:62.122581481933594
110000
min_value:49.879369181853626
time:68.4028091430664
120000
min_value:49.879369181853626
time:74.62970733642578
130000
min_value:49.879369181853626
time:80.83673858642578
140000
min_value:49.879369181853626
time:87.12193298339844
150000
min_value:49.879369181853626
time:93.34888458251953
160000
min_value:49.879369181853626
time:99.55695343017578
170000
min_value:49.879369181853626
time:105.82212829589844
180000
min_value:49.879369181853626
time:111.99417877197266
190000
min_value:49.879369181853626
time:118.17713165283203
200000
min_value:49.879369181853626
time:124.3473892211914
210000
min_value:49.879369181853626
time:130.55455017089844
220000
min_value:49.879369181853626
time:136.7696990966797
230000
min_value:49.879369181853626
time:143.01185607910156
240000
min_value:49.879369181853626
time:149.3138427734375
250000
min_value:49.879369181853626
time:155.5717010498047
260000
min_value:49.879369181853626
time:161.86888122558594
270000
min_value:49.879369181853626
time:168.11109924316406
280000
min_value:49.879369181853626
time:174.35780334472656
290000
min_value:49.879369181853626
time:180.56820678710938
300000
min_value:49.879369181853626
time:186.77810668945312
310000
min_value:49.879369181853626
time:192.99668884277344
320000
min_value:49.879369181853626
time:199.21670532226562
330000
min_value:49.879369181853626
time:205.4556427001953
340000
min_value:49.879369181853626
time:211.70135498046875
350000
min_value:49.879369181853626
time:217.91641235351562
360000
min_value:49.833509841336955
time:224.11978149414062
370000
min_value:49.833509841336955
time:230.35592651367188
380000
min_value:49.833509841336955
time:236.61862182617188
390000
min_value:49.833509841336955
time:242.83714294433594
400000
min_value:49.833509841336955
time:249.0693359375
410000
min_value:49.833509841336955
time:255.2607421875
420000
min_value:49.833509841336955
time:261.4285583496094
430000
min_value:49.833509841336955
time:267.6015930175781
440000
min_value:49.833509841336955
time:273.88165283203125
450000
min_value:49.833509841336955
time:280.0924987792969
460000
min_value:49.833509841336955
time:286.314697265625
470000
min_value:49.833509841336955
time:292.5247497558594
480000
min_value:49.833509841336955
time:298.7718200683594
490000
min_value:49.833509841336955
time:305.0165710449219
500000
min_value:49.833509841336955
time:311.2554626464844
500000
fvalues:49.833509841336955
time_values:311.2554626464844
10000
min_value:65.95620908543748
time:6.20212459564209
20000
min_value:51.513459754279964
time:12.387346267700195
30000
min_value:51.06602235636843
time:18.532981872558594
40000
min_value:49.73986256066226
time:24.6728458404541
50000
min_value:49.73986256066226
time:30.955839157104492
60000
min_value:49.73986256066226
time:37.200260162353516
70000
min_value:49.73986256066226
time:43.374305725097656
80000
min_value:49.73986256066226
time:49.61700439453125
90000
min_value:49.73986256066226
time:55.90357971191406
100000
min_value:49.73986256066226
time:62.18552017211914
110000
min_value:49.73986256066226
time:68.4560546875
120000
min_value:49.73986256066226
time:74.7436752319336
130000
min_value:49.73986256066226
time:81.04447174072266
140000
min_value:49.73986256066226
time:87.23725891113281
150000
min_value:49.73986256066226
time:93.45466613769531
160000
min_value:49.73986256066226
time:99.66466522216797
170000
min_value:49.73986256066226
time:105.84654235839844
180000
min_value:49.73986256066226
time:111.9444808959961
190000
min_value:49.73986256066226
time:118.08075714111328
200000
min_value:49.73986256066226
time:124.1994857788086
210000
min_value:49.73986256066226
time:130.31387329101562
220000
min_value:49.73986256066226
time:136.52249145507812
230000
min_value:49.73986256066226
time:142.6459503173828
240000
min_value:49.73986256066226
time:148.79344177246094
250000
min_value:49.73986256066226
time:154.95355224609375
260000
min_value:49.73986256066226
time:161.12994384765625
270000
min_value:49.73986256066226
time:167.27430725097656
280000
min_value:49.73986256066226
time:173.5535888671875
290000
min_value:49.73986256066226
time:179.82266235351562
300000
min_value:49.73986256066226
time:186.056396484375
310000
min_value:49.73986256066226
time:192.32904052734375
320000
min_value:49.30604043226587
time:198.46424865722656
330000
min_value:49.30604043226587
time:204.58274841308594
340000
min_value:49.30604043226587
time:210.6923065185547
350000
min_value:49.30604043226587
time:216.89686584472656
360000
min_value:49.30604043226587
time:223.0645751953125
370000
min_value:49.30604043226587
time:229.36952209472656
380000
min_value:49.30604043226587
time:235.64955139160156
390000
min_value:49.30604043226587
time:241.9027557373047
400000
min_value:49.30604043226587
time:248.1358184814453
410000
min_value:49.30604043226587
time:254.43093872070312
420000
min_value:49.30604043226587
time:260.6815490722656
430000
min_value:49.30604043226587
time:266.9200134277344
440000
min_value:49.30604043226587
time:273.1885070800781
450000
min_value:49.30604043226587
time:279.4841003417969
460000
min_value:49.30604043226587
time:285.7064514160156
470000
min_value:49.30604043226587
time:292.0255126953125
480000
min_value:49.30604043226587
time:298.29632568359375
490000
min_value:49.30604043226587
time:304.5391540527344
500000
min_value:49.30604043226587
time:310.767822265625
500000
fvalues:49.30604043226587
time_values:310.767822265625
10000
min_value:68.660796885637
time:6.106646537780762
20000
min_value:51.40840208737717
time:12.149357795715332
30000
min_value:50.47570707805474
time:18.202442169189453
40000
min_value:50.47570707805474
time:24.244487762451172
50000
min_value:50.47570707805474
time:30.37800407409668
60000
min_value:50.2020065031176
time:36.481258392333984
70000
min_value:50.2020065031176
time:42.68394470214844
80000
min_value:50.2020065031176
time:48.8812255859375
90000
min_value:50.2020065031176
time:55.37271499633789
100000
min_value:50.2020065031176
time:61.77389907836914
110000
min_value:50.2020065031176
time:68.21463012695312
120000
min_value:50.2020065031176
time:74.62274932861328
130000
min_value:50.2020065031176
time:81.04345703125
140000
min_value:50.2020065031176
time:87.52377319335938
150000
min_value:50.2020065031176
time:93.95458221435547
160000
min_value:50.2020065031176
time:100.31253814697266
170000
min_value:50.2020065031176
time:106.63331604003906
180000
min_value:50.2020065031176
time:112.9505386352539
190000
min_value:50.090762163325955
time:119.22309875488281
200000
min_value:49.8316155050772
time:125.64962768554688
210000
min_value:49.8316155050772
time:132.15347290039062
220000
min_value:49.415203692171914
time:138.59121704101562
230000
min_value:49.415203692171914
time:144.97787475585938
240000
min_value:49.415203692171914
time:151.43496704101562
250000
min_value:49.415203692171914
time:157.83026123046875
260000
min_value:49.415203692171914
time:164.1501007080078
270000
min_value:49.415203692171914
time:170.45143127441406
280000
min_value:49.415203692171914
time:176.65008544921875
290000
min_value:49.415203692171914
time:182.93801879882812
300000
min_value:49.415203692171914
time:189.16612243652344
310000
min_value:49.415203692171914
time:195.30084228515625
320000
min_value:49.415203692171914
time:201.5080108642578
330000
min_value:49.415203692171914
time:207.64488220214844
340000
min_value:49.415203692171914
time:213.82357788085938
350000
min_value:49.415203692171914
time:220.0026092529297
360000
min_value:49.415203692171914
time:226.2230224609375
370000
min_value:49.415203692171914
time:232.38238525390625
380000
min_value:49.415203692171914
time:238.56053161621094
390000
min_value:49.415203692171914
time:244.79847717285156
400000
min_value:49.415203692171914
time:251.01914978027344
410000
min_value:49.415203692171914
time:257.16119384765625
420000
min_value:49.415203692171914
time:263.2206726074219
430000
min_value:49.415203692171914
time:269.309326171875
440000
min_value:49.415203692171914
time:275.3670959472656
450000
min_value:49.415203692171914
time:281.4796142578125
460000
min_value:49.415203692171914
time:287.51776123046875
470000
min_value:49.415203692171914
time:293.56195068359375
480000
min_value:49.415203692171914
time:299.6061706542969
490000
min_value:49.415203692171914
time:305.67083740234375
500000
min_value:49.415203692171914
time:311.8362121582031
500000
fvalues:49.415203692171914
time_values:311.8362121582031
10000
min_value:71.1547826794265
time:6.097692966461182
20000
min_value:51.580082631588006
time:12.121862411499023
30000
min_value:51.20134624826173
time:18.175334930419922
40000
min_value:49.266851926492485
time:24.196043014526367
50000
min_value:49.266851926492485
time:30.352764129638672
60000
min_value:48.89021639931177
time:36.44853210449219
70000
min_value:48.89021639931177
time:42.5338134765625
80000
min_value:48.89021639931177
time:48.61917495727539
90000
min_value:48.89021639931177
time:54.71555709838867
100000
min_value:48.89021639931177
time:60.823646545410156
110000
min_value:48.89021639931177
time:66.92892456054688
120000
min_value:48.89021639931177
time:73.06148529052734
130000
min_value:48.89021639931177
time:79.12550354003906
140000
min_value:48.89021639931177
time:85.27022552490234
150000
min_value:48.89021639931177
time:91.39497375488281
160000
min_value:48.89021639931177
time:97.4872817993164
170000
min_value:48.89021639931177
time:103.56420135498047
180000
min_value:48.89021639931177
time:109.60448455810547
190000
min_value:48.89021639931177
time:115.62676239013672
200000
min_value:48.89021639931177
time:121.62316131591797
210000
min_value:48.89021639931177
time:127.57801055908203
220000
min_value:48.89021639931177
time:133.5353546142578
230000
min_value:48.89021639931177
time:139.59642028808594
240000
min_value:48.89021639931177
time:145.69261169433594
250000
min_value:48.89021639931177
time:151.8109893798828
260000
min_value:48.89021639931177
time:157.875244140625
270000
min_value:48.89021639931177
time:164.03330993652344
280000
min_value:48.89021639931177
time:170.16619873046875
290000
min_value:48.89021639931177
time:176.29794311523438
300000
min_value:48.89021639931177
time:182.34104919433594
310000
min_value:48.89021639931177
time:188.42669677734375
320000
min_value:48.89021639931177
time:194.47955322265625
330000
min_value:48.89021639931177
time:200.66217041015625
340000
min_value:48.89021639931177
time:206.7474822998047
350000
min_value:48.89021639931177
time:212.99557495117188
360000
min_value:48.89021639931177
time:218.99691772460938
370000
min_value:48.89021639931177
time:225.11839294433594
380000
min_value:48.89021639931177
time:231.1912078857422
390000
min_value:48.89021639931177
time:237.33204650878906
400000
min_value:48.89021639931177
time:243.45028686523438
410000
min_value:48.89021639931177
time:249.5662841796875
420000
min_value:48.89021639931177
time:255.63380432128906
430000
min_value:48.89021639931177
time:261.8028564453125
440000
min_value:48.89021639931177
time:267.8650817871094
450000
min_value:48.89021639931177
time:273.94091796875
460000
min_value:48.89021639931177
time:279.8808898925781
470000
min_value:48.89021639931177
time:285.8039245605469
480000
min_value:48.89021639931177
time:291.7599182128906
490000
min_value:48.89021639931177
time:297.7557373046875
500000
min_value:48.89021639931177
time:303.667236328125
500000
fvalues:48.89021639931177
time_values:303.667236328125
10000
min_value:69.62843228641053
time:5.918894290924072
20000
min_value:50.11612154225045
time:11.860937118530273
30000
min_value:50.11612154225045
time:17.82438850402832
40000
min_value:50.11612154225045
time:23.9123592376709
50000
min_value:50.11612154225045
time:30.013887405395508
60000
min_value:49.801636289046826
time:36.216094970703125
70000
min_value:49.801636289046826
time:42.36616897583008
80000
min_value:49.801636289046826
time:48.581459045410156
90000
min_value:49.801636289046826
time:54.705047607421875
100000
min_value:49.801636289046826
time:60.827388763427734
110000
min_value:49.801636289046826
time:67.04745483398438
120000
min_value:49.801636289046826
time:73.31672668457031
130000
min_value:49.79620848877869
time:79.55371856689453
140000
min_value:49.56486880855995
time:85.68435668945312
150000
min_value:49.56486880855995
time:91.83891296386719
160000
min_value:49.56486880855995
time:98.03535461425781
170000
min_value:49.56486880855995
time:104.05650329589844
180000
min_value:49.56486880855995
time:110.053466796875
190000
min_value:49.56486880855995
time:116.1497573852539
200000
min_value:49.56486880855995
time:122.22012329101562
210000
min_value:49.56486880855995
time:128.29812622070312
220000
min_value:49.56486880855995
time:134.32147216796875
230000
min_value:49.56486880855995
time:140.32223510742188
240000
min_value:49.56486880855995
time:146.33277893066406
250000
min_value:49.56486880855995
time:152.31019592285156
260000
min_value:49.56486880855995
time:158.35122680664062
270000
min_value:49.56486880855995
time:164.35006713867188
280000
min_value:49.56486880855995
time:170.35076904296875
290000
min_value:49.56486880855995
time:176.41061401367188
300000
min_value:49.56486880855995
time:182.4608917236328
310000
min_value:49.56486880855995
time:188.4728240966797
320000
min_value:49.56486880855995
time:194.4883270263672
330000
min_value:49.56486880855995
time:200.5587921142578
340000
min_value:49.56486880855995
time:206.59375
350000
min_value:49.56486880855995
time:212.62632751464844
360000
min_value:49.56486880855995
time:218.62844848632812
370000
min_value:48.50236219417833
time:224.62591552734375
380000
min_value:48.50236219417833
time:230.67706298828125
390000
min_value:48.50236219417833
time:236.65249633789062
400000
min_value:48.50236219417833
time:242.66439819335938
410000
min_value:48.50236219417833
time:248.69024658203125
420000
min_value:48.50236219417833
time:254.66810607910156
430000
min_value:48.50236219417833
time:260.70074462890625
440000
min_value:48.50236219417833
time:266.7004699707031
450000
min_value:48.50236219417833
time:272.6598815917969
460000
min_value:48.50236219417833
time:278.72198486328125
470000
min_value:48.50236219417833
time:284.7391357421875
480000
min_value:48.50236219417833
time:290.7365417480469
490000
min_value:48.50236219417833
time:296.799560546875
500000
min_value:48.50236219417833
time:302.84014892578125
500000
fvalues:48.50236219417833
time_values:302.84014892578125
